*** SuperH RISC engine ASSEMBLER V.7.01.02.000 ***    12/13/20 18:21:13                                                  PAGE     1
PROGRAM NAME =

    1                               1     ;------------------------------------------------------------------------
    2                               2     ;                                                                       |
    3                               3     ;   FILE        :dbsct.src                                              |
    4                               4     ;   DATE        :Mon, Jun 24, 2002                                      |
    5                               5     ;   DESCRIPTION :Setting of B,R Section                                 |
    6                               6     ;   CPU TYPE    :SH7750                                                 |
    7                               7     ;                                                                       |
    8                               8     ;   This file is generated by Hitachi Project Generator (Ver.1.1).      |
    9                               9     ;                                                                       |
   10                              10     ;------------------------------------------------------------------------
   11                              11     
   12                              12     
   13                              13     
   14                              14     ;SH-4
   15 00000000                     15             .SECTION D,DATA,ALIGN=4
   16 00000000                     16             .SECTION R,DATA,ALIGN=4
   17 00000000                     17             .SECTION B,DATA,ALIGN=4
   18 00000000                     18             .SECTION C,DATA,ALIGN=4
   19 00000000 00000000            19     __D_ROM .DATA.L (STARTOF D)                             ;Start Address of Section D
   20 00000004 00000000            20     __D_BGN .DATA.L (STARTOF R)                             ;Start Address of Section R
   21 00000008 00000000            21     __D_END .DATA.L (STARTOF R) + (SIZEOF R);End Address of Section R
   22 0000000C 00000000            22     __B_BGN .DATA.L (STARTOF B)             ;Start Address of Section B
   23 00000010 00000000            23     __B_END .DATA.L (STARTOF B) + (SIZEOF B);End Address of Section B
   24                              24             .EXPORT __D_ROM
   25                              25             .EXPORT __D_BGN
   26                              26             .EXPORT __D_END
   27                              27             .EXPORT __B_BGN
   28                              28             .EXPORT __B_END
   29                              29     ; Remove the following comment when you use __call_init and __call_end
   30                              30     ; See resetprg.src and initsct.c
   31                              31     ; Specify section addresses of D_INIT_ and D_END_ in Optlinker
   32                              32     ;       .SECTION D_INIT_,DATA,ALIGN=4
   33                              33     ;       .SECTION D_END_,DATA,ALIGN=4
   34                              34     ;       .SECTION C,DATA,ALIGN=4
   35                              35     ;__PRE_BGN  .DATA.L  (STARTOF D_INIT_)
   36                              36     ;__PRE_END  .DATA.L  (STARTOF D_INIT_) + (SIZEOF D_INIT_)
   37                              37     ;__POST_BGN .DATA.L  (STARTOF D_END_)
   38                              38     ;__POST_END .DATA.L  (STARTOF D_END_) + (SIZEOF D_END_)
   39                              39     ;       .EXPORT __PRE_BGN
   40                              40     ;       .EXPORT __PRE_END
   41                              41     ;       .EXPORT __POST_BGN
   42                              42     ;       .EXPORT __POST_END
   43                              43     
   44                              44     
   45                              45     ;*******************  ‚±‚±‚©‚ç‰º‚ÍƒIƒŠƒWƒiƒ‹  ********************
   46 00000000                     46             .SECTION P,CODE,ALIGN=4
   47 00000000                     47             .SECTION PRAM,CODE,ALIGN=4
   48 00000014                     48             .SECTION C,DATA,ALIGN=4
   49 00000014 00000000            49     __P_BGN         .DATA.L (STARTOF P)                     ;Start Address of Section P
   50 00000018 00000000            50     __PRAM_BGN      .DATA.L (STARTOF PRAM)                  ;Start Address of Section PRAM
   51 0000001C 00000000            51     __P_END         .DATA.L (STARTOF P) + (SIZEOF P)        ;End Address of Section P
   52 00000020 00000000            52     __PRAM_END      .DATA.L (STARTOF PRAM) + (SIZEOF PRAM)  ;End Address of Section PRAM
   53                              53             .EXPORT __P_BGN
   54                              54             .EXPORT __PRAM_BGN
   55                              55             .EXPORT __P_END
   56                              56             .EXPORT __PRAM_END
   57                              57     
*** SuperH RISC engine ASSEMBLER V.7.01.02.000 ***    12/13/20 18:21:13                                                  PAGE     2
PROGRAM NAME =

   58                              58     
   59 00000000                     59             .SECTION Pcall,CODE,ALIGN=4
   60 00000000                     60             .SECTION PcallRAM,CODE,ALIGN=4
   61 00000024                     61             .SECTION C,DATA,ALIGN=4
   62 00000024 00000000            62     __Pcall_BGN     .DATA.L (STARTOF Pcall)                         ;Start Address of Section
                                          R
   63 00000028 00000000            63     __PcallRAM_BGN  .DATA.L (STARTOF PcallRAM)                      ;Start Address of Section
                                          B
   64 0000002C 00000000            64     __Pcall_END     .DATA.L (STARTOF Pcall) + (SIZEOF Pcall)        ;End Address of Section R
   65 00000030 00000000            65     __PcallRAM_END  .DATA.L (STARTOF PcallRAM) + (SIZEOF PcallRAM)  ;End Address of Section B
   66                              66             .EXPORT __Pcall_BGN
   67                              67             .EXPORT __PcallRAM_BGN
   68                              68             .EXPORT __Pcall_END
   69                              69             .EXPORT __PcallRAM_END
   70                              70     
   71                              71     
   72 00000000                     72             .SECTION PvupROM,CODE,ALIGN=4
   73 00000000                     73             .SECTION PvupRAM,CODE,ALIGN=4
   74 00000000                     74             .SECTION Phwsetup1,CODE,ALIGN=4
   75 00000000 00000000            75     __PvupROM_BGN .DATA.L (STARTOF PvupROM)                         ;
   76 00000004 00000000            76     __PvupRAM_BGN .DATA.L (STARTOF PvupRAM)                         ;
   77 00000008 00000000            77     __PvupROM_END .DATA.L (STARTOF PvupROM) + (SIZEOF PvupROM)      ;
   78                              78             .EXPORT __PvupROM_BGN
   79                              79             .EXPORT __PvupRAM_BGN
   80                              80             .EXPORT __PvupROM_END
   81                              81     
   82                              82     
   83                              83             .END
  *****TOTAL ERRORS       0
  *****TOTAL WARNINGS     0
*** SuperH RISC engine ASSEMBLER V.7.01.02.000 ***    12/13/20 18:21:13                                                  PAGE     3

*** CROSS REFERENCE LIST

NAME                             SECTION  ATTR VALUE             SEQUENCE

B                                B        SCT  00000000     17*   22    23    23 
C                                C        SCT  00000000     18*   48*   61*
D                                D        SCT  00000000     15*   19 
P                                P        SCT  00000000     46*   49    51    51 
PRAM                             PRAM     SCT  00000000     47*   50    52    52 
Pcall                            Pcall    SCT  00000000     59*   62    64    64 
PcallRAM                         PcallRAM SCT  00000000     60*   63    65    65 
Phwsetup1                        Phwsetup SCT  00000000     74*
PvupRAM                          PvupRAM  SCT  00000000     73*   76 
PvupROM                          PvupROM  SCT  00000000     72*   75    77    77 
R                                R        SCT  00000000     16*   20    21    21 
__B_BGN                          C        EXPT 0000000C     22*   27 
__B_END                          C        EXPT 00000010     23*   28 
__D_BGN                          C        EXPT 00000004     20*   25 
__D_END                          C        EXPT 00000008     21*   26 
__D_ROM                          C        EXPT 00000000     19*   24 
__PRAM_BGN                       C        EXPT 00000018     50*   54 
__PRAM_END                       C        EXPT 00000020     52*   56 
__P_BGN                          C        EXPT 00000014     49*   53 
__P_END                          C        EXPT 0000001C     51*   55 
__PcallRAM_BGN                   C        EXPT 00000028     63*   67 
__PcallRAM_END                   C        EXPT 00000030     65*   69 
__Pcall_BGN                      C        EXPT 00000024     62*   66 
__Pcall_END                      C        EXPT 0000002C     64*   68 
__PvupRAM_BGN                    Phwsetup EXPT 00000004     76*   79 
__PvupROM_BGN                    Phwsetup EXPT 00000000     75*   78 
__PvupROM_END                    Phwsetup EXPT 00000008     77*   80 
*** SuperH RISC engine ASSEMBLER V.7.01.02.000 ***    12/13/20 18:21:13                                                  PAGE     4

*** SECTION DATA LIST

SECTION                          ATTRIBUTE    SIZE             START

D                                REL-DATA    000000000        
R                                REL-DATA    000000000        
B                                REL-DATA    000000000        
C                                REL-DATA    000000034        
P                                REL-CODE    000000000        
PRAM                             REL-CODE    000000000        
Pcall                            REL-CODE    000000000        
PcallRAM                         REL-CODE    000000000        
PvupROM                          REL-CODE    000000000        
PvupRAM                          REL-CODE    000000000        
Phwsetup1                        REL-CODE    00000000C        
