*** SuperH RISC engine ASSEMBLER V.7.01.02.000 ***    12/13/20 18:21:13                                                  PAGE     1
PROGRAM NAME =

    1                               1     ;------------------------------------------------------------------------
    2                               2     ;                                                                       |
    3                               3     ;   FILE        :hwsetup.src                                            |
    4                               4     ;   DATE        :Fri, May 31, 2002                                      |
    5                               5     ;   DESCRIPTION :Hardware Setup file                                    |
    6                               6     ;   CPU TYPE    :SH7750                                                 |
    7                               7     ;                                                                       |
    8                               8     ;   This file is generated by Hitachi Project Generator (Ver.2.1).      |
    9                               9     ;                                                                       |
   10                              10     ;------------------------------------------------------------------------
   11                              11     
   12                              12     
 1909                              20     
 1910          FF94004C            21     _SDMR1          .EQU            H'FF94004C;BYTE
 1911          FF94008C            22     _SDMR2          .EQU            H'FF94008C;BYTE
 1912          FF9400CC            23     _SDMR3          .EQU            H'FF9400CC;BYTE
 1913                              24     
 1914                              25             .export         _HardwareSetup1
 1915                              26             .export         _HardwareSetup2
 1916                              27             .export         _TIME_LINT_EI
 1917                              28             .export         _TIME_HINT_EI
 1918                              29             .export         _INT_EI
 1919                              30     
 1920                              31             .export         _CASH_ENB
 1921                              32     
 1922                              33             .export _P_TO_PRAM_COPY                 ; P -> PRAM
 1923                              34             .export _PC_TO_PCRAM_COPY               ; Pcall -> PcallRAM
 1924                              35     
 1925                              36     ;       ====================================
 1926                              37     ;       -------------- WDT CLR -------------
 1927                              38     ;       ====================================
 1928                              39             .MACRO  _WDT_CLR_CP1
 1929                              40             MOV.L   #_PDTRB,R10
 1930                              41             MOV.W   @R10,R11
 1931                              42     ;;;;2010-09-21ﾊﾞｸﾞ      MOV.W   #NBIT0,R12      ; PORT18
 1932                              43             MOV.W   #NBIT2,R12      ; PORT18
 1933                              44             AND     R12,R11
 1934                              45             MOV.W   R11,@R10
 1935                              46     ;;;;2010-09-21ﾊﾞｸﾞ      MOV.W   #BIT0,R12
 1936                              47             MOV.W   #BIT2,R12
 1937                              48             OR      R12,R11
 1938                              49             MOV.W   R11,@R10
 1939                              50             .ENDM
 1940                              51     
 1941                              52     
 1942 00000000                     53             .SECTION        Phwsetup1,CODE                  ;
 1943                              54     ;******************************************
 1944                              55     ;***                                    ***
 1945                              56     ;***    ＳＨ−４初期設定                ***
 1946                              57     ;***                                    ***
 1947                              58     ;******************************************
 1948 00000000                     59     _HardwareSetup1:
 1949                              60             SUB_START
 1950 00000000 4F22                   M           STS.L   PR,@-R15                ;[必要]
 1951                                 M   ;;;;;;; ADD     #-4,R15                 ;[不要?]
 1952                              61     
 1953 00000002 D130                62             MOV.L   #_WTCSR,R1
*** SuperH RISC engine ASSEMBLER V.7.01.02.000 ***    12/13/20 18:21:13                                                  PAGE     2
PROGRAM NAME =

 1954                              63     ;///////        MOV.W   #H'A502,R0                      ; 発振が安定するまでの時間として20
                                          2.3usec設定
 1955 00000004 9053                64             MOV.W   #H'A504,R0                              ; 発振が安定するまでの時間として80
                                          9.1usec設定
 1956 00000006 2101                65             MOV.W   R0,@R1
 1957 00000008 D12F                66             MOV.L   #_FRQCR,R1
 1958                              67     ;//SDEB MOV.W   #H'0E23,R0                              ; Iφ=162MHz／Bφ=27MHz／Pφ=27MHz
 1959                              68     ;;SAITO MOV.W   #H'0E1A,R0                              ; Iφ=162MHz／Bφ=40.5MHz／Pφ=40.
                                          5MHz
 1960 0000000A 9051                69             MOV.W   #H'0E0A,R0                              ; Iφ=162MHz／Bφ=81MHz／Pφ=40.5M
                                          Hz
 1961                              70     ;;      MOV.W   #H'0E23,R0                              ; Iφ=162MHz／Bφ=27MHz／Pφ=27MHz
 1962 0000000C 2101                71             MOV.W   R0,@R1
 1963                              72     
 1964 0000000E D12F                73             MOV.L   #_BCR1,R1
 1965 00000010 6012                74             MOV.L   @R1,R0
 1966 00000012 D22F                75             MOV.L   #H'00000008,R2                          ; ｴﾘｱ0~2,4~6:SRAMｲﾝﾀｰﾌｪｰｽ／ｴﾘｱ3:SD
                                          RAMｲﾝﾀｰﾌｪｰｽ
 1967 00000014 202B                76             OR      R2,R0
 1968 00000016 2102                77             MOV.L   R0,@R1
 1969                              78     
 1970 00000018 D12E                79             MOV.L   #_BCR2,R1
 1971 0000001A 6011                80             MOV.W   @R1,R0
 1972 0000001C 9249                81             MOV.W   #H'C001,R2
 1973 0000001E 2029                82             AND     R2,R0
 1974 00000020 9248                83             MOV.W   #H'9AE9,R2                              ; 各ｴﾘｱのﾊﾞｽ幅設定
 1975 00000022 202B                84             OR      R2,R0
 1976 00000024 2101                85             MOV.W   R0,@R1
 1977                              86     
 1978 00000026 D12C                87             MOV.L   #_WCR1,R1
 1979 00000028 D02C                88             MOV.L   #H'44444444,R0                          ; 各ｴﾘｱのｻｲｸﾙ間ｱｲﾄﾞﾙ設定        **
                                          とりあえず**
 1980 0000002A 2102                89             MOV.L   R0,@R1
 1981                              90     
 1982 0000002C D12C                91             MOV.L   #_WCR2,R1
 1983                              92     ;///////        MOV.L   #H'BE76649F,R0                          ; 各ｴﾘｱのｳｪｲﾄ設定       CA
                                          Sﾚｲﾃﾝｼ=3
 1984                              93     ;///////        MOV.L   #H'BE76449F,R0                          ; 各ｴﾘｱのｳｪｲﾄ設定       CA
                                          Sﾚｲﾃﾝｼ=2
 1985                              94     ;////// MOV.L   #H'9E784B27,R0                          ; 各ｴﾘｱのｳｪｲﾄ設定       CASﾚｲﾃﾝｼ=2
 1986                              95     ;////   MOV.L   #H'9E784B24,R0                          ; 各ｴﾘｱのｳｪｲﾄ設定       CASﾚｲﾃﾝｼ=2
 1987                              96     ;////位置決めうごかない MOV.L   #H'9E784B24,R0                          ; 各ｴﾘｱのｳｪｲﾄ設定
                                          CASﾚｲﾃﾝｼ=2
 1988                              97     ;位置決めうごいた       MOV.L   #H'9F784B24,R0                          ; 各ｴﾘｱのｳｪｲﾄ設定
                                          CASﾚｲﾃﾝｼ=2
 1989 0000002E D02D                98             MOV.L   #H'9FF84B24,R0                          ; 各ｴﾘｱのｳｪｲﾄ設定       CASﾚｲﾃﾝｼ=2
 1990                              99     ;;;;;;; MOV.L   #H'9FF84524,R0                          ; 各ｴﾘｱのｳｪｲﾄ設定       CASﾚｲﾃﾝｼ=2
 1991                             100     ;;;     MOV.L   #H'9F784B24,R0                          ; 各ｴﾘｱのｳｪｲﾄ設定       CASﾚｲﾃﾝｼ=2
 1992                             101     ;       MOV.L   #H'9FF84B27,R0                          ; 各ｴﾘｱのｳｪｲﾄ設定       CASﾚｲﾃﾝｼ=2
 1993 00000030 2102               102             MOV.L   R0,@R1
 1994                             103     
 1995 00000032 D12D               104             MOV.L   #_WCR3,R1
 1996                             105     
 1997                             106             .AIF    1               EQ      1       ;YES:WR WAIT 4CLK(NO 3CLK) 2004-02-19
 1998 00000034 D02D               107 C           MOV.L   #H'06766666,R0                          ;BIT22=1         SET-UP1CLK
 1999                             108 C                                                           ;BIT21=1,BIT20=1 HOLD  3CLK
 2000                             109             .AELSE
*** SuperH RISC engine ASSEMBLER V.7.01.02.000 ***    12/13/20 18:21:13                                                  PAGE     3
PROGRAM NAME =

 2001                             110     
 2002                             111     ;;;     MOV.L   #H'06666666,R0                          ; 各ｴﾘｱのR/Wｱｻｰﾄ時間設定        **
                                          とりあえず**
 2003                             112             MOV.L   #H'06266666,R0                          ; 各ｴﾘｱのR/Wｱｻｰﾄ時間設定        **
                                          とりあえず**
 2004                             113             .AENDI
 2005 00000036 2102               114             MOV.L   R0,@R1
 2006                             115     
 2007                             116     ;;SAITO 2006-08-05 sit4 対応    MOV.L   #_MCR,R1
 2008                             117     ;       ;       MOV.L   #H'08122184,R0                          ; SDRAM個別ｺﾝﾄﾛｰﾙﾚｼﾞｽﾀ設定
 2009                             118     ;;              MOV.L   R0,@R1
 2010                             119     
 2011                             120     ;       ---- SAITO 2006-08-05 sit4 対応 ---
 2012                             121             .AIF 1 EQ 0
 2013                             122             MOV.L   #_MCR,R1
 2014                             123             MOV.L   #H'08122184,R0                          ; SDRAM個別ｺﾝﾄﾛｰﾙﾚｼﾞｽﾀ設定
 2015                             124             MOV.L   R0,@R1
 2016                             125             .AELSE
 2017 00000038 D12D               126 C           MOV.L   #_MCR,R1
 2018 0000003A D02E               127 C           MOV.L   #H'081221A4,R0                          ; SDRAM個別ｺﾝﾄﾛｰﾙﾚｼﾞｽﾀ設定 AMX2は1
                                          にしなければいけない？斉藤
 2019 0000003C 2102               128 C           MOV.L   R0,@R1
 2020                             129             .AENDI
 2021                             130     
 2022 0000003E D02E               131             MOV.L   #_PCR, r0
 2023 00000040 9139               132             MOV.W   #0, r1
 2024 00000042 2011               133             MOV.W   r1, @r0                                 ; Sets PCR (word size).
 2025                             134     
 2026                             135     ;;;;;;  MOV.L   #_SDMR3,R1
 2027 00000044 D12D               136             MOV.L   #_SDMR2,R1
 2028 00000046 E000               137             MOV.B   #0,R0                                   ; SDRAM全ﾌﾟﾘﾁｬｰｼﾞ
 2029 00000048 2100               138             MOV.B   R0,@R1
 2030                             139     
 2031 0000004A D12D               140             MOV.L   #_RTCNT,R1
 2032 0000004C 9034               141             MOV.W   #H'A500,R0                              ;
 2033 0000004E 2101               142             MOV.W   R0,@R1
 2034 00000050 D12C               143             MOV.L   #_RTCOR,R1
 2035 00000052 9032               144             MOV.W   #H'A510,R0                              ; SDRAMｵｰﾄﾘﾌﾚｯｼｭ周期設定
 2036 00000054 2101               145             MOV.W   R0,@R1
 2037 00000056 D12C               146             MOV.L   #_RFCR,R1
 2038 00000058 9030               147             MOV.W   #H'A400,R0
 2039 0000005A 2101               148             MOV.W   R0,@R1
 2040 0000005C D12B               149             MOV.L   #_RTCSR,R1
 2041 0000005E 902E               150             MOV.W   #H'A508,R0                              ; SDRAMｵｰﾄﾘﾌﾚｯｼｭ開始
 2042 00000060 2101               151             MOV.W   R0,@R1
 2043                             152     
 2044                             153     ;       *** ﾎﾟｰﾄﾃﾞｰﾀﾚｼﾞｽﾀA ***
 2045                             154     
 2046                             155     ;;      P0~P7 OUT / P8~P15 IN / P16~18 OUT / P19 IN
 2047 00000062 D12B               156             MOV.L   #_PDTRA,R1
 2048 00000064 9027               157             MOV.W   #H'0000,R0                              ; P0~7 出力初期値
 2049 00000066 2101               158             MOV.W   R0,@R1                                  ; 初期値 ALL OFF
 2050 00000068 D12A               159             MOV.L   #_PCTRA,R1
 2051 0000006A D02B               160             MOV.L   #H'00005555,R0                          ; P0~15 IN/OUT設定
 2052 0000006C 2102               161             MOV.L   R0,@R1
 2053                             162     
 2054                             163     ;----------------- 一応確認用 2015-01-15 WDTA出力をLOWにしてしておく
*** SuperH RISC engine ASSEMBLER V.7.01.02.000 ***    12/13/20 18:21:13                                                  PAGE     4
PROGRAM NAME =

 2055 0000006E D12B               164             MOV.L   #_PDTRB,R1
 2056 00000070 9021               165             MOV.W   #H'0000,R0
 2057 00000072 2101               166             MOV.W   R0,@R1                                  ; 初期値(BIT2=0:WDT_CLR="L")
 2058                             167     ;----------------------------------------
 2059 00000074 D12A               168             MOV.L   #_PCTRB,R1
 2060 00000076 D02B               169             MOV.L   #H'00000015,R0                          ; P16~19 IN/OUT設定
 2061 00000078 2102               170             MOV.L   R0,@R1
 2062                             171     
 2063 0000007A D12B               172             MOV.L   #_CCR,R1
 2064 0000007C 6212               173             MOV.L   @R1,R2
 2065 0000007E D02B               174             MOV.L   #(BIT11+BIT3),R0
 2066 00000080 202B               175             OR      R2,R0
 2067 00000082 2102               176             MOV.L   R0,@R1
 2068                             177     
 2069 00000084 0009               178             NOP                     ; Waits for several clocks.
 2070 00000086 0009               179             NOP                     ; Other initialization may place here
 2071 00000088 0009               180             NOP                     ; if it is compact enough.
 2072 0000008A 0009               181             NOP
 2073                             182     
 2074 0000008C D11E               183             MOV.L   #_RFCR,R1
 2075 0000008E 9217               184             MOV.W   #D'8,R2
 2076 00000090                    185     _HWS_100:
 2077 00000090 6011               186             MOV.W   @R1,R0
 2078 00000092 3022               187             CMP/HS  R2,R0                                   ; ｵｰﾄﾘﾌﾚｯｼｭ8回やるまで待機
 2079 00000094 8BFC               188             BF      _HWS_100
 2080                             189     
 2081 00000096 D116               190             MOV.L   #_MCR,R1
 2082 00000098 D025               191             MOV.L   #H'48122184,R0                          ; SDRAM個別ｺﾝﾄﾛｰﾙﾚｼﾞｽﾀ設定
 2083 0000009A 2102               192             MOV.L   R0,@R1
 2084                             193     
 2085                             194     ;;;;;   MOV.L   #_SDMR3,R1
 2086 0000009C D117               195             MOV.L   #_SDMR2,R1
 2087 0000009E E000               196             MOV.B   #0,R0                                   ; SDRAMﾓｰﾄﾞﾚｼﾞｽﾀｾｯﾄ
 2088 000000A0 2100               197             MOV.B   R0,@R1
 2089                             198     
 2090 000000A2 D11A               199             MOV.L   #_RTCSR,R1
 2091 000000A4 9009               200             MOV.W   #H'A510,R0                              ; SDRAMｵｰﾄﾘﾌﾚｯｼｭ開始
 2092 000000A6 2101               201             MOV.W   R0,@R1
 2093                             202     
 2094                             203     
 2095                             204     
 2096                             205     
 2097                             206             SUB_END
 2098                                 M   ;;;;;;; ADD     #4,R15                  ;[不要?]
 2099 000000A8 4F26                   M           LDS.L   @R15+,PR                ;[必要]
 2100                             207             M_RTS
 2101 000000AA 000B                   M           RTS                             ;RTSの後ろの
 2102 000000AC 0009                   M           NOP                             ;@R15+,PRはﾀﾞﾒ
 2103                             208     
 2104                             209     
 2105                                     ***** BEGIN-POOL *****
 2106 000000AE A504                       DATA FOR SOURCE-LINE 64
 2107 000000B0 0E0A                       DATA FOR SOURCE-LINE 69
 2108 000000B2 C001                       DATA FOR SOURCE-LINE 81
 2109 000000B4 9AE9                       DATA FOR SOURCE-LINE 83
 2110 000000B6 0000                       DATA FOR SOURCE-LINE 132,157,165
 2111 000000B8 A500                       DATA FOR SOURCE-LINE 141
*** SuperH RISC engine ASSEMBLER V.7.01.02.000 ***    12/13/20 18:21:13                                                  PAGE     5
PROGRAM NAME =

 2112 000000BA A510                       DATA FOR SOURCE-LINE 144,200
 2113 000000BC A400                       DATA FOR SOURCE-LINE 147
 2114 000000BE A508                       DATA FOR SOURCE-LINE 150
 2115 000000C0 0008                       DATA FOR SOURCE-LINE 184
 2116 000000C2 0000                       ALIGNMENT CODE
 2117 000000C4 00000000                   DATA FOR SOURCE-LINE 62
 2118 000000C8 00000000                   DATA FOR SOURCE-LINE 66
 2119 000000CC 00000000                   DATA FOR SOURCE-LINE 73
 2120 000000D0 00000008                   DATA FOR SOURCE-LINE 75
 2121 000000D4 00000000                   DATA FOR SOURCE-LINE 79
 2122 000000D8 00000000                   DATA FOR SOURCE-LINE 87
 2123 000000DC 44444444                   DATA FOR SOURCE-LINE 88
 2124 000000E0 00000000                   DATA FOR SOURCE-LINE 91
 2125 000000E4 9FF84B24                   DATA FOR SOURCE-LINE 98
 2126 000000E8 00000000                   DATA FOR SOURCE-LINE 104
 2127 000000EC 06766666                   DATA FOR SOURCE-LINE 107
 2128 000000F0 00000000                   DATA FOR SOURCE-LINE 126,190
 2129 000000F4 081221A4                   DATA FOR SOURCE-LINE 127
 2130 000000F8 00000000                   DATA FOR SOURCE-LINE 131
 2131 000000FC FF94008C                   DATA FOR SOURCE-LINE 136,195
 2132 00000100 00000000                   DATA FOR SOURCE-LINE 140
 2133 00000104 00000000                   DATA FOR SOURCE-LINE 143
 2134 00000108 00000000                   DATA FOR SOURCE-LINE 146,183
 2135 0000010C 00000000                   DATA FOR SOURCE-LINE 149,199
 2136 00000110 00000000                   DATA FOR SOURCE-LINE 156
 2137 00000114 00000000                   DATA FOR SOURCE-LINE 159
 2138 00000118 00005555                   DATA FOR SOURCE-LINE 160
 2139 0000011C 00000000                   DATA FOR SOURCE-LINE 164
 2140 00000120 00000000                   DATA FOR SOURCE-LINE 168
 2141 00000124 00000015                   DATA FOR SOURCE-LINE 169
 2142 00000128 00000000                   DATA FOR SOURCE-LINE 172
 2143 0000012C 00000808                   DATA FOR SOURCE-LINE 174
 2144 00000130 48122184                   DATA FOR SOURCE-LINE 191
 2145                                     ***** END-POOL *****
 2146 00000000                    210             .SECTION        Pstart1,CODE                    ;
 2147                             211     ;******************************************
 2148                             212     ;***                                    ***
 2149                             213     ;***    ＳＨ−４初期設定                ***
 2150                             214     ;***                                    ***
 2151                             215     ;******************************************
 2152 00000000                    216     _HardwareSetup2:
 2153                             217             SUB_START
 2154 00000000 4F22                   M           STS.L   PR,@-R15                ;[必要]
 2155                                 M   ;;;;;;; ADD     #-4,R15                 ;[不要?]
 2156                             218     
 2157                             219     
 2158                             220     ;;;;;   MOV.L   #_CASH_ENB,R1                   ;
 2159                             221     ;;;;;   jsr     @r1
 2160                             222     ;;;;;   nop
 2161                             223     
 2162                             224     ;;;;;   mov.l   #_P_TO_PRAM_COPY,r1             ; P -> PRAM
 2163                             225     ;;;;;   jsr     @r1
 2164                             226     ;;;;;   nop
 2165                             227     
 2166                             228     ;;;;;   mov.l   #_PC_TO_PCRAM_COPY,r1           ; Pcall -> PcallRAM
 2167                             229     ;;;;;   jsr     @r1
 2168                             230     ;;;;;   nop
*** SuperH RISC engine ASSEMBLER V.7.01.02.000 ***    12/13/20 18:21:13                                                  PAGE     6
PROGRAM NAME =

 2169                             231     
 2170                             232     ;       *** 割込み優先ﾚﾍﾞﾙ設定ﾚｼﾞｽﾀ *****************;
 2171 00000002 D11B               233             MOV.L   #_ICR,R1
 2172 00000004 902D               234             MOV.W   #H'0080,R0                              ;
 2173 00000006 2101               235             MOV.W   R0,@R1
 2174 00000008 D11A               236             MOV.L   #_IPRA,R1
 2175                             237     ;/////  MOV.W   #H'7650,R0                              ; TMU0/TMU1/TMU2/RTC
 2176 0000000A 902B               238             MOV.W   #H'7350,R0                              ; TMU0/TMU1/TMU2/RTC
 2177 0000000C 2101               239             MOV.W   R0,@R1
 2178 0000000E D11A               240             MOV.L   #_IPRB,R1
 2179                             241     ;/////  MOV.W   #H'0000,R0                              ; WDT/REF/SCI/RESERVE
 2180 00000010 9029               242             MOV.W   #H'00C0,R0                              ; WDT/REF/SCI/RESERVE
 2181 00000012 2101               243             MOV.W   R0,@R1
 2182 00000014 D119               244             MOV.L   #_IPRC,R1
 2183                             245     ;/////  MOV.W   #H'00D0,R0                              ;GPIO/DMAC/SCIF/H-UDI
 2184 00000016 9027               246             MOV.W   #H'00D0,R0                              ;GPIO/DMAC/SCIF/H-UDI
 2185 00000018 2101               247             MOV.W   R0,@R1
 2186 0000001A D119               248             MOV.L   #_IPRD,R1
 2187 0000001C 9025               249             MOV.W   #H'AB98,R0                              ;IRL0/IRL1/IRL2/IRL3
 2188                             250     ;;;;;   MOV.W   #H'0000,R0                              ;IRL0/IRL1/IRL2/IRL3
 2189 0000001E 2101               251             MOV.W   R0,@R1
 2190                             252     
 2191                             253     ;       *** NMI/IRQn割込みｺﾝﾄﾛｰﾙﾚｼﾞｽﾀ *****************;
 2192 00000020 D113               254             MOV.L   #_ICR,R1
 2193 00000022 901E               255             MOV.W   #H'0080,R0
 2194 00000024 2101               256             MOV.W   R0,@R1
 2195                             257     
 2196                             258     
 2197                             259     ;       *** ﾀｲﾏ関係ｲﾆｼｬﾙ ******************************;
 2198                             260     ;       *** ﾀｲﾏｱｳﾄﾌﾟｯﾄｺﾝﾄﾛｰﾙﾚｼﾞｽﾀ ***
 2199 00000026 D117               261             MOV.L   #_TOCR,R1                               ;
 2200 00000028 9020               262             MOV.W   #H'0,R0                                 ; TCLK=外部入力端子に設定
 2201 0000002A 2101               263             MOV.W   R0,@R1                                  ;
 2202                             264     
 2203                             265     ;       *** ﾀｲﾏｺﾝｽﾀﾝﾄﾚｼﾞｽﾀ,ﾀｲﾏｶｳﾝﾀ ***
 2204 0000002C D116               266             MOV.L   #_TCOR0,R1
 2205                             267     ;;;2004-03-03   MOV.L   #_BASE_100US*1*10,R0                    ; 1ms割込み用
 2206                             268     
 2207                             269     ;       === 2004-03-03 1msecが短い===
 2208 0000002E D017               270             MOV.L   #_BASE_200US*5,R0                       ; 1ms割込み用
 2209                             271     
 2210 00000030 2102               272             MOV.L   R0,@R1
 2211 00000032 D117               273             MOV.L   #_TCNT0,R1
 2212 00000034 2102               274             MOV.L   R0,@R1
 2213                             275     
 2214 00000036 D117               276             MOV.L   #_TCOR1,R1
 2215 00000038 D017               277             MOV.L   #_BASE_100US*2,R0                       ; 200us割込み用
 2216                             278     ;;;(    MOV.L   #_BASE_200US,R0                                 ; 200us割込み用 2003-03-03
                                           これに変更する予定)
 2217 0000003A 2102               279             MOV.L   R0,@R1
 2218 0000003C D117               280             MOV.L   #_TCNT1,R1
 2219 0000003E 2102               281             MOV.L   R0,@R1
 2220                             282     
 2221 00000040 D117               283             MOV.L   #_TCOR2,R1
 2222                             284     ;;;;;   MOV.L   #_BASE_100US*1*20,R0                    ; 2ms割込み用
 2223                             285     
 2224                             286     ;       ---2006-12-26ｼｰｹﾝｽ制御周期 2.5-->3.333msec
*** SuperH RISC engine ASSEMBLER V.7.01.02.000 ***    12/13/20 18:21:13                                                  PAGE     7
PROGRAM NAME =

 2225                             287             .AIF    2 EQ 2
 2226                             288 C   ;       2015-03-18 [3.33->5]
 2227                             289 C   ;;;;;;  MOV.L   #_TINT_3R3MS,R0                 ; 3.33333ms割込み用 27M*3/8=10.125M  SV *1
                                          /10.125=3.3333
 2228                             290 C                                                   ; 5.0000*10.125=50625
 2229 00000042 D018               291 C           MOV.L   #50625,R0                       ; 50625/10.125=5.000ms
 2230                             292 C   
 2231                             293             .AELSE
 2232                             294             MOV.L   #_BASE_100US*1*25,R0            ; 5ms割込み用==>2.5msec
 2233                             295             .AENDI
 2234                             296     
 2235                             297     
 2236                             298     ;;;;(   MOV.L   #_BASE_200US*25/2,R0                    ; 2.5msec )これに変更する予定
 2237 00000044 2102               299             MOV.L   R0,@R1
 2238 00000046 D118               300             MOV.L   #_TCNT2,R1
 2239 00000048 2102               301             MOV.L   R0,@R1
 2240                             302     
 2241                             303     
 2242 0000004A D018               304             MOV.L   #_TIME_MINT_EI,R0                       ; 1msec timer 割込み許可
 2243 0000004C 400B               305             JSR     @R0                                     ;
 2244 0000004E 0009               306             NOP                                             ;
 2245                             307     
 2246 00000050 D017               308             MOV.L   #_TIME_HINT_EI,R0                       ; 500usec timer 割込み許可
 2247 00000052 400B               309             JSR     @R0                                     ;
 2248 00000054 0009               310             NOP                                             ;
 2249                             311     
 2250 00000056 D017               312             MOV.L   #_TIME_LINT_EI,R0                       ; 2msec timer 割込み許可
 2251 00000058 400B               313             JSR     @R0                                     ;
 2252 0000005A 0009               314             NOP                                             ;
 2253                             315     
 2254                             316     
 2255                             317     ;       *** 通信関係ｲﾆｼｬﾙ ***
 2256                             318     ;       使うときに設定すること
 2257                             319     
 2258                             320     ;//     MOV.L   #_SCSMR1,R1
 2259                             321     ;//     MOV.B   #H'60,R0                                ; 調歩／7BIT／P付加／偶数P／STOP=1
                                          ／
 2260                             322     ;//     MOV.B   R0,@R1
 2261                             323     ;//     MOV.L   #_SCBRR1,R1
 2262                             324     ;//     MOV.B   #D'80,R0                                ; ﾎﾞｰﾚｰﾄ=9600   N=25MHz／64×0.5×
                                          9600−1
 2263                             325     ;//     MOV.B   R0,@R1
 2264                             326     
 2265                             327             SUB_END
 2266                                 M   ;;;;;;; ADD     #4,R15                  ;[不要?]
 2267 0000005C 4F26                   M           LDS.L   @R15+,PR                ;[必要]
 2268                             328             M_RTS
 2269 0000005E 000B                   M           RTS                             ;RTSの後ろの
 2270 00000060 0009                   M           NOP                             ;@R15+,PRはﾀﾞﾒ
 2271                             329     
 2272                             330     
 2273                             331     ;******************************************
 2274                             332     ;***                                    ***
 2275                             333     ;***    割込許可                        ***
 2276                             334     ;***                                    ***
 2277                             335     ;******************************************
 2278                                     ***** BEGIN-POOL *****
*** SuperH RISC engine ASSEMBLER V.7.01.02.000 ***    12/13/20 18:21:13                                                  PAGE     8
PROGRAM NAME =

 2279 00000062 0080                       DATA FOR SOURCE-LINE 234,255
 2280 00000064 7350                       DATA FOR SOURCE-LINE 238
 2281 00000066 00C0                       DATA FOR SOURCE-LINE 242
 2282 00000068 00D0                       DATA FOR SOURCE-LINE 246
 2283 0000006A AB98                       DATA FOR SOURCE-LINE 249
 2284 0000006C 0000                       DATA FOR SOURCE-LINE 262
 2285 0000006E 0000                       ALIGNMENT CODE
 2286 00000070 00000000                   DATA FOR SOURCE-LINE 233,254
 2287 00000074 00000000                   DATA FOR SOURCE-LINE 236
 2288 00000078 00000000                   DATA FOR SOURCE-LINE 240
 2289 0000007C 00000000                   DATA FOR SOURCE-LINE 244
 2290 00000080 00000000                   DATA FOR SOURCE-LINE 248
 2291 00000084 00000000                   DATA FOR SOURCE-LINE 261
 2292 00000088 00000000                   DATA FOR SOURCE-LINE 266
 2293 0000008C 0000278D                   DATA FOR SOURCE-LINE 270
 2294 00000090 00000000                   DATA FOR SOURCE-LINE 273
 2295 00000094 00000000                   DATA FOR SOURCE-LINE 276
 2296 00000098 000007E8                   DATA FOR SOURCE-LINE 277
 2297 0000009C 00000000                   DATA FOR SOURCE-LINE 280
 2298 000000A0 00000000                   DATA FOR SOURCE-LINE 283
 2299 000000A4 0000C5C1                   DATA FOR SOURCE-LINE 291
 2300 000000A8 00000000                   DATA FOR SOURCE-LINE 300
 2301 000000AC 00000000                   DATA FOR SOURCE-LINE 304
 2302 000000B0 00000000                   DATA FOR SOURCE-LINE 308
 2303 000000B4 00000000                   DATA FOR SOURCE-LINE 312
 2304                                     ***** END-POOL *****
 2305 000000B8                    336     _INT_EI:
 2306                             337             SUB_START
 2307 000000B8 4F22                   M           STS.L   PR,@-R15                ;[必要]
 2308                                 M   ;;;;;;; ADD     #-4,R15                 ;[不要?]
 2309                             338     
 2310 000000BA D107               339             MOV.L   #_TCR0,R1
 2311 000000BC D207               340             MOV.L   #_TCR1,R2
 2312 000000BE D308               341             MOV.L   #_TCR2,R3
 2313 000000C0 9009               342             MOV.W   #H'0020,R0                      ; ﾀｲﾏ1,2,3ｱﾝﾀﾞﾌﾛｰ割込み許可
 2314 000000C2 2101               343             MOV.W   R0,@R1                          ;
 2315 000000C4 2201               344             MOV.W   R0,@R2                          ;
 2316 000000C6 2301               345             MOV.W   R0,@R3                          ;
 2317 000000C8 D106               346             MOV.L   #_TSTR,R1
 2318 000000CA 6010               347             MOV.B   @R1,R0
 2319 000000CC CB07               348             OR      #H'07,R0                        ; ﾀｲﾏ1,2,3ｽﾀｰﾄ
 2320 000000CE 2100               349             MOV.B   R0,@R1
 2321                             350     
 2322                             351             SUB_END
 2323                                 M   ;;;;;;; ADD     #4,R15                  ;[不要?]
 2324 000000D0 4F26                   M           LDS.L   @R15+,PR                ;[必要]
 2325                             352             M_RTS
 2326 000000D2 000B                   M           RTS                             ;RTSの後ろの
 2327 000000D4 0009                   M           NOP                             ;@R15+,PRはﾀﾞﾒ
 2328                             353     
 2329                             354     
 2330                             355     ;******************************************
 2331                             356     ;***                                    ***
 2332                             357     ;***    割込(1ms)許可                   ***
 2333                             358     ;***                                    ***
 2334                             359     ;******************************************
 2335                                     ***** BEGIN-POOL *****
*** SuperH RISC engine ASSEMBLER V.7.01.02.000 ***    12/13/20 18:21:13                                                  PAGE     9
PROGRAM NAME =

 2336 000000D6 0020                       DATA FOR SOURCE-LINE 342
 2337 000000D8 00000000                   DATA FOR SOURCE-LINE 339
 2338 000000DC 00000000                   DATA FOR SOURCE-LINE 340
 2339 000000E0 00000000                   DATA FOR SOURCE-LINE 341
 2340 000000E4 00000000                   DATA FOR SOURCE-LINE 346
 2341                                     ***** END-POOL *****
 2342 000000E8                    360     _TIME_MINT_EI:
 2343                             361             SUB_START
 2344 000000E8 4F22                   M           STS.L   PR,@-R15                ;[必要]
 2345                                 M   ;;;;;;; ADD     #-4,R15                 ;[不要?]
 2346                             362     
 2347 000000EA D105               363             MOV.L   #_TCR0,R1
 2348 000000EC 9007               364             MOV.W   #H'0020,R0                      ; ﾀｲﾏ1ｱﾝﾀﾞﾌﾛｰ割込み許可
 2349 000000EE 2101               365             MOV.W   R0,@R1                          ;
 2350 000000F0 D104               366             MOV.L   #_TSTR,R1
 2351 000000F2 6010               367             MOV.B   @R1,R0
 2352 000000F4 CB01               368             OR      #BIT0,R0                        ; ﾀｲﾏ1ｽﾀｰﾄ
 2353 000000F6 2100               369             MOV.B   R0,@R1
 2354                             370     
 2355                             371             SUB_END
 2356                                 M   ;;;;;;; ADD     #4,R15                  ;[不要?]
 2357 000000F8 4F26                   M           LDS.L   @R15+,PR                ;[必要]
 2358                             372             M_RTS
 2359 000000FA 000B                   M           RTS                             ;RTSの後ろの
 2360 000000FC 0009                   M           NOP                             ;@R15+,PRはﾀﾞﾒ
 2361                             373     
 2362                             374     
 2363                             375     ;******************************************
 2364                             376     ;***                                    ***
 2365                             377     ;***    割込(200us(100us))許可          ***
 2366                             378     ;***                                    ***
 2367                             379     ;******************************************
 2368                                     ***** BEGIN-POOL *****
 2369 000000FE 0020                       DATA FOR SOURCE-LINE 364
 2370 00000100 00000000                   DATA FOR SOURCE-LINE 363
 2371 00000104 00000000                   DATA FOR SOURCE-LINE 366
 2372                                     ***** END-POOL *****
 2373 00000108                    380     _TIME_HINT_EI:
 2374                             381             SUB_START
 2375 00000108 4F22                   M           STS.L   PR,@-R15                ;[必要]
 2376                                 M   ;;;;;;; ADD     #-4,R15                 ;[不要?]
 2377                             382     
 2378 0000010A D205               383             MOV.L   #_TCR1,R2
 2379 0000010C 9007               384             MOV.W   #H'0020,R0                      ; ﾀｲﾏ2ｱﾝﾀﾞﾌﾛｰ割込み許可
 2380 0000010E 2201               385             MOV.W   R0,@R2                          ;
 2381 00000110 D104               386             MOV.L   #_TSTR,R1
 2382 00000112 6010               387             MOV.B   @R1,R0
 2383 00000114 CB02               388             OR      #BIT1,R0                        ; ﾀｲﾏ2ｽﾀｰﾄ
 2384 00000116 2100               389             MOV.B   R0,@R1
 2385                             390     
 2386                             391             SUB_END
 2387                                 M   ;;;;;;; ADD     #4,R15                  ;[不要?]
 2388 00000118 4F26                   M           LDS.L   @R15+,PR                ;[必要]
 2389                             392             M_RTS
 2390 0000011A 000B                   M           RTS                             ;RTSの後ろの
 2391 0000011C 0009                   M           NOP                             ;@R15+,PRはﾀﾞﾒ
 2392                             393     
*** SuperH RISC engine ASSEMBLER V.7.01.02.000 ***    12/13/20 18:21:13                                                  PAGE    10
PROGRAM NAME =

 2393                             394     
 2394                             395     ;******************************************
 2395                             396     ;***                                    ***
 2396                             397     ;***    割込(2ms)許可                   ***
 2397                             398     ;***                                    ***
 2398                             399     ;******************************************
 2399                                     ***** BEGIN-POOL *****
 2400 0000011E 0020                       DATA FOR SOURCE-LINE 384
 2401 00000120 00000000                   DATA FOR SOURCE-LINE 383
 2402 00000124 00000000                   DATA FOR SOURCE-LINE 386
 2403                                     ***** END-POOL *****
 2404 00000128                    400     _TIME_LINT_EI:
 2405                             401             SUB_START
 2406 00000128 4F22                   M           STS.L   PR,@-R15                ;[必要]
 2407                                 M   ;;;;;;; ADD     #-4,R15                 ;[不要?]
 2408                             402     
 2409 0000012A D105               403             MOV.L   #_TCR2,R1
 2410 0000012C 9007               404             MOV.W   #H'0020,R0                      ; ﾀｲﾏ3ｱﾝﾀﾞﾌﾛｰ割込み許可
 2411 0000012E 2101               405             MOV.W   R0,@R1                          ;
 2412 00000130 D104               406             MOV.L   #_TSTR,R1
 2413 00000132 6010               407             MOV.B   @R1,R0
 2414 00000134 CB04               408             OR      #BIT2,R0                        ; ﾀｲﾏ3ｽﾀｰﾄ
 2415 00000136 2100               409             MOV.B   R0,@R1
 2416                             410     
 2417                             411             SUB_END
 2418                                 M   ;;;;;;; ADD     #4,R15                  ;[不要?]
 2419 00000138 4F26                   M           LDS.L   @R15+,PR                ;[必要]
 2420                             412             M_RTS
 2421 0000013A 000B                   M           RTS                             ;RTSの後ろの
 2422 0000013C 0009                   M           NOP                             ;@R15+,PRはﾀﾞﾒ
 2423                             413     
 2424                             414     
 2425                                     ***** BEGIN-POOL *****
 2426 0000013E 0020                       DATA FOR SOURCE-LINE 404
 2427 00000140 00000000                   DATA FOR SOURCE-LINE 403
 2428 00000144 00000000                   DATA FOR SOURCE-LINE 406
 2429                                     ***** END-POOL *****
 2430 00000148                    415             .SECTION        Pstart1,CODE                    ;
 2431                             416     ;******************************************
 2432                             417     ;***                                    ***
 2433                             418     ;***    ＳＨ４キャッシュ有効            ***
 2434                             419     ;***                                    ***
 2435                             420     ;******************************************
 2436 00000148                    421     _CASH_ENB:
 2437                             422             SUB_START
 2438 00000148 4F22                   M           STS.L   PR,@-R15                ;[必要]
 2439                                 M   ;;;;;;; ADD     #-4,R15                 ;[不要?]
 2440                             423     
 2441 0000014A D104               424             MOV.L   #_CCR,R1
 2442 0000014C 6212               425             MOV.L   @R1,R2
 2443 0000014E D004               426             MOV.L   #(BIT8+BIT5+BIT1+BIT0),R0               ; BIT8:IC有効／BIT0:OC有効／BIT5:8
                                          kﾊﾞｲﾄRAM有効
 2444 00000150 202B               427             OR      R2,R0
 2445 00000152 2102               428             MOV.L   R0,@R1
 2446                             429     
 2447                             430             SUB_END
 2448                                 M   ;;;;;;; ADD     #4,R15                  ;[不要?]
*** SuperH RISC engine ASSEMBLER V.7.01.02.000 ***    12/13/20 18:21:13                                                  PAGE    11
PROGRAM NAME =

 2449 00000154 4F26                   M           LDS.L   @R15+,PR                ;[必要]
 2450                             431             M_RTS
 2451 00000156 000B                   M           RTS                             ;RTSの後ろの
 2452 00000158 0009                   M           NOP                             ;@R15+,PRはﾀﾞﾒ
 2453                             432     
 2454                             433     
 2455                             434     
 2456                             435     
 2457                                     ***** BEGIN-POOL *****
 2458 0000015A 0000                       ALIGNMENT CODE
 2459 0000015C 00000000                   DATA FOR SOURCE-LINE 424
 2460 00000160 00000123                   DATA FOR SOURCE-LINE 426
 2461                                     ***** END-POOL *****
 2462 00000164                    436             .SECTION        Pstart1,CODE                    ;
 2463                             437     ;******************************************
 2464                             438     ;***                                    ***
 2465                             439     ;***    Ｐプログラム                    ***
 2466                             440     ;***    Ｐ -> ＰＲＡＭ                  ***
 2467                             441     ;***                                    ***
 2468                             442     ;******************************************
 2469                             443             .IMPORT         __P_BGN
 2470                             444             .IMPORT         __PRAM_BGN
 2471                             445             .IMPORT         __P_END
 2472 00000164                    446     _P_TO_PRAM_COPY:
 2473                             447             SUB_START
 2474 00000164 4F22                   M           STS.L   PR,@-R15                ;[必要]
 2475                                 M   ;;;;;;; ADD     #-4,R15                 ;[不要?]
 2476                             448     
 2477 00000166 D00D               449             MOV.L   #__P_BGN,R0
 2478 00000168 6502               450             MOV.L   @R0,R5                          ;DATA SORCE
 2479 0000016A D00D               451             MOV.L   #__PRAM_BGN,R0
 2480 0000016C 6602               452             MOV.L   @R0,R6                          ;DATA DIST
 2481 0000016E D00D               453             MOV.L   #__P_END,R0
 2482 00000170 6402               454             MOV.L   @R0,R4                          ;
 2483 00000172 3458               455             SUB     R5,R4                           ;
 2484 00000174 4401               456             SHLR    R4                              ;
 2485                             457     
 2486 00000176                    458     _PTRC_LOOP:
 2487 00000176 4415               459             CMP/PL  R4
 2488 00000178 8B18               460             BF      _PTRC_LOOP_END                  ;ZERO or MINS THEN EXIT
 2489                             461     
 2490 0000017A 6055               462             MOV.W   @R5+,R0         ;
 2491 0000017C 2601               463             MOV.W   R0,@R6          ;
 2492 0000017E 7602               464             ADD     #2,R6           ;
 2493 00000180 74FF               465             ADD     #H'FF,R4        ;
 2494                             466             _WDT_CLR_CP1
 2495 00000182 DA09                   M           MOV.L   #_PDTRB,R10
 2496 00000184 6BA1                   M           MOV.W   @R10,R11
 2497                                 M   ;;;;2010-09-21ﾊﾞｸﾞ      MOV.W   #NBIT0,R12      ; PORT18
 2498 00000186 9C06                   M           MOV.W   #NBIT2,R12      ; PORT18
 2499 00000188 2BC9                   M           AND     R12,R11
 2500 0000018A 2AB1                   M           MOV.W   R11,@R10
 2501                                 M   ;;;;2010-09-21ﾊﾞｸﾞ      MOV.W   #BIT0,R12
 2502 0000018C 9C04                   M           MOV.W   #BIT2,R12
 2503 0000018E 2BCB                   M           OR      R12,R11
 2504 00000190 2AB1                   M           MOV.W   R11,@R10
 2505                             467             M_BRA   _PTRC_LOOP      ;
*** SuperH RISC engine ASSEMBLER V.7.01.02.000 ***    12/13/20 18:21:13                                                  PAGE    12
PROGRAM NAME =

 2506 00000192 AFF0                   M           BRA     _PTRC_LOOP
 2507 00000194 0009                   M           NOP
 2508                             468     
 2509                                     ***** BEGIN-POOL *****
 2510 00000196 00FB                       DATA FOR SOURCE-LINE 466
 2511 00000198 0004                       DATA FOR SOURCE-LINE 466
 2512 0000019A 0000                       ALIGNMENT CODE
 2513 0000019C 00000000                   DATA FOR SOURCE-LINE 449
 2514 000001A0 00000000                   DATA FOR SOURCE-LINE 451
 2515 000001A4 00000000                   DATA FOR SOURCE-LINE 453
 2516 000001A8 00000000                   DATA FOR SOURCE-LINE 466
 2517                                     ***** END-POOL *****
 2518 000001AC                    469     _PTRC_LOOP_END:
 2519                             470             SUB_END
 2520                                 M   ;;;;;;; ADD     #4,R15                  ;[不要?]
 2521 000001AC 4F26                   M           LDS.L   @R15+,PR                ;[必要]
 2522                             471             M_RTS
 2523 000001AE 000B                   M           RTS                             ;RTSの後ろの
 2524 000001B0 0009                   M           NOP                             ;@R15+,PRはﾀﾞﾒ
 2525                             472     
 2526                             473     
 2527                             474     
 2528 000001B2                    475             .SECTION        Pstart1,CODE                    ;
 2529                             476     ;******************************************
 2530                             477     ;***                                    ***
 2531                             478     ;***    Ｐcall -> ＰcallＲＡＭ          ***
 2532                             479     ;***                                    ***
 2533                             480     ;******************************************
 2534                             481             .IMPORT         __Pcall_BGN
 2535                             482             .IMPORT         __PcallRAM_BGN
 2536                             483             .IMPORT         __Pcall_END
 2537 000001B2                    484     _PC_TO_PCRAM_COPY:
 2538                             485             SUB_START
 2539 000001B2 4F22                   M           STS.L   PR,@-R15                ;[必要]
 2540                                 M   ;;;;;;; ADD     #-4,R15                 ;[不要?]
 2541                             486     
 2542 000001B4 D00C               487             MOV.L   #__Pcall_BGN,R0
 2543 000001B6 6502               488             MOV.L   @R0,R5                          ;DATA SORCE
 2544 000001B8 D00C               489             MOV.L   #__PcallRAM_BGN,R0
 2545 000001BA 6602               490             MOV.L   @R0,R6                          ;DATA DIST
 2546 000001BC D00C               491             MOV.L   #__Pcall_END,R0
 2547 000001BE 6402               492             MOV.L   @R0,R4                          ;
 2548 000001C0 3458               493             SUB     R5,R4                           ;
 2549 000001C2 4401               494             SHLR    R4                              ;
 2550                             495     
 2551 000001C4                    496     _PCTRC_LOOP:
 2552 000001C4 4415               497             CMP/PL  R4
 2553 000001C6 8B17               498             BF      _PCTRC_LOOP_END                 ;ZERO or MINS THEN EXIT
 2554                             499     
 2555 000001C8 6055               500             MOV.W   @R5+,R0         ;
 2556 000001CA 2601               501             MOV.W   R0,@R6          ;
 2557 000001CC 7602               502             ADD     #2,R6           ;
 2558 000001CE 74FF               503             ADD     #H'FF,R4        ;
 2559                             504             _WDT_CLR_CP1
 2560 000001D0 DA08                   M           MOV.L   #_PDTRB,R10
 2561 000001D2 6BA1                   M           MOV.W   @R10,R11
 2562                                 M   ;;;;2010-09-21ﾊﾞｸﾞ      MOV.W   #NBIT0,R12      ; PORT18
*** SuperH RISC engine ASSEMBLER V.7.01.02.000 ***    12/13/20 18:21:13                                                  PAGE    13
PROGRAM NAME =

 2563 000001D4 9C06                   M           MOV.W   #NBIT2,R12      ; PORT18
 2564 000001D6 2BC9                   M           AND     R12,R11
 2565 000001D8 2AB1                   M           MOV.W   R11,@R10
 2566                                 M   ;;;;2010-09-21ﾊﾞｸﾞ      MOV.W   #BIT0,R12
 2567 000001DA 9C04                   M           MOV.W   #BIT2,R12
 2568 000001DC 2BCB                   M           OR      R12,R11
 2569 000001DE 2AB1                   M           MOV.W   R11,@R10
 2570                             505             M_BRA   _PCTRC_LOOP     ;
 2571 000001E0 AFF0                   M           BRA     _PCTRC_LOOP
 2572 000001E2 0009                   M           NOP
 2573                             506     
 2574                                     ***** BEGIN-POOL *****
 2575 000001E4 00FB                       DATA FOR SOURCE-LINE 504
 2576 000001E6 0004                       DATA FOR SOURCE-LINE 504
 2577 000001E8 00000000                   DATA FOR SOURCE-LINE 487
 2578 000001EC 00000000                   DATA FOR SOURCE-LINE 489
 2579 000001F0 00000000                   DATA FOR SOURCE-LINE 491
 2580 000001F4 00000000                   DATA FOR SOURCE-LINE 504
 2581                                     ***** END-POOL *****
 2582 000001F8                    507     _PCTRC_LOOP_END:
 2583                             508             SUB_END
 2584                                 M   ;;;;;;; ADD     #4,R15                  ;[不要?]
 2585 000001F8 4F26                   M           LDS.L   @R15+,PR                ;[必要]
 2586                             509             M_RTS
 2587 000001FA 000B                   M           RTS                             ;RTSの後ろの
 2588 000001FC 0009                   M           NOP                             ;@R15+,PRはﾀﾞﾒ
 2589                             510     
 2590                             511     
 2591                             512     
 2592                             513     
 2593                             514     
 2594                             515             .end
  *****TOTAL ERRORS       0
  *****TOTAL WARNINGS     0
*** SuperH RISC engine ASSEMBLER V.7.01.02.000 ***    12/13/20 18:21:13                                                  PAGE    14

*** CROSS REFERENCE LIST

NAME                             SECTION  ATTR VALUE             SEQUENCE

BIT0                                      EQU  00000001    134* 2352  2443 
BIT1                                      EQU  00000002    135* 2383  2443 
BIT10                                     EQU  00000400    144*
BIT11                                     EQU  00000800    145* 2065 
BIT12                                     EQU  00001000    146*
BIT13                                     EQU  00002000    147*
BIT14                                     EQU  00004000    148*
BIT15                                     EQU  00008000    149*
BIT16                                     EQU  00010000    150*
BIT17                                     EQU  00020000    151*
BIT18                                     EQU  00040000    152*
BIT19                                     EQU  00080000    153*
BIT2                                      EQU  00000004    136* 2414  2502  2567 
BIT20                                     EQU  00100000    154*
BIT21                                     EQU  00200000    155*
BIT22                                     EQU  00400000    156*
BIT23                                     EQU  00800000    157*
BIT24                                     EQU  01000000    158*
BIT25                                     EQU  02000000    159*
BIT26                                     EQU  04000000    160*
BIT27                                     EQU  08000000    161*
BIT28                                     EQU  10000000    162*
BIT29                                     EQU  20000000    163*
BIT3                                      EQU  00000008    137* 2065 
BIT30                                     EQU  40000000    164*
BIT31                                     EQU  80000000    165*
BIT4                                      EQU  00000010    138*
BIT5                                      EQU  00000020    139* 2443 
BIT6                                      EQU  00000040    140*
BIT7                                      EQU  00000080    141*
BIT8                                      EQU  00000100    142* 2443 
BIT9                                      EQU  00000200    143*
H_BYTE                                    EQU  00000000    201*
L_BYTE                                    EQU  00000001    200*
NBIT0                                     EQU  000000FE    168*
NBIT1                                     EQU  000000FD    169*
NBIT10                                    EQU  0000FBFF    179*
NBIT11                                    EQU  0000F7FF    180*
NBIT12                                    EQU  0000EFFF    181*
NBIT13                                    EQU  0000DFFF    182*
NBIT14                                    EQU  0000BFFF    183*
NBIT15                                    EQU  00007FFF    184*
NBIT2                                     EQU  000000FB    170* 2498  2563 
NBIT3                                     EQU  000000F7    171*
NBIT4                                     EQU  000000EF    172*
NBIT5                                     EQU  000000DF    173*
NBIT6                                     EQU  000000BF    174*
NBIT7                                     EQU  0000007F    175*
NBIT8                                     EQU  0000FEFF    177*
NBIT9                                     EQU  0000FDFF    178*
Phwsetup1                        Phwsetup SCT  00000000   1942*
Pstart1                          Pstart1  SCT  00000000   2146* 2430* 2462* 2528*
XBIT0                                     EQU  00000000    187*
XBIT1                                     EQU  00000001    188*
*** SuperH RISC engine ASSEMBLER V.7.01.02.000 ***    12/13/20 18:21:13                                                  PAGE    15

*** CROSS REFERENCE LIST

NAME                             SECTION  ATTR VALUE             SEQUENCE

XBIT2                                     EQU  00000002    189*
XBIT3                                     EQU  00000003    190*
XBIT4                                     EQU  00000004    191*
XBIT5                                     EQU  00000005    192*
XBIT6                                     EQU  00000006    193*
XBIT7                                     EQU  00000007    194*
_BAMRA                                    IMPT 00000000     32 
_BAMRB                                    IMPT 00000000     35 
_BARA                                     IMPT 00000000     31 
_BARB                                     IMPT 00000000     34 
_BASE_100US                               EQU  000003F4   1777* 2215 
_BASE_200US                               EQU  000007E9   1778* 2208 
_BASRA                                    IMPT 00000000     20 
_BASRB                                    IMPT 00000000     21 
_BBRA                                     IMPT 00000000     33 
_BBRB                                     IMPT 00000000     36 
_BCR1                                     IMPT 00000000     42  1964 
_BCR2                                     IMPT 00000000     43  1970 
_BDMRB                                    IMPT 00000000     38 
_BDRB                                     IMPT 00000000     37 
_BRCR                                     IMPT 00000000     39 
_CASH_ENB                        Pstart1  EXPT 00000148   1920  2436*
_CB_BAKUP_CMD1                            EQU  00005678    233*
_CB_BAKUP_CMD2                            EQU  00001234    234*
_CB_BAK_SUM_COD1                          EQU  5AA51234    231*
_CB_BAK_SUM_COD2                          EQU  A55A4321    232*
_CB_ERR_INFO_MEM                          EQU  00000080    257*
_CB_ERR_INFO_PSIZE                        EQU  00000008    258*
_CB_STS_BUF_1BLK                          EQU  00000040    236*  238 
_CB_STS_BUF_BLKMAX                        EQU  00000008    237*  238 
_CB_STS_BUF_MAX                           EQU  00000200    238*
_CB_TRD_BEFORE                            EQU  00000060    246*
_CB_TRD_BUF_DP_MAX                        EQU  00000080    250*
_CB_TRD_BUF_MAX                           EQU  00000800    247*
_CB_TRD_DP_1CNT                           EQU  00000008    249*
_CB_TRD_DP_CH                             EQU  00000004    242*
_CB_TRD_SMP_CNT                           EQU  00000080    245*
_CCR                                      IMPT 00000000     22  2063  2441 
_CHCR0                                    IMPT 00000000     63 
_CHCR1                                    IMPT 00000000     67 
_CHCR2                                    IMPT 00000000     71 
_CHCR3                                    IMPT 00000000     75 
_DAR0                                     IMPT 00000000     61 
_DAR1                                     IMPT 00000000     65 
_DAR2                                     IMPT 00000000     69 
_DAR3                                     IMPT 00000000     73 
_DMAOR                                    IMPT 00000000     76 
_DMATCR0                                  IMPT 00000000     62 
_DMATCR1                                  IMPT 00000000     66 
_DMATCR2                                  IMPT 00000000     70 
_DMATCR3                                  IMPT 00000000     74 
_DUMMY_SUM_CODE                           EQU  5AA53CC3    224*
_EXPEVT                                   IMPT 00000000     24 
_FRQCR                                    IMPT 00000000     79  1957 
*** SuperH RISC engine ASSEMBLER V.7.01.02.000 ***    12/13/20 18:21:13                                                  PAGE    16

*** CROSS REFERENCE LIST

NAME                             SECTION  ATTR VALUE             SEQUENCE

_GPIOIC                                   IMPT 00000000     57 
_HD_AD0                                   EQU  00000080   1895*
_HD_AD1                                   EQU  00000090   1896*
_HD_AD2                                   EQU  000000A0   1897*
_HD_AD3                                   EQU  000000B0   1898*
_HD_AD4                                   EQU  000000C0   1899*
_HD_AD_OFS                                EQU  00000010   1894*
_HD_DA0                                   EQU  000000D0   1884*
_HD_DA1                                   EQU  000000E0   1885*
_HD_DA2                                   EQU  000000F0   1886*
_HD_DA_OFS                                EQU  00000010   1883*
_HWS_100                         Phwsetup      00000090   2076* 2079 
_HardwareSetup1                  Phwsetup EXPT 00000000   1914  1948*
_HardwareSetup2                  Pstart1  EXPT 00000000   1915  2152*
_ICR                                      IMPT 00000000     86  2171  2192 
_INTEVT                                   IMPT 00000000     25 
_INT_EI                          Pstart1  EXPT 000000B8   1918  2305*
_IO1A_P4EX                                EQU  00000000   1839*
_IO1A_P5EX                                EQU  0000007B   1840*
_IO1A_P6EX                                EQU  00000000   1841*
_IO1A_P7EX                                EQU  00000000   1842*
_IO1B_P4EX                                EQU  000000FF   1849*
_IO1B_P5EX                                EQU  0000007B   1850*
_IO1B_P6EX                                EQU  00000000   1851*
_IO1B_P7EX                                EQU  00000000   1852*
_IO2A_P5EX                                EQU  0000002F   1844*
_IO2A_P6EX                                EQU  0000009C   1845*
_IO2A_P7EX                                EQU  00000000   1846*
_IO2B_P5EX                                EQU  0000002F   1854*
_IO2B_P6EX                                EQU  0000009C   1855*
_IO2B_P7EX                                EQU  00000000   1856*
_IOGA_P0                                  EQU  00000000   1797*
_IOGA_P1                                  EQU  00000002   1798*
_IOGA_P2                                  EQU  00000004   1799*
_IOGA_P3                                  EQU  00000006   1800*
_IOGA_P4                                  EQU  00000008   1801*
_IOGA_P5                                  EQU  0000000A   1802*
_IOGA_P6                                  EQU  0000000C   1803*
_IOGA_P7                                  EQU  0000000E   1804*
_IOGA_PDIR0                               EQU  00000002   1823*
_IOGA_PDIR1                               EQU  00000006   1824*
_IOGA_PDIR2                               EQU  0000000A   1825*
_IOGA_PDIR3                               EQU  0000000E   1826*
_IOGA_PDIR4                               EQU  00000012   1827*
_IOGA_PDIR5                               EQU  00000016   1828*
_IOGA_PDIR6                               EQU  0000001A   1829*
_IOGA_PDIR7                               EQU  0000001C   1830*
_IOGA_PDR0                                EQU  00000000   1813*
_IOGA_PDR1                                EQU  00000004   1814*
_IOGA_PDR2                                EQU  00000008   1815*
_IOGA_PDR3                                EQU  0000000C   1816*
_IOGA_PDR4                                EQU  00000010   1817*
_IOGA_PDR5                                EQU  00000014   1818*
_IOGA_PDR6                                EQU  00000018   1819*
*** SuperH RISC engine ASSEMBLER V.7.01.02.000 ***    12/13/20 18:21:13                                                  PAGE    17

*** CROSS REFERENCE LIST

NAME                             SECTION  ATTR VALUE             SEQUENCE

_IOGA_PDR7                                EQU  0000001C   1820*
_IOGAi_PA                                 EQU  00000000   1788*
_IOGAi_PB                                 EQU  00000002   1789*
_IOGAi_PC                                 EQU  00000004   1790*
_IOGAi_PD                                 EQU  00000006   1791*
_IOGAi_PE                                 EQU  00000008   1792*
_IOGAo_PF                                 EQU  0000000A   1793*
_IOGAo_PG                                 EQU  0000000C   1794*
_IOGAo_PH                                 EQU  0000000E   1795*
_IPRA                                     IMPT 00000000     87  2174 
_IPRB                                     IMPT 00000000     88  2178 
_IPRC                                     IMPT 00000000     89  2182 
_IPRD                                     IMPT 00000000     90  2186 
_MCR                                      IMPT 00000000     47  2017  2081 
_MMUCR                                    IMPT 00000000     19 
_PCR                                      IMPT 00000000     48  2022 
_PCTRA                                    IMPT 00000000     53  2050 
_PCTRB                                    IMPT 00000000     55  2059 
_PCTRC_LOOP                      Pstart1       000001C4   2551* 2571 
_PCTRC_LOOP_END                  Pstart1       000001F8   2553  2582*
_PC_TO_PCRAM_COPY                Pstart1  EXPT 000001B2   1923  2537*
_PDTRA                                    IMPT 00000000     54  2047 
_PDTRB                                    IMPT 00000000     56  2055  2495  2560 
_PLSiCH1                                  EQU  00000000   1865*
_PLSiCH2                                  EQU  00000030   1866*
_PL_BitComdH                              EQU  00000002   1869*
_PL_BitComdL                              EQU  00000000   1868*
_PL_BitInfoH                              EQU  00000006   1871*
_PL_BitInfoL                              EQU  00000004   1870*
_PL_CtrlReg                               EQU  0000002A   1875*
_PL_NowPos1H                              EQU  00000026   1873*
_PL_NowPos1L                              EQU  00000024   1872*
_PL_NowPos2                               EQU  00000028   1874*
_PTEA                                     IMPT 00000000     26 
_PTEH                                     IMPT 00000000     15 
_PTEL                                     IMPT 00000000     16 
_PTRC_LOOP                       Pstart1       00000176   2486* 2506 
_PTRC_LOOP_END                   Pstart1       000001AC   2488  2518*
_P_TO_PRAM_COPY                  Pstart1  EXPT 00000164   1922  2472*
_QACR0                                    IMPT 00000000     27 
_QACR1                                    IMPT 00000000     28 
_RFCR                                     IMPT 00000000     52  2037  2074 
_RTCNT                                    IMPT 00000000     50  2031 
_RTCOR                                    IMPT 00000000     51  2034 
_RTCSR                                    IMPT 00000000     49  2040  2090 
_SAR0                                     IMPT 00000000     60 
_SAR1                                     IMPT 00000000     64 
_SAR2                                     IMPT 00000000     68 
_SAR3                                     IMPT 00000000     72 
_SCBRR1                                   IMPT 00000000    108 
_SCBRR2                                   IMPT 00000000    118 
_SCFCR2                                   IMPT 00000000    123 
_SCFDR2                                   IMPT 00000000    124 
_SCFRDR2                                  IMPT 00000000    122 
*** SuperH RISC engine ASSEMBLER V.7.01.02.000 ***    12/13/20 18:21:13                                                  PAGE    18

*** CROSS REFERENCE LIST

NAME                             SECTION  ATTR VALUE             SEQUENCE

_SCFSR2                                   IMPT 00000000    121 
_SCFTDR2                                  IMPT 00000000    120 
_SCLSR2                                   IMPT 00000000    126 
_SCRDR1                                   IMPT 00000000    112 
_SCSCMR1                                  IMPT 00000000    113 
_SCSCR1                                   IMPT 00000000    109 
_SCSCR2                                   IMPT 00000000    119 
_SCSMR1                                   IMPT 00000000    107 
_SCSMR2                                   IMPT 00000000    117 
_SCSPTR1                                  IMPT 00000000    114 
_SCSPTR2                                  IMPT 00000000    125 
_SCSSR1                                   IMPT 00000000    111 
_SCTDR1                                   IMPT 00000000    110 
_SDMR1                                    EQU  FF94004C   1910*
_SDMR2                                    EQU  FF94008C   1911* 2027  2086 
_SDMR3                                    EQU  FF9400CC   1912*
_START_ACK_COD                            EQU  00004321    332*
_START_REQ_COD                            EQU  00009876    331*
_STBCR                                    IMPT 00000000     80 
_STBCR2                                   IMPT 00000000     83 
_TCNT0                                    IMPT 00000000     96  2211 
_TCNT1                                    IMPT 00000000     99  2218 
_TCNT2                                    IMPT 00000000    102  2238 
_TCOR0                                    IMPT 00000000     95  2204 
_TCOR1                                    IMPT 00000000     98  2214 
_TCOR2                                    IMPT 00000000    101  2221 
_TCPR2                                    IMPT 00000000    104 
_TCR0                                     IMPT 00000000     97  2310  2347 
_TCR1                                     IMPT 00000000    100  2311  2378 
_TCR2                                     IMPT 00000000    103  2312  2409 
_TEA                                      IMPT 00000000     18 
_TIME_HINT_EI                    Pstart1  EXPT 00000108   1917  2246  2373*
_TIME_LINT_EI                    Pstart1  EXPT 00000128   1916  2250  2404*
_TIME_MINT_EI                    Pstart1       000000E8   2242  2342*
_TINT_3R3MS                               EQU  000083D6   1781*
_TOCR                                     IMPT 00000000     93  2199 
_TRA                                      IMPT 00000000     23 
_TSTR                                     IMPT 00000000     94  2317  2350  2381  2412 
_TTB                                      IMPT 00000000     17 
_VUPCHECK_EQU                             EQU  11AB3739    217*
_WCR1                                     IMPT 00000000     44  1978 
_WCR2                                     IMPT 00000000     45  1982 
_WCR3                                     IMPT 00000000     46  1995 
_WTCNT                                    IMPT 00000000     81 
_WTCSR                                    IMPT 00000000     82  1953 
__PRAM_BGN                                IMPT 00000000   2470  2479 
__P_BGN                                   IMPT 00000000   2469  2477 
__P_END                                   IMPT 00000000   2471  2481 
__PcallRAM_BGN                            IMPT 00000000   2535  2544 
__Pcall_BGN                               IMPT 00000000   2534  2542 
__Pcall_END                               IMPT 00000000   2536  2546 
*** SuperH RISC engine ASSEMBLER V.7.01.02.000 ***    12/13/20 18:21:13                                                  PAGE    19

*** SECTION DATA LIST

SECTION                          ATTRIBUTE    SIZE             START

Phwsetup1                        REL-CODE    000000134        
Pstart1                          REL-CODE    0000001FE        
