*** SuperH RISC engine ASSEMBLER V.7.01.02.000 ***    07/04/21 19:29:14                                                  PAGE     1
PROGRAM NAME =

    1                               1     ;****************************************************************************************
    2                               2     ;* File Name    : ssa_IntProc.src
    3                               3     ;* Function     : シーケンス 割込み処理
    4                               4     ;* Author       : Designed by T.Akiba, Coded by T.Akiba
    5                               5     ;* Date         : 2009-11-20 Akiba
    6                               6     ;* Update       : 2010-08-11 Y.Kobayashi(コード整理)
    7                               7     ;****************************************************************************************
    8                               8     
    9                               9     ;********************************************************************
   10                              10     ;* INCLUDE
   11                              11     ;********************************************************************
 2285                              19     
 2286 00000000                     20             .SECTION        P,CODE
 2287                              21     
 2288                              22     ;********************************************************************
 2289                              23     ;* PUBLIC 宣言 PROGRAM
 2290                              24     ;********************************************************************
 2291                              25             .IMPORT         _SEQ_RUN_MAIN1
 2292                              26             .IMPORT         _SeqRunFlg
 2293                              27             .EXPORT         _SEQ_INT_TIM10MS
 2294                              28     
 2295                              29     
 2296                              30     ;********************************************************************
 2297                              31     ;* FUNCTION     : 10msタイマ割込み
 2298                              32     ;* DATE         : 09/11/20 Akiba
 2299                              33     ;* UPDATE       :
 2300                              34     ;********************************************************************
 2301 00000000                     35     _SEQ_INT_TIM10MS:
 2302                              36             SUB_START
 2303 00000000 4F22                   M           STS.L   PR,@-R15                ;[必要]
 2304                                 M   ;;;;;;; ADD     #-4,R15                 ;[不要?]
 2305                              37     
 2306                              38             FAR_JSR #_SEQ_TIM_10MS,R0
 2307 00000002 D005                   M           MOV.L   #_SEQ_TIM_10MS,R0               ;ﾃｰﾌﾞﾙｱﾄﾞﾚｽの内容をREGへ
 2308 00000004 400B                   M           JSR     @R0                     ;
 2309 00000006 0009                   M           NOP                                     ;
 2310                              39     
 2311                              40     ;;      10ms割込みが10回で100msﾀｲﾏ起動に変更 ADD 100114 AKIBA
 2312                              41     ;;      FAR_JSR #_SEQ_TIM_100MS,R0              ;
 2313 00000008 D104                42             MOV.L   #_SEQ_TIM_WK100M,R1             ;
 2314 0000000A 6011                43             MOV.W   @R1,R0                          ;
 2315 0000000C 8800                44             CMP/EQ  #0,R0                           ;
 2316 0000000E 8907                45             BT      SEQ_INT_TIM10MS_100             ; 10ms割込確認(10回で100msﾀｲﾏ起動)
 2317 00000010 70FF                46             ADD     #-1,R0                          ;
 2318 00000012 2101                47             MOV.W   R0,@R1                          ;
 2319                              48             M_BRA   SEQ_INT_TIM10MS_101             ;
 2320 00000014 A009                   M           BRA     SEQ_INT_TIM10MS_101
 2321 00000016 0009                   M           NOP
 2322                              49     
 2323                                     ***** BEGIN-POOL *****
 2324 00000018 00000000                   DATA FOR SOURCE-LINE 38
 2325 0000001C 00000000                   DATA FOR SOURCE-LINE 42
 2326                                     ***** END-POOL *****
 2327 00000020                     50     SEQ_INT_TIM10MS_100:
 2328                              51             FAR_JSR #_SEQ_TIM_100MS,R0              ; 100msﾀｲﾏ起動
 2329 00000020 D006                   M           MOV.L   #_SEQ_TIM_100MS,R0              ;ﾃｰﾌﾞﾙｱﾄﾞﾚｽの内容をREGへ
 2330 00000022 400B                   M           JSR     @R0                     ;
*** SuperH RISC engine ASSEMBLER V.7.01.02.000 ***    07/04/21 19:29:14                                                  PAGE     2
PROGRAM NAME =

 2331 00000024 0009                   M           NOP                                     ;
 2332 00000026 9008                52             MOV.W   #D'9,R0                         ;
 2333 00000028 2101                53             MOV.W   R0,@R1                          ;
 2334                              54     
 2335 0000002A                     55     SEQ_INT_TIM10MS_101:
 2336                              56     ;;      10ms割込みが100回で1000msﾀｲﾏ起動に変更 ADD 100114 AKIBA
 2337                              57     ;;      FAR_JSR #_SEQ_TIM_1000MS,R0
 2338 0000002A D105                58             MOV.L   #_SEQ_TIM_WK1000M,R1            ;
 2339 0000002C 6011                59             MOV.W   @R1,R0                          ;
 2340 0000002E 8800                60             CMP/EQ  #0,R0                           ;
 2341 00000030 8908                61             BT      SEQ_INT_TIM10MS_200             ; 10ms割込確認(100回で1000msﾀｲﾏ起動)
 2342 00000032 70FF                62             ADD     #-1,R0                          ;
 2343 00000034 2101                63             MOV.W   R0,@R1                          ;
 2344                              64             M_BRA   SEQ_INT_TIM10MS_201             ;
 2345 00000036 A00A                   M           BRA     SEQ_INT_TIM10MS_201
 2346 00000038 0009                   M           NOP
 2347                              65     
 2348                                     ***** BEGIN-POOL *****
 2349 0000003A 0009                       DATA FOR SOURCE-LINE 52
 2350 0000003C 00000000                   DATA FOR SOURCE-LINE 51
 2351 00000040 00000000                   DATA FOR SOURCE-LINE 58
 2352                                     ***** END-POOL *****
 2353 00000044                     66     SEQ_INT_TIM10MS_200:
 2354                              67             FAR_JSR #_SEQ_TIM_1000MS,R0             ; 1000msﾀｲﾏ起動
 2355 00000044 D00B                   M           MOV.L   #_SEQ_TIM_1000MS,R0             ;ﾃｰﾌﾞﾙｱﾄﾞﾚｽの内容をREGへ
 2356 00000046 400B                   M           JSR     @R0                     ;
 2357 00000048 0009                   M           NOP                                     ;
 2358 0000004A 9011                68             MOV.W   #D'99,R0                        ;
 2359 0000004C 2101                69             MOV.W   R0,@R1                          ;
 2360                              70     
 2361 0000004E                     71     SEQ_INT_TIM10MS_201:
 2362                              72             FAR_JSR #_SEQ_TIM1S_LD,R0               ; ﾗﾀﾞｰﾂｰﾙ 受信ﾀｲﾑｱｳﾄﾀｲﾏ add 091215 akiba
 2363 0000004E D00A                   M           MOV.L   #_SEQ_TIM1S_LD,R0               ;ﾃｰﾌﾞﾙｱﾄﾞﾚｽの内容をREGへ
 2364 00000050 400B                   M           JSR     @R0                     ;
 2365 00000052 0009                   M           NOP                                     ;
 2366                              73     
 2367                              74     ;;----- ｼｰｹﾝｽﾒｲﾝﾙｰﾁﾝ1実行 Add 100106 AKIBA -----
 2368 00000054 D109                75             MOV.L   #_SeqRunFlg,R1                  ; 運転ﾌﾗｸﾞ確認
 2369 00000056 6011                76             MOV.W   @R1,R0
 2370 00000058 8800                77             CMP/EQ  #0,R0
 2371 0000005A 8906                78             BT      SEQ_INT_TIM10MS_300
 2372 0000005C D108                79             MOV.L   #_SEQ_CMP_START,R1              ; ｺﾝﾊﾟｲﾙ中ﾌﾗｸﾞ確認
 2373 0000005E 6011                80             MOV.W   @R1,R0
 2374 00000060 8800                81             CMP/EQ  #0,R0
 2375 00000062 8902                82             BT      SEQ_INT_TIM10MS_300
 2376                              83             FAR_JSR #_SEQ_RUN_MAIN1,R0
 2377 00000064 D007                   M           MOV.L   #_SEQ_RUN_MAIN1,R0              ;ﾃｰﾌﾞﾙｱﾄﾞﾚｽの内容をREGへ
 2378 00000066 400B                   M           JSR     @R0                     ;
 2379 00000068 0009                   M           NOP                                     ;
 2380                              84     
 2381 0000006A                     85     SEQ_INT_TIM10MS_300:
 2382                              86             SUB_END
 2383                                 M   ;;;;;;; ADD     #4,R15                  ;[不要?]
 2384 0000006A 4F26                   M           LDS.L   @R15+,PR                ;[必要]
 2385                              87             M_RTS
 2386 0000006C 000B                   M           RTS                             ;RTSの後ろの
 2387 0000006E 0009                   M           NOP                             ;@R15+,PRはﾀﾞﾒ
*** SuperH RISC engine ASSEMBLER V.7.01.02.000 ***    07/04/21 19:29:14                                                  PAGE     3
PROGRAM NAME =

 2388                              88     
 2389                              89     ;********************************************************************
 2390                              90     ;* FUNCTION     : 1msタイマ割込み
 2391                              91     ;* DATE         : 09/11/20 Akiba
 2392                              92     ;* UPDATE       :
 2393                              93     ;********************************************************************
 2394                              94             .IMPORT         _SEQ_RUN_MAIN3
 2395                              95             .EXPORT         _SEQ_INT_TIM1MS
 2396                              96     
 2397                                     ***** BEGIN-POOL *****
 2398 00000070 0063                       DATA FOR SOURCE-LINE 68
 2399 00000072 0000                       ALIGNMENT CODE
 2400 00000074 00000000                   DATA FOR SOURCE-LINE 67
 2401 00000078 00000000                   DATA FOR SOURCE-LINE 72
 2402 0000007C 00000000                   DATA FOR SOURCE-LINE 75
 2403 00000080 00000000                   DATA FOR SOURCE-LINE 79
 2404 00000084 00000000                   DATA FOR SOURCE-LINE 83
 2405                                     ***** END-POOL *****
 2406 00000088                     97     _SEQ_INT_TIM1MS:
 2407                              98             SUB_START
 2408 00000088 4F22                   M           STS.L   PR,@-R15                ;[必要]
 2409                                 M   ;;;;;;; ADD     #-4,R15                 ;[不要?]
 2410                              99     
 2411                             100             FAR_JSR #_SEQ_TIM_1MS,R0
 2412 0000008A D008                   M           MOV.L   #_SEQ_TIM_1MS,R0                ;ﾃｰﾌﾞﾙｱﾄﾞﾚｽの内容をREGへ
 2413 0000008C 400B                   M           JSR     @R0                     ;
 2414 0000008E 0009                   M           NOP                                     ;
 2415                             101     
 2416                             102     ;;----- ｼｰｹﾝｽﾒｲﾝﾙｰﾁﾝ3実行 Add 100106 AKIBA -----
 2417 00000090 D107               103             MOV.L   #_SeqRunFlg,R1                  ; 運転ﾌﾗｸﾞ確認
 2418 00000092 6011               104             MOV.W   @R1,R0
 2419 00000094 8800               105             CMP/EQ  #0,R0
 2420 00000096 8906               106             BT      SEQ_INT_TIM1MS_100
 2421 00000098 D106               107             MOV.L   #_SEQ_CMP_START,R1              ; ｺﾝﾊﾟｲﾙ中ﾌﾗｸﾞ確認
 2422 0000009A 6011               108             MOV.W   @R1,R0
 2423 0000009C 8800               109             CMP/EQ  #0,R0
 2424 0000009E 8902               110             BT      SEQ_INT_TIM1MS_100
 2425                             111             FAR_JSR #_SEQ_RUN_MAIN3,R0
 2426 000000A0 D005                   M           MOV.L   #_SEQ_RUN_MAIN3,R0              ;ﾃｰﾌﾞﾙｱﾄﾞﾚｽの内容をREGへ
 2427 000000A2 400B                   M           JSR     @R0                     ;
 2428 000000A4 0009                   M           NOP                                     ;
 2429                             112     
 2430 000000A6                    113     SEQ_INT_TIM1MS_100:
 2431                             114             SUB_END
 2432                                 M   ;;;;;;; ADD     #4,R15                  ;[不要?]
 2433 000000A6 4F26                   M           LDS.L   @R15+,PR                ;[必要]
 2434                             115             M_RTS
 2435 000000A8 000B                   M           RTS                             ;RTSの後ろの
 2436 000000AA 0009                   M           NOP                             ;@R15+,PRはﾀﾞﾒ
 2437                             116     
 2438                             117     ;********************************************************************
 2439                             118     ;* FUNCTION     : タイマカウント マクロ
 2440                             119     ;* DATE         : 09/11/20 Akiba
 2441                             120     ;* UPDATE       :
 2442                             121     ;********************************************************************
 2443                             122             .MACRO  SEQ_TIM_CNT1 ADR_REG,LATE
 2444                             123     
*** SuperH RISC engine ASSEMBLER V.7.01.02.000 ***    07/04/21 19:29:14                                                  PAGE     4
PROGRAM NAME =

 2445                             124             MOV.L   @(__TMCT_FLG,\ADR_REG),R0       ;
 2446                             125             AND     #(BIT2+BIT1+BIT0),R0            ;
 2447                             126             CMP/EQ  #(BIT1+BIT0),R0                 ;
 2448                             127             BF      JMP01\@                         ;
 2449                             128             MOV.L   @(__TMCT_PV,\ADR_REG),R0        ;
 2450                             129             ADD     #\LATE,R0
 2451                             130             MOV.L   R0,@(__TMCT_PV,\ADR_REG)        ;
 2452                             131     
 2453                             132     JMP01\@:
 2454                             133             ADD     #__TMCT_ST_CNT,\ADR_REG ;
 2455                             134     
 2456                             135             .ENDM
 2457                             136     
 2458                             137     ;********************************************************************
 2459                             138     ;* FUNCTION     : 1msタイマ処理
 2460                             139     ;* DATE         : 09/11/20 Akiba
 2461                             140     ;* UPDATE       :
 2462                             141     ;********************************************************************
 2463                                     ***** BEGIN-POOL *****
 2464 000000AC 00000000                   DATA FOR SOURCE-LINE 100
 2465 000000B0 00000000                   DATA FOR SOURCE-LINE 103
 2466 000000B4 00000000                   DATA FOR SOURCE-LINE 107
 2467 000000B8 00000000                   DATA FOR SOURCE-LINE 111
 2468                                     ***** END-POOL *****
 2469 000000BC                    142     _SEQ_TIM_1MS
 2470                             143             SUB_START
 2471 000000BC 4F22                   M           STS.L   PR,@-R15                ;[必要]
 2472                                 M   ;;;;;;; ADD     #-4,R15                 ;[不要?]
 2473                             144     
 2474                             145     ;       ---------------- 1msecﾀｲﾏｶｳﾝﾄ-----------
 2475 000000BE DA08               146             MOV.L   #_SEQ_TMR_DATA+(_T_0001MS_TOP*__TMCT_ST_CNT),R10        ;416~
 2476 000000C0 930C               147             MOV.W   #_T_0001MS_CNT,R3
 2477                             148     
 2478 000000C2                    149     SEQ_TIM1MS_100
 2479 000000C2 2338               150             TST     R3,R3                                   ;
 2480                             151             TST_BIT_OF SEQ_TIM1MS_200
 2481 000000C4 890E                   M           BT      SEQ_TIM1MS_200
 2482                             152     
 2483                             153             SEQ_TIM_CNT1 ADR_REG=R10,LATE=1                 ;
 2484                                 M   
 2485 000000C6 50A2                   M           MOV.L   @(__TMCT_FLG,R10),R0    ;
 2486 000000C8 C907                   M           AND     #(BIT2+BIT1+BIT0),R0            ;
 2487 000000CA 8803                   M           CMP/EQ  #(BIT1+BIT0),R0                 ;
 2488 000000CC 8B02                   M           BF      JMP0100000                              ;
 2489 000000CE 50A0                   M           MOV.L   @(__TMCT_PV,R10),R0     ;
 2490 000000D0 7001                   M           ADD     #1,R0
 2491 000000D2 1A00                   M           MOV.L   R0,@(__TMCT_PV,R10)     ;
 2492                                 M   
 2493 000000D4                        M   JMP0100000:
 2494 000000D4 7A0C                   M           ADD     #__TMCT_ST_CNT,R10      ;
 2495                                 M   
 2496 000000D6 73FF               154             ADD     #-1,R3
 2497                             155             M_BRA   SEQ_TIM1MS_100
 2498 000000D8 AFF3                   M           BRA     SEQ_TIM1MS_100
 2499 000000DA 0009                   M           NOP
 2500                             156     
 2501                                     ***** BEGIN-POOL *****
*** SuperH RISC engine ASSEMBLER V.7.01.02.000 ***    07/04/21 19:29:14                                                  PAGE     5
PROGRAM NAME =

 2502 000000DC 0040                       DATA FOR SOURCE-LINE 147
 2503 000000DE 0000                       ALIGNMENT CODE
 2504 000000E0 00000000                   DATA FOR SOURCE-LINE 146
 2505                                     ***** END-POOL *****
 2506 000000E4                    157     SEQ_TIM1MS_200
 2507                             158     
 2508                             159             SUB_END
 2509                                 M   ;;;;;;; ADD     #4,R15                  ;[不要?]
 2510 000000E4 4F26                   M           LDS.L   @R15+,PR                ;[必要]
 2511                             160             M_RTS
 2512 000000E6 000B                   M           RTS                             ;RTSの後ろの
 2513 000000E8 0009                   M           NOP                             ;@R15+,PRはﾀﾞﾒ
 2514                             161     
 2515                             162     ;********************************************************************
 2516                             163     ;* FUNCTION     : 10msタイマ処理
 2517                             164     ;* DATE         : 09/11/20 Akiba
 2518                             165     ;* UPDATE       :
 2519                             166     ;********************************************************************
 2520 000000EA                    167     _SEQ_TIM_10MS
 2521                             168             SUB_START
 2522 000000EA 4F22                   M           STS.L   PR,@-R15                ;[必要]
 2523                                 M   ;;;;;;; ADD     #-4,R15                 ;[不要?]
 2524                             169     
 2525                             170     ;       ---------------- 10msecﾀｲﾏｶｳﾝﾄ-----------
 2526 000000EC DA07               171             MOV.L   #_SEQ_TMR_DATA+_T_0010MS_TOP*__TMCT_ST_CNT,R10          ;416~
 2527 000000EE 930C               172             MOV.W   #_T_0010MS_CNT,R3
 2528                             173     
 2529 000000F0                    174     SEQ_TIM10MS_100
 2530 000000F0 2338               175             TST     R3,R3                                   ;
 2531                             176             TST_BIT_OF SEQ_TIM10MS_200
 2532 000000F2 890D                   M           BT      SEQ_TIM10MS_200
 2533                             177     
 2534                             178             SEQ_TIM_CNT1 ADR_REG=R10,LATE=1                 ;
 2535                                 M   
 2536 000000F4 50A2                   M           MOV.L   @(__TMCT_FLG,R10),R0    ;
 2537 000000F6 C907                   M           AND     #(BIT2+BIT1+BIT0),R0            ;
 2538 000000F8 8803                   M           CMP/EQ  #(BIT1+BIT0),R0                 ;
 2539 000000FA 8B02                   M           BF      JMP0100001                              ;
 2540 000000FC 50A0                   M           MOV.L   @(__TMCT_PV,R10),R0     ;
 2541 000000FE 7001                   M           ADD     #1,R0
 2542 00000100 1A00                   M           MOV.L   R0,@(__TMCT_PV,R10)     ;
 2543                                 M   
 2544 00000102                        M   JMP0100001:
 2545 00000102 7A0C                   M           ADD     #__TMCT_ST_CNT,R10      ;
 2546                                 M   
 2547 00000104 73FF               179             ADD     #-1,R3
 2548                             180             M_BRA   SEQ_TIM10MS_100
 2549 00000106 AFF3                   M           BRA     SEQ_TIM10MS_100
 2550 00000108 0009                   M           NOP
 2551                             181     
 2552                                     ***** BEGIN-POOL *****
 2553 0000010A 0100                       DATA FOR SOURCE-LINE 172
 2554 0000010C 00000000                   DATA FOR SOURCE-LINE 171
 2555                                     ***** END-POOL *****
 2556 00000110                    182     SEQ_TIM10MS_200
 2557                             183     
 2558                             184     ;       ---------------- 100msecﾀｲﾏｶｳﾝﾄ-----------
*** SuperH RISC engine ASSEMBLER V.7.01.02.000 ***    07/04/21 19:29:14                                                  PAGE     6
PROGRAM NAME =

 2559 00000110 DA07               185             MOV.L   #_SEQ_TMR_DATA+_T_0100MS_TOP*__TMCT_ST_CNT,R10          ;416~
 2560 00000112 930C               186             MOV.W   #_T_0100MS_CNT,R3
 2561                             187     
 2562 00000114                    188     SEQ_TIM10MS_300
 2563 00000114 2338               189             TST     R3,R3                                   ;
 2564                             190             TST_BIT_OF SEQ_TIM10MS_400
 2565 00000116 890D                   M           BT      SEQ_TIM10MS_400
 2566                             191     
 2567                             192             SEQ_TIM_CNT1 ADR_REG=R10,LATE=1                 ;
 2568                                 M   
 2569 00000118 50A2                   M           MOV.L   @(__TMCT_FLG,R10),R0    ;
 2570 0000011A C907                   M           AND     #(BIT2+BIT1+BIT0),R0            ;
 2571 0000011C 8803                   M           CMP/EQ  #(BIT1+BIT0),R0                 ;
 2572 0000011E 8B02                   M           BF      JMP0100002                              ;
 2573 00000120 50A0                   M           MOV.L   @(__TMCT_PV,R10),R0     ;
 2574 00000122 7001                   M           ADD     #1,R0
 2575 00000124 1A00                   M           MOV.L   R0,@(__TMCT_PV,R10)     ;
 2576                                 M   
 2577 00000126                        M   JMP0100002:
 2578 00000126 7A0C                   M           ADD     #__TMCT_ST_CNT,R10      ;
 2579                                 M   
 2580 00000128 73FF               193             ADD     #-1,R3
 2581                             194             M_BRA   SEQ_TIM10MS_300
 2582 0000012A AFF3                   M           BRA     SEQ_TIM10MS_300
 2583 0000012C 0009                   M           NOP
 2584                             195     
 2585                                     ***** BEGIN-POOL *****
 2586 0000012E 0080                       DATA FOR SOURCE-LINE 186
 2587 00000130 00000000                   DATA FOR SOURCE-LINE 185
 2588                                     ***** END-POOL *****
 2589 00000134                    196     SEQ_TIM10MS_400
 2590                             197     
 2591                             198             SUB_END
 2592                                 M   ;;;;;;; ADD     #4,R15                  ;[不要?]
 2593 00000134 4F26                   M           LDS.L   @R15+,PR                ;[必要]
 2594                             199             M_RTS
 2595 00000136 000B                   M           RTS                             ;RTSの後ろの
 2596 00000138 0009                   M           NOP                             ;@R15+,PRはﾀﾞﾒ
 2597                             200     
 2598                             201     ;********************************************************************
 2599                             202     ;* FUNCTION     : 100msタイマ処理
 2600                             203     ;* DATE         : 09/11/20 Akiba
 2601                             204     ;* UPDATE       :
 2602                             205     ;********************************************************************
 2603 0000013A                    206     _SEQ_TIM_100MS
 2604                             207             SUB_START
 2605 0000013A 4F22                   M           STS.L   PR,@-R15                ;[必要]
 2606                                 M   ;;;;;;; ADD     #-4,R15                 ;[不要?]
 2607                             208     
 2608                             209     ;       ---------------- 1000msecﾀｲﾏｶｳﾝﾄ-----------
 2609 0000013C DA07               210             MOV.L   #_SEQ_TMR_DATA+_T_1000MS_TOP*__TMCT_ST_CNT,R10          ;416~
 2610 0000013E 930C               211             MOV.W   #_T_1000MS_CNT,R3
 2611                             212     
 2612 00000140                    213     SEQ_TIM100MS_100
 2613 00000140 2338               214             TST     R3,R3                                   ;
 2614                             215             TST_BIT_OF SEQ_TIM100MS_200
 2615 00000142 890D                   M           BT      SEQ_TIM100MS_200
*** SuperH RISC engine ASSEMBLER V.7.01.02.000 ***    07/04/21 19:29:14                                                  PAGE     7
PROGRAM NAME =

 2616                             216     
 2617                             217             SEQ_TIM_CNT1 ADR_REG=R10,LATE=1                 ;
 2618                                 M   
 2619 00000144 50A2                   M           MOV.L   @(__TMCT_FLG,R10),R0    ;
 2620 00000146 C907                   M           AND     #(BIT2+BIT1+BIT0),R0            ;
 2621 00000148 8803                   M           CMP/EQ  #(BIT1+BIT0),R0                 ;
 2622 0000014A 8B02                   M           BF      JMP0100003                              ;
 2623 0000014C 50A0                   M           MOV.L   @(__TMCT_PV,R10),R0     ;
 2624 0000014E 7001                   M           ADD     #1,R0
 2625 00000150 1A00                   M           MOV.L   R0,@(__TMCT_PV,R10)     ;
 2626                                 M   
 2627 00000152                        M   JMP0100003:
 2628 00000152 7A0C                   M           ADD     #__TMCT_ST_CNT,R10      ;
 2629                                 M   
 2630 00000154 73FF               218             ADD     #-1,R3
 2631                             219             M_BRA   SEQ_TIM100MS_100
 2632 00000156 AFF3                   M           BRA     SEQ_TIM100MS_100
 2633 00000158 0009                   M           NOP
 2634                             220     
 2635                                     ***** BEGIN-POOL *****
 2636 0000015A 0020                       DATA FOR SOURCE-LINE 211
 2637 0000015C 00000000                   DATA FOR SOURCE-LINE 210
 2638                                     ***** END-POOL *****
 2639 00000160                    221     SEQ_TIM100MS_200
 2640                             222     
 2641                             223             SUB_END
 2642                                 M   ;;;;;;; ADD     #4,R15                  ;[不要?]
 2643 00000160 4F26                   M           LDS.L   @R15+,PR                ;[必要]
 2644                             224             M_RTS
 2645 00000162 000B                   M           RTS                             ;RTSの後ろの
 2646 00000164 0009                   M           NOP                             ;@R15+,PRはﾀﾞﾒ
 2647                             225     
 2648                             226     ;********************************************************************
 2649                             227     ;* FUNCTION     : 1000msタイマ処理
 2650                             228     ;* DATE         : 09/11/20 Akiba
 2651                             229     ;* UPDATE       :
 2652                             230     ;********************************************************************
 2653 00000166                    231     _SEQ_TIM_1000MS
 2654                             232             SUB_START
 2655 00000166 4F22                   M           STS.L   PR,@-R15                ;[必要]
 2656                                 M   ;;;;;;; ADD     #-4,R15                 ;[不要?]
 2657                             233     ;       ---------------- 1000msecﾀｲﾏｶｳﾝﾄ-----------
 2658 00000168 DA07               234             MOV.L   #_SEQ_TMR_DATA+_T_0001HR_TOP*__TMCT_ST_CNT,R10          ;416~
 2659 0000016A 930C               235             MOV.W   #_T_0001HR_CNT,R3
 2660                             236     
 2661 0000016C                    237     SEQ_TIM1000MS_100
 2662 0000016C 2338               238             TST     R3,R3                                   ;
 2663                             239             TST_BIT_OF SEQ_TIM1000MS_200
 2664 0000016E 890D                   M           BT      SEQ_TIM1000MS_200
 2665                             240     
 2666                             241             SEQ_TIM_CNT1 ADR_REG=R10,LATE=1                 ;
 2667                                 M   
 2668 00000170 50A2                   M           MOV.L   @(__TMCT_FLG,R10),R0    ;
 2669 00000172 C907                   M           AND     #(BIT2+BIT1+BIT0),R0            ;
 2670 00000174 8803                   M           CMP/EQ  #(BIT1+BIT0),R0                 ;
 2671 00000176 8B02                   M           BF      JMP0100004                              ;
 2672 00000178 50A0                   M           MOV.L   @(__TMCT_PV,R10),R0     ;
*** SuperH RISC engine ASSEMBLER V.7.01.02.000 ***    07/04/21 19:29:14                                                  PAGE     8
PROGRAM NAME =

 2673 0000017A 7001                   M           ADD     #1,R0
 2674 0000017C 1A00                   M           MOV.L   R0,@(__TMCT_PV,R10)     ;
 2675                                 M   
 2676 0000017E                        M   JMP0100004:
 2677 0000017E 7A0C                   M           ADD     #__TMCT_ST_CNT,R10      ;
 2678                                 M   
 2679 00000180 73FF               242             ADD     #-1,R3
 2680                             243             M_BRA   SEQ_TIM1000MS_100
 2681 00000182 AFF3                   M           BRA     SEQ_TIM1000MS_100
 2682 00000184 0009                   M           NOP
 2683                             244     
 2684                                     ***** BEGIN-POOL *****
 2685 00000186 0020                       DATA FOR SOURCE-LINE 235
 2686 00000188 00000000                   DATA FOR SOURCE-LINE 234
 2687                                     ***** END-POOL *****
 2688 0000018C                    245     SEQ_TIM1000MS_200
 2689                             246     
 2690                             247             SUB_END
 2691                                 M   ;;;;;;; ADD     #4,R15                  ;[不要?]
 2692 0000018C 4F26                   M           LDS.L   @R15+,PR                ;[必要]
 2693                             248             M_RTS
 2694 0000018E 000B                   M           RTS                             ;RTSの後ろの
 2695 00000190 0009                   M           NOP                             ;@R15+,PRはﾀﾞﾒ
 2696                             249     
 2697                             250     ;********************************************************************
 2698                             251     ;* FUNCTION     : ラダーツール タイマ処理(タイムアウト)
 2699                             252     ;* DATE         : 09/11/20 Akiba
 2700                             253     ;* UPDATE       :
 2701                             254     ;********************************************************************
 2702 00000192                    255     _SEQ_TIM1S_LD
 2703                             256             SUB_START
 2704 00000192 4F22                   M           STS.L   PR,@-R15                ;[必要]
 2705                                 M   ;;;;;;; ADD     #-4,R15                 ;[不要?]
 2706                             257     
 2707 00000194 D304               258             MOV.L   #_SEQ_LD_TIMOUT,R3
 2708 00000196 6031               259             MOV.W   @R3,R0
 2709 00000198 2008               260             TST     R0,R0
 2710                             261             TST_BIT_OF SEQ_TIM1S_LD_100
 2711 0000019A 8901                   M           BT      SEQ_TIM1S_LD_100
 2712 0000019C 70FF               262             ADD     #-1,R0
 2713 0000019E 2301               263             MOV.W   R0,@R3
 2714                             264     
 2715 000001A0                    265     SEQ_TIM1S_LD_100
 2716                             266             SUB_END
 2717                                 M   ;;;;;;; ADD     #4,R15                  ;[不要?]
 2718 000001A0 4F26                   M           LDS.L   @R15+,PR                ;[必要]
 2719                             267             M_RTS
 2720 000001A2 000B                   M           RTS                             ;RTSの後ろの
 2721 000001A4 0009                   M           NOP                             ;@R15+,PRはﾀﾞﾒ
 2722                             268     
 2723                                     ***** BEGIN-POOL *****
 2724 000001A6 0000                       ALIGNMENT CODE
 2725 000001A8 00000000                   DATA FOR SOURCE-LINE 258
 2726                                     ***** END-POOL *****
 2727                             269             .END
  *****TOTAL ERRORS       0
  *****TOTAL WARNINGS     0
*** SuperH RISC engine ASSEMBLER V.7.01.02.000 ***    07/04/21 19:29:14                                                  PAGE     9

*** CROSS REFERENCE LIST

NAME                             SECTION  ATTR VALUE             SEQUENCE

ADDL_ADR                                  IMPT 00000000   1943 
ADDL_OFS                                  IMPT 00000000   1944 
ADDWI_DT_LH                               IMPT 00000000   1948 
ADDWI_DT_LL                               IMPT 00000000   1949 
ADDW_ADR                                  IMPT 00000000   1938 
ADDW_OFS                                  IMPT 00000000   1939 
ANDL_ADR                                  IMPT 00000000   1973 
ANDL_OFS                                  IMPT 00000000   1974 
ANDN_ADR                                  IMPT 00000000   1729 
ANDN_BIT                                  IMPT 00000000   1731 
ANDN_OFS                                  IMPT 00000000   1730 
ANDWI_DT_LH                               IMPT 00000000   1978 
ANDWI_DT_LL                               IMPT 00000000   1979 
ANDW_ADR                                  IMPT 00000000   1968 
ANDW_OFS                                  IMPT 00000000   1969 
AND_ADR                                   IMPT 00000000   1723 
AND_BIT                                   IMPT 00000000   1725 
AND_OFS                                   IMPT 00000000   1724 
A_REG                                     REG             2267*
BIT0                                      EQU  00000001     19* 2486  2487  2537  2538  2570  2571  2620  2621  2669  2670 
BIT1                                      EQU  00000002     20* 2486  2487  2537  2538  2570  2571  2620  2621  2669  2670 
BIT10                                     EQU  00000400     29*
BIT11                                     EQU  00000800     30*
BIT12                                     EQU  00001000     31*
BIT13                                     EQU  00002000     32*
BIT14                                     EQU  00004000     33*
BIT15                                     EQU  00008000     34*
BIT16                                     EQU  00010000     35*
BIT17                                     EQU  00020000     36*
BIT18                                     EQU  00040000     37*
BIT19                                     EQU  00080000     38*
BIT2                                      EQU  00000004     21* 2486  2537  2570  2620  2669 
BIT20                                     EQU  00100000     39*
BIT21                                     EQU  00200000     40*
BIT22                                     EQU  00400000     41*
BIT23                                     EQU  00800000     42*
BIT24                                     EQU  01000000     43*
BIT25                                     EQU  02000000     44*
BIT26                                     EQU  04000000     45*
BIT27                                     EQU  08000000     46*
BIT28                                     EQU  10000000     47*
BIT29                                     EQU  20000000     48*
BIT3                                      EQU  00000008     22*
BIT30                                     EQU  40000000     49*
BIT31                                     EQU  80000000     50*
BIT4                                      EQU  00000010     23*
BIT5                                      EQU  00000020     24*
BIT6                                      EQU  00000040     25*
BIT7                                      EQU  00000080     26*
BIT8                                      EQU  00000100     27*
BIT9                                      EQU  00000200     28*
CLR_ADR                                   IMPT 00000000   1801 
CLR_OFS                                   IMPT 00000000   1802 
CTBL_REG                                  REG             2271*
*** SuperH RISC engine ASSEMBLER V.7.01.02.000 ***    07/04/21 19:29:14                                                  PAGE    10

*** CROSS REFERENCE LIST

NAME                             SECTION  ATTR VALUE             SEQUENCE

DSETLI_DT_HH                              IMPT 00000000   2022 
DSETLI_DT_HL                              IMPT 00000000   2023 
DSETLI_DT_LH                              IMPT 00000000   2024 
DSETLI_DT_LL                              IMPT 00000000   2025 
DSETWI_DT_LH                              IMPT 00000000   1796 
DSETWI_DT_LL                              IMPT 00000000   1797 
DTBL_REG                                  REG             2272*
D_REG                                     REG             2270*
EQL_ADR                                   IMPT 00000000   1853 
EQL_OFS                                   IMPT 00000000   1854 
EQWI_DT_LH                                IMPT 00000000   1858 
EQWI_DT_LL                                IMPT 00000000   1859 
EQW_ADR                                   IMPT 00000000   1848 
EQW_OFS                                   IMPT 00000000   1849 
GEL_ADR                                   IMPT 00000000   1898 
GEL_OFS                                   IMPT 00000000   1899 
GEWI_DT_LH                                IMPT 00000000   1903 
GEWI_DT_LL                                IMPT 00000000   1904 
GEW_ADR                                   IMPT 00000000   1893 
GEW_OFS                                   IMPT 00000000   1894 
GTL_ADR                                   IMPT 00000000   1883 
GTL_OFS                                   IMPT 00000000   1884 
GTWI_DT_LH                                IMPT 00000000   1888 
GTWI_DT_LL                                IMPT 00000000   1889 
GTW_ADR                                   IMPT 00000000   1878 
GTW_OFS                                   IMPT 00000000   1879 
H_BYTE                                    EQU  00000000     86*
JMP0100000                       P             000000D4   2488  2493*
JMP0100001                       P             00000102   2539  2544*
JMP0100002                       P             00000126   2572  2577*
JMP0100003                       P             00000152   2622  2627*
JMP0100004                       P             0000017E   2671  2676*
LDL_ADR                                   IMPT 00000000   1833 
LDL_OFS                                   IMPT 00000000   1834 
LDN_ADR                                   IMPT 00000000   1717 
LDN_BIT                                   IMPT 00000000   1719 
LDN_OFS                                   IMPT 00000000   1718 
LDW_ADR                                   IMPT 00000000   1828 
LDW_OFS                                   IMPT 00000000   1829 
LD_ADR                                    IMPT 00000000   1711 
LD_BIT                                    IMPT 00000000   1713 
LD_OFS                                    IMPT 00000000   1712 
LEL_ADR                                   IMPT 00000000   1928 
LEL_OFS                                   IMPT 00000000   1929 
LEWI_DT_LH                                IMPT 00000000   1933 
LEWI_DT_LL                                IMPT 00000000   1934 
LEW_ADR                                   IMPT 00000000   1923 
LEW_OFS                                   IMPT 00000000   1924 
LTL_ADR                                   IMPT 00000000   1913 
LTL_OFS                                   IMPT 00000000   1914 
LTWI_DT_LH                                IMPT 00000000   1918 
LTWI_DT_LL                                IMPT 00000000   1919 
LTW_ADR                                   IMPT 00000000   1908 
LTW_OFS                                   IMPT 00000000   1909 
*** SuperH RISC engine ASSEMBLER V.7.01.02.000 ***    07/04/21 19:29:14                                                  PAGE    11

*** CROSS REFERENCE LIST

NAME                             SECTION  ATTR VALUE             SEQUENCE

L_BYTE                                    EQU  00000001     85*
M_REG                                     REG             2269*
NBIT0                                     EQU  000000FE     53*
NBIT1                                     EQU  000000FD     54*
NBIT10                                    EQU  0000FBFF     64*
NBIT11                                    EQU  0000F7FF     65*
NBIT12                                    EQU  0000EFFF     66*
NBIT13                                    EQU  0000DFFF     67*
NBIT14                                    EQU  0000BFFF     68*
NBIT15                                    EQU  00007FFF     69*
NBIT2                                     EQU  000000FB     55*
NBIT3                                     EQU  000000F7     56*
NBIT4                                     EQU  000000EF     57*
NBIT5                                     EQU  000000DF     58*
NBIT6                                     EQU  000000BF     59*
NBIT7                                     EQU  0000007F     60*
NBIT8                                     EQU  0000FEFF     62*
NBIT9                                     EQU  0000FDFF     63*
NEL_ADR                                   IMPT 00000000   1868 
NEL_OFS                                   IMPT 00000000   1869 
NEWI_DT_LH                                IMPT 00000000   1873 
NEWI_DT_LL                                IMPT 00000000   1874 
NEW_ADR                                   IMPT 00000000   1863 
NEW_OFS                                   IMPT 00000000   1864 
N_REG                                     REG             2268*
ORL_ADR                                   IMPT 00000000   1988 
ORL_OFS                                   IMPT 00000000   1989 
ORN_ADR                                   IMPT 00000000   1741 
ORN_BIT                                   IMPT 00000000   1743 
ORN_OFS                                   IMPT 00000000   1742 
ORWI_DT_LH                                IMPT 00000000   1993 
ORWI_DT_LL                                IMPT 00000000   1994 
ORW_ADR                                   IMPT 00000000   1983 
ORW_OFS                                   IMPT 00000000   1984 
OR_ADR                                    IMPT 00000000   1735 
OR_BIT                                    IMPT 00000000   1737 
OR_OFS                                    IMPT 00000000   1736 
P                                P        SCT  00000000   2286*
PLF_ADR                                   IMPT 00000000   1772 
PLF_BIT                                   IMPT 00000000   1774 
PLF_OFS                                   IMPT 00000000   1773 
PLS_ADR                                   IMPT 00000000   1766 
PLS_BIT                                   IMPT 00000000   1768 
PLS_OFS                                   IMPT 00000000   1767 
R0_REG                                    REG             2276*
R10_REG                                   REG             2282*
R1_REG                                    REG             2277*
R2_REG                                    REG             2278*
R3_REG                                    REG             2279*
R4_REG                                    REG             2280*
R9_REG                                    REG             2281*
RSTCD_SETBIT                              IMPT 00000000   1762 
RST_ADR                                   IMPT 00000000   1760 
RST_OFS                                   IMPT 00000000   1761 
*** SuperH RISC engine ASSEMBLER V.7.01.02.000 ***    07/04/21 19:29:14                                                  PAGE    12

*** CROSS REFERENCE LIST

NAME                             SECTION  ATTR VALUE             SEQUENCE

SEQ_INT_TIM10MS_100              P             00000020   2316  2327*
SEQ_INT_TIM10MS_101              P             0000002A   2320  2335*
SEQ_INT_TIM10MS_200              P             00000044   2341  2353*
SEQ_INT_TIM10MS_201              P             0000004E   2345  2361*
SEQ_INT_TIM10MS_300              P             0000006A   2371  2375  2381*
SEQ_INT_TIM1MS_100               P             000000A6   2420  2424  2430*
SEQ_TIM1000MS_100                P             0000016C   2661* 2681 
SEQ_TIM1000MS_200                P             0000018C   2664  2688*
SEQ_TIM100MS_100                 P             00000140   2612* 2632 
SEQ_TIM100MS_200                 P             00000160   2615  2639*
SEQ_TIM10MS_100                  P             000000F0   2529* 2549 
SEQ_TIM10MS_200                  P             00000110   2532  2556*
SEQ_TIM10MS_300                  P             00000114   2562* 2582 
SEQ_TIM10MS_400                  P             00000134   2565  2589*
SEQ_TIM1MS_100                   P             000000C2   2478* 2498 
SEQ_TIM1MS_200                   P             000000E4   2481  2506*
SEQ_TIM1S_LD_100                 P             000001A0   2711  2715*
SETCD_SETBIT                              IMPT 00000000   1756 
SET_ADR                                   IMPT 00000000   1754 
SET_OFS                                   IMPT 00000000   1755 
STCD_CLRBIT                               IMPT 00000000   1750 
STCD_SETBIT                               IMPT 00000000   1749 
STL_ADR                                   IMPT 00000000   1843 
STL_OFS                                   IMPT 00000000   1844 
STW_ADR                                   IMPT 00000000   1838 
STW_OFS                                   IMPT 00000000   1839 
ST_ADR                                    IMPT 00000000   1747 
ST_OFS                                    IMPT 00000000   1748 
SUBL_ADR                                  IMPT 00000000   1958 
SUBL_OFS                                  IMPT 00000000   1959 
SUBWI_DT_LH                               IMPT 00000000   1963 
SUBWI_DT_LL                               IMPT 00000000   1964 
SUBW_ADR                                  IMPT 00000000   1953 
SUBW_OFS                                  IMPT 00000000   1954 
TOP_REG                                   REG             2273*
WCTR_UNH                                  IMPT 00000000   1812 
WCTR_UNL                                  IMPT 00000000   1813 
WSC_ADR                                   IMPT 00000000   1817 
WSC_BTD                                   IMPT 00000000   1819 
WSC_OFS                                   IMPT 00000000   1818 
WSR_ADR                                   IMPT 00000000   1823 
WSR_OFS                                   IMPT 00000000   1824 
WTMR_DGT                                  IMPT 00000000   1808 
WTMR_UNH                                  IMPT 00000000   1806 
WTMR_UNL                                  IMPT 00000000   1807 
XBIT0                                     EQU  00000000     72*
XBIT1                                     EQU  00000001     73*
XBIT2                                     EQU  00000002     74*
XBIT3                                     EQU  00000003     75*
XBIT4                                     EQU  00000004     76*
XBIT5                                     EQU  00000005     77*
XBIT6                                     EQU  00000006     78*
XBIT7                                     EQU  00000007     79*
XORL_ADR                                  IMPT 00000000   2003 
*** SuperH RISC engine ASSEMBLER V.7.01.02.000 ***    07/04/21 19:29:14                                                  PAGE    13

*** CROSS REFERENCE LIST

NAME                             SECTION  ATTR VALUE             SEQUENCE

XORL_OFS                                  IMPT 00000000   2004 
XORWI_DT_LH                               IMPT 00000000   2008 
XORWI_DT_LL                               IMPT 00000000   2009 
XORW_ADR                                  IMPT 00000000   1998 
XORW_OFS                                  IMPT 00000000   1999 
_ADDL_CHG                                 IMPT 00000000   2085 
_ADDL_CODE                                IMPT 00000000   1942 
_ADDL_CODE_END                            IMPT 00000000   1945 
_ADDWI_CHG                                IMPT 00000000   2086 
_ADDWI_CODE                               IMPT 00000000   1947 
_ADDWI_CODE_END                           IMPT 00000000   1950 
_ADDW_CHG                                 IMPT 00000000   2084 
_ADDW_CODE                                IMPT 00000000   1937 
_ADDW_CODE_END                            IMPT 00000000   1940 
_ADD_CODE                                 IMPT 00000000   2012 
_ADD_CODE_END                             IMPT 00000000   2013 
_ADD_SUB                                  IMPT 00000000   1696 
_AMRG_CHG                                 IMPT 00000000   2052 
_AMRG_CODE                                IMPT 00000000   1777 
_AMRG_CODE_END                            IMPT 00000000   1778 
_ANDL_CHG                                 IMPT 00000000   2093 
_ANDL_CODE                                IMPT 00000000   1972 
_ANDL_CODE_END                            IMPT 00000000   1975 
_ANDN_CHG                                 IMPT 00000000   2037 
_ANDN_CODE                                IMPT 00000000   1728 
_ANDN_CODE_END                            IMPT 00000000   1732 
_ANDWI_CHG                                IMPT 00000000   2094 
_ANDWI_CODE                               IMPT 00000000   1977 
_ANDWI_CODE_END                           IMPT 00000000   1980 
_ANDW_CHG                                 IMPT 00000000   2092 
_ANDW_CODE                                IMPT 00000000   1967 
_ANDW_CODE_END                            IMPT 00000000   1970 
_ANDW_SUB                                 IMPT 00000000   1693 
_AND_CHG                                  IMPT 00000000   2036 
_AND_CODE                                 IMPT 00000000   1722 
_AND_CODE_END                             IMPT 00000000   1726 
_CB_BAKUP_CMD1                            EQU  00005678    118*
_CB_BAKUP_CMD2                            EQU  00001234    119*
_CB_BAK_SUM_COD1                          EQU  5AA51234    116*
_CB_BAK_SUM_COD2                          EQU  A55A4321    117*
_CB_ERR_INFO_MEM                          EQU  00000080    142*
_CB_ERR_INFO_PSIZE                        EQU  00000008    143*
_CB_STS_BUF_1BLK                          EQU  00000040    121*  123 
_CB_STS_BUF_BLKMAX                        EQU  00000008    122*  123 
_CB_STS_BUF_MAX                           EQU  00000200    123*
_CB_TRD_BEFORE                            EQU  00000060    131*
_CB_TRD_BUF_DP_MAX                        EQU  00000080    135*
_CB_TRD_BUF_MAX                           EQU  00000800    132*
_CB_TRD_DP_1CNT                           EQU  00000008    134*
_CB_TRD_DP_CH                             EQU  00000004    127*
_CB_TRD_SMP_CNT                           EQU  00000080    130*
_CLR_CHG                                  IMPT 00000000   2050 
_CLR_CODE                                 IMPT 00000000   1800 
_CLR_CODE_END                             IMPT 00000000   1803 
*** SuperH RISC engine ASSEMBLER V.7.01.02.000 ***    07/04/21 19:29:14                                                  PAGE    14

*** CROSS REFERENCE LIST

NAME                             SECTION  ATTR VALUE             SEQUENCE

_CLR_SUB                                  IMPT 00000000   1682 
_DI_X_TOP1                                IMPT 00000000   1647 
_DI_X_TOP2                                IMPT 00000000   1648 
_DO_Y_TOP1                                IMPT 00000000   1649 
_DO_Y_TOP2                                IMPT 00000000   1650 
_DSETLI_CHG                               IMPT 00000000   2102 
_DSETLI_CODE                              IMPT 00000000   2021 
_DSETLI_CODE_END                          IMPT 00000000   2026 
_DSETWI_CHG                               IMPT 00000000   2051 
_DSETWI_CODE                              IMPT 00000000   1795 
_DSETWI_CODE_END                          IMPT 00000000   1798 
_DUMMY_SUM_CODE                           EQU  5AA53CC3    109*
_ENDNRG_CHG                               IMPT 00000000   2057 
_ENDNRG_CODE                              IMPT 00000000   1792 
_ENDNRG_CODE_END                          IMPT 00000000   1793 
_END_CHG                                  IMPT 00000000   2058 
_END_CODE                                 IMPT 00000000   2018 
_END_CODE_END                             IMPT 00000000   2019 
_END_SUB                                  IMPT 00000000   1698 
_EQL_CHG                                  IMPT 00000000   2066 
_EQL_CODE                                 IMPT 00000000   1852 
_EQL_CODE_END                             IMPT 00000000   1855 
_EQWI_CHG                                 IMPT 00000000   2067 
_EQWI_CODE                                IMPT 00000000   1857 
_EQWI_CODE_END                            IMPT 00000000   1860 
_EQW_CHG                                  IMPT 00000000   2065 
_EQW_CODE                                 IMPT 00000000   1847 
_EQW_CODE_END                             IMPT 00000000   1850 
_EQ_SUB                                   IMPT 00000000   1689 
_GEL_CHG                                  IMPT 00000000   2075 
_GEL_CODE                                 IMPT 00000000   1897 
_GEL_CODE_END                             IMPT 00000000   1900 
_GEWI_CHG                                 IMPT 00000000   2076 
_GEWI_CODE                                IMPT 00000000   1902 
_GEWI_CODE_END                            IMPT 00000000   1905 
_GEW_CHG                                  IMPT 00000000   2074 
_GEW_CODE                                 IMPT 00000000   1892 
_GEW_CODE_END                             IMPT 00000000   1895 
_GTL_CHG                                  IMPT 00000000   2072 
_GTL_CODE                                 IMPT 00000000   1882 
_GTL_CODE_END                             IMPT 00000000   1885 
_GTWI_CHG                                 IMPT 00000000   2073 
_GTWI_CODE                                IMPT 00000000   1887 
_GTWI_CODE_END                            IMPT 00000000   1890 
_GTW_CHG                                  IMPT 00000000   2071 
_GTW_CODE                                 IMPT 00000000   1877 
_GTW_CODE_END                             IMPT 00000000   1880 
_GT_SUB                                   IMPT 00000000   1691 
_LDL_CHG                                  IMPT 00000000   2061 
_LDL_CODE                                 IMPT 00000000   1832 
_LDL_CODE_END                             IMPT 00000000   1835 
_LDNRG_CHG                                IMPT 00000000   2056 
_LDNRG_CODE                               IMPT 00000000   1789 
_LDNRG_CODE_END                           IMPT 00000000   1790 
*** SuperH RISC engine ASSEMBLER V.7.01.02.000 ***    07/04/21 19:29:14                                                  PAGE    15

*** CROSS REFERENCE LIST

NAME                             SECTION  ATTR VALUE             SEQUENCE

_LDN_CHG                                  IMPT 00000000   2035 
_LDN_CODE                                 IMPT 00000000   1716 
_LDN_CODE_END                             IMPT 00000000   1720 
_LDON_CHG                                 IMPT 00000000   2033 
_LDON_CODE                                IMPT 00000000   1707 
_LDON_CODE_END                            IMPT 00000000   1708 
_LDW_CHG                                  IMPT 00000000   2060 
_LDW_CODE                                 IMPT 00000000   1827 
_LDW_CODE_END                             IMPT 00000000   1830 
_LDW_SUB                                  IMPT 00000000   1687 
_LD_CHG                                   IMPT 00000000   2034 
_LD_CODE                                  IMPT 00000000   1710 
_LD_CODE_END                              IMPT 00000000   1714 
_LEL_CHG                                  IMPT 00000000   2082 
_LEL_CODE                                 IMPT 00000000   1927 
_LEL_CODE_END                             IMPT 00000000   1930 
_LEWI_CHG                                 IMPT 00000000   2083 
_LEWI_CODE                                IMPT 00000000   1932 
_LEWI_CODE_END                            IMPT 00000000   1935 
_LEW_CHG                                  IMPT 00000000   2081 
_LEW_CODE                                 IMPT 00000000   1922 
_LEW_CODE_END                             IMPT 00000000   1925 
_LE_SUB                                   IMPT 00000000   1692 
_LTL_CHG                                  IMPT 00000000   2079 
_LTL_CODE                                 IMPT 00000000   1912 
_LTL_CODE_END                             IMPT 00000000   1915 
_LTWI_CHG                                 IMPT 00000000   2080 
_LTWI_CODE                                IMPT 00000000   1917 
_LTWI_CODE_END                            IMPT 00000000   1920 
_LTW_CHG                                  IMPT 00000000   2078 
_LTW_CODE                                 IMPT 00000000   1907 
_LTW_CODE_END                             IMPT 00000000   1910 
_MKIND_A                                  EQU  00000040   2243*
_MKIND_A_ADR                              EQU  00001610   2242*
_MKIND_C                                  EQU  00000040   2225* 2226 
_MKIND_CD                                 EQU  00000400   2229* 2230 
_MKIND_CD_ADR                             EQU  00000900   2228* 2230 
_MKIND_C_ADR                              EQU  000004C0   2224* 2226 
_MKIND_F                                  EQU  00000110   2239* 2240 
_MKIND_F_ADR                              EQU  00000D00   2238* 2240 
_MKIND_L                                  EQU  00000040   2221* 2222 
_MKIND_L_ADR                              EQU  00000440   2220* 2222 
_MKIND_M                                  EQU  00000400   2219* 2220 
_MKIND_M_ADR                              EQU  00000040   2218* 2220 
_MKIND_S                                  EQU  00000800   2241* 2242 
_MKIND_S_ADR                              EQU  00000E10   2240* 2242 
_MKIND_T                                  EQU  00000040   2223* 2224 
_MKIND_TBL                                IMPT 00000000   2132 
_MKIND_TBL_TOP                            IMPT 00000000   2133 
_MKIND_TD                                 EQU  00000400   2227* 2228 
_MKIND_TD_ADR                             EQU  00000500   2226* 2228 
_MKIND_T_ADR                              EQU  00000480   2222* 2224 
_MKIND_W0                                 EQU  00000000   2213* 2214 
_MKIND_W0_ADR                             EQU  00000000   2212*
*** SuperH RISC engine ASSEMBLER V.7.01.02.000 ***    07/04/21 19:29:14                                                  PAGE    16

*** CROSS REFERENCE LIST

NAME                             SECTION  ATTR VALUE             SEQUENCE

_MKIND_W1                                 EQU  00000000   2231* 2232 
_MKIND_W1_ADR                             EQU  00000D00   2230* 2232 
_MKIND_W2                                 EQU  00000000   2233* 2234 
_MKIND_W2_ADR                             EQU  00000D00   2232* 2234 
_MKIND_W3                                 EQU  00000000   2235* 2236 
_MKIND_W3_ADR                             EQU  00000D00   2234* 2236 
_MKIND_W4                                 EQU  00000000   2237* 2238 
_MKIND_W4_ADR                             EQU  00000D00   2236* 2238 
_MKIND_X                                  EQU  00000020   2215* 2216 
_MKIND_X_ADR                              EQU  00000000   2214* 2216 
_MKIND_Y                                  EQU  00000020   2217* 2218 
_MKIND_Y_ADR                              EQU  00000020   2216* 2218 
_NEL_CHG                                  IMPT 00000000   2069 
_NEL_CODE                                 IMPT 00000000   1867 
_NEL_CODE_END                             IMPT 00000000   1870 
_NEWI_CHG                                 IMPT 00000000   2070 
_NEWI_CODE                                IMPT 00000000   1872 
_NEWI_CODE_END                            IMPT 00000000   1875 
_NEW_CHG                                  IMPT 00000000   2068 
_NEW_CODE                                 IMPT 00000000   1862 
_NEW_CODE_END                             IMPT 00000000   1865 
_NE_SUB                                   IMPT 00000000   1690 
_NOP_CHG                                  IMPT 00000000   2032 
_NOP_CODE                                 IMPT 00000000   1704 
_NOP_CODE_END                             IMPT 00000000   1705 
_OMRG_CHG                                 IMPT 00000000   2053 
_OMRG_CODE                                IMPT 00000000   1780 
_OMRG_CODE_END                            IMPT 00000000   1781 
_ORL_CHG                                  IMPT 00000000   2096 
_ORL_CODE                                 IMPT 00000000   1987 
_ORL_CODE_END                             IMPT 00000000   1990 
_ORN_CHG                                  IMPT 00000000   2039 
_ORN_CODE                                 IMPT 00000000   1740 
_ORN_CODE_END                             IMPT 00000000   1744 
_ORWI_CHG                                 IMPT 00000000   2097 
_ORWI_CODE                                IMPT 00000000   1992 
_ORWI_CODE_END                            IMPT 00000000   1995 
_ORW_CHG                                  IMPT 00000000   2095 
_ORW_CODE                                 IMPT 00000000   1982 
_ORW_CODE_END                             IMPT 00000000   1985 
_ORW_SUB                                  IMPT 00000000   1694 
_OR_CHG                                   IMPT 00000000   2038 
_OR_CODE                                  IMPT 00000000   1734 
_OR_CODE_END                              IMPT 00000000   1738 
_PLF_CHG                                  IMPT 00000000   2041 
_PLF_CODE                                 IMPT 00000000   1771 
_PLF_CODE_END                             IMPT 00000000   1775 
_PLF_SUB                                  IMPT 00000000   1681 
_PLS_CHG                                  IMPT 00000000   2040 
_PLS_CODE                                 IMPT 00000000   1765 
_PLS_CODE_END                             IMPT 00000000   1769 
_PLS_SUB                                  IMPT 00000000   1680 
_POP_CHG                                  IMPT 00000000   2055 
_POP_CODE                                 IMPT 00000000   1786 
*** SuperH RISC engine ASSEMBLER V.7.01.02.000 ***    07/04/21 19:29:14                                                  PAGE    17

*** CROSS REFERENCE LIST

NAME                             SECTION  ATTR VALUE             SEQUENCE

_POP_CODE_END                             IMPT 00000000   1787 
_PUSH_CHG                                 IMPT 00000000   2054 
_PUSH_CODE                                IMPT 00000000   1783 
_PUSH_CODE_END                            IMPT 00000000   1784 
_RST_CHG                                  IMPT 00000000   2045 
_RST_CODE                                 IMPT 00000000   1759 
_RST_CODE_END                             IMPT 00000000   1763 
_SEQ_ARG1_DATA                            IMPT 00000000   1628 
_SEQ_ARG2_DATA                            IMPT 00000000   1635 
_SEQ_ARG3_DATA                            IMPT 00000000   1642 
_SEQ_ASM_RAM_TOP                          IMPT 00000000   1606 
_SEQ_A_SET                                EQU  00000020   2182* 2243 
_SEQ_BBIT_CHG_TBL                         IMPT 00000000   2113 
_SEQ_CARD_MAX                             EQU  00000C00   2183*
_SEQ_CARD_RAM                             IMPT 00000000   1620 
_SEQ_CD_SET                               EQU  00000200   2175* 2229 
_SEQ_CHG_TBL0                             IMPT 00000000   2109 
_SEQ_CMP_ERR1                             IMPT 00000000   1626 
_SEQ_CMP_ERR2                             IMPT 00000000   1633 
_SEQ_CMP_ERR3                             IMPT 00000000   1640 
_SEQ_CMP_ERR_ADR1                         IMPT 00000000   1627 
_SEQ_CMP_ERR_ADR2                         IMPT 00000000   1634 
_SEQ_CMP_ERR_ADR3                         IMPT 00000000   1641 
_SEQ_CMP_START                            IMPT 00000000   1654  2372  2421 
_SEQ_CTR_DATA                             IMPT 00000000   1623 
_SEQ_C_SET                                EQU  00000020   2173* 2175  2225 
_SEQ_DRG1_DATA                            IMPT 00000000   1631 
_SEQ_DRG2_DATA                            IMPT 00000000   1638 
_SEQ_DRG3_DATA                            IMPT 00000000   1645 
_SEQ_F_SET                                EQU  00000088   2180* 2239 
_SEQ_INT_TIM10MS                 P        EXPT 00000000   2293  2301*
_SEQ_INT_TIM1MS                  P        EXPT 00000088   2395  2406*
_SEQ_LD_TIMOUT                            IMPT 00000000   1662  2707 
_SEQ_L_SET                                EQU  00000020   2171* 2221 
_SEQ_MAX_BYTE                             EQU  0000001E   2206*
_SEQ_MRG1_DATA                            IMPT 00000000   1629 
_SEQ_MRG2_DATA                            IMPT 00000000   1636 
_SEQ_MRG3_DATA                            IMPT 00000000   1643 
_SEQ_M_SET                                EQU  00000200   2170* 2219 
_SEQ_NRG1_DATA                            IMPT 00000000   1630 
_SEQ_NRG2_DATA                            IMPT 00000000   1637 
_SEQ_NRG3_DATA                            IMPT 00000000   1644 
_SEQ_POU_SET                              EQU  00004000   2207*
_SEQ_RUN1                                 IMPT 00000000   1609 
_SEQ_RUN1_END                             IMPT 00000000   1610 
_SEQ_RUN1_TOP                             IMPT 00000000   1608 
_SEQ_RUN2                                 IMPT 00000000   1613 
_SEQ_RUN2_END                             IMPT 00000000   1614 
_SEQ_RUN2_TOP                             IMPT 00000000   1612 
_SEQ_RUN3                                 IMPT 00000000   1617 
_SEQ_RUN3_END                             IMPT 00000000   1618 
_SEQ_RUN3_TOP                             IMPT 00000000   1616 
_SEQ_RUN_CHG1_ERR_END                     IMPT 00000000   2090 
_SEQ_RUN_MAIN1                            IMPT 00000000   2291  2377 
*** SuperH RISC engine ASSEMBLER V.7.01.02.000 ***    07/04/21 19:29:14                                                  PAGE    18

*** CROSS REFERENCE LIST

NAME                             SECTION  ATTR VALUE             SEQUENCE

_SEQ_RUN_MAIN3                            IMPT 00000000   2394  2426 
_SEQ_SR_FLG                               IMPT 00000000   1624 
_SEQ_S_SET                                EQU  00000400   2181* 2241 
_SEQ_TD_SET                               EQU  00000200   2174* 2227 
_SEQ_TIM1S_LD                    P             00000192   2363  2702*
_SEQ_TIM_1000MS                  P             00000166   2355  2653*
_SEQ_TIM_100MS                   P             0000013A   2329  2603*
_SEQ_TIM_10MS                    P             000000EA   2307  2520*
_SEQ_TIM_1MS                     P             000000BC   2412  2469*
_SEQ_TIM_WK1000M                          IMPT 00000000   1665  2338 
_SEQ_TIM_WK100M                           IMPT 00000000   1664  2313 
_SEQ_TMR_DATA                             IMPT 00000000   1622  2475  2526  2559  2609  2658 
_SEQ_T_SET                                EQU  00000020   2172* 2174  2223 
_SEQ_W0_SET                               EQU  00000000   2167* 2213 
_SEQ_W1_SET                               EQU  00000000   2176* 2231 
_SEQ_W2_SET                               EQU  00000000   2177* 2233 
_SEQ_W3_SET                               EQU  00000000   2178* 2235 
_SEQ_W4_SET                               EQU  00000000   2179* 2237 
_SEQ_X_SET                                EQU  00000010   2168* 2215 
_SEQ_Y_SET                                EQU  00000010   2169* 2217 
_SET_CHG                                  IMPT 00000000   2044 
_SET_CODE                                 IMPT 00000000   1753 
_SET_CODE_END                             IMPT 00000000   1757 
_SQ_ERR_END                               EQU  0000FF00   2160*
_SQ_NML_COD                               EQU  00000000   2158*
_SQ_NML_END                               EQU  00000055   2159*
_START_ACK_COD                            EQU  00004321    217*
_START_REQ_COD                            EQU  00009876    216*
_STL_CHG                                  IMPT 00000000   2063 
_STL_CODE                                 IMPT 00000000   1842 
_STL_CODE_END                             IMPT 00000000   1845 
_STW_CHG                                  IMPT 00000000   2062 
_STW_CODE                                 IMPT 00000000   1837 
_STW_CODE_END                             IMPT 00000000   1840 
_STW_SUB                                  IMPT 00000000   1688 
_ST_CHG                                   IMPT 00000000   2042 
_ST_CODE                                  IMPT 00000000   1746 
_ST_CODE_END                              IMPT 00000000   1751 
_SUBL_CHG                                 IMPT 00000000   2088 
_SUBL_CODE                                IMPT 00000000   1957 
_SUBL_CODE_END                            IMPT 00000000   1960 
_SUBWI_CHG                                IMPT 00000000   2089 
_SUBWI_CODE                               IMPT 00000000   1962 
_SUBWI_CODE_END                           IMPT 00000000   1965 
_SUBW_CHG                                 IMPT 00000000   2087 
_SUBW_CODE                                IMPT 00000000   1952 
_SUBW_CODE_END                            IMPT 00000000   1955 
_SUB_CODE                                 IMPT 00000000   2015 
_SUB_CODE_END                             IMPT 00000000   2016 
_SUB_SUB                                  IMPT 00000000   1697 
_SeqLd_MKIND_TBL_TOP                      IMPT 00000000   2134 
_SeqRunFlg                                IMPT 00000000   2292  2368  2417 
_SeqSysStat                               IMPT 00000000   1656 
_T_0001HR_CNT                             EQU  00000020   2262* 2659 
*** SuperH RISC engine ASSEMBLER V.7.01.02.000 ***    07/04/21 19:29:14                                                  PAGE    19

*** CROSS REFERENCE LIST

NAME                             SECTION  ATTR VALUE             SEQUENCE

_T_0001HR_TOP                             EQU  000001E0   2261* 2658 
_T_0001MS_CNT                             EQU  00000040   2260* 2261  2476 
_T_0001MS_TOP                             EQU  000001A0   2259* 2261  2475 
_T_0010MS_CNT                             EQU  00000100   2254* 2255  2527 
_T_0010MS_TOP                             EQU  00000000   2253* 2255  2526 
_T_0100MS_CNT                             EQU  00000080   2256* 2257  2560 
_T_0100MS_TOP                             EQU  00000100   2255* 2257  2559 
_T_1000MS_CNT                             EQU  00000020   2258* 2259  2610 
_T_1000MS_TOP                             EQU  00000180   2257* 2259  2609 
_VUPCHECK_EQU                             EQU  11AB3739    102*
_WCTR_CHG                                 IMPT 00000000   2048 
_WCTR_CODE                                IMPT 00000000   1811 
_WCTR_CODE_END                            IMPT 00000000   1814 
_WCTR_SUB                                 IMPT 00000000   1684 
_WSC_CHG                                  IMPT 00000000   2043 
_WSC_CODE                                 IMPT 00000000   1816 
_WSC_CODE_END                             IMPT 00000000   1820 
_WSC_SUB                                  IMPT 00000000   1685 
_WSR_CHG                                  IMPT 00000000   2049 
_WSR_CODE                                 IMPT 00000000   1822 
_WSR_CODE_END                             IMPT 00000000   1825 
_WSR_SUB                                  IMPT 00000000   1686 
_WTMR_CHG                                 IMPT 00000000   2047 
_WTMR_CODE                                IMPT 00000000   1805 
_WTMR_CODE_END                            IMPT 00000000   1809 
_WTMR_SUB                                 IMPT 00000000   1683 
_XORL_CHG                                 IMPT 00000000   2099 
_XORL_CODE                                IMPT 00000000   2002 
_XORL_CODE_END                            IMPT 00000000   2005 
_XORWI_CHG                                IMPT 00000000   2100 
_XORWI_CODE                               IMPT 00000000   2007 
_XORWI_CODE_END                           IMPT 00000000   2010 
_XORW_CHG                                 IMPT 00000000   2098 
_XORW_CODE                                IMPT 00000000   1997 
_XORW_CODE_END                            IMPT 00000000   2000 
_XORW_SUB                                 IMPT 00000000   1695 
_X_PUSH_TOP1                              IMPT 00000000   1651 
_X_PUSH_TOP2                              IMPT 00000000   1652 
__TMCT_FLG                                EQU  00000008   2251* 2485  2536  2569  2619  2668 
__TMCT_PV                                 EQU  00000000   2249* 2489  2491  2540  2542  2573  2575  2623  2625  2672  2674 
__TMCT_ST_CNT                             EQU  0000000C   2248* 2475  2494  2526  2545  2559  2578  2609  2628  2658  2677 
__TMCT_SV                                 EQU  00000004   2250*
*** SuperH RISC engine ASSEMBLER V.7.01.02.000 ***    07/04/21 19:29:14                                                  PAGE    20

*** SECTION DATA LIST

SECTION                          ATTRIBUTE    SIZE             START

P                                REL-CODE    0000001AC        
