*** SuperH RISC engine ASSEMBLER V.7.01.02.000 ***    07/04/21 19:29:19                                                  PAGE     1
PROGRAM NAME =

    1                               1     ;       ***************************************************
    2                               2     ;       ***                                             ***
    3                               3     ;       ***     テーブル                                ***
    4                               4     ;       ***     画面用  DIG/PLS表示変換                 ***
    5                               5     ;       ***                                             ***
    6                               6     ;       ***************************************************
    7                               7     ;       //      ***********************************
    8                               8     ;       //      ***     EXTERN 宣言 PROGRAM     ***
    9                               9     ;       //      ***********************************
   10                              10     
   11                              11     
   12                              12     ;       //      ***********************************
   13                              13     ;       //      ***     EXTERN 宣言 MEMORY,HARD ***
   14                              14     ;       //      ***********************************
   15                              15             .INCLUDE        "cm_equ1.equ"           ; //共通定義:必ず実行ﾌﾟﾛｸﾞﾗﾑにｲﾝｸﾙｰﾄﾞする
                                          事
   16                               1 I1  ;       ***************************
   17                               2 I1  ;       ***     CONST           ***
   18                               3 I1  ;       ***************************
   19                               4 I1  
   20                               5 I1  ;       *****   ビット   *****
   21          00000001             6 I1  BIT0            .EQU    B'00000001      ;01H
   22          00000002             7 I1  BIT1            .EQU    B'00000010      ;02H
   23          00000004             8 I1  BIT2            .EQU    B'00000100      ;04H
   24          00000008             9 I1  BIT3            .EQU    B'00001000      ;08H
   25          00000010            10 I1  BIT4            .EQU    B'00010000      ;10H
   26          00000020            11 I1  BIT5            .EQU    B'00100000      ;20H
   27          00000040            12 I1  BIT6            .EQU    B'01000000      ;40H
   28          00000080            13 I1  BIT7            .EQU    B'10000000      ;80H
   29          00000100            14 I1  BIT8            .EQU    B'0000000100000000      ;0100H
   30          00000200            15 I1  BIT9            .EQU    B'0000001000000000      ;0200H
   31          00000400            16 I1  BIT10           .EQU    B'0000010000000000      ;0400H
   32          00000800            17 I1  BIT11           .EQU    B'0000100000000000      ;0800H
   33          00001000            18 I1  BIT12           .EQU    B'0001000000000000      ;1000H
   34          00002000            19 I1  BIT13           .EQU    B'0010000000000000      ;2000H
   35          00004000            20 I1  BIT14           .EQU    B'0100000000000000      ;4000H
   36          00008000            21 I1  BIT15           .EQU    B'1000000000000000      ;8000H
   37          00010000            22 I1  BIT16           .EQU    H'00010000
   38          00020000            23 I1  BIT17           .EQU    H'00020000
   39          00040000            24 I1  BIT18           .EQU    H'00040000
   40          00080000            25 I1  BIT19           .EQU    H'00080000
   41          00100000            26 I1  BIT20           .EQU    H'00100000
   42          00200000            27 I1  BIT21           .EQU    H'00200000
   43          00400000            28 I1  BIT22           .EQU    H'00400000
   44          00800000            29 I1  BIT23           .EQU    H'00800000
   45          01000000            30 I1  BIT24           .EQU    H'01000000
   46          02000000            31 I1  BIT25           .EQU    H'02000000
   47          04000000            32 I1  BIT26           .EQU    H'04000000
   48          08000000            33 I1  BIT27           .EQU    H'08000000
   49          10000000            34 I1  BIT28           .EQU    H'10000000
   50          20000000            35 I1  BIT29           .EQU    H'20000000
   51          40000000            36 I1  BIT30           .EQU    H'40000000
   52          80000000            37 I1  BIT31           .EQU    H'80000000
   53                              38 I1  
   54                              39 I1  ;       *****   ビット   *****
   55          000000FE            40 I1  NBIT0           .EQU    B'11111110              ;NOT 01H
   56          000000FD            41 I1  NBIT1           .EQU    B'11111101              ;02H
*** SuperH RISC engine ASSEMBLER V.7.01.02.000 ***    07/04/21 19:29:19                                                  PAGE     2
PROGRAM NAME =

   57          000000FB            42 I1  NBIT2           .EQU    B'11111011              ;04H
   58          000000F7            43 I1  NBIT3           .EQU    B'11110111              ;08H
   59          000000EF            44 I1  NBIT4           .EQU    B'11101111              ;10H
   60          000000DF            45 I1  NBIT5           .EQU    B'11011111              ;20H
   61          000000BF            46 I1  NBIT6           .EQU    B'10111111              ;40H
   62          0000007F            47 I1  NBIT7           .EQU    B'01111111              ;80H
   63                              48 I1  
   64          0000FEFF            49 I1  NBIT8           .EQU    B'1111111011111111      ;NOT 01H
   65          0000FDFF            50 I1  NBIT9           .EQU    B'1111110111111111      ;02H
   66          0000FBFF            51 I1  NBIT10          .EQU    B'1111101111111111      ;04H
   67          0000F7FF            52 I1  NBIT11          .EQU    B'1111011111111111      ;08H
   68          0000EFFF            53 I1  NBIT12          .EQU    B'1110111111111111      ;10H
   69          0000DFFF            54 I1  NBIT13          .EQU    B'1101111111111111      ;20H
   70          0000BFFF            55 I1  NBIT14          .EQU    B'1011111111111111      ;40H
   71          00007FFF            56 I1  NBIT15          .EQU    B'0111111111111111      ;80H
   72                              57 I1  
   73                              58 I1  ;       **** ビット操作命令 *****
   74          00000000            59 I1  XBIT0           .EQU    D'0             ;
   75          00000001            60 I1  XBIT1           .EQU    D'1             ;
   76          00000002            61 I1  XBIT2           .EQU    D'2             ;
   77          00000003            62 I1  XBIT3           .EQU    D'3             ;
   78          00000004            63 I1  XBIT4           .EQU    D'4             ;
   79          00000005            64 I1  XBIT5           .EQU    D'5             ;
   80          00000006            65 I1  XBIT6           .EQU    D'6             ;
   81          00000007            66 I1  XBIT7           .EQU    D'7             ;
   82                              67 I1  
   83                              68 I1  ;       *******************************************
   84                              69 I1  ;       ***             sh2/sh3                 ***
   85                              70 I1  ;       *******************************************
   86                              71 I1  ;       ================ WORD ｱｸｾｽ//ﾊﾞｲﾄｱｸｾｽ切替 =========
   87          00000001            72 I1  L_BYTE          .EQU    1               ;
   88          00000000            73 I1  H_BYTE          .EQU    0               ;
   89                              74 I1  
   90                              75 I1  ;/*     =================================       */
   91                              76 I1  
   92                              77 I1  _CMPILE_YES     .DEFINE         "1"
   93                              78 I1  _CMPILE_NO      .DEFINE         "0"
   94                              79 I1  
   95                              80 I1  _Debug_YES      .DEFINE         "1"     ;"_Debug_NO"
   96                              81 I1  _Debug_NO       .DEFINE         "0"     ;yes then abs //no then inc "_Debug_NO"
   97                              82 I1  
   98                              83 I1  
   99                              84 I1  ;       ***************************************************
  100                              85 I1  ;       ***                                             ***
  101                              86 I1  ;       ***             ﾊﾞｰｼﾞｮﾝUP完了ﾁｪｯｸﾃﾞｰﾀ           ***
  102                              87 I1  ;       ***                                             ***
  103                              88 I1  ;       ***************************************************
  104          11AB3739            89 I1  _VUPCHECK_EQU           .EQU    D'0296433465
  105                              90 I1  
  106                              91 I1  ;/*     ***********************************     */
  107                              92 I1  ;/*     ***                             ***     */
  108                              93 I1  ;/*     ***     ROM SUM_CODE            ***     */
  109                              94 I1  ;/*     ***                             ***     */
  110                              95 I1  ;/*     ***********************************     */
  111          5AA53CC3            96 I1  _DUMMY_SUM_CODE         .EQU    H'5AA53CC3
  112                              97 I1  
  113                              98 I1  
*** SuperH RISC engine ASSEMBLER V.7.01.02.000 ***    07/04/21 19:29:19                                                  PAGE     3
PROGRAM NAME =

  114                              99 I1  
  115                             100 I1  ;       *******************************************
  116                             101 I1  ;       ***     2003-07-01 C/B BAKUP            ***
  117                             102 I1  ;       *******************************************
  118          5AA51234           103 I1  _CB_BAK_SUM_COD1        .EQU    H'5AA51234
  119          A55A4321           104 I1  _CB_BAK_SUM_COD2        .EQU    H'A55A4321
  120          00005678           105 I1  _CB_BAKUP_CMD1          .EQU    H'5678  ;BAKUP
  121          00001234           106 I1  _CB_BAKUP_CMD2          .EQU    H'1234  ;1BLK MOVE
  122                             107 I1  
  123          00000040           108 I1  _CB_STS_BUF_1BLK        .EQU    64                                      ;1BLK=64byte
  124          00000008           109 I1  _CB_STS_BUF_BLKMAX      .EQU    8                                       ;8BLK
  125          00000200           110 I1  _CB_STS_BUF_MAX         .EQU    _CB_STS_BUF_1BLK*_CB_STS_BUF_BLKMAX     ;512byte 64*8
  126                             111 I1  
  127                             112 I1  
  128                             113 I1  ;;_CB_TRD_DT_LNG                .EQU    4               ;DATA LENGTH
  129          00000004           114 I1  _CB_TRD_DP_CH                   .EQU    4               ;
  130                             115 I1  
  131                             116 I1  
  132          00000080           117 I1  _CB_TRD_SMP_CNT         .EQU    128             ;個数
  133          00000060           118 I1  _CB_TRD_BEFORE          .EQU    96              ;96点が前
  134          00000800           119 I1  _CB_TRD_BUF_MAX         .EQU    4*4*128         ;2048byte 4byte*4ch*128個
  135                             120 I1  
  136          00000008           121 I1  _CB_TRD_DP_1CNT         .EQU    8               ;8個 128/16
  137          00000080           122 I1  _CB_TRD_BUF_DP_MAX      .EQU    4*4*8           ;128byte 4byte*4CH*8個
  138                             123 I1  
  139                             124 I1  ;       === 2003-07-14 ===
  140                             125 I1  ;;;_TRD_WORK_1CH_BUF    .EQU    _CB_TRD_BUF_MAX ;1CH で2048ﾊﾞｲﾄまで確保
  141                             126 I1  
  142                             127 I1  ;       ==== 2004-01-27 ===
  143                             128 I1  ;;2018-11-11 _CB_ERR_INFO_MEM   .EQU    64              ;64byte
  144          00000080           129 I1  _CB_ERR_INFO_MEM        .EQU    128             ;2018-11-11 128byte
  145          00000008           130 I1  _CB_ERR_INFO_PSIZE      .EQU    8               ;8 PAGE 2018-11-11
  146                             131 I1  
  147                             132 I1  ;       ***************************
  148                             133 I1  ;       ***     2004-02-19      ***
  149                             134 I1  ;       ***************************
  150                             135 I1  ;       製品出荷時はYESにすること
  151                             136 I1  ;       不具合再現試験用にNOにする
  152                             137 I1  ;
  153                             138 I1  ;;;;_PLSI_WR_WT_CHG             .DEFINE         "0"     ;YES:WR WAIT 4CLK(NO 3CLK)
  154                             139 I1  
  155                             140 I1  ;       ===== 出荷YES =====
  156                             141 I1  _PLSI_WR_WT_CHG         .DEFINE         "1"     ;YES:WR WAIT 4CLK(NO 3CLK)
  157                             142 I1  _PLSI_WRITE_WORD        .DEFINE         "1"     ;YES:LSI WORD(NO LONG)
  158                             143 I1  _PLSI_ERR_CHK1          .DEFINE         "1"     ;YES:位置決めLSI異常検知有効
  159                             144 I1  _PLSI_ERR_CHK2          .DEFINE         "1"     ;YES:位置決め演算異常検知有効
  160                             145 I1  _PLSI_ERR_STOP1         .DEFINE         "1"     ;YES:新規異常検知有効(OVER RUN)
  161                             146 I1  
  162                             147 I1  
  163                             148 I1  ;       ====    出荷時YES 2004-03-29====
  164                             149 I1  _REST_PLS_MODFY         .DEFINE         "1"     ;YES:CPUAに残ﾊﾟﾙｽをあわせる,異常
  165                             150 I1  ;;;;;_MOTION_ERR_CPU_B  .DEFINE         "1"     ;YES:CPU-Bのﾓｰｼｮﾝ異常関連(1対1にする)
  166                             151 I1  
  167                             152 I1  
  168                             153 I1  
  169                             154 I1  ;       ====    出荷時必ず・絶対 "NO" 2004-04-14(絶対NOで出荷)====
  170                             155 I1  _CPU_A_ERR_STOP         .DEFINE         "0"     ;YES:CPU-A異常検出をやめる。Bのﾃﾞﾊﾞｯｸ用
*** SuperH RISC engine ASSEMBLER V.7.01.02.000 ***    07/04/21 19:29:19                                                  PAGE     4
PROGRAM NAME =

  171                             156 I1  ;;;;;0          .DEFINE         "1"     ;YES:CPU-A異常検出をやめる。Bのﾃﾞﾊﾞｯｸ用
  172                             157 I1  
  173                             158 I1  
  174                             159 I1  ;       ====    出荷時必ず・絶対 "NO" 2004-12-20(絶対NOで出荷)====
  175                             160 I1  _CPU_B_ERR_STOP         .DEFINE         "0"     ;YES:CPU-B異常検出をやめる。Aのﾃﾞﾊﾞｯｸ用
  176                             161 I1  _CPU_B_CTRL_STOP        .DEFINE         "0"     ;YES:CPU-B制御をやめる。Aのﾃﾞﾊﾞｯｸ用
  177                             162 I1  
  178                             163 I1  ;       ==== どうしても回避できない異常====
  179                             164 I1  _CPUAB_ERR_STOP_CNT     .DEFINE         "1"     ;
  180                             165 I1  
  181                             166 I1  ;       ***************************
  182                             167 I1  ;       ***                     ***
  183                             168 I1  ;       ***     2006-09-19      ***
  184                             169 I1  ;       ***                     ***
  185                             170 I1  ;       ***************************
  186                             171 I1  _LSI_SOFT_CAL_ENB       .DEFINE         "1"
  187                             172 I1  ;;1     .DEFINE         "0"
  188                             173 I1  
  189                             174 I1  
  190                             175 I1  
  191                             176 I1  ;       ***************************
  192                             177 I1  ;       ***                     ***
  193                             178 I1  ;       ***     2008-09-16      ***
  194                             179 I1  ;       ***                     ***
  195                             180 I1  ;       ***************************
  196                             181 I1  _EMG_MINI               .DEFINE         "1"     ;YES:EMG処理の簡略化
  197                             182 I1  
  198                             183 I1  
  199                             184 I1  ;       ***************************
  200                             185 I1  ;       ***                     ***
  201                             186 I1  ;       ***                     ***
  202                             187 I1  ;       ***                     ***
  203                             188 I1  ;       ***************************
  204                             189 I1  _CPUB_TBLCURV           .DEFINE         "1"     ;YES:曲線ﾃｰﾌﾞﾙ(CPUAと同じ) NO:直線タイプ
  205                             190 I1  ;;1             .DEFINE         "0"     ;YES:曲線ﾃｰﾌﾞﾙ(CPUAと同じ) NO:直線タイプ
  206                             191 I1  
  207                             192 I1  
  208                             193 I1  
  209                             194 I1  
  210                             195 I1  ;       ***************************
  211                             196 I1  ;       ***                     ***
  212                             197 I1  ;       ***     2013-12-05      ***
  213                             198 I1  ;       ***                     ***
  214                             199 I1  ;       ***************************
  215                             200 I1  _MC_FUNC1_NO            .DEFINE         "0"     ;NO!:異常等の機能をはずす
  216                             201 I1  
  217                             202 I1  
  218          00009876           203 I1  _START_REQ_COD          .EQU    H'9876  ;CPUD=>CPUA
  219          00004321           204 I1  _START_ACK_COD          .EQU    H'4321  ;
  220                             205 I1  
  221                             206 I1  
  222                             207 I1  
  223                             208 I1  
  224                             209 I1  ;       ***************************
  225                             210 I1  ;       ***                     ***
  226                             211 I1  ;       ***     2014-03-20      ***
  227                             212 I1  ;       ***                     ***
*** SuperH RISC engine ASSEMBLER V.7.01.02.000 ***    07/04/21 19:29:19                                                  PAGE     5
PROGRAM NAME =

  228                             213 I1  ;       ***************************
  229                             214 I1  _KJYU_CLS               .DEFINE         "1"     ;YES:反転ﾓｰﾄﾞで荷重でのｸﾛｰｽﾞを行う
  230                             215 I1  
  231                             216 I1  
  232                             217 I1  
  233                             218 I1  
  234                             219 I1  
  235                             220 I1  
  236                             221 I1  
  237                             222 I1  
  238                             223 I1  
  239                             224 I1  ;//     ***************************
  240                             225 I1  ;//     ***     2016-10-31      ***
  241                             226 I1  ;//     ***************************
  242                             227 I1  ;//     変更箇所確認用  CE2の2重回路対策の修正箇所のMCへの移植
  243                             228 I1  _PROC_CMPERR_CHG2016    .DEFINE         "1"
  244                             229 I1  
  245                             230 I1  ;//     ***********************************
  246                             231 I1  ;//     ***     2016-10-31(2016-07-28)  ***
  247                             232 I1  ;//     ***********************************
  248                             233 I1  ;       [行程異常検知による二重回路異常　早めの検知]
  249                             234 I1  ;;;_DEBUG_CMPERR_DEBUG  .DEFINE         "1"     ;出荷時は必ずNO!
  250                             235 I1  _DEBUG_CMPERR_DEBUG     .DEFINE         "0"     ;出荷時は必ずNO!
  251                             236 I1  
  252                             237 I1  ;//     ***********************************
  253                             238 I1  ;//     ***     2016-10-31(2016-07-28)  ***
  254                             239 I1  ;//     ***********************************
  255                             240 I1  ;;;_DEBUG_AUTO_START    .DEFINE         "1"     ;出荷時はできればnoとする
  256                             241 I1  _DEBUG_AUTO_START       .DEFINE         "0"     ;出荷時はできればnoとする
  257                             242 I1  
  258                             243 I1  ;//     ***************************
  259                             244 I1  ;//     ***     2015-07-08      ***
  260                             245 I1  ;//     ***************************
  261                             246 I1  ;;_DEBUG_SERVO_PLS_OFF  .DEFINE         "1"     ;出荷時は必ずNO!
  262                             247 I1  _DEBUG_SERVO_PLS_OFF    .DEFINE         "0"     ;出荷時は必ずNO!
  263                             248 I1  
  264                             249 I1  
  265                             250 I1  
  266                             251 I1  ;       ***************************************************
  267                             252 I1  ;       ***     出荷してはいけないデバック情報          ***
  268                             253 I1  ;       ***     バージョン表示をわざと変にする          ***
  269                             254 I1  ;       ***************************************************
  270                             255 I1  ;       MC:S01a ->X
  271                             256 I1  
  272                             257 I1   .AIF   0 EQ 1  ;出荷時は必ずNO!
  273                             258     _DEBUG_SET_ERR_VER      .DEFINE         "1"
  274                             259      .AELSE
  275                             260 C       .AIF        0 EQ 1  ;出荷時はできればno
  276                             261     _DEBUG_SET_ERR_VER      .DEFINE         "1"
  277                             262         .AELSE
  278                             263 C   _DEBUG_SET_ERR_VER      .DEFINE         "0"
  279                             264 C       .AENDI
  280                             265 C   
  281                             266 C   
  282                             267 I1   .AENDI
  283                              16             .INCLUDE        "ssa_khad.equ"          ; //equ定義
  284                               1 I1  ;       ***********************************
*** SuperH RISC engine ASSEMBLER V.7.01.02.000 ***    07/04/21 19:29:19                                                  PAGE     6
PROGRAM NAME =

  285                               2 I1  ;       ***                             ***
  286                               3 I1  ;       ***     C/Bのﾊｰﾄﾞ関係ｿｰｽ切分    ***
  287                               4 I1  ;       ***                             ***
  288                               5 I1  ;       ***********************************
  289                               6 I1  _COMPILE_YES            .DEFINE         "1"             ;
  290                               7 I1  _COMPILE_NO             .DEFINE         "0"             ;
  291                               8 I1  
  292                               9 I1  _DEBUG_YES              .DEFINE         "1"             ;
  293                              10 I1  _DEBUG_NO               .DEFINE         "0"             ;
  294                              11 I1  
  295                              12 I1  ;       ==== 出荷時 ===
  296                              13 I1  _FPU_RESET              .DEFINE         "1"     ;
  297                              14 I1  
  298                              15 I1  ;       ===== ﾃｰﾌﾞﾙ内臓ROM/FLASH化=====
  299                              16 I1  _CB_TBL_INROM           .DEFINE         "0"             ;
  300                              17 I1  _CB_TBL_FLASH           .DEFINE         "1"             ;
  301                              18 I1  ;;_CB_TBL_SEL           .DEFINE         "0"     ;こっちはｾｸｼｮﾝも変更する必要有り
  302                              19 I1  _CB_TBL_SEL             .DEFINE         "1"     ;(ﾃﾞﾊﾞｯｸ時,出荷時共にこっち)
  303                              20 I1  
  304                              21 I1  
  305                              22 I1  
  306                              23 I1  ;       ===== ﾃﾞﾊﾞｯｸ機能選択(出荷時0)===
  307                              24 I1  ;;;;_DEBUG_INC_PLS              .DEFINE         "1"     ;
  308                              25 I1  _DEBUG_INC_PLS          .DEFINE         "0"     ;出荷時
  309                              26 I1  ;       ===== ﾃﾞﾊﾞｯｸ機能選択(出荷時0)===
  310                              27 I1  ;;;;;;_DEBUG_RNA_PLS            .DEFINE         "1"     ;
  311                              28 I1  _DEBUG_RNA_PLS          .DEFINE         "0"     ;出荷時
  312                              29 I1  ;       ====== PARAM ERR =====
  313                              30 I1  ;;_DBG_PARAM_ERR                .DEFINE         "1"     ;出荷時YESの予定
  314                              31 I1  _DBG_PARAM_ERR          .DEFINE         "0"     ;出荷時YESの予定
  315                              32 I1  
  316                              33 I1  
  317                              34 I1  
  318                              35 I1  ;       ===== 2重回路対策 ====
  319                              36 I1  _CPUB_SPCAL_CHG1        .DEFINE         "1"     ;CPU-Bの2重回路対策
  320                              37 I1  
  321                              38 I1  
  322                              39 I1  ;       ===== 2003-01-22 ====
  323                              40 I1  _NEG_SPEC1              .DEFINE         "1"     ;ﾌﾟﾛｸﾞﾗﾑ変更箇所(反転仕様に関わる変更)
  324                              41 I1  _PRG_CHG20030127        .DEFINE         "1"     ;ﾌﾟﾛｸﾞﾗﾑ変更箇所(反転仕様以外の標準に入れ
                                          る変更)
  325                              42 I1  
  326                              43 I1  
  327                              44 I1  ;       ====== 2003-04-03 ===
  328                              45 I1  ;       [S01m 2003-04-03] 外部急停止・遮光停止でのｵｰﾊﾞﾗﾝ機能
  329                              46 I1  _PRG_CHG200300403       .DEFINE         "1"     ;
  330                              47 I1  
  331                              48 I1  ;       ====== 2003-05-12(変更は05-09~) ====
  332                              49 I1  ;       [S01n 2003-05-12] ｵｰﾊﾞﾗﾝ及び逆転異常と停止異常
  333                              50 I1  _PRG_CHG20030512        .DEFINE         "1"     ;
  334                              51 I1  
  335                              52 I1  ;       ==== 基本的にはOFF プログラム追加の確認までの間の対応 検証後はIFをはずす====
  336                              53 I1  
  337          0000000A            54 I1  _TIM_CNT010MS_DT        .EQU    10      ;10MSEC
  338          00000064            55 I1  _TIM_CNT100MS_DT        .EQU    100     ;100MSEC
  339                              56 I1  
  340                              57 I1  ;       ***********************************
*** SuperH RISC engine ASSEMBLER V.7.01.02.000 ***    07/04/21 19:29:19                                                  PAGE     7
PROGRAM NAME =

  341                              58 I1  ;       ***     ハード関係のビット      ***
  342                              59 I1  ;       ***********************************
  343                              60 I1  ;       _WはWbitの意味 出力
  344          00000001            61 I1  _WOQST                  .EQU    BIT0
  345          00000002            62 I1  _WOVN1                  .EQU    BIT1
  346          00000004            63 I1  _WOVN2                  .EQU    BIT2
  347          00000008            64 I1  _WOVN3                  .EQU    BIT3
  348          00000010            65 I1  _WOANT                  .EQU    BIT4
  349          00000020            66 I1  _WORDY                  .EQU    BIT5
  350          00000040            67 I1  _WOATO                  .EQU    BIT6
  351          00000080            68 I1  _WOFCY                  .EQU    BIT7
  352          00000100            69 I1  _WORCY                  .EQU    BIT8
  353          00000200            70 I1  _WORST                  .EQU    BIT9
  354                              71 I1  
  355                              72 I1  ;       ***********************************
  356                              73 I1  ;       ***     ハード関係のビット      ***
  357                              74 I1  ;       ***********************************
  358                              75 I1  ;       _WはWbitの意味 入力
  359          00000001            76 I1  _W1OFF                  .EQU    BIT0    ;
  360          00000002            77 I1  _W1INC                  .EQU    BIT1    ;
  361          00000004            78 I1  _W1SGL                  .EQU    BIT2    ;
  362          00000008            79 I1  _W1CNT                  .EQU    BIT3    ;
  363          00000010            80 I1  _W1OPT                  .EQU    BIT4    ;
  364          00000020            81 I1  _W1DIC                  .EQU    BIT5    ;
  365          00000040            82 I1  _W1DUP                  .EQU    BIT6    ;
  366          00000080            83 I1  _W1END                  .EQU    BIT7    ;停止時1
  367          00000100            84 I1  _W1RNC                  .EQU    BIT8    ;起動時0
  368          00000200            85 I1  _W1RNO                  .EQU    BIT9    ;起動時1
  369                              86 I1  ;       ==== 2003-02-22 復活=====
  370          00000400            87 I1  _W1LNC                  .EQU    BIT10   ;起動時0 (新構造対応用)
  371          00000800            88 I1  _W1LNO                  .EQU    BIT11   ;起動時1 (新構造対応用)
  372                              89 I1  ;;2003-02-22 _W1LNC                     .EQU    0       ;起動時0
  373                              90 I1  ;;2003-02-22 _W1LNO                     .EQU    0       ;起動時1
  374                              91 I1  
  375                              92 I1  
  376          00001000            93 I1  _W1SNC                  .EQU    BIT12   ;有効時0
  377          00002000            94 I1  _W1SNO                  .EQU    BIT13   ;有効時1
  378          00004000            95 I1  _W1REV                  .EQU    BIT14   ;REV
  379          00008000            96 I1  _W1RST                  .EQU    BIT15   ;ﾘｾｯﾄ
  380                              97 I1  
  381          00000004            98 I1  _W2LS1                  .EQU    BIT2    ;
  382          00000008            99 I1  _W2LS2                  .EQU    BIT3    ;
  383          00000010           100 I1  _W2WT1                  .EQU    BIT4    ;
  384          00000020           101 I1  _W2WT2                  .EQU    BIT5    ;
  385          00000040           102 I1  _W2WT3                  .EQU    BIT6    ;
  386          00000080           103 I1  _W2SUP                  .EQU    BIT7    ;連続ｾｯﾄｱｯﾌﾟ
  387                             104 I1  
  388                             105 I1  ;       ===== 機種ﾃｰﾌﾞﾙ機能選択===
  389                             106 I1  _MCN_TBL_H000S          .DEFINE         "0"
  390                             107 I1  _MCN_TBL_H035S          .DEFINE         "1"     ;1
  391                             108 I1  _MCN_TBL_H035H          .DEFINE         "2"     ;2
  392                             109 I1  _MCN_TBL_H045S          .DEFINE         "3"     ;3
  393                             110 I1  _MCN_TBL_H045H          .DEFINE         "4"     ;4
  394                             111 I1  _MCN_TBL_H060S          .DEFINE         "5"     ;5
  395                             112 I1  _MCN_TBL_H060H          .DEFINE         "6"     ;6
  396                             113 I1  _MCN_TBL_H080S          .DEFINE         "7"     ;7
  397                             114 I1  _MCN_TBL_H080H          .DEFINE         "8"     ;8
*** SuperH RISC engine ASSEMBLER V.7.01.02.000 ***    07/04/21 19:29:19                                                  PAGE     8
PROGRAM NAME =

  398                             115 I1  _MCN_TBL_H110S          .DEFINE         "17"    ;A
  399                             116 I1  _MCN_TBL_H110H          .DEFINE         "18"    ;B
  400                             117 I1  _MCN_TBL_H150S          .DEFINE         "19"    ;C
  401                             118 I1  _MCN_TBL_H150H          .DEFINE         "20"    ;D
  402                             119 I1  _MCN_TBL_H200S          .DEFINE         "21"    ;E
  403                             120 I1  _MCN_TBL_H200H          .DEFINE         "22"    ;F
  404                             121 I1  _MCN_TBL_H250S          .DEFINE         "23"    ;G
  405                             122 I1  _MCN_TBL_H250H          .DEFINE         "24"    ;H
  406                             123 I1                                                  ;I 25
  407                             124 I1                                                  ;J 26
  408                             125 I1  ;       ====2006-06-10=====================================
  409                             126 I1  _MCN_TBL_H630S          .DEFINE         "27"    ;K(27) ｻｰﾎﾞﾌﾟﾚｽ
  410                             127 I1                                                  ;L(28)
  411                             128 I1  ;       ====2007-06-19=====================================
  412                             129 I1  _MCN_TBL_H110L          .DEFINE         "29"    ;M(29) ｻｰﾎﾞﾌﾟﾚｽ
  413                             130 I1                                                  ;N(30)
  414                             131 I1  ;       ====2004-05-26=====================================
  415                             132 I1  _MCN_TBL_H470M          .DEFINE         "31"    ;O(31) ｻｰﾎﾞﾌﾟﾚｽ
  416                             133 I1  
  417                             134 I1  ;       ====2005-06-10=====================================
  418                             135 I1  _MCN_TBL_H630L          .DEFINE         "32"    ;P(32) ｻｰﾎﾞﾌﾟﾚｽ
  419                             136 I1  ;       ====2005-07-14=====================================
  420                             137 I1  _MCN_TBL_H920C          .DEFINE         "33"    ;Q(33) ｻｰﾎﾞﾌﾟﾚｽ
  421                             138 I1                                                  ;R(34)
  422                             139 I1                                                  ;S(35)
  423                             140 I1  
  424                             141 I1  ;       ====== 2007-08-24 H2W 300 ====================
  425                             142 I1  _MCN_TBL_H2W31          .DEFINE         "36"    ;T(36) 200
  426                             143 I1  
  427                             144 I1  ;       ==== 2007-04-25 ====
  428                             145 I1  _MCN_TBL_H2W20          .DEFINE         "37"    ;U(37) H2W 200ton
  429                             146 I1  
  430                             147 I1  ;       ==== 2007-02-18 ====
  431                             148 I1  _MCN_TBL_H2W30          .DEFINE         "38"    ;V(38) H2W 300ton
  432                             149 I1  
  433                             150 I1  
  434                             151 I1  _MCN_TBL_H001S          .DEFINE         "39"    ;W(39) ﾀﾞﾐｰ装置
  435                             152 I1  _MCN_TBL_H2WCS          .DEFINE         "40"    ;X(40) COS(H2W200CS 理想　2006-10-17)
  436                             153 I1  
  437                             154 I1  
  438                             155 I1  ;;_MACINE_TBL_SEL               .DEFINE         "1"     ;
  439                             156 I1  ;;_MACINE_TBL_SEL               .DEFINE         "2"     ;
  440                             157 I1  ;;_MACINE_TBL_SEL               .DEFINE         "3"     ;
  441                             158 I1  ;;_MACINE_TBL_SEL               .DEFINE         "4"     ;
  442                             159 I1  ;;_MACINE_TBL_SEL               .DEFINE         "5"     ;
  443                             160 I1  ;;_MACINE_TBL_SEL               .DEFINE         "6"     ;
  444                             161 I1  ;;_MACINE_TBL_SEL               .DEFINE         "7"     ;7
  445                             162 I1  ;;_MACINE_TBL_SEL               .DEFINE         "8"     ;8
  446                             163 I1  ;;_MACINE_TBL_SEL               .DEFINE         "17"    ;A
  447                             164 I1  ;;_MACINE_TBL_SEL               .DEFINE         "18"    ;B
  448                             165 I1  ;;_MACINE_TBL_SEL               .DEFINE         "19"    ;C
  449                             166 I1  ;;_MACINE_TBL_SEL               .DEFINE         "20"    ;D
  450                             167 I1  ;;_MACINE_TBL_SEL               .DEFINE         "21"    ;E
  451                             168 I1  ;;_MACINE_TBL_SEL               .DEFINE         "22"    ;F
  452                             169 I1  ;;_MACINE_TBL_SEL               .DEFINE         "23"    ;G
  453                             170 I1  ;;_MACINE_TBL_SEL               .DEFINE         "24"    ;H
  454                             171 I1  
*** SuperH RISC engine ASSEMBLER V.7.01.02.000 ***    07/04/21 19:29:19                                                  PAGE     9
PROGRAM NAME =

  455                             172 I1  
  456                             173 I1  ;;_MACINE_TBL_SEL               .DEFINE         "29"    ;M 2007-06-19
  457                             174 I1  
  458                             175 I1  ;;_MACINE_TBL_SEL               .DEFINE         "31"    ;O
  459                             176 I1  ;;_MACINE_TBL_SEL               .DEFINE         "32"    ;P
  460                             177 I1  ;;_MACINE_TBL_SEL               .DEFINE         "33"    ;Q
  461                             178 I1  ;;_MACINE_TBL_SEL               .DEFINE         "27"    ;K
  462                             179 I1  
  463                             180 I1  ;;_MACINE_TBL_SEL               .DEFINE         "36"    ;T(36) 2007-08-24
  464                             181 I1  
  465                             182 I1  ;;_MACINE_TBL_SEL               .DEFINE         "37"    ;U(37) 2007-02-18
  466                             183 I1  ;;_MACINE_TBL_SEL               .DEFINE         "38"    ;V(38) 2007-02-18
  467                             184 I1  
  468                             185 I1  _MACINE_TBL_SEL         .DEFINE         "39"    ;(39) ﾀﾞﾐｰ装置
  469                             186 I1  ;;39            .DEFINE         "40"    ;(40)理想COS
  470                             187 I1  
  471                              17     
  472                              18     
  473                              19     ;       //      ***********************************
  474                              20     ;       //      ***     PUBLIC 宣言 PROGRAM     ***
  475                              21     ;       //      ***********************************
  476                              22     ;       180     = 0~10000 *100.00mm
  477                              23     ;       312     = 0       *100.00mm
  478                              24     ;       0       =
  479                              25     ;       こっちの分解能が重要(制御につかう)
  480                              26     ;       ｾｸｼｮﾝは怪しいから使わない
  481                              27     ;       //      ***********************************
  482                              28     ;       //      ***     セクション              ***
  483                              29     ;       //      ***********************************
  484                              30     ;;      .AIF    1       EQ      1
  485                              31     ;;;     ====== このファイルは内臓空間へ割り当てる===
  486                              32     ;;              .SECTION        Pcb_TBL1,CODE           ;
  487                              33     ;;              .EXPORT         _CB_TABLE               ;未使用
  488                              34     ;;_CB_TABLE:
  489                              35     ;;      .AELSE
  490                              36     ;       ====== 外部空間===
  491                              37     ;;              .SECTION        Pcb_TBL1X, CODE         ;
  492                              38     ;;              .EXPORT         _CB_TABLEX              ;未使用
  493                              39     ;;_CB_TABLEX:
  494                              40     ;;      .AENDI
  495                              41     
  496                              42     
  497                              43     
  498                              44             .END
  *****TOTAL ERRORS       0
  *****TOTAL WARNINGS     0
*** SuperH RISC engine ASSEMBLER V.7.01.02.000 ***    07/04/21 19:29:19                                                  PAGE    10

*** CROSS REFERENCE LIST

NAME                             SECTION  ATTR VALUE             SEQUENCE

BIT0                                      EQU  00000001     21*  344   359 
BIT1                                      EQU  00000002     22*  345   360 
BIT10                                     EQU  00000400     31*  370 
BIT11                                     EQU  00000800     32*  371 
BIT12                                     EQU  00001000     33*  376 
BIT13                                     EQU  00002000     34*  377 
BIT14                                     EQU  00004000     35*  378 
BIT15                                     EQU  00008000     36*  379 
BIT16                                     EQU  00010000     37*
BIT17                                     EQU  00020000     38*
BIT18                                     EQU  00040000     39*
BIT19                                     EQU  00080000     40*
BIT2                                      EQU  00000004     23*  346   361   381 
BIT20                                     EQU  00100000     41*
BIT21                                     EQU  00200000     42*
BIT22                                     EQU  00400000     43*
BIT23                                     EQU  00800000     44*
BIT24                                     EQU  01000000     45*
BIT25                                     EQU  02000000     46*
BIT26                                     EQU  04000000     47*
BIT27                                     EQU  08000000     48*
BIT28                                     EQU  10000000     49*
BIT29                                     EQU  20000000     50*
BIT3                                      EQU  00000008     24*  347   362   382 
BIT30                                     EQU  40000000     51*
BIT31                                     EQU  80000000     52*
BIT4                                      EQU  00000010     25*  348   363   383 
BIT5                                      EQU  00000020     26*  349   364   384 
BIT6                                      EQU  00000040     27*  350   365   385 
BIT7                                      EQU  00000080     28*  351   366   386 
BIT8                                      EQU  00000100     29*  352   367 
BIT9                                      EQU  00000200     30*  353   368 
H_BYTE                                    EQU  00000000     88*
L_BYTE                                    EQU  00000001     87*
NBIT0                                     EQU  000000FE     55*
NBIT1                                     EQU  000000FD     56*
NBIT10                                    EQU  0000FBFF     66*
NBIT11                                    EQU  0000F7FF     67*
NBIT12                                    EQU  0000EFFF     68*
NBIT13                                    EQU  0000DFFF     69*
NBIT14                                    EQU  0000BFFF     70*
NBIT15                                    EQU  00007FFF     71*
NBIT2                                     EQU  000000FB     57*
NBIT3                                     EQU  000000F7     58*
NBIT4                                     EQU  000000EF     59*
NBIT5                                     EQU  000000DF     60*
NBIT6                                     EQU  000000BF     61*
NBIT7                                     EQU  0000007F     62*
NBIT8                                     EQU  0000FEFF     64*
NBIT9                                     EQU  0000FDFF     65*
P                                P        SCT  00000000      0*
XBIT0                                     EQU  00000000     74*
XBIT1                                     EQU  00000001     75*
XBIT2                                     EQU  00000002     76*
*** SuperH RISC engine ASSEMBLER V.7.01.02.000 ***    07/04/21 19:29:19                                                  PAGE    11

*** CROSS REFERENCE LIST

NAME                             SECTION  ATTR VALUE             SEQUENCE

XBIT3                                     EQU  00000003     77*
XBIT4                                     EQU  00000004     78*
XBIT5                                     EQU  00000005     79*
XBIT6                                     EQU  00000006     80*
XBIT7                                     EQU  00000007     81*
_CB_BAKUP_CMD1                            EQU  00005678    120*
_CB_BAKUP_CMD2                            EQU  00001234    121*
_CB_BAK_SUM_COD1                          EQU  5AA51234    118*
_CB_BAK_SUM_COD2                          EQU  A55A4321    119*
_CB_ERR_INFO_MEM                          EQU  00000080    144*
_CB_ERR_INFO_PSIZE                        EQU  00000008    145*
_CB_STS_BUF_1BLK                          EQU  00000040    123*  125 
_CB_STS_BUF_BLKMAX                        EQU  00000008    124*  125 
_CB_STS_BUF_MAX                           EQU  00000200    125*
_CB_TRD_BEFORE                            EQU  00000060    133*
_CB_TRD_BUF_DP_MAX                        EQU  00000080    137*
_CB_TRD_BUF_MAX                           EQU  00000800    134*
_CB_TRD_DP_1CNT                           EQU  00000008    136*
_CB_TRD_DP_CH                             EQU  00000004    129*
_CB_TRD_SMP_CNT                           EQU  00000080    132*
_DUMMY_SUM_CODE                           EQU  5AA53CC3    111*
_START_ACK_COD                            EQU  00004321    219*
_START_REQ_COD                            EQU  00009876    218*
_TIM_CNT010MS_DT                          EQU  0000000A    337*
_TIM_CNT100MS_DT                          EQU  00000064    338*
_VUPCHECK_EQU                             EQU  11AB3739    104*
_W1CNT                                    EQU  00000008    362*
_W1DIC                                    EQU  00000020    364*
_W1DUP                                    EQU  00000040    365*
_W1END                                    EQU  00000080    366*
_W1INC                                    EQU  00000002    360*
_W1LNC                                    EQU  00000400    370*
_W1LNO                                    EQU  00000800    371*
_W1OFF                                    EQU  00000001    359*
_W1OPT                                    EQU  00000010    363*
_W1REV                                    EQU  00004000    378*
_W1RNC                                    EQU  00000100    367*
_W1RNO                                    EQU  00000200    368*
_W1RST                                    EQU  00008000    379*
_W1SGL                                    EQU  00000004    361*
_W1SNC                                    EQU  00001000    376*
_W1SNO                                    EQU  00002000    377*
_W2LS1                                    EQU  00000004    381*
_W2LS2                                    EQU  00000008    382*
_W2SUP                                    EQU  00000080    386*
_W2WT1                                    EQU  00000010    383*
_W2WT2                                    EQU  00000020    384*
_W2WT3                                    EQU  00000040    385*
_WOANT                                    EQU  00000010    348*
_WOATO                                    EQU  00000040    350*
_WOFCY                                    EQU  00000080    351*
_WOQST                                    EQU  00000001    344*
_WORCY                                    EQU  00000100    352*
_WORDY                                    EQU  00000020    349*
*** SuperH RISC engine ASSEMBLER V.7.01.02.000 ***    07/04/21 19:29:19                                                  PAGE    12

*** CROSS REFERENCE LIST

NAME                             SECTION  ATTR VALUE             SEQUENCE

_WORST                                    EQU  00000200    353*
_WOVN1                                    EQU  00000002    345*
_WOVN2                                    EQU  00000004    346*
_WOVN3                                    EQU  00000008    347*
*** SuperH RISC engine ASSEMBLER V.7.01.02.000 ***    07/04/21 19:29:19                                                  PAGE    13

*** SECTION DATA LIST

SECTION                          ATTRIBUTE    SIZE             START

P                                REL-CODE    000000000        
