*** SuperH RISC engine ASSEMBLER V.7.01.02.000 ***    11/15/15 05:47:31                                                  PAGE     1
PROGRAM NAME =

    1                               1     ;****************************************************************************************
    2                               2     ;* File Name    : ssa_IntProc.src
    3                               3     ;* Function     : シーケンス 割込み処理
    4                               4     ;* Author       : Designed by T.Akiba, Coded by T.Akiba
    5                               5     ;* Date         : 2009-11-20 Akiba
    6                               6     ;* Update       : 2010-08-11 Y.Kobayashi(コード整理)
    7                               7     ;****************************************************************************************
    8                               8     
    9                               9     ;********************************************************************
   10                              10     ;* INCLUDE
   11                              11     ;********************************************************************
 2237                              19     
 2238 00000000                     20             .SECTION        P,CODE
 2239                              21     
 2240                              22     ;********************************************************************
 2241                              23     ;* PUBLIC 宣言 PROGRAM
 2242                              24     ;********************************************************************
 2243                              25             .IMPORT         _SEQ_RUN_MAIN1
 2244                              26             .IMPORT         _SeqRunFlg
 2245                              27             .EXPORT         _SEQ_INT_TIM10MS
 2246                              28     
 2247                              29     
 2248                              30     ;********************************************************************
 2249                              31     ;* FUNCTION     : 10msタイマ割込み
 2250                              32     ;* DATE         : 09/11/20 Akiba
 2251                              33     ;* UPDATE       :
 2252                              34     ;********************************************************************
 2253 00000000                     35     _SEQ_INT_TIM10MS:
 2254                              36             SUB_START
 2255 00000000 4F22                   M           STS.L   PR,@-R15                ;[必要]
 2256                                 M   ;;;;;;; ADD     #-4,R15                 ;[不要?]
 2257                              37     
 2258                              38             FAR_JSR #_SEQ_TIM_10MS,R0
 2259 00000002 D005                   M           MOV.L   #_SEQ_TIM_10MS,R0               ;ﾃｰﾌﾞﾙｱﾄﾞﾚｽの内容をREGへ
 2260 00000004 400B                   M           JSR     @R0                     ;
 2261 00000006 0009                   M           NOP                                     ;
 2262                              39     
 2263                              40     ;;      10ms割込みが10回で100msﾀｲﾏ起動に変更 ADD 100114 AKIBA
 2264                              41     ;;      FAR_JSR #_SEQ_TIM_100MS,R0              ;
 2265 00000008 D104                42             MOV.L   #_SEQ_TIM_WK100M,R1             ;
 2266 0000000A 6011                43             MOV.W   @R1,R0                          ;
 2267 0000000C 8800                44             CMP/EQ  #0,R0                           ;
 2268 0000000E 8907                45             BT      SEQ_INT_TIM10MS_100             ; 10ms割込確認(10回で100msﾀｲﾏ起動)
 2269 00000010 70FF                46             ADD     #-1,R0                          ;
 2270 00000012 2101                47             MOV.W   R0,@R1                          ;
 2271                              48             M_BRA   SEQ_INT_TIM10MS_101             ;
 2272 00000014 A009                   M           BRA     SEQ_INT_TIM10MS_101
 2273 00000016 0009                   M           NOP
 2274                              49     
 2275                                     ***** BEGIN-POOL *****
 2276 00000018 00000000                   DATA FOR SOURCE-LINE 38
 2277 0000001C 00000000                   DATA FOR SOURCE-LINE 42
 2278                                     ***** END-POOL *****
 2279 00000020                     50     SEQ_INT_TIM10MS_100:
 2280                              51             FAR_JSR #_SEQ_TIM_100MS,R0              ; 100msﾀｲﾏ起動
 2281 00000020 D006                   M           MOV.L   #_SEQ_TIM_100MS,R0              ;ﾃｰﾌﾞﾙｱﾄﾞﾚｽの内容をREGへ
 2282 00000022 400B                   M           JSR     @R0                     ;
*** SuperH RISC engine ASSEMBLER V.7.01.02.000 ***    11/15/15 05:47:31                                                  PAGE     2
PROGRAM NAME =

 2283 00000024 0009                   M           NOP                                     ;
 2284 00000026 9008                52             MOV.W   #D'9,R0                         ;
 2285 00000028 2101                53             MOV.W   R0,@R1                          ;
 2286                              54     
 2287 0000002A                     55     SEQ_INT_TIM10MS_101:
 2288                              56     ;;      10ms割込みが100回で1000msﾀｲﾏ起動に変更 ADD 100114 AKIBA
 2289                              57     ;;      FAR_JSR #_SEQ_TIM_1000MS,R0
 2290 0000002A D105                58             MOV.L   #_SEQ_TIM_WK1000M,R1            ;
 2291 0000002C 6011                59             MOV.W   @R1,R0                          ;
 2292 0000002E 8800                60             CMP/EQ  #0,R0                           ;
 2293 00000030 8908                61             BT      SEQ_INT_TIM10MS_200             ; 10ms割込確認(100回で1000msﾀｲﾏ起動)
 2294 00000032 70FF                62             ADD     #-1,R0                          ;
 2295 00000034 2101                63             MOV.W   R0,@R1                          ;
 2296                              64             M_BRA   SEQ_INT_TIM10MS_201             ;
 2297 00000036 A00A                   M           BRA     SEQ_INT_TIM10MS_201
 2298 00000038 0009                   M           NOP
 2299                              65     
 2300                                     ***** BEGIN-POOL *****
 2301 0000003A 0009                       DATA FOR SOURCE-LINE 52
 2302 0000003C 00000000                   DATA FOR SOURCE-LINE 51
 2303 00000040 00000000                   DATA FOR SOURCE-LINE 58
 2304                                     ***** END-POOL *****
 2305 00000044                     66     SEQ_INT_TIM10MS_200:
 2306                              67             FAR_JSR #_SEQ_TIM_1000MS,R0             ; 1000msﾀｲﾏ起動
 2307 00000044 D00B                   M           MOV.L   #_SEQ_TIM_1000MS,R0             ;ﾃｰﾌﾞﾙｱﾄﾞﾚｽの内容をREGへ
 2308 00000046 400B                   M           JSR     @R0                     ;
 2309 00000048 0009                   M           NOP                                     ;
 2310 0000004A 9011                68             MOV.W   #D'99,R0                        ;
 2311 0000004C 2101                69             MOV.W   R0,@R1                          ;
 2312                              70     
 2313 0000004E                     71     SEQ_INT_TIM10MS_201:
 2314                              72             FAR_JSR #_SEQ_TIM1S_LD,R0               ; ﾗﾀﾞｰﾂｰﾙ 受信ﾀｲﾑｱｳﾄﾀｲﾏ add 091215 akiba
 2315 0000004E D00A                   M           MOV.L   #_SEQ_TIM1S_LD,R0               ;ﾃｰﾌﾞﾙｱﾄﾞﾚｽの内容をREGへ
 2316 00000050 400B                   M           JSR     @R0                     ;
 2317 00000052 0009                   M           NOP                                     ;
 2318                              73     
 2319                              74     ;;----- ｼｰｹﾝｽﾒｲﾝﾙｰﾁﾝ1実行 Add 100106 AKIBA -----
 2320 00000054 D109                75             MOV.L   #_SeqRunFlg,R1                  ; 運転ﾌﾗｸﾞ確認
 2321 00000056 6011                76             MOV.W   @R1,R0
 2322 00000058 8800                77             CMP/EQ  #0,R0
 2323 0000005A 8906                78             BT      SEQ_INT_TIM10MS_300
 2324 0000005C D108                79             MOV.L   #_SEQ_CMP_START,R1              ; ｺﾝﾊﾟｲﾙ中ﾌﾗｸﾞ確認
 2325 0000005E 6011                80             MOV.W   @R1,R0
 2326 00000060 8800                81             CMP/EQ  #0,R0
 2327 00000062 8902                82             BT      SEQ_INT_TIM10MS_300
 2328                              83             FAR_JSR #_SEQ_RUN_MAIN1,R0
 2329 00000064 D007                   M           MOV.L   #_SEQ_RUN_MAIN1,R0              ;ﾃｰﾌﾞﾙｱﾄﾞﾚｽの内容をREGへ
 2330 00000066 400B                   M           JSR     @R0                     ;
 2331 00000068 0009                   M           NOP                                     ;
 2332                              84     
 2333 0000006A                     85     SEQ_INT_TIM10MS_300:
 2334                              86             SUB_END
 2335                                 M   ;;;;;;; ADD     #4,R15                  ;[不要?]
 2336 0000006A 4F26                   M           LDS.L   @R15+,PR                ;[必要]
 2337                              87             M_RTS
 2338 0000006C 000B                   M           RTS                             ;RTSの後ろの
 2339 0000006E 0009                   M           NOP                             ;@R15+,PRはﾀﾞﾒ
*** SuperH RISC engine ASSEMBLER V.7.01.02.000 ***    11/15/15 05:47:31                                                  PAGE     3
PROGRAM NAME =

 2340                              88     
 2341                              89     ;********************************************************************
 2342                              90     ;* FUNCTION     : 1msタイマ割込み
 2343                              91     ;* DATE         : 09/11/20 Akiba
 2344                              92     ;* UPDATE       :
 2345                              93     ;********************************************************************
 2346                              94             .IMPORT         _SEQ_RUN_MAIN3
 2347                              95             .EXPORT         _SEQ_INT_TIM1MS
 2348                              96     
 2349                                     ***** BEGIN-POOL *****
 2350 00000070 0063                       DATA FOR SOURCE-LINE 68
 2351 00000072 0000                       ALIGNMENT CODE
 2352 00000074 00000000                   DATA FOR SOURCE-LINE 67
 2353 00000078 00000000                   DATA FOR SOURCE-LINE 72
 2354 0000007C 00000000                   DATA FOR SOURCE-LINE 75
 2355 00000080 00000000                   DATA FOR SOURCE-LINE 79
 2356 00000084 00000000                   DATA FOR SOURCE-LINE 83
 2357                                     ***** END-POOL *****
 2358 00000088                     97     _SEQ_INT_TIM1MS:
 2359                              98             SUB_START
 2360 00000088 4F22                   M           STS.L   PR,@-R15                ;[必要]
 2361                                 M   ;;;;;;; ADD     #-4,R15                 ;[不要?]
 2362                              99     
 2363                             100             FAR_JSR #_SEQ_TIM_1MS,R0
 2364 0000008A D008                   M           MOV.L   #_SEQ_TIM_1MS,R0                ;ﾃｰﾌﾞﾙｱﾄﾞﾚｽの内容をREGへ
 2365 0000008C 400B                   M           JSR     @R0                     ;
 2366 0000008E 0009                   M           NOP                                     ;
 2367                             101     
 2368                             102     ;;----- ｼｰｹﾝｽﾒｲﾝﾙｰﾁﾝ3実行 Add 100106 AKIBA -----
 2369 00000090 D107               103             MOV.L   #_SeqRunFlg,R1                  ; 運転ﾌﾗｸﾞ確認
 2370 00000092 6011               104             MOV.W   @R1,R0
 2371 00000094 8800               105             CMP/EQ  #0,R0
 2372 00000096 8906               106             BT      SEQ_INT_TIM1MS_100
 2373 00000098 D106               107             MOV.L   #_SEQ_CMP_START,R1              ; ｺﾝﾊﾟｲﾙ中ﾌﾗｸﾞ確認
 2374 0000009A 6011               108             MOV.W   @R1,R0
 2375 0000009C 8800               109             CMP/EQ  #0,R0
 2376 0000009E 8902               110             BT      SEQ_INT_TIM1MS_100
 2377                             111             FAR_JSR #_SEQ_RUN_MAIN3,R0
 2378 000000A0 D005                   M           MOV.L   #_SEQ_RUN_MAIN3,R0              ;ﾃｰﾌﾞﾙｱﾄﾞﾚｽの内容をREGへ
 2379 000000A2 400B                   M           JSR     @R0                     ;
 2380 000000A4 0009                   M           NOP                                     ;
 2381                             112     
 2382 000000A6                    113     SEQ_INT_TIM1MS_100:
 2383                             114             SUB_END
 2384                                 M   ;;;;;;; ADD     #4,R15                  ;[不要?]
 2385 000000A6 4F26                   M           LDS.L   @R15+,PR                ;[必要]
 2386                             115             M_RTS
 2387 000000A8 000B                   M           RTS                             ;RTSの後ろの
 2388 000000AA 0009                   M           NOP                             ;@R15+,PRはﾀﾞﾒ
 2389                             116     
 2390                             117     ;********************************************************************
 2391                             118     ;* FUNCTION     : タイマカウント マクロ
 2392                             119     ;* DATE         : 09/11/20 Akiba
 2393                             120     ;* UPDATE       :
 2394                             121     ;********************************************************************
 2395                             122             .MACRO  SEQ_TIM_CNT1 ADR_REG,LATE
 2396                             123     
*** SuperH RISC engine ASSEMBLER V.7.01.02.000 ***    11/15/15 05:47:31                                                  PAGE     4
PROGRAM NAME =

 2397                             124             MOV.L   @(__TMCT_FLG,\ADR_REG),R0       ;
 2398                             125             AND     #(BIT2+BIT1+BIT0),R0            ;
 2399                             126             CMP/EQ  #(BIT1+BIT0),R0                 ;
 2400                             127             BF      JMP01\@                         ;
 2401                             128             MOV.L   @(__TMCT_PV,\ADR_REG),R0        ;
 2402                             129             ADD     #\LATE,R0
 2403                             130             MOV.L   R0,@(__TMCT_PV,\ADR_REG)        ;
 2404                             131     
 2405                             132     JMP01\@:
 2406                             133             ADD     #__TMCT_ST_CNT,\ADR_REG ;
 2407                             134     
 2408                             135             .ENDM
 2409                             136     
 2410                             137     ;********************************************************************
 2411                             138     ;* FUNCTION     : 1msタイマ処理
 2412                             139     ;* DATE         : 09/11/20 Akiba
 2413                             140     ;* UPDATE       :
 2414                             141     ;********************************************************************
 2415                                     ***** BEGIN-POOL *****
 2416 000000AC 00000000                   DATA FOR SOURCE-LINE 100
 2417 000000B0 00000000                   DATA FOR SOURCE-LINE 103
 2418 000000B4 00000000                   DATA FOR SOURCE-LINE 107
 2419 000000B8 00000000                   DATA FOR SOURCE-LINE 111
 2420                                     ***** END-POOL *****
 2421 000000BC                    142     _SEQ_TIM_1MS
 2422                             143             SUB_START
 2423 000000BC 4F22                   M           STS.L   PR,@-R15                ;[必要]
 2424                                 M   ;;;;;;; ADD     #-4,R15                 ;[不要?]
 2425                             144     
 2426                             145     ;       ---------------- 1msecﾀｲﾏｶｳﾝﾄ-----------
 2427 000000BE DA08               146             MOV.L   #_SEQ_TMR_DATA+(_T_0001MS_TOP*__TMCT_ST_CNT),R10        ;416~
 2428 000000C0 930C               147             MOV.W   #_T_0001MS_CNT,R3
 2429                             148     
 2430 000000C2                    149     SEQ_TIM1MS_100
 2431 000000C2 2338               150             TST     R3,R3                                   ;
 2432                             151             TST_BIT_OF SEQ_TIM1MS_200
 2433 000000C4 890E                   M           BT      SEQ_TIM1MS_200
 2434                             152     
 2435                             153             SEQ_TIM_CNT1 ADR_REG=R10,LATE=1                 ;
 2436                                 M   
 2437 000000C6 50A2                   M           MOV.L   @(__TMCT_FLG,R10),R0    ;
 2438 000000C8 C907                   M           AND     #(BIT2+BIT1+BIT0),R0            ;
 2439 000000CA 8803                   M           CMP/EQ  #(BIT1+BIT0),R0                 ;
 2440 000000CC 8B02                   M           BF      JMP0100000                              ;
 2441 000000CE 50A0                   M           MOV.L   @(__TMCT_PV,R10),R0     ;
 2442 000000D0 7001                   M           ADD     #1,R0
 2443 000000D2 1A00                   M           MOV.L   R0,@(__TMCT_PV,R10)     ;
 2444                                 M   
 2445 000000D4                        M   JMP0100000:
 2446 000000D4 7A0C                   M           ADD     #__TMCT_ST_CNT,R10      ;
 2447                                 M   
 2448 000000D6 73FF               154             ADD     #-1,R3
 2449                             155             M_BRA   SEQ_TIM1MS_100
 2450 000000D8 AFF3                   M           BRA     SEQ_TIM1MS_100
 2451 000000DA 0009                   M           NOP
 2452                             156     
 2453                                     ***** BEGIN-POOL *****
*** SuperH RISC engine ASSEMBLER V.7.01.02.000 ***    11/15/15 05:47:31                                                  PAGE     5
PROGRAM NAME =

 2454 000000DC 0040                       DATA FOR SOURCE-LINE 147
 2455 000000DE 0000                       ALIGNMENT CODE
 2456 000000E0 00000000                   DATA FOR SOURCE-LINE 146
 2457                                     ***** END-POOL *****
 2458 000000E4                    157     SEQ_TIM1MS_200
 2459                             158     
 2460                             159             SUB_END
 2461                                 M   ;;;;;;; ADD     #4,R15                  ;[不要?]
 2462 000000E4 4F26                   M           LDS.L   @R15+,PR                ;[必要]
 2463                             160             M_RTS
 2464 000000E6 000B                   M           RTS                             ;RTSの後ろの
 2465 000000E8 0009                   M           NOP                             ;@R15+,PRはﾀﾞﾒ
 2466                             161     
 2467                             162     ;********************************************************************
 2468                             163     ;* FUNCTION     : 10msタイマ処理
 2469                             164     ;* DATE         : 09/11/20 Akiba
 2470                             165     ;* UPDATE       :
 2471                             166     ;********************************************************************
 2472 000000EA                    167     _SEQ_TIM_10MS
 2473                             168             SUB_START
 2474 000000EA 4F22                   M           STS.L   PR,@-R15                ;[必要]
 2475                                 M   ;;;;;;; ADD     #-4,R15                 ;[不要?]
 2476                             169     
 2477                             170     ;       ---------------- 10msecﾀｲﾏｶｳﾝﾄ-----------
 2478 000000EC DA07               171             MOV.L   #_SEQ_TMR_DATA+_T_0010MS_TOP*__TMCT_ST_CNT,R10          ;416~
 2479 000000EE 930C               172             MOV.W   #_T_0010MS_CNT,R3
 2480                             173     
 2481 000000F0                    174     SEQ_TIM10MS_100
 2482 000000F0 2338               175             TST     R3,R3                                   ;
 2483                             176             TST_BIT_OF SEQ_TIM10MS_200
 2484 000000F2 890D                   M           BT      SEQ_TIM10MS_200
 2485                             177     
 2486                             178             SEQ_TIM_CNT1 ADR_REG=R10,LATE=1                 ;
 2487                                 M   
 2488 000000F4 50A2                   M           MOV.L   @(__TMCT_FLG,R10),R0    ;
 2489 000000F6 C907                   M           AND     #(BIT2+BIT1+BIT0),R0            ;
 2490 000000F8 8803                   M           CMP/EQ  #(BIT1+BIT0),R0                 ;
 2491 000000FA 8B02                   M           BF      JMP0100001                              ;
 2492 000000FC 50A0                   M           MOV.L   @(__TMCT_PV,R10),R0     ;
 2493 000000FE 7001                   M           ADD     #1,R0
 2494 00000100 1A00                   M           MOV.L   R0,@(__TMCT_PV,R10)     ;
 2495                                 M   
 2496 00000102                        M   JMP0100001:
 2497 00000102 7A0C                   M           ADD     #__TMCT_ST_CNT,R10      ;
 2498                                 M   
 2499 00000104 73FF               179             ADD     #-1,R3
 2500                             180             M_BRA   SEQ_TIM10MS_100
 2501 00000106 AFF3                   M           BRA     SEQ_TIM10MS_100
 2502 00000108 0009                   M           NOP
 2503                             181     
 2504                                     ***** BEGIN-POOL *****
 2505 0000010A 0100                       DATA FOR SOURCE-LINE 172
 2506 0000010C 00000000                   DATA FOR SOURCE-LINE 171
 2507                                     ***** END-POOL *****
 2508 00000110                    182     SEQ_TIM10MS_200
 2509                             183     
 2510                             184     ;       ---------------- 100msecﾀｲﾏｶｳﾝﾄ-----------
*** SuperH RISC engine ASSEMBLER V.7.01.02.000 ***    11/15/15 05:47:31                                                  PAGE     6
PROGRAM NAME =

 2511 00000110 DA07               185             MOV.L   #_SEQ_TMR_DATA+_T_0100MS_TOP*__TMCT_ST_CNT,R10          ;416~
 2512 00000112 930C               186             MOV.W   #_T_0100MS_CNT,R3
 2513                             187     
 2514 00000114                    188     SEQ_TIM10MS_300
 2515 00000114 2338               189             TST     R3,R3                                   ;
 2516                             190             TST_BIT_OF SEQ_TIM10MS_400
 2517 00000116 890D                   M           BT      SEQ_TIM10MS_400
 2518                             191     
 2519                             192             SEQ_TIM_CNT1 ADR_REG=R10,LATE=1                 ;
 2520                                 M   
 2521 00000118 50A2                   M           MOV.L   @(__TMCT_FLG,R10),R0    ;
 2522 0000011A C907                   M           AND     #(BIT2+BIT1+BIT0),R0            ;
 2523 0000011C 8803                   M           CMP/EQ  #(BIT1+BIT0),R0                 ;
 2524 0000011E 8B02                   M           BF      JMP0100002                              ;
 2525 00000120 50A0                   M           MOV.L   @(__TMCT_PV,R10),R0     ;
 2526 00000122 7001                   M           ADD     #1,R0
 2527 00000124 1A00                   M           MOV.L   R0,@(__TMCT_PV,R10)     ;
 2528                                 M   
 2529 00000126                        M   JMP0100002:
 2530 00000126 7A0C                   M           ADD     #__TMCT_ST_CNT,R10      ;
 2531                                 M   
 2532 00000128 73FF               193             ADD     #-1,R3
 2533                             194             M_BRA   SEQ_TIM10MS_300
 2534 0000012A AFF3                   M           BRA     SEQ_TIM10MS_300
 2535 0000012C 0009                   M           NOP
 2536                             195     
 2537                                     ***** BEGIN-POOL *****
 2538 0000012E 0080                       DATA FOR SOURCE-LINE 186
 2539 00000130 00000000                   DATA FOR SOURCE-LINE 185
 2540                                     ***** END-POOL *****
 2541 00000134                    196     SEQ_TIM10MS_400
 2542                             197     
 2543                             198             SUB_END
 2544                                 M   ;;;;;;; ADD     #4,R15                  ;[不要?]
 2545 00000134 4F26                   M           LDS.L   @R15+,PR                ;[必要]
 2546                             199             M_RTS
 2547 00000136 000B                   M           RTS                             ;RTSの後ろの
 2548 00000138 0009                   M           NOP                             ;@R15+,PRはﾀﾞﾒ
 2549                             200     
 2550                             201     ;********************************************************************
 2551                             202     ;* FUNCTION     : 100msタイマ処理
 2552                             203     ;* DATE         : 09/11/20 Akiba
 2553                             204     ;* UPDATE       :
 2554                             205     ;********************************************************************
 2555 0000013A                    206     _SEQ_TIM_100MS
 2556                             207             SUB_START
 2557 0000013A 4F22                   M           STS.L   PR,@-R15                ;[必要]
 2558                                 M   ;;;;;;; ADD     #-4,R15                 ;[不要?]
 2559                             208     
 2560                             209     ;       ---------------- 1000msecﾀｲﾏｶｳﾝﾄ-----------
 2561 0000013C DA07               210             MOV.L   #_SEQ_TMR_DATA+_T_1000MS_TOP*__TMCT_ST_CNT,R10          ;416~
 2562 0000013E 930C               211             MOV.W   #_T_1000MS_CNT,R3
 2563                             212     
 2564 00000140                    213     SEQ_TIM100MS_100
 2565 00000140 2338               214             TST     R3,R3                                   ;
 2566                             215             TST_BIT_OF SEQ_TIM100MS_200
 2567 00000142 890D                   M           BT      SEQ_TIM100MS_200
*** SuperH RISC engine ASSEMBLER V.7.01.02.000 ***    11/15/15 05:47:31                                                  PAGE     7
PROGRAM NAME =

 2568                             216     
 2569                             217             SEQ_TIM_CNT1 ADR_REG=R10,LATE=1                 ;
 2570                                 M   
 2571 00000144 50A2                   M           MOV.L   @(__TMCT_FLG,R10),R0    ;
 2572 00000146 C907                   M           AND     #(BIT2+BIT1+BIT0),R0            ;
 2573 00000148 8803                   M           CMP/EQ  #(BIT1+BIT0),R0                 ;
 2574 0000014A 8B02                   M           BF      JMP0100003                              ;
 2575 0000014C 50A0                   M           MOV.L   @(__TMCT_PV,R10),R0     ;
 2576 0000014E 7001                   M           ADD     #1,R0
 2577 00000150 1A00                   M           MOV.L   R0,@(__TMCT_PV,R10)     ;
 2578                                 M   
 2579 00000152                        M   JMP0100003:
 2580 00000152 7A0C                   M           ADD     #__TMCT_ST_CNT,R10      ;
 2581                                 M   
 2582 00000154 73FF               218             ADD     #-1,R3
 2583                             219             M_BRA   SEQ_TIM100MS_100
 2584 00000156 AFF3                   M           BRA     SEQ_TIM100MS_100
 2585 00000158 0009                   M           NOP
 2586                             220     
 2587                                     ***** BEGIN-POOL *****
 2588 0000015A 0020                       DATA FOR SOURCE-LINE 211
 2589 0000015C 00000000                   DATA FOR SOURCE-LINE 210
 2590                                     ***** END-POOL *****
 2591 00000160                    221     SEQ_TIM100MS_200
 2592                             222     
 2593                             223             SUB_END
 2594                                 M   ;;;;;;; ADD     #4,R15                  ;[不要?]
 2595 00000160 4F26                   M           LDS.L   @R15+,PR                ;[必要]
 2596                             224             M_RTS
 2597 00000162 000B                   M           RTS                             ;RTSの後ろの
 2598 00000164 0009                   M           NOP                             ;@R15+,PRはﾀﾞﾒ
 2599                             225     
 2600                             226     ;********************************************************************
 2601                             227     ;* FUNCTION     : 1000msタイマ処理
 2602                             228     ;* DATE         : 09/11/20 Akiba
 2603                             229     ;* UPDATE       :
 2604                             230     ;********************************************************************
 2605 00000166                    231     _SEQ_TIM_1000MS
 2606                             232             SUB_START
 2607 00000166 4F22                   M           STS.L   PR,@-R15                ;[必要]
 2608                                 M   ;;;;;;; ADD     #-4,R15                 ;[不要?]
 2609                             233     ;       ---------------- 1000msecﾀｲﾏｶｳﾝﾄ-----------
 2610 00000168 DA07               234             MOV.L   #_SEQ_TMR_DATA+_T_0001HR_TOP*__TMCT_ST_CNT,R10          ;416~
 2611 0000016A 930C               235             MOV.W   #_T_0001HR_CNT,R3
 2612                             236     
 2613 0000016C                    237     SEQ_TIM1000MS_100
 2614 0000016C 2338               238             TST     R3,R3                                   ;
 2615                             239             TST_BIT_OF SEQ_TIM1000MS_200
 2616 0000016E 890D                   M           BT      SEQ_TIM1000MS_200
 2617                             240     
 2618                             241             SEQ_TIM_CNT1 ADR_REG=R10,LATE=1                 ;
 2619                                 M   
 2620 00000170 50A2                   M           MOV.L   @(__TMCT_FLG,R10),R0    ;
 2621 00000172 C907                   M           AND     #(BIT2+BIT1+BIT0),R0            ;
 2622 00000174 8803                   M           CMP/EQ  #(BIT1+BIT0),R0                 ;
 2623 00000176 8B02                   M           BF      JMP0100004                              ;
 2624 00000178 50A0                   M           MOV.L   @(__TMCT_PV,R10),R0     ;
*** SuperH RISC engine ASSEMBLER V.7.01.02.000 ***    11/15/15 05:47:31                                                  PAGE     8
PROGRAM NAME =

 2625 0000017A 7001                   M           ADD     #1,R0
 2626 0000017C 1A00                   M           MOV.L   R0,@(__TMCT_PV,R10)     ;
 2627                                 M   
 2628 0000017E                        M   JMP0100004:
 2629 0000017E 7A0C                   M           ADD     #__TMCT_ST_CNT,R10      ;
 2630                                 M   
 2631 00000180 73FF               242             ADD     #-1,R3
 2632                             243             M_BRA   SEQ_TIM1000MS_100
 2633 00000182 AFF3                   M           BRA     SEQ_TIM1000MS_100
 2634 00000184 0009                   M           NOP
 2635                             244     
 2636                                     ***** BEGIN-POOL *****
 2637 00000186 0020                       DATA FOR SOURCE-LINE 235
 2638 00000188 00000000                   DATA FOR SOURCE-LINE 234
 2639                                     ***** END-POOL *****
 2640 0000018C                    245     SEQ_TIM1000MS_200
 2641                             246     
 2642                             247             SUB_END
 2643                                 M   ;;;;;;; ADD     #4,R15                  ;[不要?]
 2644 0000018C 4F26                   M           LDS.L   @R15+,PR                ;[必要]
 2645                             248             M_RTS
 2646 0000018E 000B                   M           RTS                             ;RTSの後ろの
 2647 00000190 0009                   M           NOP                             ;@R15+,PRはﾀﾞﾒ
 2648                             249     
 2649                             250     ;********************************************************************
 2650                             251     ;* FUNCTION     : ラダーツール タイマ処理(タイムアウト)
 2651                             252     ;* DATE         : 09/11/20 Akiba
 2652                             253     ;* UPDATE       :
 2653                             254     ;********************************************************************
 2654 00000192                    255     _SEQ_TIM1S_LD
 2655                             256             SUB_START
 2656 00000192 4F22                   M           STS.L   PR,@-R15                ;[必要]
 2657                                 M   ;;;;;;; ADD     #-4,R15                 ;[不要?]
 2658                             257     
 2659 00000194 D304               258             MOV.L   #_SEQ_LD_TIMOUT,R3
 2660 00000196 6031               259             MOV.W   @R3,R0
 2661 00000198 2008               260             TST     R0,R0
 2662                             261             TST_BIT_OF SEQ_TIM1S_LD_100
 2663 0000019A 8901                   M           BT      SEQ_TIM1S_LD_100
 2664 0000019C 70FF               262             ADD     #-1,R0
 2665 0000019E 2301               263             MOV.W   R0,@R3
 2666                             264     
 2667 000001A0                    265     SEQ_TIM1S_LD_100
 2668                             266             SUB_END
 2669                                 M   ;;;;;;; ADD     #4,R15                  ;[不要?]
 2670 000001A0 4F26                   M           LDS.L   @R15+,PR                ;[必要]
 2671                             267             M_RTS
 2672 000001A2 000B                   M           RTS                             ;RTSの後ろの
 2673 000001A4 0009                   M           NOP                             ;@R15+,PRはﾀﾞﾒ
 2674                             268     
 2675                                     ***** BEGIN-POOL *****
 2676 000001A6 0000                       ALIGNMENT CODE
 2677 000001A8 00000000                   DATA FOR SOURCE-LINE 258
 2678                                     ***** END-POOL *****
 2679                             269             .END
  *****TOTAL ERRORS       0
  *****TOTAL WARNINGS     0
*** SuperH RISC engine ASSEMBLER V.7.01.02.000 ***    11/15/15 05:47:31                                                  PAGE     9

*** CROSS REFERENCE LIST

NAME                             SECTION  ATTR VALUE             SEQUENCE

ADDL_ADR                                  IMPT 00000000   1895 
ADDL_OFS                                  IMPT 00000000   1896 
ADDWI_DT_LH                               IMPT 00000000   1900 
ADDWI_DT_LL                               IMPT 00000000   1901 
ADDW_ADR                                  IMPT 00000000   1890 
ADDW_OFS                                  IMPT 00000000   1891 
ANDL_ADR                                  IMPT 00000000   1925 
ANDL_OFS                                  IMPT 00000000   1926 
ANDN_ADR                                  IMPT 00000000   1681 
ANDN_BIT                                  IMPT 00000000   1683 
ANDN_OFS                                  IMPT 00000000   1682 
ANDWI_DT_LH                               IMPT 00000000   1930 
ANDWI_DT_LL                               IMPT 00000000   1931 
ANDW_ADR                                  IMPT 00000000   1920 
ANDW_OFS                                  IMPT 00000000   1921 
AND_ADR                                   IMPT 00000000   1675 
AND_BIT                                   IMPT 00000000   1677 
AND_OFS                                   IMPT 00000000   1676 
A_REG                                     REG             2219*
BIT0                                      EQU  00000001     19* 2438  2439  2489  2490  2522  2523  2572  2573  2621  2622 
BIT1                                      EQU  00000002     20* 2438  2439  2489  2490  2522  2523  2572  2573  2621  2622 
BIT10                                     EQU  00000400     29*
BIT11                                     EQU  00000800     30*
BIT12                                     EQU  00001000     31*
BIT13                                     EQU  00002000     32*
BIT14                                     EQU  00004000     33*
BIT15                                     EQU  00008000     34*
BIT16                                     EQU  00010000     35*
BIT17                                     EQU  00020000     36*
BIT18                                     EQU  00040000     37*
BIT19                                     EQU  00080000     38*
BIT2                                      EQU  00000004     21* 2438  2489  2522  2572  2621 
BIT20                                     EQU  00100000     39*
BIT21                                     EQU  00200000     40*
BIT22                                     EQU  00400000     41*
BIT23                                     EQU  00800000     42*
BIT24                                     EQU  01000000     43*
BIT25                                     EQU  02000000     44*
BIT26                                     EQU  04000000     45*
BIT27                                     EQU  08000000     46*
BIT28                                     EQU  10000000     47*
BIT29                                     EQU  20000000     48*
BIT3                                      EQU  00000008     22*
BIT30                                     EQU  40000000     49*
BIT31                                     EQU  80000000     50*
BIT4                                      EQU  00000010     23*
BIT5                                      EQU  00000020     24*
BIT6                                      EQU  00000040     25*
BIT7                                      EQU  00000080     26*
BIT8                                      EQU  00000100     27*
BIT9                                      EQU  00000200     28*
CLR_ADR                                   IMPT 00000000   1753 
CLR_OFS                                   IMPT 00000000   1754 
CTBL_REG                                  REG             2223*
*** SuperH RISC engine ASSEMBLER V.7.01.02.000 ***    11/15/15 05:47:31                                                  PAGE    10

*** CROSS REFERENCE LIST

NAME                             SECTION  ATTR VALUE             SEQUENCE

DSETLI_DT_HH                              IMPT 00000000   1974 
DSETLI_DT_HL                              IMPT 00000000   1975 
DSETLI_DT_LH                              IMPT 00000000   1976 
DSETLI_DT_LL                              IMPT 00000000   1977 
DSETWI_DT_LH                              IMPT 00000000   1748 
DSETWI_DT_LL                              IMPT 00000000   1749 
DTBL_REG                                  REG             2224*
D_REG                                     REG             2222*
EQL_ADR                                   IMPT 00000000   1805 
EQL_OFS                                   IMPT 00000000   1806 
EQWI_DT_LH                                IMPT 00000000   1810 
EQWI_DT_LL                                IMPT 00000000   1811 
EQW_ADR                                   IMPT 00000000   1800 
EQW_OFS                                   IMPT 00000000   1801 
GEL_ADR                                   IMPT 00000000   1850 
GEL_OFS                                   IMPT 00000000   1851 
GEWI_DT_LH                                IMPT 00000000   1855 
GEWI_DT_LL                                IMPT 00000000   1856 
GEW_ADR                                   IMPT 00000000   1845 
GEW_OFS                                   IMPT 00000000   1846 
GTL_ADR                                   IMPT 00000000   1835 
GTL_OFS                                   IMPT 00000000   1836 
GTWI_DT_LH                                IMPT 00000000   1840 
GTWI_DT_LL                                IMPT 00000000   1841 
GTW_ADR                                   IMPT 00000000   1830 
GTW_OFS                                   IMPT 00000000   1831 
H_BYTE                                    EQU  00000000     86*
JMP0100000                       P             000000D4   2440  2445*
JMP0100001                       P             00000102   2491  2496*
JMP0100002                       P             00000126   2524  2529*
JMP0100003                       P             00000152   2574  2579*
JMP0100004                       P             0000017E   2623  2628*
LDL_ADR                                   IMPT 00000000   1785 
LDL_OFS                                   IMPT 00000000   1786 
LDN_ADR                                   IMPT 00000000   1669 
LDN_BIT                                   IMPT 00000000   1671 
LDN_OFS                                   IMPT 00000000   1670 
LDW_ADR                                   IMPT 00000000   1780 
LDW_OFS                                   IMPT 00000000   1781 
LD_ADR                                    IMPT 00000000   1663 
LD_BIT                                    IMPT 00000000   1665 
LD_OFS                                    IMPT 00000000   1664 
LEL_ADR                                   IMPT 00000000   1880 
LEL_OFS                                   IMPT 00000000   1881 
LEWI_DT_LH                                IMPT 00000000   1885 
LEWI_DT_LL                                IMPT 00000000   1886 
LEW_ADR                                   IMPT 00000000   1875 
LEW_OFS                                   IMPT 00000000   1876 
LTL_ADR                                   IMPT 00000000   1865 
LTL_OFS                                   IMPT 00000000   1866 
LTWI_DT_LH                                IMPT 00000000   1870 
LTWI_DT_LL                                IMPT 00000000   1871 
LTW_ADR                                   IMPT 00000000   1860 
LTW_OFS                                   IMPT 00000000   1861 
*** SuperH RISC engine ASSEMBLER V.7.01.02.000 ***    11/15/15 05:47:31                                                  PAGE    11

*** CROSS REFERENCE LIST

NAME                             SECTION  ATTR VALUE             SEQUENCE

L_BYTE                                    EQU  00000001     85*
M_REG                                     REG             2221*
NBIT0                                     EQU  000000FE     53*
NBIT1                                     EQU  000000FD     54*
NBIT10                                    EQU  0000FBFF     64*
NBIT11                                    EQU  0000F7FF     65*
NBIT12                                    EQU  0000EFFF     66*
NBIT13                                    EQU  0000DFFF     67*
NBIT14                                    EQU  0000BFFF     68*
NBIT15                                    EQU  00007FFF     69*
NBIT2                                     EQU  000000FB     55*
NBIT3                                     EQU  000000F7     56*
NBIT4                                     EQU  000000EF     57*
NBIT5                                     EQU  000000DF     58*
NBIT6                                     EQU  000000BF     59*
NBIT7                                     EQU  0000007F     60*
NBIT8                                     EQU  0000FEFF     62*
NBIT9                                     EQU  0000FDFF     63*
NEL_ADR                                   IMPT 00000000   1820 
NEL_OFS                                   IMPT 00000000   1821 
NEWI_DT_LH                                IMPT 00000000   1825 
NEWI_DT_LL                                IMPT 00000000   1826 
NEW_ADR                                   IMPT 00000000   1815 
NEW_OFS                                   IMPT 00000000   1816 
N_REG                                     REG             2220*
ORL_ADR                                   IMPT 00000000   1940 
ORL_OFS                                   IMPT 00000000   1941 
ORN_ADR                                   IMPT 00000000   1693 
ORN_BIT                                   IMPT 00000000   1695 
ORN_OFS                                   IMPT 00000000   1694 
ORWI_DT_LH                                IMPT 00000000   1945 
ORWI_DT_LL                                IMPT 00000000   1946 
ORW_ADR                                   IMPT 00000000   1935 
ORW_OFS                                   IMPT 00000000   1936 
OR_ADR                                    IMPT 00000000   1687 
OR_BIT                                    IMPT 00000000   1689 
OR_OFS                                    IMPT 00000000   1688 
P                                P        SCT  00000000   2238*
PLF_ADR                                   IMPT 00000000   1724 
PLF_BIT                                   IMPT 00000000   1726 
PLF_OFS                                   IMPT 00000000   1725 
PLS_ADR                                   IMPT 00000000   1718 
PLS_BIT                                   IMPT 00000000   1720 
PLS_OFS                                   IMPT 00000000   1719 
R0_REG                                    REG             2228*
R10_REG                                   REG             2234*
R1_REG                                    REG             2229*
R2_REG                                    REG             2230*
R3_REG                                    REG             2231*
R4_REG                                    REG             2232*
R9_REG                                    REG             2233*
RSTCD_SETBIT                              IMPT 00000000   1714 
RST_ADR                                   IMPT 00000000   1712 
RST_OFS                                   IMPT 00000000   1713 
*** SuperH RISC engine ASSEMBLER V.7.01.02.000 ***    11/15/15 05:47:31                                                  PAGE    12

*** CROSS REFERENCE LIST

NAME                             SECTION  ATTR VALUE             SEQUENCE

SEQ_INT_TIM10MS_100              P             00000020   2268  2279*
SEQ_INT_TIM10MS_101              P             0000002A   2272  2287*
SEQ_INT_TIM10MS_200              P             00000044   2293  2305*
SEQ_INT_TIM10MS_201              P             0000004E   2297  2313*
SEQ_INT_TIM10MS_300              P             0000006A   2323  2327  2333*
SEQ_INT_TIM1MS_100               P             000000A6   2372  2376  2382*
SEQ_TIM1000MS_100                P             0000016C   2613* 2633 
SEQ_TIM1000MS_200                P             0000018C   2616  2640*
SEQ_TIM100MS_100                 P             00000140   2564* 2584 
SEQ_TIM100MS_200                 P             00000160   2567  2591*
SEQ_TIM10MS_100                  P             000000F0   2481* 2501 
SEQ_TIM10MS_200                  P             00000110   2484  2508*
SEQ_TIM10MS_300                  P             00000114   2514* 2534 
SEQ_TIM10MS_400                  P             00000134   2517  2541*
SEQ_TIM1MS_100                   P             000000C2   2430* 2450 
SEQ_TIM1MS_200                   P             000000E4   2433  2458*
SEQ_TIM1S_LD_100                 P             000001A0   2663  2667*
SETCD_SETBIT                              IMPT 00000000   1708 
SET_ADR                                   IMPT 00000000   1706 
SET_OFS                                   IMPT 00000000   1707 
STCD_CLRBIT                               IMPT 00000000   1702 
STCD_SETBIT                               IMPT 00000000   1701 
STL_ADR                                   IMPT 00000000   1795 
STL_OFS                                   IMPT 00000000   1796 
STW_ADR                                   IMPT 00000000   1790 
STW_OFS                                   IMPT 00000000   1791 
ST_ADR                                    IMPT 00000000   1699 
ST_OFS                                    IMPT 00000000   1700 
SUBL_ADR                                  IMPT 00000000   1910 
SUBL_OFS                                  IMPT 00000000   1911 
SUBWI_DT_LH                               IMPT 00000000   1915 
SUBWI_DT_LL                               IMPT 00000000   1916 
SUBW_ADR                                  IMPT 00000000   1905 
SUBW_OFS                                  IMPT 00000000   1906 
TOP_REG                                   REG             2225*
WCTR_UNH                                  IMPT 00000000   1764 
WCTR_UNL                                  IMPT 00000000   1765 
WSC_ADR                                   IMPT 00000000   1769 
WSC_BTD                                   IMPT 00000000   1771 
WSC_OFS                                   IMPT 00000000   1770 
WSR_ADR                                   IMPT 00000000   1775 
WSR_OFS                                   IMPT 00000000   1776 
WTMR_DGT                                  IMPT 00000000   1760 
WTMR_UNH                                  IMPT 00000000   1758 
WTMR_UNL                                  IMPT 00000000   1759 
XBIT0                                     EQU  00000000     72*
XBIT1                                     EQU  00000001     73*
XBIT2                                     EQU  00000002     74*
XBIT3                                     EQU  00000003     75*
XBIT4                                     EQU  00000004     76*
XBIT5                                     EQU  00000005     77*
XBIT6                                     EQU  00000006     78*
XBIT7                                     EQU  00000007     79*
XORL_ADR                                  IMPT 00000000   1955 
*** SuperH RISC engine ASSEMBLER V.7.01.02.000 ***    11/15/15 05:47:31                                                  PAGE    13

*** CROSS REFERENCE LIST

NAME                             SECTION  ATTR VALUE             SEQUENCE

XORL_OFS                                  IMPT 00000000   1956 
XORWI_DT_LH                               IMPT 00000000   1960 
XORWI_DT_LL                               IMPT 00000000   1961 
XORW_ADR                                  IMPT 00000000   1950 
XORW_OFS                                  IMPT 00000000   1951 
_ADDL_CHG                                 IMPT 00000000   2037 
_ADDL_CODE                                IMPT 00000000   1894 
_ADDL_CODE_END                            IMPT 00000000   1897 
_ADDWI_CHG                                IMPT 00000000   2038 
_ADDWI_CODE                               IMPT 00000000   1899 
_ADDWI_CODE_END                           IMPT 00000000   1902 
_ADDW_CHG                                 IMPT 00000000   2036 
_ADDW_CODE                                IMPT 00000000   1889 
_ADDW_CODE_END                            IMPT 00000000   1892 
_ADD_CODE                                 IMPT 00000000   1964 
_ADD_CODE_END                             IMPT 00000000   1965 
_ADD_SUB                                  IMPT 00000000   1648 
_AMRG_CHG                                 IMPT 00000000   2004 
_AMRG_CODE                                IMPT 00000000   1729 
_AMRG_CODE_END                            IMPT 00000000   1730 
_ANDL_CHG                                 IMPT 00000000   2045 
_ANDL_CODE                                IMPT 00000000   1924 
_ANDL_CODE_END                            IMPT 00000000   1927 
_ANDN_CHG                                 IMPT 00000000   1989 
_ANDN_CODE                                IMPT 00000000   1680 
_ANDN_CODE_END                            IMPT 00000000   1684 
_ANDWI_CHG                                IMPT 00000000   2046 
_ANDWI_CODE                               IMPT 00000000   1929 
_ANDWI_CODE_END                           IMPT 00000000   1932 
_ANDW_CHG                                 IMPT 00000000   2044 
_ANDW_CODE                                IMPT 00000000   1919 
_ANDW_CODE_END                            IMPT 00000000   1922 
_ANDW_SUB                                 IMPT 00000000   1645 
_AND_CHG                                  IMPT 00000000   1988 
_AND_CODE                                 IMPT 00000000   1674 
_AND_CODE_END                             IMPT 00000000   1678 
_CB_BAKUP_CMD1                            EQU  00005678    118*
_CB_BAKUP_CMD2                            EQU  00001234    119*
_CB_BAK_SUM_COD1                          EQU  5AA51234    116*
_CB_BAK_SUM_COD2                          EQU  A55A4321    117*
_CB_ERR_INFO_MEM                          EQU  00000040    141*
_CB_STS_BUF_1BLK                          EQU  00000040    121*  123 
_CB_STS_BUF_BLKMAX                        EQU  00000008    122*  123 
_CB_STS_BUF_MAX                           EQU  00000200    123*
_CB_TRD_BEFORE                            EQU  00000060    131*
_CB_TRD_BUF_DP_MAX                        EQU  00000080    135*
_CB_TRD_BUF_MAX                           EQU  00000800    132*
_CB_TRD_DP_1CNT                           EQU  00000008    134*
_CB_TRD_DP_CH                             EQU  00000004    127*
_CB_TRD_SMP_CNT                           EQU  00000080    130*
_CLR_CHG                                  IMPT 00000000   2002 
_CLR_CODE                                 IMPT 00000000   1752 
_CLR_CODE_END                             IMPT 00000000   1755 
_CLR_SUB                                  IMPT 00000000   1634 
*** SuperH RISC engine ASSEMBLER V.7.01.02.000 ***    11/15/15 05:47:31                                                  PAGE    14

*** CROSS REFERENCE LIST

NAME                             SECTION  ATTR VALUE             SEQUENCE

_DI_X_TOP1                                IMPT 00000000   1599 
_DI_X_TOP2                                IMPT 00000000   1600 
_DO_Y_TOP1                                IMPT 00000000   1601 
_DO_Y_TOP2                                IMPT 00000000   1602 
_DSETLI_CHG                               IMPT 00000000   2054 
_DSETLI_CODE                              IMPT 00000000   1973 
_DSETLI_CODE_END                          IMPT 00000000   1978 
_DSETWI_CHG                               IMPT 00000000   2003 
_DSETWI_CODE                              IMPT 00000000   1747 
_DSETWI_CODE_END                          IMPT 00000000   1750 
_DUMMY_SUM_CODE                           EQU  5AA53CC3    109*
_ENDNRG_CHG                               IMPT 00000000   2009 
_ENDNRG_CODE                              IMPT 00000000   1744 
_ENDNRG_CODE_END                          IMPT 00000000   1745 
_END_CHG                                  IMPT 00000000   2010 
_END_CODE                                 IMPT 00000000   1970 
_END_CODE_END                             IMPT 00000000   1971 
_END_SUB                                  IMPT 00000000   1650 
_EQL_CHG                                  IMPT 00000000   2018 
_EQL_CODE                                 IMPT 00000000   1804 
_EQL_CODE_END                             IMPT 00000000   1807 
_EQWI_CHG                                 IMPT 00000000   2019 
_EQWI_CODE                                IMPT 00000000   1809 
_EQWI_CODE_END                            IMPT 00000000   1812 
_EQW_CHG                                  IMPT 00000000   2017 
_EQW_CODE                                 IMPT 00000000   1799 
_EQW_CODE_END                             IMPT 00000000   1802 
_EQ_SUB                                   IMPT 00000000   1641 
_GEL_CHG                                  IMPT 00000000   2027 
_GEL_CODE                                 IMPT 00000000   1849 
_GEL_CODE_END                             IMPT 00000000   1852 
_GEWI_CHG                                 IMPT 00000000   2028 
_GEWI_CODE                                IMPT 00000000   1854 
_GEWI_CODE_END                            IMPT 00000000   1857 
_GEW_CHG                                  IMPT 00000000   2026 
_GEW_CODE                                 IMPT 00000000   1844 
_GEW_CODE_END                             IMPT 00000000   1847 
_GTL_CHG                                  IMPT 00000000   2024 
_GTL_CODE                                 IMPT 00000000   1834 
_GTL_CODE_END                             IMPT 00000000   1837 
_GTWI_CHG                                 IMPT 00000000   2025 
_GTWI_CODE                                IMPT 00000000   1839 
_GTWI_CODE_END                            IMPT 00000000   1842 
_GTW_CHG                                  IMPT 00000000   2023 
_GTW_CODE                                 IMPT 00000000   1829 
_GTW_CODE_END                             IMPT 00000000   1832 
_GT_SUB                                   IMPT 00000000   1643 
_LDL_CHG                                  IMPT 00000000   2013 
_LDL_CODE                                 IMPT 00000000   1784 
_LDL_CODE_END                             IMPT 00000000   1787 
_LDNRG_CHG                                IMPT 00000000   2008 
_LDNRG_CODE                               IMPT 00000000   1741 
_LDNRG_CODE_END                           IMPT 00000000   1742 
_LDN_CHG                                  IMPT 00000000   1987 
*** SuperH RISC engine ASSEMBLER V.7.01.02.000 ***    11/15/15 05:47:31                                                  PAGE    15

*** CROSS REFERENCE LIST

NAME                             SECTION  ATTR VALUE             SEQUENCE

_LDN_CODE                                 IMPT 00000000   1668 
_LDN_CODE_END                             IMPT 00000000   1672 
_LDON_CHG                                 IMPT 00000000   1985 
_LDON_CODE                                IMPT 00000000   1659 
_LDON_CODE_END                            IMPT 00000000   1660 
_LDW_CHG                                  IMPT 00000000   2012 
_LDW_CODE                                 IMPT 00000000   1779 
_LDW_CODE_END                             IMPT 00000000   1782 
_LDW_SUB                                  IMPT 00000000   1639 
_LD_CHG                                   IMPT 00000000   1986 
_LD_CODE                                  IMPT 00000000   1662 
_LD_CODE_END                              IMPT 00000000   1666 
_LEL_CHG                                  IMPT 00000000   2034 
_LEL_CODE                                 IMPT 00000000   1879 
_LEL_CODE_END                             IMPT 00000000   1882 
_LEWI_CHG                                 IMPT 00000000   2035 
_LEWI_CODE                                IMPT 00000000   1884 
_LEWI_CODE_END                            IMPT 00000000   1887 
_LEW_CHG                                  IMPT 00000000   2033 
_LEW_CODE                                 IMPT 00000000   1874 
_LEW_CODE_END                             IMPT 00000000   1877 
_LE_SUB                                   IMPT 00000000   1644 
_LTL_CHG                                  IMPT 00000000   2031 
_LTL_CODE                                 IMPT 00000000   1864 
_LTL_CODE_END                             IMPT 00000000   1867 
_LTWI_CHG                                 IMPT 00000000   2032 
_LTWI_CODE                                IMPT 00000000   1869 
_LTWI_CODE_END                            IMPT 00000000   1872 
_LTW_CHG                                  IMPT 00000000   2030 
_LTW_CODE                                 IMPT 00000000   1859 
_LTW_CODE_END                             IMPT 00000000   1862 
_MKIND_A                                  EQU  00000040   2195*
_MKIND_A_ADR                              EQU  00001610   2194*
_MKIND_C                                  EQU  00000040   2177* 2178 
_MKIND_CD                                 EQU  00000400   2181* 2182 
_MKIND_CD_ADR                             EQU  00000900   2180* 2182 
_MKIND_C_ADR                              EQU  000004C0   2176* 2178 
_MKIND_F                                  EQU  00000110   2191* 2192 
_MKIND_F_ADR                              EQU  00000D00   2190* 2192 
_MKIND_L                                  EQU  00000040   2173* 2174 
_MKIND_L_ADR                              EQU  00000440   2172* 2174 
_MKIND_M                                  EQU  00000400   2171* 2172 
_MKIND_M_ADR                              EQU  00000040   2170* 2172 
_MKIND_S                                  EQU  00000800   2193* 2194 
_MKIND_S_ADR                              EQU  00000E10   2192* 2194 
_MKIND_T                                  EQU  00000040   2175* 2176 
_MKIND_TBL                                IMPT 00000000   2084 
_MKIND_TBL_TOP                            IMPT 00000000   2085 
_MKIND_TD                                 EQU  00000400   2179* 2180 
_MKIND_TD_ADR                             EQU  00000500   2178* 2180 
_MKIND_T_ADR                              EQU  00000480   2174* 2176 
_MKIND_W0                                 EQU  00000000   2165* 2166 
_MKIND_W0_ADR                             EQU  00000000   2164*
_MKIND_W1                                 EQU  00000000   2183* 2184 
*** SuperH RISC engine ASSEMBLER V.7.01.02.000 ***    11/15/15 05:47:31                                                  PAGE    16

*** CROSS REFERENCE LIST

NAME                             SECTION  ATTR VALUE             SEQUENCE

_MKIND_W1_ADR                             EQU  00000D00   2182* 2184 
_MKIND_W2                                 EQU  00000000   2185* 2186 
_MKIND_W2_ADR                             EQU  00000D00   2184* 2186 
_MKIND_W3                                 EQU  00000000   2187* 2188 
_MKIND_W3_ADR                             EQU  00000D00   2186* 2188 
_MKIND_W4                                 EQU  00000000   2189* 2190 
_MKIND_W4_ADR                             EQU  00000D00   2188* 2190 
_MKIND_X                                  EQU  00000020   2167* 2168 
_MKIND_X_ADR                              EQU  00000000   2166* 2168 
_MKIND_Y                                  EQU  00000020   2169* 2170 
_MKIND_Y_ADR                              EQU  00000020   2168* 2170 
_NEL_CHG                                  IMPT 00000000   2021 
_NEL_CODE                                 IMPT 00000000   1819 
_NEL_CODE_END                             IMPT 00000000   1822 
_NEWI_CHG                                 IMPT 00000000   2022 
_NEWI_CODE                                IMPT 00000000   1824 
_NEWI_CODE_END                            IMPT 00000000   1827 
_NEW_CHG                                  IMPT 00000000   2020 
_NEW_CODE                                 IMPT 00000000   1814 
_NEW_CODE_END                             IMPT 00000000   1817 
_NE_SUB                                   IMPT 00000000   1642 
_NOP_CHG                                  IMPT 00000000   1984 
_NOP_CODE                                 IMPT 00000000   1656 
_NOP_CODE_END                             IMPT 00000000   1657 
_OMRG_CHG                                 IMPT 00000000   2005 
_OMRG_CODE                                IMPT 00000000   1732 
_OMRG_CODE_END                            IMPT 00000000   1733 
_ORL_CHG                                  IMPT 00000000   2048 
_ORL_CODE                                 IMPT 00000000   1939 
_ORL_CODE_END                             IMPT 00000000   1942 
_ORN_CHG                                  IMPT 00000000   1991 
_ORN_CODE                                 IMPT 00000000   1692 
_ORN_CODE_END                             IMPT 00000000   1696 
_ORWI_CHG                                 IMPT 00000000   2049 
_ORWI_CODE                                IMPT 00000000   1944 
_ORWI_CODE_END                            IMPT 00000000   1947 
_ORW_CHG                                  IMPT 00000000   2047 
_ORW_CODE                                 IMPT 00000000   1934 
_ORW_CODE_END                             IMPT 00000000   1937 
_ORW_SUB                                  IMPT 00000000   1646 
_OR_CHG                                   IMPT 00000000   1990 
_OR_CODE                                  IMPT 00000000   1686 
_OR_CODE_END                              IMPT 00000000   1690 
_PLF_CHG                                  IMPT 00000000   1993 
_PLF_CODE                                 IMPT 00000000   1723 
_PLF_CODE_END                             IMPT 00000000   1727 
_PLF_SUB                                  IMPT 00000000   1633 
_PLS_CHG                                  IMPT 00000000   1992 
_PLS_CODE                                 IMPT 00000000   1717 
_PLS_CODE_END                             IMPT 00000000   1721 
_PLS_SUB                                  IMPT 00000000   1632 
_POP_CHG                                  IMPT 00000000   2007 
_POP_CODE                                 IMPT 00000000   1738 
_POP_CODE_END                             IMPT 00000000   1739 
*** SuperH RISC engine ASSEMBLER V.7.01.02.000 ***    11/15/15 05:47:31                                                  PAGE    17

*** CROSS REFERENCE LIST

NAME                             SECTION  ATTR VALUE             SEQUENCE

_PUSH_CHG                                 IMPT 00000000   2006 
_PUSH_CODE                                IMPT 00000000   1735 
_PUSH_CODE_END                            IMPT 00000000   1736 
_RST_CHG                                  IMPT 00000000   1997 
_RST_CODE                                 IMPT 00000000   1711 
_RST_CODE_END                             IMPT 00000000   1715 
_SEQ_ARG1_DATA                            IMPT 00000000   1580 
_SEQ_ARG2_DATA                            IMPT 00000000   1587 
_SEQ_ARG3_DATA                            IMPT 00000000   1594 
_SEQ_ASM_RAM_TOP                          IMPT 00000000   1558 
_SEQ_A_SET                                EQU  00000020   2134* 2195 
_SEQ_BBIT_CHG_TBL                         IMPT 00000000   2065 
_SEQ_CARD_MAX                             EQU  00000C00   2135*
_SEQ_CARD_RAM                             IMPT 00000000   1572 
_SEQ_CD_SET                               EQU  00000200   2127* 2181 
_SEQ_CHG_TBL0                             IMPT 00000000   2061 
_SEQ_CMP_ERR1                             IMPT 00000000   1578 
_SEQ_CMP_ERR2                             IMPT 00000000   1585 
_SEQ_CMP_ERR3                             IMPT 00000000   1592 
_SEQ_CMP_ERR_ADR1                         IMPT 00000000   1579 
_SEQ_CMP_ERR_ADR2                         IMPT 00000000   1586 
_SEQ_CMP_ERR_ADR3                         IMPT 00000000   1593 
_SEQ_CMP_START                            IMPT 00000000   1606  2324  2373 
_SEQ_CTR_DATA                             IMPT 00000000   1575 
_SEQ_C_SET                                EQU  00000020   2125* 2127  2177 
_SEQ_DRG1_DATA                            IMPT 00000000   1583 
_SEQ_DRG2_DATA                            IMPT 00000000   1590 
_SEQ_DRG3_DATA                            IMPT 00000000   1597 
_SEQ_F_SET                                EQU  00000088   2132* 2191 
_SEQ_INT_TIM10MS                 P        EXPT 00000000   2245  2253*
_SEQ_INT_TIM1MS                  P        EXPT 00000088   2347  2358*
_SEQ_LD_TIMOUT                            IMPT 00000000   1614  2659 
_SEQ_L_SET                                EQU  00000020   2123* 2173 
_SEQ_MAX_BYTE                             EQU  0000001E   2158*
_SEQ_MRG1_DATA                            IMPT 00000000   1581 
_SEQ_MRG2_DATA                            IMPT 00000000   1588 
_SEQ_MRG3_DATA                            IMPT 00000000   1595 
_SEQ_M_SET                                EQU  00000200   2122* 2171 
_SEQ_NRG1_DATA                            IMPT 00000000   1582 
_SEQ_NRG2_DATA                            IMPT 00000000   1589 
_SEQ_NRG3_DATA                            IMPT 00000000   1596 
_SEQ_POU_SET                              EQU  00004000   2159*
_SEQ_RUN1                                 IMPT 00000000   1561 
_SEQ_RUN1_END                             IMPT 00000000   1562 
_SEQ_RUN1_TOP                             IMPT 00000000   1560 
_SEQ_RUN2                                 IMPT 00000000   1565 
_SEQ_RUN2_END                             IMPT 00000000   1566 
_SEQ_RUN2_TOP                             IMPT 00000000   1564 
_SEQ_RUN3                                 IMPT 00000000   1569 
_SEQ_RUN3_END                             IMPT 00000000   1570 
_SEQ_RUN3_TOP                             IMPT 00000000   1568 
_SEQ_RUN_CHG1_ERR_END                     IMPT 00000000   2042 
_SEQ_RUN_MAIN1                            IMPT 00000000   2243  2329 
_SEQ_RUN_MAIN3                            IMPT 00000000   2346  2378 
*** SuperH RISC engine ASSEMBLER V.7.01.02.000 ***    11/15/15 05:47:31                                                  PAGE    18

*** CROSS REFERENCE LIST

NAME                             SECTION  ATTR VALUE             SEQUENCE

_SEQ_SR_FLG                               IMPT 00000000   1576 
_SEQ_S_SET                                EQU  00000400   2133* 2193 
_SEQ_TD_SET                               EQU  00000200   2126* 2179 
_SEQ_TIM1S_LD                    P             00000192   2315  2654*
_SEQ_TIM_1000MS                  P             00000166   2307  2605*
_SEQ_TIM_100MS                   P             0000013A   2281  2555*
_SEQ_TIM_10MS                    P             000000EA   2259  2472*
_SEQ_TIM_1MS                     P             000000BC   2364  2421*
_SEQ_TIM_WK1000M                          IMPT 00000000   1617  2290 
_SEQ_TIM_WK100M                           IMPT 00000000   1616  2265 
_SEQ_TMR_DATA                             IMPT 00000000   1574  2427  2478  2511  2561  2610 
_SEQ_T_SET                                EQU  00000020   2124* 2126  2175 
_SEQ_W0_SET                               EQU  00000000   2119* 2165 
_SEQ_W1_SET                               EQU  00000000   2128* 2183 
_SEQ_W2_SET                               EQU  00000000   2129* 2185 
_SEQ_W3_SET                               EQU  00000000   2130* 2187 
_SEQ_W4_SET                               EQU  00000000   2131* 2189 
_SEQ_X_SET                                EQU  00000010   2120* 2167 
_SEQ_Y_SET                                EQU  00000010   2121* 2169 
_SET_CHG                                  IMPT 00000000   1996 
_SET_CODE                                 IMPT 00000000   1705 
_SET_CODE_END                             IMPT 00000000   1709 
_SQ_ERR_END                               EQU  0000FF00   2112*
_SQ_NML_COD                               EQU  00000000   2110*
_SQ_NML_END                               EQU  00000055   2111*
_START_ACK_COD                            EQU  00004321    215*
_START_REQ_COD                            EQU  00009876    214*
_STL_CHG                                  IMPT 00000000   2015 
_STL_CODE                                 IMPT 00000000   1794 
_STL_CODE_END                             IMPT 00000000   1797 
_STW_CHG                                  IMPT 00000000   2014 
_STW_CODE                                 IMPT 00000000   1789 
_STW_CODE_END                             IMPT 00000000   1792 
_STW_SUB                                  IMPT 00000000   1640 
_ST_CHG                                   IMPT 00000000   1994 
_ST_CODE                                  IMPT 00000000   1698 
_ST_CODE_END                              IMPT 00000000   1703 
_SUBL_CHG                                 IMPT 00000000   2040 
_SUBL_CODE                                IMPT 00000000   1909 
_SUBL_CODE_END                            IMPT 00000000   1912 
_SUBWI_CHG                                IMPT 00000000   2041 
_SUBWI_CODE                               IMPT 00000000   1914 
_SUBWI_CODE_END                           IMPT 00000000   1917 
_SUBW_CHG                                 IMPT 00000000   2039 
_SUBW_CODE                                IMPT 00000000   1904 
_SUBW_CODE_END                            IMPT 00000000   1907 
_SUB_CODE                                 IMPT 00000000   1967 
_SUB_CODE_END                             IMPT 00000000   1968 
_SUB_SUB                                  IMPT 00000000   1649 
_SeqLd_MKIND_TBL_TOP                      IMPT 00000000   2086 
_SeqRunFlg                                IMPT 00000000   2244  2320  2369 
_SeqSysStat                               IMPT 00000000   1608 
_T_0001HR_CNT                             EQU  00000020   2214* 2611 
_T_0001HR_TOP                             EQU  000001E0   2213* 2610 
*** SuperH RISC engine ASSEMBLER V.7.01.02.000 ***    11/15/15 05:47:31                                                  PAGE    19

*** CROSS REFERENCE LIST

NAME                             SECTION  ATTR VALUE             SEQUENCE

_T_0001MS_CNT                             EQU  00000040   2212* 2213  2428 
_T_0001MS_TOP                             EQU  000001A0   2211* 2213  2427 
_T_0010MS_CNT                             EQU  00000100   2206* 2207  2479 
_T_0010MS_TOP                             EQU  00000000   2205* 2207  2478 
_T_0100MS_CNT                             EQU  00000080   2208* 2209  2512 
_T_0100MS_TOP                             EQU  00000100   2207* 2209  2511 
_T_1000MS_CNT                             EQU  00000020   2210* 2211  2562 
_T_1000MS_TOP                             EQU  00000180   2209* 2211  2561 
_VUPCHECK_EQU                             EQU  11AB3739    102*
_WCTR_CHG                                 IMPT 00000000   2000 
_WCTR_CODE                                IMPT 00000000   1763 
_WCTR_CODE_END                            IMPT 00000000   1766 
_WCTR_SUB                                 IMPT 00000000   1636 
_WSC_CHG                                  IMPT 00000000   1995 
_WSC_CODE                                 IMPT 00000000   1768 
_WSC_CODE_END                             IMPT 00000000   1772 
_WSC_SUB                                  IMPT 00000000   1637 
_WSR_CHG                                  IMPT 00000000   2001 
_WSR_CODE                                 IMPT 00000000   1774 
_WSR_CODE_END                             IMPT 00000000   1777 
_WSR_SUB                                  IMPT 00000000   1638 
_WTMR_CHG                                 IMPT 00000000   1999 
_WTMR_CODE                                IMPT 00000000   1757 
_WTMR_CODE_END                            IMPT 00000000   1761 
_WTMR_SUB                                 IMPT 00000000   1635 
_XORL_CHG                                 IMPT 00000000   2051 
_XORL_CODE                                IMPT 00000000   1954 
_XORL_CODE_END                            IMPT 00000000   1957 
_XORWI_CHG                                IMPT 00000000   2052 
_XORWI_CODE                               IMPT 00000000   1959 
_XORWI_CODE_END                           IMPT 00000000   1962 
_XORW_CHG                                 IMPT 00000000   2050 
_XORW_CODE                                IMPT 00000000   1949 
_XORW_CODE_END                            IMPT 00000000   1952 
_XORW_SUB                                 IMPT 00000000   1647 
_X_PUSH_TOP1                              IMPT 00000000   1603 
_X_PUSH_TOP2                              IMPT 00000000   1604 
__TMCT_FLG                                EQU  00000008   2203* 2437  2488  2521  2571  2620 
__TMCT_PV                                 EQU  00000000   2201* 2441  2443  2492  2494  2525  2527  2575  2577  2624  2626 
__TMCT_ST_CNT                             EQU  0000000C   2200* 2427  2446  2478  2497  2511  2530  2561  2580  2610  2629 
__TMCT_SV                                 EQU  00000004   2202*
*** SuperH RISC engine ASSEMBLER V.7.01.02.000 ***    11/15/15 05:47:31                                                  PAGE    20

*** SECTION DATA LIST

SECTION                          ATTRIBUTE    SIZE             START

P                                REL-CODE    0000001AC        
