*** SuperH RISC engine ASSEMBLER V.7.01.02.000 ***    11/15/15 05:47:35                                                  PAGE     1
PROGRAM NAME =

    1                               1     ;       ***************************************************
    2                               2     ;       ***                                             ***
    3                               3     ;       ***     テーブル                                ***
    4                               4     ;       ***     画面用  DIG/PLS表示変換                 ***
    5                               5     ;       ***                                             ***
    6                               6     ;       ***************************************************
    7                               7     ;       //      ***********************************
    8                               8     ;       //      ***     EXTERN 宣言 PROGRAM     ***
    9                               9     ;       //      ***********************************
   10                              10     
   11                              11     
   12                              12     ;       //      ***********************************
   13                              13     ;       //      ***     EXTERN 宣言 MEMORY,HARD ***
   14                              14     ;       //      ***********************************
   15                              15             .INCLUDE        "cm_equ1.equ"           ; //共通定義:必ず実行ﾌﾟﾛｸﾞﾗﾑにｲﾝｸﾙｰﾄﾞする
                                          事
   16                               1 I1  ;       ***************************
   17                               2 I1  ;       ***     CONST           ***
   18                               3 I1  ;       ***************************
   19                               4 I1  
   20                               5 I1  ;       *****   ビット   *****
   21          00000001             6 I1  BIT0            .EQU    B'00000001      ;01H
   22          00000002             7 I1  BIT1            .EQU    B'00000010      ;02H
   23          00000004             8 I1  BIT2            .EQU    B'00000100      ;04H
   24          00000008             9 I1  BIT3            .EQU    B'00001000      ;08H
   25          00000010            10 I1  BIT4            .EQU    B'00010000      ;10H
   26          00000020            11 I1  BIT5            .EQU    B'00100000      ;20H
   27          00000040            12 I1  BIT6            .EQU    B'01000000      ;40H
   28          00000080            13 I1  BIT7            .EQU    B'10000000      ;80H
   29          00000100            14 I1  BIT8            .EQU    B'0000000100000000      ;0100H
   30          00000200            15 I1  BIT9            .EQU    B'0000001000000000      ;0200H
   31          00000400            16 I1  BIT10           .EQU    B'0000010000000000      ;0400H
   32          00000800            17 I1  BIT11           .EQU    B'0000100000000000      ;0800H
   33          00001000            18 I1  BIT12           .EQU    B'0001000000000000      ;1000H
   34          00002000            19 I1  BIT13           .EQU    B'0010000000000000      ;2000H
   35          00004000            20 I1  BIT14           .EQU    B'0100000000000000      ;4000H
   36          00008000            21 I1  BIT15           .EQU    B'1000000000000000      ;8000H
   37          00010000            22 I1  BIT16           .EQU    H'00010000
   38          00020000            23 I1  BIT17           .EQU    H'00020000
   39          00040000            24 I1  BIT18           .EQU    H'00040000
   40          00080000            25 I1  BIT19           .EQU    H'00080000
   41          00100000            26 I1  BIT20           .EQU    H'00100000
   42          00200000            27 I1  BIT21           .EQU    H'00200000
   43          00400000            28 I1  BIT22           .EQU    H'00400000
   44          00800000            29 I1  BIT23           .EQU    H'00800000
   45          01000000            30 I1  BIT24           .EQU    H'01000000
   46          02000000            31 I1  BIT25           .EQU    H'02000000
   47          04000000            32 I1  BIT26           .EQU    H'04000000
   48          08000000            33 I1  BIT27           .EQU    H'08000000
   49          10000000            34 I1  BIT28           .EQU    H'10000000
   50          20000000            35 I1  BIT29           .EQU    H'20000000
   51          40000000            36 I1  BIT30           .EQU    H'40000000
   52          80000000            37 I1  BIT31           .EQU    H'80000000
   53                              38 I1  
   54                              39 I1  ;       *****   ビット   *****
   55          000000FE            40 I1  NBIT0           .EQU    B'11111110              ;NOT 01H
   56          000000FD            41 I1  NBIT1           .EQU    B'11111101              ;02H
*** SuperH RISC engine ASSEMBLER V.7.01.02.000 ***    11/15/15 05:47:35                                                  PAGE     2
PROGRAM NAME =

   57          000000FB            42 I1  NBIT2           .EQU    B'11111011              ;04H
   58          000000F7            43 I1  NBIT3           .EQU    B'11110111              ;08H
   59          000000EF            44 I1  NBIT4           .EQU    B'11101111              ;10H
   60          000000DF            45 I1  NBIT5           .EQU    B'11011111              ;20H
   61          000000BF            46 I1  NBIT6           .EQU    B'10111111              ;40H
   62          0000007F            47 I1  NBIT7           .EQU    B'01111111              ;80H
   63                              48 I1  
   64          0000FEFF            49 I1  NBIT8           .EQU    B'1111111011111111      ;NOT 01H
   65          0000FDFF            50 I1  NBIT9           .EQU    B'1111110111111111      ;02H
   66          0000FBFF            51 I1  NBIT10          .EQU    B'1111101111111111      ;04H
   67          0000F7FF            52 I1  NBIT11          .EQU    B'1111011111111111      ;08H
   68          0000EFFF            53 I1  NBIT12          .EQU    B'1110111111111111      ;10H
   69          0000DFFF            54 I1  NBIT13          .EQU    B'1101111111111111      ;20H
   70          0000BFFF            55 I1  NBIT14          .EQU    B'1011111111111111      ;40H
   71          00007FFF            56 I1  NBIT15          .EQU    B'0111111111111111      ;80H
   72                              57 I1  
   73                              58 I1  ;       **** ビット操作命令 *****
   74          00000000            59 I1  XBIT0           .EQU    D'0             ;
   75          00000001            60 I1  XBIT1           .EQU    D'1             ;
   76          00000002            61 I1  XBIT2           .EQU    D'2             ;
   77          00000003            62 I1  XBIT3           .EQU    D'3             ;
   78          00000004            63 I1  XBIT4           .EQU    D'4             ;
   79          00000005            64 I1  XBIT5           .EQU    D'5             ;
   80          00000006            65 I1  XBIT6           .EQU    D'6             ;
   81          00000007            66 I1  XBIT7           .EQU    D'7             ;
   82                              67 I1  
   83                              68 I1  ;       *******************************************
   84                              69 I1  ;       ***             sh2/sh3                 ***
   85                              70 I1  ;       *******************************************
   86                              71 I1  ;       ================ WORD ｱｸｾｽ//ﾊﾞｲﾄｱｸｾｽ切替 =========
   87          00000001            72 I1  L_BYTE          .EQU    1               ;
   88          00000000            73 I1  H_BYTE          .EQU    0               ;
   89                              74 I1  
   90                              75 I1  ;/*     =================================       */
   91                              76 I1  
   92                              77 I1  _CMPILE_YES     .DEFINE         "1"
   93                              78 I1  _CMPILE_NO      .DEFINE         "0"
   94                              79 I1  
   95                              80 I1  _Debug_YES      .DEFINE         "1"     ;"_Debug_NO"
   96                              81 I1  _Debug_NO       .DEFINE         "0"     ;yes then abs //no then inc "_Debug_NO"
   97                              82 I1  
   98                              83 I1  
   99                              84 I1  ;       ***************************************************
  100                              85 I1  ;       ***                                             ***
  101                              86 I1  ;       ***             ﾊﾞｰｼﾞｮﾝUP完了ﾁｪｯｸﾃﾞｰﾀ           ***
  102                              87 I1  ;       ***                                             ***
  103                              88 I1  ;       ***************************************************
  104          11AB3739            89 I1  _VUPCHECK_EQU           .EQU    D'0296433465
  105                              90 I1  
  106                              91 I1  ;/*     ***********************************     */
  107                              92 I1  ;/*     ***                             ***     */
  108                              93 I1  ;/*     ***     ROM SUM_CODE            ***     */
  109                              94 I1  ;/*     ***                             ***     */
  110                              95 I1  ;/*     ***********************************     */
  111          5AA53CC3            96 I1  _DUMMY_SUM_CODE         .EQU    H'5AA53CC3
  112                              97 I1  
  113                              98 I1  
*** SuperH RISC engine ASSEMBLER V.7.01.02.000 ***    11/15/15 05:47:35                                                  PAGE     3
PROGRAM NAME =

  114                              99 I1  
  115                             100 I1  ;       *******************************************
  116                             101 I1  ;       ***     2003-07-01 C/B BAKUP            ***
  117                             102 I1  ;       *******************************************
  118          5AA51234           103 I1  _CB_BAK_SUM_COD1        .EQU    H'5AA51234
  119          A55A4321           104 I1  _CB_BAK_SUM_COD2        .EQU    H'A55A4321
  120          00005678           105 I1  _CB_BAKUP_CMD1          .EQU    H'5678  ;BAKUP
  121          00001234           106 I1  _CB_BAKUP_CMD2          .EQU    H'1234  ;1BLK MOVE
  122                             107 I1  
  123          00000040           108 I1  _CB_STS_BUF_1BLK        .EQU    64                                      ;1BLK=64byte
  124          00000008           109 I1  _CB_STS_BUF_BLKMAX      .EQU    8                                       ;8BLK
  125          00000200           110 I1  _CB_STS_BUF_MAX         .EQU    _CB_STS_BUF_1BLK*_CB_STS_BUF_BLKMAX     ;512byte 64*8
  126                             111 I1  
  127                             112 I1  
  128                             113 I1  ;;_CB_TRD_DT_LNG                .EQU    4               ;DATA LENGTH
  129          00000004           114 I1  _CB_TRD_DP_CH                   .EQU    4               ;
  130                             115 I1  
  131                             116 I1  
  132          00000080           117 I1  _CB_TRD_SMP_CNT         .EQU    128             ;個数
  133          00000060           118 I1  _CB_TRD_BEFORE          .EQU    96              ;96点が前
  134          00000800           119 I1  _CB_TRD_BUF_MAX         .EQU    4*4*128         ;2048byte 4byte*4ch*128個
  135                             120 I1  
  136          00000008           121 I1  _CB_TRD_DP_1CNT         .EQU    8               ;8個 128/16
  137          00000080           122 I1  _CB_TRD_BUF_DP_MAX      .EQU    4*4*8           ;128byte 4byte*4CH*8個
  138                             123 I1  
  139                             124 I1  ;       === 2003-07-14 ===
  140                             125 I1  ;;;_TRD_WORK_1CH_BUF    .EQU    _CB_TRD_BUF_MAX ;1CH で2048ﾊﾞｲﾄまで確保
  141                             126 I1  
  142                             127 I1  ;       ==== 2004-01-27 ===
  143          00000040           128 I1  _CB_ERR_INFO_MEM        .EQU    64              ;64byte
  144                             129 I1  
  145                             130 I1  ;       ***************************
  146                             131 I1  ;       ***     2004-02-19      ***
  147                             132 I1  ;       ***************************
  148                             133 I1  ;       製品出荷時はYESにすること
  149                             134 I1  ;       不具合再現試験用にNOにする
  150                             135 I1  ;
  151                             136 I1  ;;;;_PLSI_WR_WT_CHG             .DEFINE         "0"     ;YES:WR WAIT 4CLK(NO 3CLK)
  152                             137 I1  
  153                             138 I1  ;       ===== 出荷YES =====
  154                             139 I1  _PLSI_WR_WT_CHG         .DEFINE         "1"     ;YES:WR WAIT 4CLK(NO 3CLK)
  155                             140 I1  _PLSI_WRITE_WORD        .DEFINE         "1"     ;YES:LSI WORD(NO LONG)
  156                             141 I1  _PLSI_ERR_CHK1          .DEFINE         "1"     ;YES:位置決めLSI異常検知有効
  157                             142 I1  _PLSI_ERR_CHK2          .DEFINE         "1"     ;YES:位置決め演算異常検知有効
  158                             143 I1  _PLSI_ERR_STOP1         .DEFINE         "1"     ;YES:新規異常検知有効(OVER RUN)
  159                             144 I1  
  160                             145 I1  
  161                             146 I1  ;       ====    出荷時YES 2004-03-29====
  162                             147 I1  _REST_PLS_MODFY         .DEFINE         "1"     ;YES:CPUAに残ﾊﾟﾙｽをあわせる,異常
  163                             148 I1  ;;;;;_MOTION_ERR_CPU_B  .DEFINE         "1"     ;YES:CPU-Bのﾓｰｼｮﾝ異常関連(1対1にする)
  164                             149 I1  
  165                             150 I1  
  166                             151 I1  
  167                             152 I1  ;       ====    出荷時必ず・絶対 "NO" 2004-04-14(絶対NOで出荷)====
  168                             153 I1  _CPU_A_ERR_STOP         .DEFINE         "0"     ;YES:CPU-A異常検出をやめる。Bのﾃﾞﾊﾞｯｸ用
  169                             154 I1  ;;;;;0          .DEFINE         "1"     ;YES:CPU-A異常検出をやめる。Bのﾃﾞﾊﾞｯｸ用
  170                             155 I1  
*** SuperH RISC engine ASSEMBLER V.7.01.02.000 ***    11/15/15 05:47:35                                                  PAGE     4
PROGRAM NAME =

  171                             156 I1  
  172                             157 I1  ;       ====    出荷時必ず・絶対 "NO" 2004-12-20(絶対NOで出荷)====
  173                             158 I1  _CPU_B_ERR_STOP         .DEFINE         "0"     ;YES:CPU-B異常検出をやめる。Aのﾃﾞﾊﾞｯｸ用
  174                             159 I1  _CPU_B_CTRL_STOP        .DEFINE         "0"     ;YES:CPU-B制御をやめる。Aのﾃﾞﾊﾞｯｸ用
  175                             160 I1  
  176                             161 I1  ;       ==== どうしても回避できない異常====
  177                             162 I1  _CPUAB_ERR_STOP_CNT     .DEFINE         "1"     ;
  178                             163 I1  
  179                             164 I1  ;       ***************************
  180                             165 I1  ;       ***                     ***
  181                             166 I1  ;       ***     2006-09-19      ***
  182                             167 I1  ;       ***                     ***
  183                             168 I1  ;       ***************************
  184                             169 I1  _LSI_SOFT_CAL_ENB       .DEFINE         "1"
  185                             170 I1  ;;1     .DEFINE         "0"
  186                             171 I1  
  187                             172 I1  
  188                             173 I1  
  189                             174 I1  ;       ***************************
  190                             175 I1  ;       ***                     ***
  191                             176 I1  ;       ***     2008-09-16      ***
  192                             177 I1  ;       ***                     ***
  193                             178 I1  ;       ***************************
  194                             179 I1  _EMG_MINI               .DEFINE         "1"     ;YES:EMG処理の簡略化
  195                             180 I1  
  196                             181 I1  
  197                             182 I1  ;       ***************************
  198                             183 I1  ;       ***                     ***
  199                             184 I1  ;       ***                     ***
  200                             185 I1  ;       ***                     ***
  201                             186 I1  ;       ***************************
  202                             187 I1  _CPUB_TBLCURV           .DEFINE         "1"     ;YES:曲線ﾃｰﾌﾞﾙ(CPUAと同じ) NO:直線タイプ
  203                             188 I1  ;;1             .DEFINE         "0"     ;YES:曲線ﾃｰﾌﾞﾙ(CPUAと同じ) NO:直線タイプ
  204                             189 I1  
  205                             190 I1  
  206                             191 I1  
  207                             192 I1  
  208                             193 I1  ;       ***************************
  209                             194 I1  ;       ***                     ***
  210                             195 I1  ;       ***     2013-12-05      ***
  211                             196 I1  ;       ***                     ***
  212                             197 I1  ;       ***************************
  213                             198 I1  _MC_FUNC1_NO            .DEFINE         "0"     ;NO!:異常等の機能をはずす
  214                             199 I1  
  215                             200 I1  
  216          00009876           201 I1  _START_REQ_COD          .EQU    H'9876  ;CPUD=>CPUA
  217          00004321           202 I1  _START_ACK_COD          .EQU    H'4321  ;
  218                             203 I1  
  219                             204 I1  
  220                             205 I1  
  221                             206 I1  
  222                             207 I1  ;       ***************************
  223                             208 I1  ;       ***                     ***
  224                             209 I1  ;       ***     2014-03-20      ***
  225                             210 I1  ;       ***                     ***
  226                             211 I1  ;       ***************************
  227                             212 I1  _KJYU_CLS               .DEFINE         "1"     ;YES:反転ﾓｰﾄﾞで荷重でのｸﾛｰｽﾞを行う
*** SuperH RISC engine ASSEMBLER V.7.01.02.000 ***    11/15/15 05:47:35                                                  PAGE     5
PROGRAM NAME =

  228                             213 I1  
  229                             214 I1  
  230                             215 I1  ;//     ***************************
  231                             216 I1  ;//     ***     2015-07-08      ***
  232                             217 I1  ;//     ***************************
  233                             218 I1  _DEBUG_SERVO_PLS_OFF    .DEFINE         "0"     ;出荷時は必ずNO!
  234                             219 I1  ;;0     .DEFINE         "1"     ;出荷時は必ずNO!
  235                              16             .INCLUDE        "ssa_khad.equ"          ; //equ定義
  236                               1 I1  ;       ***********************************
  237                               2 I1  ;       ***                             ***
  238                               3 I1  ;       ***     C/Bのﾊｰﾄﾞ関係ｿｰｽ切分    ***
  239                               4 I1  ;       ***                             ***
  240                               5 I1  ;       ***********************************
  241                               6 I1  _COMPILE_YES            .DEFINE         "1"             ;
  242                               7 I1  _COMPILE_NO             .DEFINE         "0"             ;
  243                               8 I1  
  244                               9 I1  _DEBUG_YES              .DEFINE         "1"             ;
  245                              10 I1  _DEBUG_NO               .DEFINE         "0"             ;
  246                              11 I1  
  247                              12 I1  ;       ==== 出荷時 ===
  248                              13 I1  _FPU_RESET              .DEFINE         "1"     ;
  249                              14 I1  
  250                              15 I1  ;       ===== ﾃｰﾌﾞﾙ内臓ROM/FLASH化=====
  251                              16 I1  _CB_TBL_INROM           .DEFINE         "0"             ;
  252                              17 I1  _CB_TBL_FLASH           .DEFINE         "1"             ;
  253                              18 I1  ;;_CB_TBL_SEL           .DEFINE         "0"     ;こっちはｾｸｼｮﾝも変更する必要有り
  254                              19 I1  _CB_TBL_SEL             .DEFINE         "1"     ;(ﾃﾞﾊﾞｯｸ時,出荷時共にこっち)
  255                              20 I1  
  256                              21 I1  
  257                              22 I1  
  258                              23 I1  ;       ===== ﾃﾞﾊﾞｯｸ機能選択(出荷時0)===
  259                              24 I1  ;;;;_DEBUG_INC_PLS              .DEFINE         "1"     ;
  260                              25 I1  _DEBUG_INC_PLS          .DEFINE         "0"     ;出荷時
  261                              26 I1  ;       ===== ﾃﾞﾊﾞｯｸ機能選択(出荷時0)===
  262                              27 I1  ;;;;;;_DEBUG_RNA_PLS            .DEFINE         "1"     ;
  263                              28 I1  _DEBUG_RNA_PLS          .DEFINE         "0"     ;出荷時
  264                              29 I1  ;       ====== PARAM ERR =====
  265                              30 I1  ;;_DBG_PARAM_ERR                .DEFINE         "1"     ;出荷時YESの予定
  266                              31 I1  _DBG_PARAM_ERR          .DEFINE         "0"     ;出荷時YESの予定
  267                              32 I1  
  268                              33 I1  
  269                              34 I1  
  270                              35 I1  ;       ===== 2重回路対策 ====
  271                              36 I1  _CPUB_SPCAL_CHG1        .DEFINE         "1"     ;CPU-Bの2重回路対策
  272                              37 I1  
  273                              38 I1  
  274                              39 I1  ;       ===== 2003-01-22 ====
  275                              40 I1  _NEG_SPEC1              .DEFINE         "1"     ;ﾌﾟﾛｸﾞﾗﾑ変更箇所(反転仕様に関わる変更)
  276                              41 I1  _PRG_CHG20030127        .DEFINE         "1"     ;ﾌﾟﾛｸﾞﾗﾑ変更箇所(反転仕様以外の標準に入れ
                                          る変更)
  277                              42 I1  
  278                              43 I1  
  279                              44 I1  ;       ====== 2003-04-03 ===
  280                              45 I1  ;       [S01m 2003-04-03] 外部急停止・遮光停止でのｵｰﾊﾞﾗﾝ機能
  281                              46 I1  _PRG_CHG200300403       .DEFINE         "1"     ;
  282                              47 I1  
  283                              48 I1  ;       ====== 2003-05-12(変更は05-09~) ====
*** SuperH RISC engine ASSEMBLER V.7.01.02.000 ***    11/15/15 05:47:35                                                  PAGE     6
PROGRAM NAME =

  284                              49 I1  ;       [S01n 2003-05-12] ｵｰﾊﾞﾗﾝ及び逆転異常と停止異常
  285                              50 I1  _PRG_CHG20030512        .DEFINE         "1"     ;
  286                              51 I1  
  287                              52 I1  ;       ==== 基本的にはOFF プログラム追加の確認までの間の対応 検証後はIFをはずす====
  288                              53 I1  
  289          0000000A            54 I1  _TIM_CNT010MS_DT        .EQU    10      ;10MSEC
  290          00000064            55 I1  _TIM_CNT100MS_DT        .EQU    100     ;100MSEC
  291                              56 I1  
  292                              57 I1  ;       ***********************************
  293                              58 I1  ;       ***     ハード関係のビット      ***
  294                              59 I1  ;       ***********************************
  295                              60 I1  ;       _WはWbitの意味 出力
  296          00000001            61 I1  _WOQST                  .EQU    BIT0
  297          00000002            62 I1  _WOVN1                  .EQU    BIT1
  298          00000004            63 I1  _WOVN2                  .EQU    BIT2
  299          00000008            64 I1  _WOVN3                  .EQU    BIT3
  300          00000010            65 I1  _WOANT                  .EQU    BIT4
  301          00000020            66 I1  _WORDY                  .EQU    BIT5
  302          00000040            67 I1  _WOATO                  .EQU    BIT6
  303          00000080            68 I1  _WOFCY                  .EQU    BIT7
  304          00000100            69 I1  _WORCY                  .EQU    BIT8
  305          00000200            70 I1  _WORST                  .EQU    BIT9
  306                              71 I1  
  307                              72 I1  ;       ***********************************
  308                              73 I1  ;       ***     ハード関係のビット      ***
  309                              74 I1  ;       ***********************************
  310                              75 I1  ;       _WはWbitの意味 入力
  311          00000001            76 I1  _W1OFF                  .EQU    BIT0    ;
  312          00000002            77 I1  _W1INC                  .EQU    BIT1    ;
  313          00000004            78 I1  _W1SGL                  .EQU    BIT2    ;
  314          00000008            79 I1  _W1CNT                  .EQU    BIT3    ;
  315          00000010            80 I1  _W1OPT                  .EQU    BIT4    ;
  316          00000020            81 I1  _W1DIC                  .EQU    BIT5    ;
  317          00000040            82 I1  _W1DUP                  .EQU    BIT6    ;
  318          00000080            83 I1  _W1END                  .EQU    BIT7    ;停止時1
  319          00000100            84 I1  _W1RNC                  .EQU    BIT8    ;起動時0
  320          00000200            85 I1  _W1RNO                  .EQU    BIT9    ;起動時1
  321                              86 I1  ;       ==== 2003-02-22 復活=====
  322          00000400            87 I1  _W1LNC                  .EQU    BIT10   ;起動時0 (新構造対応用)
  323          00000800            88 I1  _W1LNO                  .EQU    BIT11   ;起動時1 (新構造対応用)
  324                              89 I1  ;;2003-02-22 _W1LNC                     .EQU    0       ;起動時0
  325                              90 I1  ;;2003-02-22 _W1LNO                     .EQU    0       ;起動時1
  326                              91 I1  
  327                              92 I1  
  328          00001000            93 I1  _W1SNC                  .EQU    BIT12   ;有効時0
  329          00002000            94 I1  _W1SNO                  .EQU    BIT13   ;有効時1
  330          00004000            95 I1  _W1REV                  .EQU    BIT14   ;REV
  331          00008000            96 I1  _W1RST                  .EQU    BIT15   ;ﾘｾｯﾄ
  332                              97 I1  
  333          00000004            98 I1  _W2LS1                  .EQU    BIT2    ;
  334          00000008            99 I1  _W2LS2                  .EQU    BIT3    ;
  335          00000010           100 I1  _W2WT1                  .EQU    BIT4    ;
  336          00000020           101 I1  _W2WT2                  .EQU    BIT5    ;
  337          00000040           102 I1  _W2WT3                  .EQU    BIT6    ;
  338          00000080           103 I1  _W2SUP                  .EQU    BIT7    ;連続ｾｯﾄｱｯﾌﾟ
  339                             104 I1  
  340                             105 I1  ;       ===== 機種ﾃｰﾌﾞﾙ機能選択===
*** SuperH RISC engine ASSEMBLER V.7.01.02.000 ***    11/15/15 05:47:35                                                  PAGE     7
PROGRAM NAME =

  341                             106 I1  _MCN_TBL_H000S          .DEFINE         "0"
  342                             107 I1  _MCN_TBL_H035S          .DEFINE         "1"     ;1
  343                             108 I1  _MCN_TBL_H035H          .DEFINE         "2"     ;2
  344                             109 I1  _MCN_TBL_H045S          .DEFINE         "3"     ;3
  345                             110 I1  _MCN_TBL_H045H          .DEFINE         "4"     ;4
  346                             111 I1  _MCN_TBL_H060S          .DEFINE         "5"     ;5
  347                             112 I1  _MCN_TBL_H060H          .DEFINE         "6"     ;6
  348                             113 I1  _MCN_TBL_H080S          .DEFINE         "7"     ;7
  349                             114 I1  _MCN_TBL_H080H          .DEFINE         "8"     ;8
  350                             115 I1  _MCN_TBL_H110S          .DEFINE         "17"    ;A
  351                             116 I1  _MCN_TBL_H110H          .DEFINE         "18"    ;B
  352                             117 I1  _MCN_TBL_H150S          .DEFINE         "19"    ;C
  353                             118 I1  _MCN_TBL_H150H          .DEFINE         "20"    ;D
  354                             119 I1  _MCN_TBL_H200S          .DEFINE         "21"    ;E
  355                             120 I1  _MCN_TBL_H200H          .DEFINE         "22"    ;F
  356                             121 I1  _MCN_TBL_H250S          .DEFINE         "23"    ;G
  357                             122 I1  _MCN_TBL_H250H          .DEFINE         "24"    ;H
  358                             123 I1                                                  ;I 25
  359                             124 I1                                                  ;J 26
  360                             125 I1  ;       ====2006-06-10=====================================
  361                             126 I1  _MCN_TBL_H630S          .DEFINE         "27"    ;K(27) ｻｰﾎﾞﾌﾟﾚｽ
  362                             127 I1                                                  ;L(28)
  363                             128 I1  ;       ====2007-06-19=====================================
  364                             129 I1  _MCN_TBL_H110L          .DEFINE         "29"    ;M(29) ｻｰﾎﾞﾌﾟﾚｽ
  365                             130 I1                                                  ;N(30)
  366                             131 I1  ;       ====2004-05-26=====================================
  367                             132 I1  _MCN_TBL_H470M          .DEFINE         "31"    ;O(31) ｻｰﾎﾞﾌﾟﾚｽ
  368                             133 I1  
  369                             134 I1  ;       ====2005-06-10=====================================
  370                             135 I1  _MCN_TBL_H630L          .DEFINE         "32"    ;P(32) ｻｰﾎﾞﾌﾟﾚｽ
  371                             136 I1  ;       ====2005-07-14=====================================
  372                             137 I1  _MCN_TBL_H920C          .DEFINE         "33"    ;Q(33) ｻｰﾎﾞﾌﾟﾚｽ
  373                             138 I1                                                  ;R(34)
  374                             139 I1                                                  ;S(35)
  375                             140 I1  
  376                             141 I1  ;       ====== 2007-08-24 H2W 300 ====================
  377                             142 I1  _MCN_TBL_H2W31          .DEFINE         "36"    ;T(36) 200
  378                             143 I1  
  379                             144 I1  ;       ==== 2007-04-25 ====
  380                             145 I1  _MCN_TBL_H2W20          .DEFINE         "37"    ;U(37) H2W 200ton
  381                             146 I1  
  382                             147 I1  ;       ==== 2007-02-18 ====
  383                             148 I1  _MCN_TBL_H2W30          .DEFINE         "38"    ;V(38) H2W 300ton
  384                             149 I1  
  385                             150 I1  
  386                             151 I1  _MCN_TBL_H001S          .DEFINE         "39"    ;W(39) ﾀﾞﾐｰ装置
  387                             152 I1  _MCN_TBL_H2WCS          .DEFINE         "40"    ;X(40) COS(H2W200CS 理想　2006-10-17)
  388                             153 I1  
  389                             154 I1  
  390                             155 I1  ;;_MACINE_TBL_SEL               .DEFINE         "1"     ;
  391                             156 I1  ;;_MACINE_TBL_SEL               .DEFINE         "2"     ;
  392                             157 I1  ;;_MACINE_TBL_SEL               .DEFINE         "3"     ;
  393                             158 I1  ;;_MACINE_TBL_SEL               .DEFINE         "4"     ;
  394                             159 I1  ;;_MACINE_TBL_SEL               .DEFINE         "5"     ;
  395                             160 I1  ;;_MACINE_TBL_SEL               .DEFINE         "6"     ;
  396                             161 I1  ;;_MACINE_TBL_SEL               .DEFINE         "7"     ;7
  397                             162 I1  ;;_MACINE_TBL_SEL               .DEFINE         "8"     ;8
*** SuperH RISC engine ASSEMBLER V.7.01.02.000 ***    11/15/15 05:47:35                                                  PAGE     8
PROGRAM NAME =

  398                             163 I1  ;;_MACINE_TBL_SEL               .DEFINE         "17"    ;A
  399                             164 I1  ;;_MACINE_TBL_SEL               .DEFINE         "18"    ;B
  400                             165 I1  ;;_MACINE_TBL_SEL               .DEFINE         "19"    ;C
  401                             166 I1  ;;_MACINE_TBL_SEL               .DEFINE         "20"    ;D
  402                             167 I1  ;;_MACINE_TBL_SEL               .DEFINE         "21"    ;E
  403                             168 I1  ;;_MACINE_TBL_SEL               .DEFINE         "22"    ;F
  404                             169 I1  ;;_MACINE_TBL_SEL               .DEFINE         "23"    ;G
  405                             170 I1  ;;_MACINE_TBL_SEL               .DEFINE         "24"    ;H
  406                             171 I1  
  407                             172 I1  
  408                             173 I1  ;;_MACINE_TBL_SEL               .DEFINE         "29"    ;M 2007-06-19
  409                             174 I1  
  410                             175 I1  ;;_MACINE_TBL_SEL               .DEFINE         "31"    ;O
  411                             176 I1  ;;_MACINE_TBL_SEL               .DEFINE         "32"    ;P
  412                             177 I1  ;;_MACINE_TBL_SEL               .DEFINE         "33"    ;Q
  413                             178 I1  ;;_MACINE_TBL_SEL               .DEFINE         "27"    ;K
  414                             179 I1  
  415                             180 I1  ;;_MACINE_TBL_SEL               .DEFINE         "36"    ;T(36) 2007-08-24
  416                             181 I1  
  417                             182 I1  ;;_MACINE_TBL_SEL               .DEFINE         "37"    ;U(37) 2007-02-18
  418                             183 I1  ;;_MACINE_TBL_SEL               .DEFINE         "38"    ;V(38) 2007-02-18
  419                             184 I1  
  420                             185 I1  _MACINE_TBL_SEL         .DEFINE         "39"    ;(39) ﾀﾞﾐｰ装置
  421                             186 I1  ;;39            .DEFINE         "40"    ;(40)理想COS
  422                             187 I1  
  423                              17     
  424                              18     
  425                              19     ;       //      ***********************************
  426                              20     ;       //      ***     PUBLIC 宣言 PROGRAM     ***
  427                              21     ;       //      ***********************************
  428                              22     ;       180     = 0~10000 *100.00mm
  429                              23     ;       312     = 0       *100.00mm
  430                              24     ;       0       =
  431                              25     ;       こっちの分解能が重要(制御につかう)
  432                              26     ;       ｾｸｼｮﾝは怪しいから使わない
  433                              27     ;       //      ***********************************
  434                              28     ;       //      ***     セクション              ***
  435                              29     ;       //      ***********************************
  436                              30     ;;      .AIF    1       EQ      1
  437                              31     ;;;     ====== このファイルは内臓空間へ割り当てる===
  438                              32     ;;              .SECTION        Pcb_TBL1,CODE           ;
  439                              33     ;;              .EXPORT         _CB_TABLE               ;未使用
  440                              34     ;;_CB_TABLE:
  441                              35     ;;      .AELSE
  442                              36     ;       ====== 外部空間===
  443                              37     ;;              .SECTION        Pcb_TBL1X, CODE         ;
  444                              38     ;;              .EXPORT         _CB_TABLEX              ;未使用
  445                              39     ;;_CB_TABLEX:
  446                              40     ;;      .AENDI
  447                              41     
  448                              42     
  449                              43     
  450                              44             .END
  *****TOTAL ERRORS       0
  *****TOTAL WARNINGS     0
*** SuperH RISC engine ASSEMBLER V.7.01.02.000 ***    11/15/15 05:47:35                                                  PAGE     9

*** CROSS REFERENCE LIST

NAME                             SECTION  ATTR VALUE             SEQUENCE

BIT0                                      EQU  00000001     21*  296   311 
BIT1                                      EQU  00000002     22*  297   312 
BIT10                                     EQU  00000400     31*  322 
BIT11                                     EQU  00000800     32*  323 
BIT12                                     EQU  00001000     33*  328 
BIT13                                     EQU  00002000     34*  329 
BIT14                                     EQU  00004000     35*  330 
BIT15                                     EQU  00008000     36*  331 
BIT16                                     EQU  00010000     37*
BIT17                                     EQU  00020000     38*
BIT18                                     EQU  00040000     39*
BIT19                                     EQU  00080000     40*
BIT2                                      EQU  00000004     23*  298   313   333 
BIT20                                     EQU  00100000     41*
BIT21                                     EQU  00200000     42*
BIT22                                     EQU  00400000     43*
BIT23                                     EQU  00800000     44*
BIT24                                     EQU  01000000     45*
BIT25                                     EQU  02000000     46*
BIT26                                     EQU  04000000     47*
BIT27                                     EQU  08000000     48*
BIT28                                     EQU  10000000     49*
BIT29                                     EQU  20000000     50*
BIT3                                      EQU  00000008     24*  299   314   334 
BIT30                                     EQU  40000000     51*
BIT31                                     EQU  80000000     52*
BIT4                                      EQU  00000010     25*  300   315   335 
BIT5                                      EQU  00000020     26*  301   316   336 
BIT6                                      EQU  00000040     27*  302   317   337 
BIT7                                      EQU  00000080     28*  303   318   338 
BIT8                                      EQU  00000100     29*  304   319 
BIT9                                      EQU  00000200     30*  305   320 
H_BYTE                                    EQU  00000000     88*
L_BYTE                                    EQU  00000001     87*
NBIT0                                     EQU  000000FE     55*
NBIT1                                     EQU  000000FD     56*
NBIT10                                    EQU  0000FBFF     66*
NBIT11                                    EQU  0000F7FF     67*
NBIT12                                    EQU  0000EFFF     68*
NBIT13                                    EQU  0000DFFF     69*
NBIT14                                    EQU  0000BFFF     70*
NBIT15                                    EQU  00007FFF     71*
NBIT2                                     EQU  000000FB     57*
NBIT3                                     EQU  000000F7     58*
NBIT4                                     EQU  000000EF     59*
NBIT5                                     EQU  000000DF     60*
NBIT6                                     EQU  000000BF     61*
NBIT7                                     EQU  0000007F     62*
NBIT8                                     EQU  0000FEFF     64*
NBIT9                                     EQU  0000FDFF     65*
P                                P        SCT  00000000      0*
XBIT0                                     EQU  00000000     74*
XBIT1                                     EQU  00000001     75*
XBIT2                                     EQU  00000002     76*
*** SuperH RISC engine ASSEMBLER V.7.01.02.000 ***    11/15/15 05:47:35                                                  PAGE    10

*** CROSS REFERENCE LIST

NAME                             SECTION  ATTR VALUE             SEQUENCE

XBIT3                                     EQU  00000003     77*
XBIT4                                     EQU  00000004     78*
XBIT5                                     EQU  00000005     79*
XBIT6                                     EQU  00000006     80*
XBIT7                                     EQU  00000007     81*
_CB_BAKUP_CMD1                            EQU  00005678    120*
_CB_BAKUP_CMD2                            EQU  00001234    121*
_CB_BAK_SUM_COD1                          EQU  5AA51234    118*
_CB_BAK_SUM_COD2                          EQU  A55A4321    119*
_CB_ERR_INFO_MEM                          EQU  00000040    143*
_CB_STS_BUF_1BLK                          EQU  00000040    123*  125 
_CB_STS_BUF_BLKMAX                        EQU  00000008    124*  125 
_CB_STS_BUF_MAX                           EQU  00000200    125*
_CB_TRD_BEFORE                            EQU  00000060    133*
_CB_TRD_BUF_DP_MAX                        EQU  00000080    137*
_CB_TRD_BUF_MAX                           EQU  00000800    134*
_CB_TRD_DP_1CNT                           EQU  00000008    136*
_CB_TRD_DP_CH                             EQU  00000004    129*
_CB_TRD_SMP_CNT                           EQU  00000080    132*
_DUMMY_SUM_CODE                           EQU  5AA53CC3    111*
_START_ACK_COD                            EQU  00004321    217*
_START_REQ_COD                            EQU  00009876    216*
_TIM_CNT010MS_DT                          EQU  0000000A    289*
_TIM_CNT100MS_DT                          EQU  00000064    290*
_VUPCHECK_EQU                             EQU  11AB3739    104*
_W1CNT                                    EQU  00000008    314*
_W1DIC                                    EQU  00000020    316*
_W1DUP                                    EQU  00000040    317*
_W1END                                    EQU  00000080    318*
_W1INC                                    EQU  00000002    312*
_W1LNC                                    EQU  00000400    322*
_W1LNO                                    EQU  00000800    323*
_W1OFF                                    EQU  00000001    311*
_W1OPT                                    EQU  00000010    315*
_W1REV                                    EQU  00004000    330*
_W1RNC                                    EQU  00000100    319*
_W1RNO                                    EQU  00000200    320*
_W1RST                                    EQU  00008000    331*
_W1SGL                                    EQU  00000004    313*
_W1SNC                                    EQU  00001000    328*
_W1SNO                                    EQU  00002000    329*
_W2LS1                                    EQU  00000004    333*
_W2LS2                                    EQU  00000008    334*
_W2SUP                                    EQU  00000080    338*
_W2WT1                                    EQU  00000010    335*
_W2WT2                                    EQU  00000020    336*
_W2WT3                                    EQU  00000040    337*
_WOANT                                    EQU  00000010    300*
_WOATO                                    EQU  00000040    302*
_WOFCY                                    EQU  00000080    303*
_WOQST                                    EQU  00000001    296*
_WORCY                                    EQU  00000100    304*
_WORDY                                    EQU  00000020    301*
_WORST                                    EQU  00000200    305*
*** SuperH RISC engine ASSEMBLER V.7.01.02.000 ***    11/15/15 05:47:35                                                  PAGE    11

*** CROSS REFERENCE LIST

NAME                             SECTION  ATTR VALUE             SEQUENCE

_WOVN1                                    EQU  00000002    297*
_WOVN2                                    EQU  00000004    298*
_WOVN3                                    EQU  00000008    299*
*** SuperH RISC engine ASSEMBLER V.7.01.02.000 ***    11/15/15 05:47:35                                                  PAGE    12

*** SECTION DATA LIST

SECTION                          ATTRIBUTE    SIZE             START

P                                REL-CODE    000000000        
