*** SuperH RISC engine ASSEMBLER V.7.01.02.000 ***    11/15/15 05:47:38                                                  PAGE     1
PROGRAM NAME =

    1                               1     ;/***********************************************************************/
    2                               2     ;/*                                                                     */
    3                               3     ;/*     コマツ産機㈱殿向け      ＳＩＴ－Ｓコントローラ                  */
    4                               4     ;/*                                                                     */
    5                               5     ;/*                             ルーレット処理  ●データ定義            */
    6                               6     ;/*                                                                     */
    7                               7     ;/*                             2002.06.30      FIT     mizukawa        */
    8                               8     ;/*                                                                     */
    9                               9     ;/***********************************************************************/
   10                              10             .CPU            SH2E
   11                              11     
   12                              12             .INCLUDE        "ssa_ver1.equ"
   13                               1 I1  ;       ***********************************
   14                               2 I1  ;       ***                             ***
   15                               3 I1  ;       ***     SIT3/4のﾊｰﾄﾞ関係ｿｰｽ切分 ***
   16                               4 I1  ;       ***                             ***
   17                               5 I1  ;       ***********************************
   18                               6 I1  _TYPE_SIT3      .DEFINE         "0"             ;
   19                               7 I1  _TYPE_SIT4      .DEFINE         "1"             ;
   20                               8 I1  ;;_SIT_TYPE_SEL .DEFINE         "0"     ;
   21                               9 I1  _SIT_TYPE_SEL   .DEFINE         "1"     ;
   22                              10 I1  
   23                              11 I1  ;       ***********************************
   24                              12 I1  ;       ***                             ***
   25                              13 I1  ;       ***     C/Bのﾊｰﾄﾞ関係ｿｰｽ切分    ***
   26                              14 I1  ;       ***                             ***
   27                              15 I1  ;       ***********************************
   28                              16 I1  _CB_CPUA        .DEFINE         "0"             ;
   29                              17 I1  _CB_CPUB        .DEFINE         "1"             ;
   30                              18 I1  ;;_CB_CPU_SEL   .DEFINE         "0"     ;
   31                              19 I1  _CB_CPU_SEL     .DEFINE         "1"     ;CPUB=CPUDの意味
   32                              20 I1          .AIF    1 EQ    0
   33                              21     ;       === CPUA ===
   34                              22             .AELSE
   35                              23 C   ;       === CPUB ===
   36                              24 I1          .AENDI
   37                              25 I1  
   38                              26 I1  _SIT3_CPUA      .DEFINE         "0"             ;
   39                              27 I1  _SIT3_CPUB      .DEFINE         "1"             ;
   40                              28 I1  _SIT4_CPUA      .DEFINE         "2"             ;
   41                              29 I1  _SIT4_CPUB      .DEFINE         "3"             ;
   42                              30 I1  
   43                              31 I1          .AIF    1 EQ 0
   44                              32     
   45                              33                     .AIF    1 EQ    0
   46                              34     
   47                              35     _SIT_CPU_SEL    .DEFINE         "0"     ;
   48                              36     
   49                              37                     .AELSE
   50                              38     
   51                              39     _SIT_CPU_SEL    .DEFINE         "1"     ;
   52                              40     
   53                              41                     .AENDI
   54                              42             .AELSE
   55                              43 C                   .AIF    1 EQ    0
   56                              44     
   57                              45     _SIT_CPU_SEL    .DEFINE         "2"     ;
*** SuperH RISC engine ASSEMBLER V.7.01.02.000 ***    11/15/15 05:47:38                                                  PAGE     2
PROGRAM NAME =

   58                              46     
   59                              47                     .AELSE
   60                              48 C   
   61                              49 C   _SIT_CPU_SEL    .DEFINE         "3"     ;
   62                              50 C   
   63                              51 C                   .AENDI
   64                              52 I1          .AENDI
   65                              13     
   66 00000000                     14             .SECTION        P,CODE,ALIGN=4
   67                              15     
   68                              16             .AIF    1 EQ 0
   69                              17     
   70                              18             .GLOBAL         _RULET_TBL_BASE_00
   71                              19             .GLOBAL         _RULET_TBL_BASE
   72                              20     
   73                              21             .GLOBAL         _HAN_RULET_TBL_BASE_00
   74                              22     
   75                              23     ;/***********************************************************************/
   76                              24     ;/*     ルーレット表示用○データテーブル先頭アドレス配列                */
   77                              25     ;/***********************************************************************/
   78                              26     _RULET_TBL_BASE_00:     .EQU    $
   79                              27             .DATA.L RULET_TBL_000                   ;000
   80                              28             .DATA.L RULET_TBL_090                   ;090
   81                              29             .DATA.L RULET_TBL_180                   ;180
   82                              30             .DATA.L RULET_TBL_270                   ;270
   83                              31     
   84                              32     RULET_TBL_000:          .EQU    $
   85                              33             .DATA.W 10+(8*2+4)*40                   ;POS X(byte pos.),Y(DOT GYOU)
   86                              34             .DATA.W B'0000001111000000              ;0
   87                              35             .DATA.W B'0000010000100000              ;1
   88                              36             .DATA.W B'0000100000010000              ;2
   89                              37             .DATA.W B'0000100000010000              ;3
   90                              38             .DATA.W B'0000100000010000              ;4
   91                              39             .DATA.W B'0000100000010000              ;5
   92                              40             .DATA.W B'0000010000100000              ;6
   93                              41             .DATA.W B'0000001111000000              ;7
   94                              42     
   95                              43     RULET_TBL_090:          .EQU    $
   96                              44             .DATA.W 20+(8*12+4)*40                  ;POS X(byte pos.),Y(DOT GYOU)
   97                              45             .DATA.W B'0000000111100000              ;0
   98                              46             .DATA.W B'0000001000010000              ;1
   99                              47             .DATA.W B'0000010000001000              ;2
  100                              48             .DATA.W B'0000010000001000              ;3
  101                              49             .DATA.W B'0000010000001000              ;4
  102                              50             .DATA.W B'0000010000001000              ;5
  103                              51             .DATA.W B'0000001000010000              ;6
  104                              52             .DATA.W B'0000000111100000              ;7
  105                              53     
  106                              54     RULET_TBL_180:          .EQU    $
  107                              55             .DATA.W 10+(8*22+5)*40                  ;POS X(byte pos.),Y(DOT GYOU)
  108                              56             .DATA.W B'0000001111000000              ;0
  109                              57             .DATA.W B'0000010000100000              ;1
  110                              58             .DATA.W B'0000100000010000              ;2
  111                              59             .DATA.W B'0000100000010000              ;3
  112                              60             .DATA.W B'0000100000010000              ;4
  113                              61             .DATA.W B'0000100000010000              ;5
  114                              62             .DATA.W B'0000010000100000              ;6
*** SuperH RISC engine ASSEMBLER V.7.01.02.000 ***    11/15/15 05:47:38                                                  PAGE     3
PROGRAM NAME =

  115                              63             .DATA.W B'0000001111000000              ;7
  116                              64     
  117                              65     RULET_TBL_270:          .EQU    $
  118                              66             .DATA.W 0+(8*12+4)*40                   ;POS X(byte pos.),Y(DOT GYOU)
  119                              67             .DATA.W B'0000001111000000              ;0
  120                              68             .DATA.W B'0000010000100000              ;1
  121                              69             .DATA.W B'0000100000010000              ;2
  122                              70             .DATA.W B'0000100000010000              ;3
  123                              71             .DATA.W B'0000100000010000              ;4
  124                              72             .DATA.W B'0000100000010000              ;5
  125                              73             .DATA.W B'0000010000100000              ;6
  126                              74             .DATA.W B'0000001111000000              ;7
  127                              75     
  128                              76     ;/***********************************************************************/
  129                              77     ;/*     ルーレット表示用●データテーブル先頭アドレス配列                */
  130                              78     ;/***********************************************************************/
  131                              79     _RULET_TBL_BASE:        .EQU    $
  132                              80             .DATA.L RULET_TBL000                    ;000
  133                              81             .DATA.L RULET_TBL010                    ;010
  134                              82             .DATA.L RULET_TBL020                    ;020
  135                              83             .DATA.L RULET_TBL030                    ;030
  136                              84             .DATA.L RULET_TBL040                    ;040
  137                              85             .DATA.L RULET_TBL050                    ;050
  138                              86             .DATA.L RULET_TBL060                    ;060
  139                              87             .DATA.L RULET_TBL070                    ;070
  140                              88             .DATA.L RULET_TBL080                    ;080
  141                              89             .DATA.L RULET_TBL090                    ;090
  142                              90             .DATA.L RULET_TBL100                    ;100
  143                              91             .DATA.L RULET_TBL110                    ;110
  144                              92             .DATA.L RULET_TBL120                    ;120
  145                              93             .DATA.L RULET_TBL130                    ;130
  146                              94             .DATA.L RULET_TBL140                    ;140
  147                              95             .DATA.L RULET_TBL150                    ;150
  148                              96             .DATA.L RULET_TBL160                    ;160
  149                              97             .DATA.L RULET_TBL170                    ;170
  150                              98             .DATA.L RULET_TBL180                    ;180
  151                              99             .DATA.L RULET_TBL190                    ;190
  152                             100             .DATA.L RULET_TBL200                    ;200
  153                             101             .DATA.L RULET_TBL210                    ;210
  154                             102             .DATA.L RULET_TBL220                    ;220
  155                             103             .DATA.L RULET_TBL230                    ;230
  156                             104             .DATA.L RULET_TBL240                    ;240
  157                             105             .DATA.L RULET_TBL250                    ;250
  158                             106             .DATA.L RULET_TBL260                    ;260
  159                             107             .DATA.L RULET_TBL270                    ;270
  160                             108             .DATA.L RULET_TBL280                    ;280
  161                             109             .DATA.L RULET_TBL290                    ;290
  162                             110             .DATA.L RULET_TBL300                    ;300
  163                             111             .DATA.L RULET_TBL310                    ;310
  164                             112             .DATA.L RULET_TBL320                    ;320
  165                             113             .DATA.L RULET_TBL330                    ;330
  166                             114             .DATA.L RULET_TBL340                    ;340
  167                             115             .DATA.L RULET_TBL350                    ;350
  168                             116             .DATA.L RULET_TBL000                    ;000
  169                             117     
  170                             118     RULET_TBL000:           .EQU    $
  171                             119             .DATA.W 10+(8*2+4)*40                   ;POS X(byte pos.),Y(DOT GYOU)
*** SuperH RISC engine ASSEMBLER V.7.01.02.000 ***    11/15/15 05:47:38                                                  PAGE     4
PROGRAM NAME =

  172                             120             .DATA.W B'0000000000000000              ;0
  173                             121             .DATA.W B'0000001111000000              ;1
  174                             122             .DATA.W B'0000011111100000              ;2
  175                             123             .DATA.W B'0000011111100000              ;3
  176                             124             .DATA.W B'0000011111100000              ;4
  177                             125             .DATA.W B'0000011111100000              ;5
  178                             126             .DATA.W B'0000001111000000              ;6
  179                             127             .DATA.W B'0000000000000000              ;7
  180                             128     
  181                             129     ;RULET_TBL000_0:        .EQU    $
  182                             130     ;       .DATA.W 10+(8*2+4)*40                   ;POS X(byte pos.),Y(DOT GYOU)
  183                             131     ;       .DATA.W B'0000001111000000              ;0
  184                             132     ;       .DATA.W B'0000011111100000              ;1
  185                             133     ;       .DATA.W B'0000111111110000              ;2
  186                             134     ;       .DATA.W B'0000111111110000              ;3
  187                             135     ;       .DATA.W B'0000111111110000              ;4
  188                             136     ;       .DATA.W B'0000111111110000              ;5
  189                             137     ;       .DATA.W B'0000011111100000              ;6
  190                             138     ;       .DATA.W B'0000001111000000              ;7
  191                             139     
  192                             140     RULET_TBL010:           .EQU    $
  193                             141             .DATA.W 12+(8*2+5)*40                   ;POS X(byte pos.),Y(DOT GYOU)
  194                             142             .DATA.W B'0000111100000000              ;0
  195                             143             .DATA.W B'0001111110000000              ;1
  196                             144             .DATA.W B'0011111111000000              ;2
  197                             145             .DATA.W B'0011111111000000              ;3
  198                             146             .DATA.W B'0011111111000000              ;4
  199                             147             .DATA.W B'0011111111000000              ;5
  200                             148             .DATA.W B'0001111110000000              ;6
  201                             149             .DATA.W B'0000111100000000              ;7
  202                             150     
  203                             151     RULET_TBL020:           .EQU    $
  204                             152             .DATA.W 13+(8*3+0)*40                   ;POS X(byte pos.),Y(DOT GYOU)
  205                             153             .DATA.W B'0000000001111000              ;0
  206                             154             .DATA.W B'0000000011111100              ;1
  207                             155             .DATA.W B'0000000111111110              ;2
  208                             156             .DATA.W B'0000000111111110              ;3
  209                             157             .DATA.W B'0000000111111110              ;4
  210                             158             .DATA.W B'0000000111111110              ;5
  211                             159             .DATA.W B'0000000011111100              ;6
  212                             160             .DATA.W B'0000000001111000              ;7
  213                             161     
  214                             162     RULET_TBL030:           .EQU    $
  215                             163             .DATA.W 15+(8*3+6)*40                   ;POS X(byte pos.),Y(DOT GYOU)
  216                             164             .DATA.W B'0000001111000000              ;0
  217                             165             .DATA.W B'0000011111100000              ;1
  218                             166             .DATA.W B'0000111111110000              ;2
  219                             167             .DATA.W B'0000111111110000              ;3
  220                             168             .DATA.W B'0000111111110000              ;4
  221                             169             .DATA.W B'0000111111110000              ;5
  222                             170             .DATA.W B'0000011111100000              ;6
  223                             171             .DATA.W B'0000001111000000              ;7
  224                             172     
  225                             173     RULET_TBL040:           .EQU    $
  226                             174             .DATA.W 16+(8*4+6)*40                   ;POS X(byte pos.),Y(DOT GYOU)
  227                             175             .DATA.W B'0000000000111100              ;0
  228                             176             .DATA.W B'0000000001111110              ;1
*** SuperH RISC engine ASSEMBLER V.7.01.02.000 ***    11/15/15 05:47:38                                                  PAGE     5
PROGRAM NAME =

  229                             177             .DATA.W B'0000000011111111              ;2
  230                             178             .DATA.W B'0000000011111111              ;3
  231                             179             .DATA.W B'0000000011111111              ;4
  232                             180             .DATA.W B'0000000011111111              ;5
  233                             181             .DATA.W B'0000000001111110              ;6
  234                             182             .DATA.W B'0000000000111100              ;7
  235                             183     
  236                             184     RULET_TBL050:           .EQU    $
  237                             185             .DATA.W 18+(8*5+7)*40                   ;POS X(byte pos.),Y(DOT GYOU)
  238                             186             .DATA.W B'0001111000000000              ;0
  239                             187             .DATA.W B'0011111100000000              ;1
  240                             188             .DATA.W B'0111111110000000              ;2
  241                             189             .DATA.W B'0111111110000000              ;3
  242                             190             .DATA.W B'0111111110000000              ;4
  243                             191             .DATA.W B'0111111110000000              ;5
  244                             192             .DATA.W B'0011111100000000              ;6
  245                             193             .DATA.W B'0001111000000000              ;7
  246                             194     
  247                             195     RULET_TBL060:           .EQU    $
  248                             196             .DATA.W 19+(8*7+2)*40                   ;POS X(byte pos.),Y(DOT GYOU)
  249                             197             .DATA.W B'0000111100000000              ;0
  250                             198             .DATA.W B'0001111110000000              ;1
  251                             199             .DATA.W B'0011111110000000              ;2
  252                             200             .DATA.W B'0011111111000000              ;3
  253                             201             .DATA.W B'0011111111000000              ;4
  254                             202             .DATA.W B'0011111111000000              ;5
  255                             203             .DATA.W B'0001111110000000              ;6
  256                             204             .DATA.W B'0000111100000000              ;7
  257                             205     
  258                             206     RULET_TBL070:           .EQU    $
  259                             207             .DATA.W 19+(8*9+0)*40                   ;POS X(byte pos.),Y(DOT GYOU)
  260                             208             .DATA.W B'0000000000111100              ;0
  261                             209             .DATA.W B'0000000001111110              ;1
  262                             210             .DATA.W B'0000000011111111              ;2
  263                             211             .DATA.W B'0000000011111111              ;3
  264                             212             .DATA.W B'0000000011111111              ;4
  265                             213             .DATA.W B'0000000011111111              ;5
  266                             214             .DATA.W B'0000000001111110              ;6
  267                             215             .DATA.W B'0000000000111100              ;7
  268                             216     
  269                             217     RULET_TBL080:           .EQU    $
  270                             218             .DATA.W 20+(8*10+6)*40                  ;POS X(byte pos.),Y(DOT GYOU)
  271                             219             .DATA.W B'0000001111000000              ;0
  272                             220             .DATA.W B'0000011111100000              ;1
  273                             221             .DATA.W B'0000111111110000              ;2
  274                             222             .DATA.W B'0000111111110000              ;3
  275                             223             .DATA.W B'0000111111110000              ;4
  276                             224             .DATA.W B'0000111111110000              ;5
  277                             225             .DATA.W B'0000011111100000              ;6
  278                             226             .DATA.W B'0000001111000000              ;7
  279                             227     
  280                             228     RULET_TBL090:           .EQU    $
  281                             229             .DATA.W 20+(8*12+4)*40                  ;POS X(byte pos.),Y(DOT GYOU)
  282                             230             .DATA.W B'0000000000000000              ;0
  283                             231             .DATA.W B'0000000111100000              ;1
  284                             232             .DATA.W B'0000001111110000              ;2
  285                             233             .DATA.W B'0000001111110000              ;3
*** SuperH RISC engine ASSEMBLER V.7.01.02.000 ***    11/15/15 05:47:38                                                  PAGE     6
PROGRAM NAME =

  286                             234             .DATA.W B'0000001111110000              ;4
  287                             235             .DATA.W B'0000001111110000              ;5
  288                             236             .DATA.W B'0000000111100000              ;6
  289                             237             .DATA.W B'0000000000000000              ;7
  290                             238     
  291                             239     ;RULET_TBL090_0:        .EQU    $
  292                             240     ;       .DATA.W 20+(8*12+4)*40                  ;POS X(byte pos.),Y(DOT GYOU)
  293                             241     ;       .DATA.W B'0000000111100000              ;0
  294                             242     ;       .DATA.W B'0000001111110000              ;1
  295                             243     ;       .DATA.W B'0000011111111000              ;2
  296                             244     ;       .DATA.W B'0000011111111000              ;3
  297                             245     ;       .DATA.W B'0000011111111000              ;4
  298                             246     ;       .DATA.W B'0000011111111000              ;5
  299                             247     ;       .DATA.W B'0000001111110000              ;6
  300                             248     ;       .DATA.W B'0000000111100000              ;7
  301                             249     
  302                             250     RULET_TBL100:           .EQU    $
  303                             251             .DATA.W 20+(8*14+1)*40                  ;POS X(byte pos.),Y(DOT GYOU)
  304                             252             .DATA.W B'0000001111000000              ;0
  305                             253             .DATA.W B'0000011111100000              ;1
  306                             254             .DATA.W B'0000111111110000              ;2
  307                             255             .DATA.W B'0000111111110000              ;3
  308                             256             .DATA.W B'0000111111110000              ;4
  309                             257             .DATA.W B'0000111111110000              ;5
  310                             258             .DATA.W B'0000011111100000              ;6
  311                             259             .DATA.W B'0000001111000000              ;7
  312                             260     
  313                             261     RULET_TBL110:           .EQU    $
  314                             262             .DATA.W 20+(8*15+7)*40                  ;POS X(byte pos.),Y(DOT GYOU)
  315                             263             .DATA.W B'0001111000000000              ;0
  316                             264             .DATA.W B'0011111100000000              ;1
  317                             265             .DATA.W B'0111111110000000              ;2
  318                             266             .DATA.W B'0111111110000000              ;3
  319                             267             .DATA.W B'0111111110000000              ;4
  320                             268             .DATA.W B'0111111110000000              ;5
  321                             269             .DATA.W B'0011111100000000              ;6
  322                             270             .DATA.W B'0001111000000000              ;7
  323                             271     
  324                             272     RULET_TBL120:           .EQU    $
  325                             273             .DATA.W 19+(8*17+4)*40                  ;POS X(byte pos.),Y(DOT GYOU)
  326                             274             .DATA.W B'0000011110000000              ;0
  327                             275             .DATA.W B'0000111111000000              ;1
  328                             276             .DATA.W B'0001111111100000              ;2
  329                             277             .DATA.W B'0001111111100000              ;3
  330                             278             .DATA.W B'0001111111100000              ;4
  331                             279             .DATA.W B'0001111111100000              ;5
  332                             280             .DATA.W B'0000111111000000              ;6
  333                             281             .DATA.W B'0000011110000000              ;7
  334                             282     
  335                             283     RULET_TBL130:           .EQU    $
  336                             284             .DATA.W 18+(8*18+7)*40                  ;POS X(byte pos.),Y(DOT GYOU)
  337                             285             .DATA.W B'0000001111000000              ;0
  338                             286             .DATA.W B'0000011111100000              ;1
  339                             287             .DATA.W B'0000111111110000              ;2
  340                             288             .DATA.W B'0000111111110000              ;3
  341                             289             .DATA.W B'0000111111110000              ;4
  342                             290             .DATA.W B'0000111111110000              ;5
*** SuperH RISC engine ASSEMBLER V.7.01.02.000 ***    11/15/15 05:47:38                                                  PAGE     7
PROGRAM NAME =

  343                             291             .DATA.W B'0000011111100000              ;6
  344                             292             .DATA.W B'0000001111000000              ;7
  345                             293     
  346                             294     RULET_TBL140:           .EQU    $
  347                             295             .DATA.W 17+(8*20+2)*40                  ;POS X(byte pos.),Y(DOT GYOU)
  348                             296             .DATA.W B'0001111000000000              ;0
  349                             297             .DATA.W B'0011111100000000              ;1
  350                             298             .DATA.W B'0111111110000000              ;2
  351                             299             .DATA.W B'0111111110000000              ;3
  352                             300             .DATA.W B'0111111110000000              ;4
  353                             301             .DATA.W B'0111111110000000              ;5
  354                             302             .DATA.W B'0011111100000000              ;6
  355                             303             .DATA.W B'0001111000000000              ;7
  356                             304     
  357                             305     RULET_TBL150:           .EQU    $
  358                             306             .DATA.W 15+(8*21+3)*40                  ;POS X(byte pos.),Y(DOT GYOU)
  359                             307             .DATA.W B'0000001111000000              ;0
  360                             308             .DATA.W B'0000011111100000              ;1
  361                             309             .DATA.W B'0000111111110000              ;2
  362                             310             .DATA.W B'0000111111110000              ;3
  363                             311             .DATA.W B'0000111111110000              ;4
  364                             312             .DATA.W B'0000111111110000              ;5
  365                             313             .DATA.W B'0000011111100000              ;6
  366                             314             .DATA.W B'0000001111000000              ;7
  367                             315     
  368                             316     RULET_TBL160:           .EQU    $
  369                             317             .DATA.W 13+(8*22+1)*40                  ;POS X(byte pos.),Y(DOT GYOU)
  370                             318             .DATA.W B'0000000001111100              ;0
  371                             319             .DATA.W B'0000000001111110              ;1
  372                             320             .DATA.W B'0000000011111111              ;2
  373                             321             .DATA.W B'0000000011111111              ;3
  374                             322             .DATA.W B'0000000011111111              ;4
  375                             323             .DATA.W B'0000000011111111              ;5
  376                             324             .DATA.W B'0000000001111110              ;6
  377                             325             .DATA.W B'0000000000111000              ;7
  378                             326     
  379                             327     RULET_TBL170:           .EQU    $
  380                             328             .DATA.W 12+(8*22+4)*40                  ;POS X(byte pos.),Y(DOT GYOU)
  381                             329             .DATA.W B'0000111100000000              ;0
  382                             330             .DATA.W B'0001111110000000              ;1
  383                             331             .DATA.W B'0011111111000000              ;2
  384                             332             .DATA.W B'0011111111000000              ;3
  385                             333             .DATA.W B'0011111111000000              ;4
  386                             334             .DATA.W B'0011111111000000              ;5
  387                             335             .DATA.W B'0001111110000000              ;6
  388                             336             .DATA.W B'0000111100000000              ;7
  389                             337     
  390                             338     RULET_TBL180:           .EQU    $
  391                             339             .DATA.W 10+(8*22+5)*40                  ;POS X(byte pos.),Y(DOT GYOU)
  392                             340             .DATA.W B'0000000000000000              ;0
  393                             341             .DATA.W B'0000001111000000              ;1
  394                             342             .DATA.W B'0000011111100000              ;2
  395                             343             .DATA.W B'0000011111100000              ;3
  396                             344             .DATA.W B'0000011111100000              ;4
  397                             345             .DATA.W B'0000011111100000              ;5
  398                             346             .DATA.W B'0000001111000000              ;6
  399                             347             .DATA.W B'0000000000000000              ;7
*** SuperH RISC engine ASSEMBLER V.7.01.02.000 ***    11/15/15 05:47:38                                                  PAGE     8
PROGRAM NAME =

  400                             348     
  401                             349     ;RULET_TBL180_0:        .EQU    $
  402                             350     ;       .DATA.W 10+(8*22+5)*40                  ;POS X(byte pos.),Y(DOT GYOU)
  403                             351     ;       .DATA.W B'0000001111000000              ;0
  404                             352     ;       .DATA.W B'0000011111100000              ;1
  405                             353     ;       .DATA.W B'0000111111110000              ;2
  406                             354     ;       .DATA.W B'0000111111110000              ;3
  407                             355     ;       .DATA.W B'0000111111110000              ;4
  408                             356     ;       .DATA.W B'0000111111110000              ;5
  409                             357     ;       .DATA.W B'0000011111100000              ;6
  410                             358     ;       .DATA.W B'0000001111000000              ;7
  411                             359     
  412                             360     RULET_TBL190:           .EQU    $
  413                             361             .DATA.W 8+(8*22+3)*40                   ;POS X(byte pos.),Y(DOT GYOU)
  414                             362             .DATA.W B'0000001100000000              ;0
  415                             363             .DATA.W B'0000011111100000              ;1
  416                             364             .DATA.W B'0000111111110000              ;2
  417                             365             .DATA.W B'0000111111110000              ;3
  418                             366             .DATA.W B'0000111111110000              ;4
  419                             367             .DATA.W B'0000111111110000              ;5
  420                             368             .DATA.W B'0000011111100000              ;6
  421                             369             .DATA.W B'0000001111000000              ;7
  422                             370     
  423                             371     RULET_TBL200:           .EQU    $
  424                             372             .DATA.W 6+(8*21+7)*40                   ;POS X(byte pos.),Y(DOT GYOU)
  425                             373             .DATA.W B'0000000011100000              ;0
  426                             374             .DATA.W B'0000000111111000              ;1
  427                             375             .DATA.W B'0000001111111100              ;2
  428                             376             .DATA.W B'0000001111111100              ;3
  429                             377             .DATA.W B'0000001111111100              ;4
  430                             378             .DATA.W B'0000001111111100              ;5
  431                             379             .DATA.W B'0000000111111000              ;6
  432                             380             .DATA.W B'0000000011110000              ;7
  433                             381     
  434                             382     RULET_TBL210:           .EQU    $
  435                             383             .DATA.W 5+(8*21+1)*40                   ;POS X(byte pos.),Y(DOT GYOU)
  436                             384             .DATA.W B'0000111000000000              ;0
  437                             385             .DATA.W B'0001111110000000              ;1
  438                             386             .DATA.W B'0011111111000000              ;2
  439                             387             .DATA.W B'0011111111000000              ;3
  440                             388             .DATA.W B'0011111111000000              ;4
  441                             389             .DATA.W B'0011111111000000              ;5
  442                             390             .DATA.W B'0011111110000000              ;6
  443                             391             .DATA.W B'0001111100000000              ;7
  444                             392     
  445                             393     RULET_TBL220:           .EQU    $
  446                             394             .DATA.W 3+(8*20+1)*40                   ;POS X(byte pos.),Y(DOT GYOU)
  447                             395             .DATA.W B'0000000011110000              ;0
  448                             396             .DATA.W B'0000000111111000              ;1
  449                             397             .DATA.W B'0000001111111100              ;2
  450                             398             .DATA.W B'0000001111111100              ;3
  451                             399             .DATA.W B'0000001111111100              ;4
  452                             400             .DATA.W B'0000001111111100              ;5
  453                             401             .DATA.W B'0000000111111000              ;6
  454                             402             .DATA.W B'0000000011110000              ;7
  455                             403     
  456                             404     RULET_TBL230:           .EQU    $
*** SuperH RISC engine ASSEMBLER V.7.01.02.000 ***    11/15/15 05:47:38                                                  PAGE     9
PROGRAM NAME =

  457                             405             .DATA.W 2+(8*19+0)*40                   ;POS X(byte pos.),Y(DOT GYOU)
  458                             406             .DATA.W B'0000000011110000              ;0
  459                             407             .DATA.W B'0000000111111000              ;1
  460                             408             .DATA.W B'0000001111111100              ;2
  461                             409             .DATA.W B'0000001111111100              ;3
  462                             410             .DATA.W B'0000001111111100              ;4
  463                             411             .DATA.W B'0000001111111100              ;5
  464                             412             .DATA.W B'0000000111111000              ;6
  465                             413             .DATA.W B'0000000011110000              ;7
  466                             414     
  467                             415     RULET_TBL240:           .EQU    $
  468                             416             .DATA.W 1+(8*17+4)*40                   ;POS X(byte pos.),Y(DOT GYOU)
  469                             417             .DATA.W B'0000000011110000              ;0
  470                             418             .DATA.W B'0000000111111000              ;1
  471                             419             .DATA.W B'0000001111111100              ;2
  472                             420             .DATA.W B'0000001111111100              ;3
  473                             421             .DATA.W B'0000001111111100              ;4
  474                             422             .DATA.W B'0000001111111100              ;5
  475                             423             .DATA.W B'0000000111111000              ;6
  476                             424             .DATA.W B'0000000011110000              ;7
  477                             425     
  478                             426     RULET_TBL250:           .EQU    $
  479                             427             .DATA.W 0+(8*16+0)*40                   ;POS X(byte pos.),Y(DOT GYOU)
  480                             428             .DATA.W B'0000000000111100              ;0
  481                             429             .DATA.W B'0000000001111110              ;1
  482                             430             .DATA.W B'0000000011111111              ;2
  483                             431             .DATA.W B'0000000011111111              ;3
  484                             432             .DATA.W B'0000000011111111              ;4
  485                             433             .DATA.W B'0000000001111111              ;5
  486                             434             .DATA.W B'0000000001111110              ;6
  487                             435             .DATA.W B'0000000000111100              ;7
  488                             436     
  489                             437     RULET_TBL260:           .EQU    $
  490                             438             .DATA.W 0+(8*14+2)*40                   ;POS X(byte pos.),Y(DOT GYOU)
  491                             439             .DATA.W B'0000000111100000              ;0
  492                             440             .DATA.W B'0000001111111000              ;1
  493                             441             .DATA.W B'0000011111111000              ;2
  494                             442             .DATA.W B'0000011111111000              ;3
  495                             443             .DATA.W B'0000011111111000              ;4
  496                             444             .DATA.W B'0000011111111000              ;5
  497                             445             .DATA.W B'0000001111110000              ;6
  498                             446             .DATA.W B'0000000111100000              ;7
  499                             447     
  500                             448     RULET_TBL270:           .EQU    $
  501                             449             .DATA.W 0+(8*12+4)*40                   ;POS X(byte pos.),Y(DOT GYOU)
  502                             450             .DATA.W B'0000000000000000              ;0
  503                             451             .DATA.W B'0000001111000000              ;1
  504                             452             .DATA.W B'0000011111100000              ;2
  505                             453             .DATA.W B'0000011111100000              ;3
  506                             454             .DATA.W B'0000011111100000              ;4
  507                             455             .DATA.W B'0000011111100000              ;5
  508                             456             .DATA.W B'0000001111000000              ;6
  509                             457             .DATA.W B'0000000000000000              ;7
  510                             458     
  511                             459     ;RULET_TBL270_0:        .EQU    $
  512                             460     ;       .DATA.W 0+(8*12+4)*40                   ;POS X(byte pos.),Y(DOT GYOU)
  513                             461     ;       .DATA.W B'0000001111000000              ;0
*** SuperH RISC engine ASSEMBLER V.7.01.02.000 ***    11/15/15 05:47:38                                                  PAGE    10
PROGRAM NAME =

  514                             462     ;       .DATA.W B'0000011111100000              ;1
  515                             463     ;       .DATA.W B'0000111111110000              ;2
  516                             464     ;       .DATA.W B'0000111111110000              ;3
  517                             465     ;       .DATA.W B'0000111111110000              ;4
  518                             466     ;       .DATA.W B'0000111111110000              ;5
  519                             467     ;       .DATA.W B'0000011111100000              ;6
  520                             468     ;       .DATA.W B'0000001111000000              ;7
  521                             469     
  522                             470     RULET_TBL280:           .EQU    $
  523                             471             .DATA.W 0+(8*10+6)*40                   ;POS X(byte pos.),Y(DOT GYOU)
  524                             472             .DATA.W B'0000000111100000              ;0
  525                             473             .DATA.W B'0000001111110000              ;1
  526                             474             .DATA.W B'0000011111111000              ;2
  527                             475             .DATA.W B'0000011111111000              ;3
  528                             476             .DATA.W B'0000011111111000              ;4
  529                             477             .DATA.W B'0000011111111000              ;5
  530                             478             .DATA.W B'0000001111110000              ;6
  531                             479             .DATA.W B'0000000111100000              ;7
  532                             480     
  533                             481     RULET_TBL290:           .EQU    $
  534                             482             .DATA.W 1+(8*9+1)*40                    ;POS X(byte pos.),Y(DOT GYOU)
  535                             483             .DATA.W B'0011110000000000              ;0
  536                             484             .DATA.W B'0111111000000000              ;1
  537                             485             .DATA.W B'0111111100000000              ;2
  538                             486             .DATA.W B'1111111110000000              ;3
  539                             487             .DATA.W B'1111111100000000              ;4
  540                             488             .DATA.W B'1111111100000000              ;5
  541                             489             .DATA.W B'0111111000000000              ;6
  542                             490             .DATA.W B'0011110000000000              ;7
  543                             491     
  544                             492     RULET_TBL300:           .EQU    $
  545                             493             .DATA.W 1+(8*7+4)*40                    ;POS X(byte pos.),Y(DOT GYOU)
  546                             494             .DATA.W B'0000000011110000              ;0
  547                             495             .DATA.W B'0000000111111000              ;1
  548                             496             .DATA.W B'0000000111111100              ;2
  549                             497             .DATA.W B'0000001111111100              ;3
  550                             498             .DATA.W B'0000001111111100              ;4
  551                             499             .DATA.W B'0000001111111100              ;5
  552                             500             .DATA.W B'0000000111111000              ;6
  553                             501             .DATA.W B'0000000011110000              ;7
  554                             502     
  555                             503     RULET_TBL310:           .EQU    $
  556                             504             .DATA.W 2+(8*6+1)*40                    ;POS X(byte pos.),Y(DOT GYOU)
  557                             505             .DATA.W B'0000000011110000              ;0
  558                             506             .DATA.W B'0000000111111000              ;1
  559                             507             .DATA.W B'0000001111111100              ;2
  560                             508             .DATA.W B'0000001111111100              ;3
  561                             509             .DATA.W B'0000001111111100              ;4
  562                             510             .DATA.W B'0000001111111100              ;5
  563                             511             .DATA.W B'0000000111111000              ;6
  564                             512             .DATA.W B'0000000011110000              ;7
  565                             513     
  566                             514     RULET_TBL320:           .EQU    $
  567                             515             .DATA.W 4+(8*4+7)*40                    ;POS X(byte pos.),Y(DOT GYOU)
  568                             516             .DATA.W B'0011110000000000              ;0
  569                             517             .DATA.W B'0111111000000000              ;1
  570                             518             .DATA.W B'1111111100000000              ;2
*** SuperH RISC engine ASSEMBLER V.7.01.02.000 ***    11/15/15 05:47:38                                                  PAGE    11
PROGRAM NAME =

  571                             519             .DATA.W B'1111111100000000              ;3
  572                             520             .DATA.W B'1111111100000000              ;4
  573                             521             .DATA.W B'1111111100000000              ;5
  574                             522             .DATA.W B'0111111000000000              ;6
  575                             523             .DATA.W B'0011110000000000              ;7
  576                             524     
  577                             525     RULET_TBL330:           .EQU    $
  578                             526             .DATA.W 5+(8*3+7)*40                    ;POS X(byte pos.),Y(DOT GYOU)
  579                             527             .DATA.W B'0000001111000000              ;0
  580                             528             .DATA.W B'0000011111100000              ;1
  581                             529             .DATA.W B'0000111111110000              ;2
  582                             530             .DATA.W B'0000111111110000              ;3
  583                             531             .DATA.W B'0000111111110000              ;4
  584                             532             .DATA.W B'0000111111100000              ;5
  585                             533             .DATA.W B'0000011111100000              ;6
  586                             534             .DATA.W B'0000001110000000              ;7
  587                             535     
  588                             536     RULET_TBL340:           .EQU    $
  589                             537             .DATA.W 7+(8*3+1)*40                    ;POS X(byte pos.),Y(DOT GYOU)
  590                             538             .DATA.W B'0011110000000000              ;0
  591                             539             .DATA.W B'0111111000000000              ;1
  592                             540             .DATA.W B'1111111100000000              ;2
  593                             541             .DATA.W B'1111111100000000              ;3
  594                             542             .DATA.W B'1111111100000000              ;4
  595                             543             .DATA.W B'1111111100000000              ;5
  596                             544             .DATA.W B'0111111000000000              ;6
  597                             545             .DATA.W B'0011110000000000              ;7
  598                             546     
  599                             547     RULET_TBL350:           .EQU    $
  600                             548             .DATA.W 8+(8*2+5)*40                    ;POS X(byte pos.),Y(DOT GYOU)
  601                             549             .DATA.W B'0000000011110000              ;0
  602                             550             .DATA.W B'0000000111111000              ;1
  603                             551             .DATA.W B'0000001111111100              ;2
  604                             552             .DATA.W B'0000001111111100              ;3
  605                             553             .DATA.W B'0000001111111100              ;4
  606                             554             .DATA.W B'0000001111111100              ;5
  607                             555             .DATA.W B'0000000111111000              ;6
  608                             556             .DATA.W B'0000000011110000              ;7
  609                             557     
  610                             558     ;/****************************************************************************/
  611                             559     
  612                             560     
  613                             561     ;       半円の時のテーブル
  614                             562     ;/***********************************************************************/
  615                             563     ;/*     ルーレット表示用○データテーブル先頭アドレス配列                */
  616                             564     ;/***********************************************************************/
  617                             565     _HAN_RULET_TBL_BASE_00: .EQU    $
  618                             566             .DATA.L HAN_RULET_TBL_000               ;000
  619                             567             .DATA.L HAN_RULET_TBL_090               ;090
  620                             568             .DATA.L HAN_RULET_TBL_180               ;180
  621                             569             .DATA.L HAN_RULET_TBL_270               ;270
  622                             570     
  623                             571     HAN_RULET_TBL_000:              .EQU    $
  624                             572             .DATA.W 10+(8*2+4)*40                   ;POS X(byte pos.),Y(DOT GYOU)
  625                             573             .DATA.W B'0000001111000000              ;0
  626                             574             .DATA.W B'0000010000100000              ;1
  627                             575             .DATA.W B'0000100000010000              ;2
*** SuperH RISC engine ASSEMBLER V.7.01.02.000 ***    11/15/15 05:47:38                                                  PAGE    12
PROGRAM NAME =

  628                             576             .DATA.W B'0000100000010000              ;3
  629                             577             .DATA.W B'0000100000010000              ;4
  630                             578             .DATA.W B'0000100000010000              ;5
  631                             579             .DATA.W B'0000010000100000              ;6
  632                             580             .DATA.W B'0000001111000000              ;7
  633                             581     
  634                             582     HAN_RULET_TBL_090:              .EQU    $
  635                             583             .DATA.W 20+(8*12+4)*40                  ;POS X(byte pos.),Y(DOT GYOU)
  636                             584             .DATA.W B'0000000111100000              ;0
  637                             585             .DATA.W B'0000001000010000              ;1
  638                             586             .DATA.W B'0000010000001000              ;2
  639                             587             .DATA.W B'0000010000001000              ;3
  640                             588             .DATA.W B'0000010000001000              ;4
  641                             589             .DATA.W B'0000010000001000              ;5
  642                             590             .DATA.W B'0000001000010000              ;6
  643                             591             .DATA.W B'0000000111100000              ;7
  644                             592     
  645                             593     HAN_RULET_TBL_180:              .EQU    $
  646                             594             .DATA.W 10+(8*22+5)*40                  ;POS X(byte pos.),Y(DOT GYOU)
  647                             595             .DATA.W B'0000001111000000              ;0
  648                             596             .DATA.W B'0000010000100000              ;1
  649                             597             .DATA.W B'0000100000010000              ;2
  650                             598             .DATA.W B'0000100000010000              ;3
  651                             599             .DATA.W B'0000100000010000              ;4
  652                             600             .DATA.W B'0000100000010000              ;5
  653                             601             .DATA.W B'0000010000100000              ;6
  654                             602             .DATA.W B'0000001111000000              ;7
  655                             603     
  656                             604     HAN_RULET_TBL_270:              .EQU    $
  657                             605             .DATA.W 0+(8*12+4)*40                   ;POS X(byte pos.),Y(DOT GYOU)
  658                             606             .DATA.W B'0000000000000000              ;0
  659                             607             .DATA.W B'0000000000000000              ;1
  660                             608             .DATA.W B'0000000000000000              ;2
  661                             609             .DATA.W B'0000000000000000              ;3
  662                             610             .DATA.W B'0000000000000000              ;4
  663                             611             .DATA.W B'0000000000000000              ;5
  664                             612             .DATA.W B'0000000000000000              ;6
  665                             613             .DATA.W B'0000000000000000              ;7
  666                             614     
  667                             615             .AENDI
  668                             616     
  669                             617             .END
  *****TOTAL ERRORS       0
  *****TOTAL WARNINGS     0
*** SuperH RISC engine ASSEMBLER V.7.01.02.000 ***    11/15/15 05:47:38                                                  PAGE    13

*** CROSS REFERENCE LIST

NAME                             SECTION  ATTR VALUE             SEQUENCE

P                                P        SCT  00000000     66*
*** SuperH RISC engine ASSEMBLER V.7.01.02.000 ***    11/15/15 05:47:38                                                  PAGE    14

*** SECTION DATA LIST

SECTION                          ATTRIBUTE    SIZE             START

P                                REL-CODE    000000000        
