*** SuperH RISC engine ASSEMBLER V.7.01.02.000 ***    11/15/15 05:47:38                                                  PAGE     1
PROGRAM NAME =

    1                               1     ;/***********************************************************************/
    2                               2     ;/*                                                                     */
    3                               3     ;/*     コマツ産機㈱殿向け      ＳＩＴ－Ｓコントローラ                  */
    4                               4     ;/*                                                                     */
    5                               5     ;/*                             ルーレット処理  枠データ定義            */
    6                               6     ;/*                                                                     */
    7                               7     ;/*                             2002.06.30      FIT     mizukawa        */
    8                               8     ;/*                                                                     */
    9                               9     ;/***********************************************************************/
   10                              10             .CPU            SH2E
   11                              11     
   12                              12             .INCLUDE        "ssa_ver1.equ"
   13                               1 I1  ;       ***********************************
   14                               2 I1  ;       ***                             ***
   15                               3 I1  ;       ***     SIT3/4のﾊｰﾄﾞ関係ｿｰｽ切分 ***
   16                               4 I1  ;       ***                             ***
   17                               5 I1  ;       ***********************************
   18                               6 I1  _TYPE_SIT3      .DEFINE         "0"             ;
   19                               7 I1  _TYPE_SIT4      .DEFINE         "1"             ;
   20                               8 I1  ;;_SIT_TYPE_SEL .DEFINE         "0"     ;
   21                               9 I1  _SIT_TYPE_SEL   .DEFINE         "1"     ;
   22                              10 I1  
   23                              11 I1  ;       ***********************************
   24                              12 I1  ;       ***                             ***
   25                              13 I1  ;       ***     C/Bのﾊｰﾄﾞ関係ｿｰｽ切分    ***
   26                              14 I1  ;       ***                             ***
   27                              15 I1  ;       ***********************************
   28                              16 I1  _CB_CPUA        .DEFINE         "0"             ;
   29                              17 I1  _CB_CPUB        .DEFINE         "1"             ;
   30                              18 I1  ;;_CB_CPU_SEL   .DEFINE         "0"     ;
   31                              19 I1  _CB_CPU_SEL     .DEFINE         "1"     ;CPUB=CPUDの意味
   32                              20 I1          .AIF    1 EQ    0
   33                              21     ;       === CPUA ===
   34                              22             .AELSE
   35                              23 C   ;       === CPUB ===
   36                              24 I1          .AENDI
   37                              25 I1  
   38                              26 I1  _SIT3_CPUA      .DEFINE         "0"             ;
   39                              27 I1  _SIT3_CPUB      .DEFINE         "1"             ;
   40                              28 I1  _SIT4_CPUA      .DEFINE         "2"             ;
   41                              29 I1  _SIT4_CPUB      .DEFINE         "3"             ;
   42                              30 I1  
   43                              31 I1          .AIF    1 EQ 0
   44                              32     
   45                              33                     .AIF    1 EQ    0
   46                              34     
   47                              35     _SIT_CPU_SEL    .DEFINE         "0"     ;
   48                              36     
   49                              37                     .AELSE
   50                              38     
   51                              39     _SIT_CPU_SEL    .DEFINE         "1"     ;
   52                              40     
   53                              41                     .AENDI
   54                              42             .AELSE
   55                              43 C                   .AIF    1 EQ    0
   56                              44     
   57                              45     _SIT_CPU_SEL    .DEFINE         "2"     ;
*** SuperH RISC engine ASSEMBLER V.7.01.02.000 ***    11/15/15 05:47:38                                                  PAGE     2
PROGRAM NAME =

   58                              46     
   59                              47                     .AELSE
   60                              48 C   
   61                              49 C   _SIT_CPU_SEL    .DEFINE         "3"     ;
   62                              50 C   
   63                              51 C                   .AENDI
   64                              52 I1          .AENDI
   65                              13     
   66 00000000                     14             .SECTION        P,CODE,ALIGN=4
   67                              15     
   68                              16             .AIF    1 EQ 0
   69                              17     
   70                              18             .GLOBAL         _RULET_BASE_TBL_TBL
   71                              19     
   72                              20     ;       丸い円のルーレットときのテーブル
   73                              21     ;/***********************************************************************/
   74                              22     ;/*     ルーレット表示用 枠データテーブル先頭アドレス配列               */
   75                              23     ;/***********************************************************************/
   76                              24     _RULET_BASE_TBL_TBL:    .EQU    $
   77                              25             .DATA.L RURET_BASE_TBL1                 ;
   78                              26             .DATA.L RURET_BASE_TBL2_1               ;
   79                              27             .DATA.L RURET_BASE_TBL2_2               ;
   80                              28             .DATA.L RURET_BASE_TBL3_1               ;
   81                              29             .DATA.L RURET_BASE_TBL3_2               ;
   82                              30             .DATA.L RURET_BASE_TBL4_1               ;
   83                              31             .DATA.L RURET_BASE_TBL4_2               ;
   84                              32             .DATA.L RURET_BASE_TBL5_1               ;
   85                              33             .DATA.L RURET_BASE_TBL5_2               ;
   86                              34             .DATA.L RURET_BASE_TBL6_1               ;
   87                              35             .DATA.L RURET_BASE_TBL6_2               ;
   88                              36             .DATA.L RURET_BASE_TBL7_1               ;
   89                              37             .DATA.L RURET_BASE_TBL7_2               ;
   90                              38             .DATA.L RURET_BASE_TBL8_1               ;
   91                              39             .DATA.L RURET_BASE_TBL8_2               ;
   92                              40             .DATA.L RURET_BASE_TBL9_1               ;
   93                              41             .DATA.L RURET_BASE_TBL9_2               ;
   94                              42             .DATA.L RURET_BASE_TBL10_1              ;
   95                              43             .DATA.L RURET_BASE_TBL10_2              ;
   96                              44             .DATA.L RURET_BASE_TBL11                ;
   97                              45             .DATA.L RURET_BASE_TBL12                ;
   98                              46     
   99                              47     ;/***********************************************************************/
  100                              48     ;/*     行位置、開始ｶﾗﾑ位置・終了ｶﾗﾑ位置・ﾗｲﾝ数                         */
  101                              49     ;/***********************************************************************/
  102                              50     RURET_BASE_TBL1:        .EQU    $
  103                              51             .DATA.W 1*40*16,5,16,16
  104                              52             .DATA.B H'000,H'000,H'000,H'000,H'000,H'000,H'000,H'000,H'000,H'000,H'000,H'000
  105                              53             .DATA.B H'000,H'000,H'000,H'000,H'000,H'000,H'000,H'000,H'000,H'000,H'000,H'000
  106                              54             .DATA.B H'000,H'000,H'000,H'000,H'000,H'000,H'000,H'000,H'000,H'000,H'000,H'000
  107                              55             .DATA.B H'000,H'000,H'000,H'000,H'003,H'0ff,H'0ff,H'0e0,H'000,H'000,H'000,H'000
  108                              56             .DATA.B H'000,H'000,H'000,H'000,H'0fc,H'000,H'000,H'01f,H'080,H'000,H'000,H'000
  109                              57             .DATA.B H'000,H'000,H'000,H'01f,H'000,H'000,H'000,H'000,H'07c,H'000,H'000,H'000
  110                              58             .DATA.B H'000,H'000,H'001,H'0e0,H'000,H'000,H'000,H'000,H'003,H'0c0,H'000,H'000
  111                              59             .DATA.B H'000,H'000,H'00e,H'000,H'000,H'000,H'000,H'000,H'000,H'038,H'000,H'000
  112                              60             .DATA.B H'000,H'000,H'070,H'000,H'000,H'000,H'000,H'000,H'000,H'007,H'000,H'000
  113                              61             .DATA.B H'000,H'001,H'080,H'000,H'000,H'000,H'000,H'000,H'000,H'000,H'0c0,H'000
  114                              62             .DATA.B H'000,H'006,H'000,H'000,H'000,H'000,H'000,H'000,H'000,H'000,H'030,H'000
*** SuperH RISC engine ASSEMBLER V.7.01.02.000 ***    11/15/15 05:47:38                                                  PAGE     3
PROGRAM NAME =

  115                              63             .DATA.B H'000,H'038,H'000,H'000,H'000,H'000,H'000,H'000,H'000,H'000,H'00e,H'000
  116                              64             .DATA.B H'000,H'0c0,H'000,H'000,H'001,H'0ff,H'0ff,H'0c0,H'000,H'000,H'001,H'080
  117                              65             .DATA.B H'001,H'000,H'000,H'000,H'0fe,H'000,H'000,H'03f,H'080,H'000,H'000,H'040
  118                              66             .DATA.B H'006,H'000,H'000,H'00f,H'000,H'000,H'000,H'000,H'078,H'000,H'000,H'030
  119                              67             .DATA.B H'018,H'000,H'000,H'070,H'000,H'000,H'000,H'000,H'007,H'000,H'000,H'00c
  120                              68     
  121                              69     RURET_BASE_TBL2_1:      .EQU    $
  122                              70             .DATA.W 2*40*16,3,8,16
  123                              71             .DATA.B H'000,H'000,H'020,H'000,H'003,H'080
  124                              72             .DATA.B H'000,H'000,H'0c0,H'000,H'01c,H'000
  125                              73             .DATA.B H'000,H'001,H'000,H'000,H'060,H'000
  126                              74             .DATA.B H'000,H'006,H'000,H'001,H'080,H'000
  127                              75             .DATA.B H'000,H'008,H'000,H'006,H'000,H'000
  128                              76             .DATA.B H'000,H'010,H'000,H'018,H'000,H'000
  129                              77             .DATA.B H'000,H'060,H'000,H'060,H'000,H'000
  130                              78             .DATA.B H'000,H'080,H'001,H'080,H'000,H'000
  131                              79             .DATA.B H'001,H'000,H'002,H'000,H'000,H'000
  132                              80             .DATA.B H'002,H'000,H'00c,H'000,H'000,H'000
  133                              81             .DATA.B H'004,H'000,H'010,H'000,H'000,H'000
  134                              82             .DATA.B H'008,H'000,H'060,H'000,H'000,H'000
  135                              83             .DATA.B H'010,H'000,H'080,H'000,H'000,H'000
  136                              84             .DATA.B H'020,H'001,H'000,H'000,H'000,H'000
  137                              85             .DATA.B H'040,H'002,H'000,H'000,H'000,H'000
  138                              86             .DATA.B H'080,H'004,H'000,H'000,H'000,H'000
  139                              87     
  140                              88     RURET_BASE_TBL2_2:      .EQU    $
  141                              89             .DATA.W 2*40*16,14,19,16
  142                              90             .DATA.B H'0e0,H'000,H'002,H'000,H'000,H'000
  143                              91             .DATA.B H'01c,H'000,H'001,H'080,H'000,H'000
  144                              92             .DATA.B H'003,H'000,H'000,H'040,H'000,H'000
  145                              93             .DATA.B H'000,H'0c0,H'000,H'030,H'000,H'000
  146                              94             .DATA.B H'000,H'030,H'000,H'008,H'000,H'000
  147                              95             .DATA.B H'000,H'00c,H'000,H'004,H'000,H'000
  148                              96             .DATA.B H'000,H'003,H'000,H'003,H'000,H'000
  149                              97             .DATA.B H'000,H'000,H'0c0,H'000,H'080,H'000
  150                              98             .DATA.B H'000,H'000,H'020,H'000,H'040,H'000
  151                              99             .DATA.B H'000,H'000,H'018,H'000,H'020,H'000
  152                             100             .DATA.B H'000,H'000,H'004,H'000,H'010,H'000
  153                             101             .DATA.B H'000,H'000,H'003,H'000,H'008,H'000
  154                             102             .DATA.B H'000,H'000,H'000,H'080,H'004,H'000
  155                             103             .DATA.B H'000,H'000,H'000,H'040,H'002,H'000
  156                             104             .DATA.B H'000,H'000,H'000,H'020,H'001,H'000
  157                             105             .DATA.B H'000,H'000,H'000,H'010,H'000,H'080
  158                             106     
  159                             107     RURET_BASE_TBL3_1:      .EQU    $
  160                             108             .DATA.W 3*40*16,1,4,16
  161                             109             .DATA.B H'000,H'001,H'000,H'008
  162                             110             .DATA.B H'000,H'002,H'000,H'010
  163                             111             .DATA.B H'000,H'002,H'000,H'020
  164                             112             .DATA.B H'000,H'004,H'000,H'040
  165                             113             .DATA.B H'000,H'008,H'000,H'080
  166                             114             .DATA.B H'000,H'010,H'001,H'000
  167                             115             .DATA.B H'000,H'010,H'002,H'000
  168                             116             .DATA.B H'000,H'020,H'004,H'000
  169                             117             .DATA.B H'000,H'040,H'008,H'000
  170                             118             .DATA.B H'000,H'040,H'010,H'000
  171                             119             .DATA.B H'000,H'080,H'010,H'000
*** SuperH RISC engine ASSEMBLER V.7.01.02.000 ***    11/15/15 05:47:38                                                  PAGE     4
PROGRAM NAME =

  172                             120             .DATA.B H'001,H'000,H'020,H'000
  173                             121             .DATA.B H'001,H'000,H'040,H'000
  174                             122             .DATA.B H'002,H'000,H'040,H'000
  175                             123             .DATA.B H'002,H'000,H'080,H'000
  176                             124             .DATA.B H'004,H'001,H'000,H'000
  177                             125     
  178                             126     RURET_BASE_TBL3_2:      .EQU    $
  179                             127             .DATA.W 3*40*16,17,20,16
  180                             128             .DATA.B H'008,H'000,H'040,H'000
  181                             129             .DATA.B H'004,H'000,H'020,H'000
  182                             130             .DATA.B H'002,H'000,H'020,H'000
  183                             131             .DATA.B H'001,H'000,H'010,H'000
  184                             132             .DATA.B H'000,H'080,H'008,H'000
  185                             133             .DATA.B H'000,H'040,H'004,H'000
  186                             134             .DATA.B H'000,H'020,H'004,H'000
  187                             135             .DATA.B H'000,H'010,H'002,H'000
  188                             136             .DATA.B H'000,H'008,H'001,H'000
  189                             137             .DATA.B H'000,H'004,H'001,H'000
  190                             138             .DATA.B H'000,H'004,H'000,H'080
  191                             139             .DATA.B H'000,H'002,H'000,H'040
  192                             140             .DATA.B H'000,H'001,H'000,H'040
  193                             141             .DATA.B H'000,H'001,H'000,H'020
  194                             142             .DATA.B H'000,H'000,H'080,H'020
  195                             143             .DATA.B H'000,H'000,H'040,H'010
  196                             144     
  197                             145     RURET_BASE_TBL4_1:      .EQU    $
  198                             146             .DATA.W 4*40*16,0,2,16
  199                             147             .DATA.B H'000,H'008,H'001
  200                             148             .DATA.B H'000,H'008,H'002
  201                             149             .DATA.B H'000,H'010,H'002
  202                             150             .DATA.B H'000,H'010,H'004
  203                             151             .DATA.B H'000,H'010,H'004
  204                             152             .DATA.B H'000,H'020,H'008
  205                             153             .DATA.B H'000,H'020,H'008
  206                             154             .DATA.B H'000,H'040,H'010
  207                             155             .DATA.B H'000,H'040,H'010
  208                             156             .DATA.B H'000,H'080,H'020
  209                             157             .DATA.B H'000,H'080,H'020
  210                             158             .DATA.B H'000,H'080,H'040
  211                             159             .DATA.B H'001,H'000,H'040
  212                             160             .DATA.B H'001,H'000,H'040
  213                             161             .DATA.B H'001,H'000,H'080
  214                             162             .DATA.B H'002,H'000,H'080
  215                             163     
  216                             164     RURET_BASE_TBL4_2:      .EQU    $
  217                             165             .DATA.W 4*40*16,19,21,16
  218                             166             .DATA.B H'040,H'008,H'000
  219                             167             .DATA.B H'020,H'008,H'000
  220                             168             .DATA.B H'020,H'004,H'000
  221                             169             .DATA.B H'010,H'004,H'000
  222                             170             .DATA.B H'010,H'004,H'000
  223                             171             .DATA.B H'008,H'002,H'000
  224                             172             .DATA.B H'008,H'002,H'000
  225                             173             .DATA.B H'004,H'001,H'000
  226                             174             .DATA.B H'004,H'001,H'000
  227                             175             .DATA.B H'002,H'000,H'080
  228                             176             .DATA.B H'002,H'000,H'080
*** SuperH RISC engine ASSEMBLER V.7.01.02.000 ***    11/15/15 05:47:38                                                  PAGE     5
PROGRAM NAME =

  229                             177             .DATA.B H'001,H'000,H'080
  230                             178             .DATA.B H'001,H'000,H'040
  231                             179             .DATA.B H'001,H'000,H'040
  232                             180             .DATA.B H'000,H'080,H'040
  233                             181             .DATA.B H'000,H'080,H'020
  234                             182     
  235                             183     RURET_BASE_TBL5_1:      .EQU    $
  236                             184             .DATA.W 5*40*16,0,2,16
  237                             185             .DATA.B H'002,H'000,H'080
  238                             186             .DATA.B H'002,H'001,H'000
  239                             187             .DATA.B H'002,H'001,H'000
  240                             188             .DATA.B H'004,H'001,H'000
  241                             189             .DATA.B H'004,H'002,H'000
  242                             190             .DATA.B H'004,H'002,H'000
  243                             191             .DATA.B H'004,H'002,H'000
  244                             192             .DATA.B H'004,H'002,H'000
  245                             193             .DATA.B H'008,H'004,H'000
  246                             194             .DATA.B H'008,H'004,H'000
  247                             195             .DATA.B H'008,H'004,H'000
  248                             196             .DATA.B H'008,H'004,H'000
  249                             197             .DATA.B H'008,H'004,H'000
  250                             198             .DATA.B H'008,H'004,H'000
  251                             199             .DATA.B H'010,H'004,H'000
  252                             200             .DATA.B H'010,H'008,H'000
  253                             201     
  254                             202     RURET_BASE_TBL5_2:      .EQU    $
  255                             203             .DATA.W 5*40*16,20,21,16
  256                             204             .DATA.B H'080,H'020
  257                             205             .DATA.B H'040,H'020
  258                             206             .DATA.B H'040,H'020
  259                             207             .DATA.B H'040,H'010
  260                             208             .DATA.B H'020,H'010
  261                             209             .DATA.B H'020,H'010
  262                             210             .DATA.B H'020,H'010
  263                             211             .DATA.B H'020,H'010
  264                             212             .DATA.B H'010,H'008
  265                             213             .DATA.B H'010,H'008
  266                             214             .DATA.B H'010,H'008
  267                             215             .DATA.B H'010,H'008
  268                             216             .DATA.B H'010,H'008
  269                             217             .DATA.B H'010,H'008
  270                             218             .DATA.B H'010,H'004
  271                             219             .DATA.B H'008,H'004
  272                             220     
  273                             221     RURET_BASE_TBL6_1:      .EQU    $
  274                             222             .DATA.W 6*40*16,0,1,16
  275                             223             .DATA.B H'010,H'008
  276                             224             .DATA.B H'010,H'008
  277                             225             .DATA.B H'010,H'008
  278                             226             .DATA.B H'010,H'008
  279                             227             .DATA.B H'010,H'008
  280                             228             .DATA.B H'010,H'008
  281                             229             .DATA.B H'010,H'008
  282                             230             .DATA.B H'010,H'008
  283                             231             .DATA.B H'010,H'008
  284                             232             .DATA.B H'010,H'008
  285                             233             .DATA.B H'010,H'008
*** SuperH RISC engine ASSEMBLER V.7.01.02.000 ***    11/15/15 05:47:38                                                  PAGE     6
PROGRAM NAME =

  286                             234             .DATA.B H'010,H'008
  287                             235             .DATA.B H'010,H'008
  288                             236             .DATA.B H'010,H'008
  289                             237             .DATA.B H'010,H'008
  290                             238             .DATA.B H'010,H'008
  291                             239     
  292                             240     RURET_BASE_TBL6_2:      .EQU    $
  293                             241             .DATA.W 6*40*16,20,21,16
  294                             242             .DATA.B H'008,H'004
  295                             243             .DATA.B H'008,H'004
  296                             244             .DATA.B H'008,H'004
  297                             245             .DATA.B H'008,H'004
  298                             246             .DATA.B H'008,H'004
  299                             247             .DATA.B H'008,H'004
  300                             248             .DATA.B H'008,H'004
  301                             249             .DATA.B H'008,H'004
  302                             250             .DATA.B H'008,H'004
  303                             251             .DATA.B H'008,H'004
  304                             252             .DATA.B H'008,H'004
  305                             253             .DATA.B H'008,H'004
  306                             254             .DATA.B H'008,H'004
  307                             255             .DATA.B H'008,H'004
  308                             256             .DATA.B H'008,H'004
  309                             257             .DATA.B H'008,H'004
  310                             258     
  311                             259     RURET_BASE_TBL7_1:      .EQU    $
  312                             260             .DATA.W 7*40*16,0,1,16
  313                             261             .DATA.B H'010,H'008
  314                             262             .DATA.B H'010,H'008
  315                             263             .DATA.B H'010,H'004
  316                             264             .DATA.B H'008,H'004
  317                             265             .DATA.B H'008,H'004
  318                             266             .DATA.B H'008,H'004
  319                             267             .DATA.B H'008,H'004
  320                             268             .DATA.B H'008,H'004
  321                             269             .DATA.B H'008,H'004
  322                             270             .DATA.B H'004,H'002
  323                             271             .DATA.B H'004,H'002
  324                             272             .DATA.B H'004,H'002
  325                             273             .DATA.B H'004,H'002
  326                             274             .DATA.B H'004,H'001
  327                             275             .DATA.B H'002,H'001
  328                             276             .DATA.B H'002,H'001
  329                             277     
  330                             278     RURET_BASE_TBL7_2:      .EQU    $
  331                             279             .DATA.W 7*40*16,20,21,16
  332                             280             .DATA.B H'008,H'004
  333                             281             .DATA.B H'008,H'004
  334                             282             .DATA.B H'010,H'004
  335                             283             .DATA.B H'010,H'008
  336                             284             .DATA.B H'010,H'008
  337                             285             .DATA.B H'010,H'008
  338                             286             .DATA.B H'010,H'008
  339                             287             .DATA.B H'010,H'008
  340                             288             .DATA.B H'010,H'008
  341                             289             .DATA.B H'020,H'010
  342                             290             .DATA.B H'020,H'010
*** SuperH RISC engine ASSEMBLER V.7.01.02.000 ***    11/15/15 05:47:38                                                  PAGE     7
PROGRAM NAME =

  343                             291             .DATA.B H'020,H'010
  344                             292             .DATA.B H'020,H'010
  345                             293             .DATA.B H'040,H'010
  346                             294             .DATA.B H'040,H'020
  347                             295             .DATA.B H'040,H'020
  348                             296     
  349                             297     RURET_BASE_TBL8_1:      .EQU    $
  350                             298             .DATA.W 8*40*16,0,2,16
  351                             299             .DATA.B H'002,H'000,H'080
  352                             300             .DATA.B H'002,H'000,H'080
  353                             301             .DATA.B H'001,H'000,H'080
  354                             302             .DATA.B H'001,H'000,H'040
  355                             303             .DATA.B H'001,H'000,H'040
  356                             304             .DATA.B H'000,H'080,H'040
  357                             305             .DATA.B H'000,H'080,H'020
  358                             306             .DATA.B H'000,H'080,H'020
  359                             307             .DATA.B H'000,H'040,H'010
  360                             308             .DATA.B H'000,H'040,H'010
  361                             309             .DATA.B H'000,H'020,H'008
  362                             310             .DATA.B H'000,H'020,H'008
  363                             311             .DATA.B H'000,H'010,H'004
  364                             312             .DATA.B H'000,H'010,H'004
  365                             313             .DATA.B H'000,H'010,H'002
  366                             314             .DATA.B H'000,H'008,H'002
  367                             315     
  368                             316     RURET_BASE_TBL8_2:      .EQU    $
  369                             317             .DATA.W 8*40*16,19,21,16
  370                             318             .DATA.B H'000,H'080,H'020
  371                             319             .DATA.B H'000,H'080,H'020
  372                             320             .DATA.B H'000,H'080,H'040
  373                             321             .DATA.B H'001,H'000,H'040
  374                             322             .DATA.B H'001,H'000,H'040
  375                             323             .DATA.B H'001,H'000,H'080
  376                             324             .DATA.B H'002,H'000,H'080
  377                             325             .DATA.B H'002,H'000,H'080
  378                             326             .DATA.B H'004,H'001,H'000
  379                             327             .DATA.B H'004,H'001,H'000
  380                             328             .DATA.B H'008,H'002,H'000
  381                             329             .DATA.B H'008,H'002,H'000
  382                             330             .DATA.B H'010,H'004,H'000
  383                             331             .DATA.B H'010,H'004,H'000
  384                             332             .DATA.B H'020,H'004,H'000
  385                             333             .DATA.B H'020,H'008,H'000
  386                             334     
  387                             335     RURET_BASE_TBL9_1:      .EQU    $
  388                             336             .DATA.W 9*40*16,1,4,16
  389                             337             .DATA.B H'008,H'001,H'000,H'000
  390                             338             .DATA.B H'004,H'001,H'000,H'000
  391                             339             .DATA.B H'002,H'000,H'080,H'000
  392                             340             .DATA.B H'002,H'000,H'040,H'000
  393                             341             .DATA.B H'001,H'000,H'040,H'000
  394                             342             .DATA.B H'001,H'000,H'020,H'000
  395                             343             .DATA.B H'000,H'080,H'010,H'000
  396                             344             .DATA.B H'000,H'040,H'010,H'000
  397                             345             .DATA.B H'000,H'040,H'008,H'000
  398                             346             .DATA.B H'000,H'020,H'004,H'000
  399                             347             .DATA.B H'000,H'010,H'002,H'000
*** SuperH RISC engine ASSEMBLER V.7.01.02.000 ***    11/15/15 05:47:38                                                  PAGE     8
PROGRAM NAME =

  400                             348             .DATA.B H'000,H'010,H'001,H'000
  401                             349             .DATA.B H'000,H'008,H'000,H'080
  402                             350             .DATA.B H'000,H'004,H'000,H'040
  403                             351             .DATA.B H'000,H'002,H'000,H'020
  404                             352             .DATA.B H'000,H'002,H'000,H'010
  405                             353     
  406                             354     RURET_BASE_TBL9_2:      .EQU    $
  407                             355             .DATA.W 9*40*16,17,20,16
  408                             356             .DATA.B H'000,H'000,H'040,H'008
  409                             357             .DATA.B H'000,H'000,H'040,H'010
  410                             358             .DATA.B H'000,H'000,H'080,H'020
  411                             359             .DATA.B H'000,H'001,H'000,H'020
  412                             360             .DATA.B H'000,H'001,H'000,H'040
  413                             361             .DATA.B H'000,H'002,H'000,H'040
  414                             362             .DATA.B H'000,H'004,H'000,H'080
  415                             363             .DATA.B H'000,H'004,H'001,H'000
  416                             364             .DATA.B H'000,H'008,H'001,H'000
  417                             365             .DATA.B H'000,H'010,H'002,H'000
  418                             366             .DATA.B H'000,H'020,H'004,H'000
  419                             367             .DATA.B H'000,H'040,H'004,H'000
  420                             368             .DATA.B H'000,H'080,H'008,H'000
  421                             369             .DATA.B H'001,H'000,H'010,H'000
  422                             370             .DATA.B H'002,H'000,H'020,H'000
  423                             371             .DATA.B H'004,H'000,H'020,H'000
  424                             372     
  425                             373     RURET_BASE_TBL10_1:     .EQU    $
  426                             374             .DATA.W 10*40*16,2,7,16
  427                             375             .DATA.B H'001,H'000,H'008,H'000,H'000,H'000
  428                             376             .DATA.B H'000,H'080,H'004,H'000,H'000,H'000
  429                             377             .DATA.B H'000,H'040,H'002,H'000,H'000,H'000
  430                             378             .DATA.B H'000,H'020,H'001,H'000,H'000,H'000
  431                             379             .DATA.B H'000,H'010,H'000,H'080,H'000,H'000
  432                             380             .DATA.B H'000,H'008,H'000,H'060,H'000,H'000
  433                             381             .DATA.B H'000,H'004,H'000,H'010,H'000,H'000
  434                             382             .DATA.B H'000,H'002,H'000,H'00c,H'000,H'000
  435                             383             .DATA.B H'000,H'001,H'000,H'002,H'000,H'000
  436                             384             .DATA.B H'000,H'000,H'080,H'001,H'080,H'000
  437                             385             .DATA.B H'000,H'000,H'060,H'000,H'060,H'000
  438                             386             .DATA.B H'000,H'000,H'010,H'000,H'018,H'000
  439                             387             .DATA.B H'000,H'000,H'008,H'000,H'006,H'000
  440                             388             .DATA.B H'000,H'000,H'006,H'000,H'001,H'080
  441                             389             .DATA.B H'000,H'000,H'001,H'000,H'000,H'060
  442                             390             .DATA.B H'000,H'000,H'000,H'0c0,H'000,H'01c
  443                             391     
  444                             392     RURET_BASE_TBL10_2:     .EQU    $
  445                             393             .DATA.W 10*40*16,14,19,16
  446                             394             .DATA.B H'000,H'000,H'000,H'008,H'000,H'040
  447                             395             .DATA.B H'000,H'000,H'000,H'010,H'000,H'080
  448                             396             .DATA.B H'000,H'000,H'000,H'020,H'001,H'000
  449                             397             .DATA.B H'000,H'000,H'000,H'040,H'002,H'000
  450                             398             .DATA.B H'000,H'000,H'000,H'080,H'004,H'000
  451                             399             .DATA.B H'000,H'000,H'003,H'000,H'008,H'000
  452                             400             .DATA.B H'000,H'000,H'004,H'000,H'010,H'000
  453                             401             .DATA.B H'000,H'000,H'018,H'000,H'020,H'000
  454                             402             .DATA.B H'000,H'000,H'020,H'000,H'040,H'000
  455                             403             .DATA.B H'000,H'000,H'0c0,H'000,H'080,H'000
  456                             404             .DATA.B H'000,H'003,H'000,H'003,H'000,H'000
*** SuperH RISC engine ASSEMBLER V.7.01.02.000 ***    11/15/15 05:47:38                                                  PAGE     9
PROGRAM NAME =

  457                             405             .DATA.B H'000,H'00c,H'000,H'004,H'000,H'000
  458                             406             .DATA.B H'000,H'030,H'000,H'008,H'000,H'000
  459                             407             .DATA.B H'000,H'0c0,H'000,H'030,H'000,H'000
  460                             408             .DATA.B H'003,H'000,H'000,H'040,H'000,H'000
  461                             409             .DATA.B H'01c,H'000,H'001,H'080,H'000,H'000
  462                             410     
  463                             411     RURET_BASE_TBL11:       .EQU    $
  464                             412             .DATA.W 11*40*16,5,16,16
  465                             413             .DATA.B H'020,H'000,H'003,H'080,H'000,H'000,H'000,H'000,H'000,H'0e0,H'000,H'002
  466                             414             .DATA.B H'018,H'000,H'000,H'070,H'000,H'000,H'000,H'000,H'007,H'000,H'000,H'00c
  467                             415             .DATA.B H'006,H'000,H'000,H'00f,H'000,H'000,H'000,H'000,H'078,H'000,H'000,H'030
  468                             416             .DATA.B H'001,H'000,H'000,H'000,H'0fe,H'000,H'000,H'03f,H'080,H'000,H'000,H'040
  469                             417             .DATA.B H'000,H'0c0,H'000,H'000,H'001,H'0ff,H'0ff,H'0c0,H'000,H'000,H'001,H'080
  470                             418             .DATA.B H'000,H'038,H'000,H'000,H'000,H'000,H'000,H'000,H'000,H'000,H'00e,H'000
  471                             419             .DATA.B H'000,H'006,H'000,H'000,H'000,H'000,H'000,H'000,H'000,H'000,H'030,H'000
  472                             420             .DATA.B H'000,H'001,H'080,H'000,H'000,H'000,H'000,H'000,H'000,H'000,H'0c0,H'000
  473                             421             .DATA.B H'000,H'000,H'070,H'000,H'000,H'000,H'000,H'000,H'000,H'007,H'000,H'000
  474                             422             .DATA.B H'000,H'000,H'00e,H'000,H'000,H'000,H'000,H'000,H'000,H'038,H'000,H'000
  475                             423             .DATA.B H'000,H'000,H'001,H'0e0,H'000,H'000,H'000,H'000,H'003,H'0c0,H'000,H'000
  476                             424             .DATA.B H'000,H'000,H'000,H'01f,H'000,H'000,H'000,H'000,H'07c,H'000,H'000,H'000
  477                             425             .DATA.B H'000,H'000,H'000,H'000,H'0fc,H'000,H'000,H'01f,H'080,H'000,H'000,H'000
  478                             426             .DATA.B H'000,H'000,H'000,H'000,H'003,H'0ff,H'0ff,H'0e0,H'000,H'000,H'000,H'000
  479                             427             .DATA.B H'000,H'000,H'000,H'000,H'000,H'000,H'000,H'000,H'000,H'000,H'000,H'000
  480                             428             .DATA.B H'000,H'000,H'000,H'000,H'000,H'000,H'000,H'000,H'000,H'000,H'000,H'000
  481                             429     
  482                             430     RURET_BASE_TBL12:       .EQU    $
  483                             431             .DATA.B H'0FF,H'0FF,H'0FF,H'0FF
  484                             432     
  485                             433     ;/****************************************************************************/
  486                             434     
  487                             435     
  488                             436     
  489                             437     
  490                             438             .GLOBAL         _HAN_RULET_BASE_TBL_TBL
  491                             439             .ALIGN  4
  492                             440     
  493                             441     ;       半円のルーレットときのテーブル 2003-01-24 SAITO
  494                             442     ;/***********************************************************************/
  495                             443     ;/*     ルーレット表示用 枠データテーブル先頭アドレス配列               */
  496                             444     ;/***********************************************************************/
  497                             445     _HAN_RULET_BASE_TBL_TBL:        .EQU    $
  498                             446             .DATA.L _HAN_RURET_BASE_TBL1                    ;
  499                             447             .DATA.L _HAN_RURET_BASE_TBL2_1          ;
  500                             448             .DATA.L _HAN_RURET_BASE_TBL2_2          ;
  501                             449             .DATA.L _HAN_RURET_BASE_TBL3_1          ;
  502                             450             .DATA.L _HAN_RURET_BASE_TBL3_2          ;
  503                             451             .DATA.L _HAN_RURET_BASE_TBL4_1          ;
  504                             452             .DATA.L _HAN_RURET_BASE_TBL4_2          ;
  505                             453             .DATA.L _HAN_RURET_BASE_TBL5_1          ;
  506                             454             .DATA.L _HAN_RURET_BASE_TBL5_2          ;
  507                             455             .DATA.L _HAN_RURET_BASE_TBL6_1          ;
  508                             456             .DATA.L _HAN_RURET_BASE_TBL6_2          ;
  509                             457             .DATA.L _HAN_RURET_BASE_TBL7_1          ;
  510                             458             .DATA.L _HAN_RURET_BASE_TBL7_2          ;
  511                             459             .DATA.L _HAN_RURET_BASE_TBL8_1          ;
  512                             460             .DATA.L _HAN_RURET_BASE_TBL8_2          ;
  513                             461             .DATA.L _HAN_RURET_BASE_TBL9_1          ;
*** SuperH RISC engine ASSEMBLER V.7.01.02.000 ***    11/15/15 05:47:38                                                  PAGE    10
PROGRAM NAME =

  514                             462             .DATA.L _HAN_RURET_BASE_TBL9_2          ;
  515                             463             .DATA.L _HAN_RURET_BASE_TBL10_1         ;
  516                             464             .DATA.L _HAN_RURET_BASE_TBL10_2         ;
  517                             465             .DATA.L _HAN_RURET_BASE_TBL11           ;
  518                             466             .DATA.L _HAN_RURET_BASE_TBL12           ;
  519                             467     
  520                             468     ;/***********************************************************************/
  521                             469     ;/*     行位置、開始ｶﾗﾑ位置・終了ｶﾗﾑ位置・ﾗｲﾝ数                         */
  522                             470     ;/***********************************************************************/
  523                             471     _HAN_RURET_BASE_TBL1:   .EQU    $
  524                             472             .DATA.W 1*40*16,5,16,16
  525                             473             .DATA.B H'000,H'000,H'000,H'000,H'000,H'000,H'000,H'000,H'000,H'000,H'000,H'000
  526                             474             .DATA.B H'000,H'000,H'000,H'000,H'000,H'000,H'000,H'000,H'000,H'000,H'000,H'000
  527                             475             .DATA.B H'000,H'000,H'000,H'000,H'000,H'000,H'000,H'000,H'000,H'000,H'000,H'000
  528                             476             .DATA.B H'000,H'000,H'000,H'000,H'000,H'000,H'0ff,H'0e0,H'000,H'000,H'000,H'000
  529                             477             .DATA.B H'000,H'000,H'000,H'000,H'000,H'000,H'000,H'01f,H'080,H'000,H'000,H'000
  530                             478             .DATA.B H'000,H'000,H'000,H'000,H'000,H'000,H'000,H'000,H'07c,H'000,H'000,H'000
  531                             479             .DATA.B H'000,H'000,H'000,H'000,H'000,H'000,H'000,H'000,H'003,H'0c0,H'000,H'000
  532                             480             .DATA.B H'000,H'000,H'000,H'000,H'000,H'000,H'000,H'000,H'000,H'038,H'000,H'000
  533                             481             .DATA.B H'000,H'000,H'000,H'000,H'000,H'000,H'000,H'000,H'000,H'007,H'000,H'000
  534                             482             .DATA.B H'000,H'000,H'000,H'000,H'000,H'000,H'000,H'000,H'000,H'000,H'0c0,H'000
  535                             483             .DATA.B H'000,H'000,H'000,H'000,H'000,H'000,H'000,H'000,H'000,H'000,H'030,H'000
  536                             484             .DATA.B H'000,H'000,H'000,H'000,H'000,H'000,H'000,H'000,H'000,H'000,H'00e,H'000
  537                             485             .DATA.B H'000,H'000,H'000,H'000,H'000,H'000,H'0ff,H'0c0,H'000,H'000,H'001,H'080
  538                             486             .DATA.B H'000,H'000,H'000,H'000,H'000,H'000,H'000,H'03f,H'080,H'000,H'000,H'040
  539                             487             .DATA.B H'000,H'000,H'000,H'000,H'000,H'000,H'000,H'000,H'078,H'000,H'000,H'030
  540                             488             .DATA.B H'000,H'000,H'000,H'000,H'000,H'000,H'000,H'000,H'007,H'000,H'000,H'00c
  541                             489     
  542                             490     _HAN_RURET_BASE_TBL2_1: .EQU    $
  543                             491             .DATA.W 2*40*16,3,8,16
  544                             492             .DATA.B H'000,H'000,H'000,H'000,H'000,H'000
  545                             493             .DATA.B H'000,H'000,H'000,H'000,H'000,H'000
  546                             494             .DATA.B H'000,H'000,H'000,H'000,H'000,H'000
  547                             495             .DATA.B H'000,H'000,H'000,H'000,H'000,H'000
  548                             496             .DATA.B H'000,H'000,H'000,H'000,H'000,H'000
  549                             497             .DATA.B H'000,H'000,H'000,H'000,H'000,H'000
  550                             498             .DATA.B H'000,H'000,H'000,H'000,H'000,H'000
  551                             499             .DATA.B H'000,H'000,H'000,H'000,H'000,H'000
  552                             500             .DATA.B H'000,H'000,H'000,H'000,H'000,H'000
  553                             501             .DATA.B H'000,H'000,H'000,H'000,H'000,H'000
  554                             502             .DATA.B H'000,H'000,H'000,H'000,H'000,H'000
  555                             503             .DATA.B H'000,H'000,H'000,H'000,H'000,H'000
  556                             504             .DATA.B H'000,H'000,H'000,H'000,H'000,H'000
  557                             505             .DATA.B H'000,H'000,H'000,H'000,H'000,H'000
  558                             506             .DATA.B H'000,H'000,H'000,H'000,H'000,H'000
  559                             507             .DATA.B H'000,H'000,H'000,H'000,H'000,H'000
  560                             508     
  561                             509     _HAN_RURET_BASE_TBL2_2: .EQU    $
  562                             510             .DATA.W 2*40*16,14,19,16
  563                             511             .DATA.B H'0e0,H'000,H'002,H'000,H'000,H'000
  564                             512             .DATA.B H'01c,H'000,H'001,H'080,H'000,H'000
  565                             513             .DATA.B H'003,H'000,H'000,H'040,H'000,H'000
  566                             514             .DATA.B H'000,H'0c0,H'000,H'030,H'000,H'000
  567                             515             .DATA.B H'000,H'030,H'000,H'008,H'000,H'000
  568                             516             .DATA.B H'000,H'00c,H'000,H'004,H'000,H'000
  569                             517             .DATA.B H'000,H'003,H'000,H'003,H'000,H'000
  570                             518             .DATA.B H'000,H'000,H'0c0,H'000,H'080,H'000
*** SuperH RISC engine ASSEMBLER V.7.01.02.000 ***    11/15/15 05:47:38                                                  PAGE    11
PROGRAM NAME =

  571                             519             .DATA.B H'000,H'000,H'020,H'000,H'040,H'000
  572                             520             .DATA.B H'000,H'000,H'018,H'000,H'020,H'000
  573                             521             .DATA.B H'000,H'000,H'004,H'000,H'010,H'000
  574                             522             .DATA.B H'000,H'000,H'003,H'000,H'008,H'000
  575                             523             .DATA.B H'000,H'000,H'000,H'080,H'004,H'000
  576                             524             .DATA.B H'000,H'000,H'000,H'040,H'002,H'000
  577                             525             .DATA.B H'000,H'000,H'000,H'020,H'001,H'000
  578                             526             .DATA.B H'000,H'000,H'000,H'010,H'000,H'080
  579                             527     
  580                             528     _HAN_RURET_BASE_TBL3_1: .EQU    $
  581                             529             .DATA.W 3*40*16,1,4,16
  582                             530             .DATA.B H'000,H'000,H'000,H'000
  583                             531             .DATA.B H'000,H'000,H'000,H'000
  584                             532             .DATA.B H'000,H'000,H'000,H'000
  585                             533             .DATA.B H'000,H'000,H'000,H'000
  586                             534             .DATA.B H'000,H'000,H'000,H'000
  587                             535             .DATA.B H'000,H'000,H'000,H'000
  588                             536             .DATA.B H'000,H'000,H'000,H'000
  589                             537             .DATA.B H'000,H'000,H'000,H'000
  590                             538             .DATA.B H'000,H'000,H'000,H'000
  591                             539             .DATA.B H'000,H'000,H'000,H'000
  592                             540             .DATA.B H'000,H'000,H'000,H'000
  593                             541             .DATA.B H'000,H'000,H'000,H'000
  594                             542             .DATA.B H'000,H'000,H'000,H'000
  595                             543             .DATA.B H'000,H'000,H'000,H'000
  596                             544             .DATA.B H'000,H'000,H'000,H'000
  597                             545             .DATA.B H'000,H'000,H'000,H'000
  598                             546     
  599                             547     _HAN_RURET_BASE_TBL3_2: .EQU    $
  600                             548             .DATA.W 3*40*16,17,20,16
  601                             549             .DATA.B H'008,H'000,H'040,H'000
  602                             550             .DATA.B H'004,H'000,H'020,H'000
  603                             551             .DATA.B H'002,H'000,H'020,H'000
  604                             552             .DATA.B H'001,H'000,H'010,H'000
  605                             553             .DATA.B H'000,H'080,H'008,H'000
  606                             554             .DATA.B H'000,H'040,H'004,H'000
  607                             555             .DATA.B H'000,H'020,H'004,H'000
  608                             556             .DATA.B H'000,H'010,H'002,H'000
  609                             557             .DATA.B H'000,H'008,H'001,H'000
  610                             558             .DATA.B H'000,H'004,H'001,H'000
  611                             559             .DATA.B H'000,H'004,H'000,H'080
  612                             560             .DATA.B H'000,H'002,H'000,H'040
  613                             561             .DATA.B H'000,H'001,H'000,H'040
  614                             562             .DATA.B H'000,H'001,H'000,H'020
  615                             563             .DATA.B H'000,H'000,H'080,H'020
  616                             564             .DATA.B H'000,H'000,H'040,H'010
  617                             565     
  618                             566     _HAN_RURET_BASE_TBL4_1: .EQU    $
  619                             567             .DATA.W 4*40*16,0,2,16
  620                             568             .DATA.B H'000,H'000,H'000
  621                             569             .DATA.B H'000,H'000,H'000
  622                             570             .DATA.B H'000,H'000,H'000
  623                             571             .DATA.B H'000,H'000,H'000
  624                             572             .DATA.B H'000,H'000,H'000
  625                             573             .DATA.B H'000,H'000,H'000
  626                             574             .DATA.B H'000,H'000,H'000
  627                             575             .DATA.B H'000,H'000,H'000
*** SuperH RISC engine ASSEMBLER V.7.01.02.000 ***    11/15/15 05:47:38                                                  PAGE    12
PROGRAM NAME =

  628                             576             .DATA.B H'000,H'000,H'000
  629                             577             .DATA.B H'000,H'000,H'000
  630                             578             .DATA.B H'000,H'000,H'000
  631                             579             .DATA.B H'000,H'000,H'000
  632                             580             .DATA.B H'000,H'000,H'000
  633                             581             .DATA.B H'000,H'000,H'000
  634                             582             .DATA.B H'000,H'000,H'000
  635                             583             .DATA.B H'000,H'000,H'000
  636                             584     
  637                             585     _HAN_RURET_BASE_TBL4_2: .EQU    $
  638                             586             .DATA.W 4*40*16,19,21,16
  639                             587             .DATA.B H'040,H'008,H'000
  640                             588             .DATA.B H'020,H'008,H'000
  641                             589             .DATA.B H'020,H'004,H'000
  642                             590             .DATA.B H'010,H'004,H'000
  643                             591             .DATA.B H'010,H'004,H'000
  644                             592             .DATA.B H'008,H'002,H'000
  645                             593             .DATA.B H'008,H'002,H'000
  646                             594             .DATA.B H'004,H'001,H'000
  647                             595             .DATA.B H'004,H'001,H'000
  648                             596             .DATA.B H'002,H'000,H'080
  649                             597             .DATA.B H'002,H'000,H'080
  650                             598             .DATA.B H'001,H'000,H'080
  651                             599             .DATA.B H'001,H'000,H'040
  652                             600             .DATA.B H'001,H'000,H'040
  653                             601             .DATA.B H'000,H'080,H'040
  654                             602             .DATA.B H'000,H'080,H'020
  655                             603     
  656                             604     _HAN_RURET_BASE_TBL5_1: .EQU    $
  657                             605             .DATA.W 5*40*16,0,2,16
  658                             606             .DATA.B H'000,H'000,H'000
  659                             607             .DATA.B H'000,H'000,H'000
  660                             608             .DATA.B H'000,H'000,H'000
  661                             609             .DATA.B H'000,H'000,H'000
  662                             610             .DATA.B H'000,H'000,H'000
  663                             611             .DATA.B H'000,H'000,H'000
  664                             612             .DATA.B H'000,H'000,H'000
  665                             613             .DATA.B H'000,H'000,H'000
  666                             614             .DATA.B H'000,H'000,H'000
  667                             615             .DATA.B H'000,H'000,H'000
  668                             616             .DATA.B H'000,H'000,H'000
  669                             617             .DATA.B H'000,H'000,H'000
  670                             618             .DATA.B H'000,H'000,H'000
  671                             619             .DATA.B H'000,H'000,H'000
  672                             620             .DATA.B H'000,H'000,H'000
  673                             621             .DATA.B H'000,H'000,H'000
  674                             622     
  675                             623     _HAN_RURET_BASE_TBL5_2: .EQU    $
  676                             624             .DATA.W 5*40*16,20,21,16
  677                             625             .DATA.B H'080,H'020
  678                             626             .DATA.B H'040,H'020
  679                             627             .DATA.B H'040,H'020
  680                             628             .DATA.B H'040,H'010
  681                             629             .DATA.B H'020,H'010
  682                             630             .DATA.B H'020,H'010
  683                             631             .DATA.B H'020,H'010
  684                             632             .DATA.B H'020,H'010
*** SuperH RISC engine ASSEMBLER V.7.01.02.000 ***    11/15/15 05:47:38                                                  PAGE    13
PROGRAM NAME =

  685                             633             .DATA.B H'010,H'008
  686                             634             .DATA.B H'010,H'008
  687                             635             .DATA.B H'010,H'008
  688                             636             .DATA.B H'010,H'008
  689                             637             .DATA.B H'010,H'008
  690                             638             .DATA.B H'010,H'008
  691                             639             .DATA.B H'010,H'004
  692                             640             .DATA.B H'008,H'004
  693                             641     
  694                             642     _HAN_RURET_BASE_TBL6_1: .EQU    $
  695                             643             .DATA.W 6*40*16,0,1,16
  696                             644             .DATA.B H'000,H'000
  697                             645             .DATA.B H'000,H'000
  698                             646             .DATA.B H'000,H'000
  699                             647             .DATA.B H'000,H'000
  700                             648             .DATA.B H'000,H'000
  701                             649             .DATA.B H'000,H'000
  702                             650             .DATA.B H'000,H'000
  703                             651             .DATA.B H'000,H'000
  704                             652             .DATA.B H'000,H'000
  705                             653             .DATA.B H'000,H'000
  706                             654             .DATA.B H'000,H'000
  707                             655             .DATA.B H'000,H'000
  708                             656             .DATA.B H'000,H'000
  709                             657             .DATA.B H'000,H'000
  710                             658             .DATA.B H'000,H'000
  711                             659             .DATA.B H'000,H'000
  712                             660     
  713                             661     _HAN_RURET_BASE_TBL6_2: .EQU    $
  714                             662             .DATA.W 6*40*16,20,21,16
  715                             663             .DATA.B H'008,H'004
  716                             664             .DATA.B H'008,H'004
  717                             665             .DATA.B H'008,H'004
  718                             666             .DATA.B H'008,H'004
  719                             667             .DATA.B H'008,H'004
  720                             668             .DATA.B H'008,H'004
  721                             669             .DATA.B H'008,H'004
  722                             670             .DATA.B H'008,H'004
  723                             671             .DATA.B H'008,H'004
  724                             672             .DATA.B H'008,H'004
  725                             673             .DATA.B H'008,H'004
  726                             674             .DATA.B H'008,H'004
  727                             675             .DATA.B H'008,H'004
  728                             676             .DATA.B H'008,H'004
  729                             677             .DATA.B H'008,H'004
  730                             678             .DATA.B H'008,H'004
  731                             679     
  732                             680     _HAN_RURET_BASE_TBL7_1: .EQU    $
  733                             681             .DATA.W 7*40*16,0,1,16
  734                             682             .DATA.B H'000,H'000
  735                             683             .DATA.B H'000,H'000
  736                             684             .DATA.B H'000,H'000
  737                             685             .DATA.B H'000,H'000
  738                             686             .DATA.B H'000,H'000
  739                             687             .DATA.B H'000,H'000
  740                             688             .DATA.B H'000,H'000
  741                             689             .DATA.B H'000,H'000
*** SuperH RISC engine ASSEMBLER V.7.01.02.000 ***    11/15/15 05:47:38                                                  PAGE    14
PROGRAM NAME =

  742                             690             .DATA.B H'000,H'000
  743                             691             .DATA.B H'000,H'000
  744                             692             .DATA.B H'000,H'000
  745                             693             .DATA.B H'000,H'000
  746                             694             .DATA.B H'000,H'000
  747                             695             .DATA.B H'000,H'000
  748                             696             .DATA.B H'000,H'000
  749                             697             .DATA.B H'000,H'000
  750                             698     
  751                             699     _HAN_RURET_BASE_TBL7_2: .EQU    $
  752                             700             .DATA.W 7*40*16,20,21,16
  753                             701             .DATA.B H'008,H'004
  754                             702             .DATA.B H'008,H'004
  755                             703             .DATA.B H'010,H'004
  756                             704             .DATA.B H'010,H'008
  757                             705             .DATA.B H'010,H'008
  758                             706             .DATA.B H'010,H'008
  759                             707             .DATA.B H'010,H'008
  760                             708             .DATA.B H'010,H'008
  761                             709             .DATA.B H'010,H'008
  762                             710             .DATA.B H'020,H'010
  763                             711             .DATA.B H'020,H'010
  764                             712             .DATA.B H'020,H'010
  765                             713             .DATA.B H'020,H'010
  766                             714             .DATA.B H'040,H'010
  767                             715             .DATA.B H'040,H'020
  768                             716             .DATA.B H'040,H'020
  769                             717     
  770                             718     _HAN_RURET_BASE_TBL8_1: .EQU    $
  771                             719             .DATA.W 8*40*16,0,2,16
  772                             720             .DATA.B H'000,H'000,H'000
  773                             721             .DATA.B H'000,H'000,H'000
  774                             722             .DATA.B H'000,H'000,H'000
  775                             723             .DATA.B H'000,H'000,H'000
  776                             724             .DATA.B H'000,H'000,H'000
  777                             725             .DATA.B H'000,H'000,H'000
  778                             726             .DATA.B H'000,H'000,H'000
  779                             727             .DATA.B H'000,H'000,H'000
  780                             728             .DATA.B H'000,H'000,H'000
  781                             729             .DATA.B H'000,H'000,H'000
  782                             730             .DATA.B H'000,H'000,H'000
  783                             731             .DATA.B H'000,H'000,H'000
  784                             732             .DATA.B H'000,H'000,H'000
  785                             733             .DATA.B H'000,H'000,H'000
  786                             734             .DATA.B H'000,H'000,H'000
  787                             735             .DATA.B H'000,H'000,H'000
  788                             736     
  789                             737     _HAN_RURET_BASE_TBL8_2: .EQU    $
  790                             738             .DATA.W 8*40*16,19,21,16
  791                             739             .DATA.B H'000,H'080,H'020
  792                             740             .DATA.B H'000,H'080,H'020
  793                             741             .DATA.B H'000,H'080,H'040
  794                             742             .DATA.B H'001,H'000,H'040
  795                             743             .DATA.B H'001,H'000,H'040
  796                             744             .DATA.B H'001,H'000,H'080
  797                             745             .DATA.B H'002,H'000,H'080
  798                             746             .DATA.B H'002,H'000,H'080
*** SuperH RISC engine ASSEMBLER V.7.01.02.000 ***    11/15/15 05:47:38                                                  PAGE    15
PROGRAM NAME =

  799                             747             .DATA.B H'004,H'001,H'000
  800                             748             .DATA.B H'004,H'001,H'000
  801                             749             .DATA.B H'008,H'002,H'000
  802                             750             .DATA.B H'008,H'002,H'000
  803                             751             .DATA.B H'010,H'004,H'000
  804                             752             .DATA.B H'010,H'004,H'000
  805                             753             .DATA.B H'020,H'004,H'000
  806                             754             .DATA.B H'020,H'008,H'000
  807                             755     
  808                             756     _HAN_RURET_BASE_TBL9_1: .EQU    $
  809                             757             .DATA.W 9*40*16,1,4,16
  810                             758             .DATA.B H'000,H'000,H'000,H'000
  811                             759             .DATA.B H'000,H'000,H'000,H'000
  812                             760             .DATA.B H'000,H'000,H'000,H'000
  813                             761             .DATA.B H'000,H'000,H'000,H'000
  814                             762             .DATA.B H'000,H'000,H'000,H'000
  815                             763             .DATA.B H'000,H'000,H'000,H'000
  816                             764             .DATA.B H'000,H'000,H'000,H'000
  817                             765             .DATA.B H'000,H'000,H'000,H'000
  818                             766             .DATA.B H'000,H'000,H'000,H'000
  819                             767             .DATA.B H'000,H'000,H'000,H'000
  820                             768             .DATA.B H'000,H'000,H'000,H'000
  821                             769             .DATA.B H'000,H'000,H'000,H'000
  822                             770             .DATA.B H'000,H'000,H'000,H'000
  823                             771             .DATA.B H'000,H'000,H'000,H'000
  824                             772             .DATA.B H'000,H'000,H'000,H'000
  825                             773             .DATA.B H'000,H'000,H'000,H'000
  826                             774     
  827                             775     _HAN_RURET_BASE_TBL9_2: .EQU    $
  828                             776             .DATA.W 9*40*16,17,20,16
  829                             777             .DATA.B H'000,H'000,H'040,H'008
  830                             778             .DATA.B H'000,H'000,H'040,H'010
  831                             779             .DATA.B H'000,H'000,H'080,H'020
  832                             780             .DATA.B H'000,H'001,H'000,H'020
  833                             781             .DATA.B H'000,H'001,H'000,H'040
  834                             782             .DATA.B H'000,H'002,H'000,H'040
  835                             783             .DATA.B H'000,H'004,H'000,H'080
  836                             784             .DATA.B H'000,H'004,H'001,H'000
  837                             785             .DATA.B H'000,H'008,H'001,H'000
  838                             786             .DATA.B H'000,H'010,H'002,H'000
  839                             787             .DATA.B H'000,H'020,H'004,H'000
  840                             788             .DATA.B H'000,H'040,H'004,H'000
  841                             789             .DATA.B H'000,H'080,H'008,H'000
  842                             790             .DATA.B H'001,H'000,H'010,H'000
  843                             791             .DATA.B H'002,H'000,H'020,H'000
  844                             792             .DATA.B H'004,H'000,H'020,H'000
  845                             793     
  846                             794     _HAN_RURET_BASE_TBL10_1:        .EQU    $
  847                             795             .DATA.W 10*40*16,2,7,16
  848                             796             .DATA.B H'000,H'000,H'000,H'000,H'000,H'000
  849                             797             .DATA.B H'000,H'000,H'000,H'000,H'000,H'000
  850                             798             .DATA.B H'000,H'000,H'000,H'000,H'000,H'000
  851                             799             .DATA.B H'000,H'000,H'000,H'000,H'000,H'000
  852                             800             .DATA.B H'000,H'000,H'000,H'000,H'000,H'000
  853                             801             .DATA.B H'000,H'000,H'000,H'000,H'000,H'000
  854                             802             .DATA.B H'000,H'000,H'000,H'000,H'000,H'000
  855                             803             .DATA.B H'000,H'000,H'000,H'000,H'000,H'000
*** SuperH RISC engine ASSEMBLER V.7.01.02.000 ***    11/15/15 05:47:38                                                  PAGE    16
PROGRAM NAME =

  856                             804             .DATA.B H'000,H'000,H'000,H'000,H'000,H'000
  857                             805             .DATA.B H'000,H'000,H'000,H'000,H'000,H'000
  858                             806             .DATA.B H'000,H'000,H'000,H'000,H'000,H'000
  859                             807             .DATA.B H'000,H'000,H'000,H'000,H'000,H'000
  860                             808             .DATA.B H'000,H'000,H'000,H'000,H'000,H'000
  861                             809             .DATA.B H'000,H'000,H'000,H'000,H'000,H'000
  862                             810             .DATA.B H'000,H'000,H'000,H'000,H'000,H'000
  863                             811             .DATA.B H'000,H'000,H'000,H'000,H'000,H'000
  864                             812     
  865                             813     _HAN_RURET_BASE_TBL10_2:        .EQU    $
  866                             814             .DATA.W 10*40*16,14,19,16
  867                             815             .DATA.B H'000,H'000,H'000,H'008,H'000,H'040
  868                             816             .DATA.B H'000,H'000,H'000,H'010,H'000,H'080
  869                             817             .DATA.B H'000,H'000,H'000,H'020,H'001,H'000
  870                             818             .DATA.B H'000,H'000,H'000,H'040,H'002,H'000
  871                             819             .DATA.B H'000,H'000,H'000,H'080,H'004,H'000
  872                             820             .DATA.B H'000,H'000,H'003,H'000,H'008,H'000
  873                             821             .DATA.B H'000,H'000,H'004,H'000,H'010,H'000
  874                             822             .DATA.B H'000,H'000,H'018,H'000,H'020,H'000
  875                             823             .DATA.B H'000,H'000,H'020,H'000,H'040,H'000
  876                             824             .DATA.B H'000,H'000,H'0c0,H'000,H'080,H'000
  877                             825             .DATA.B H'000,H'003,H'000,H'003,H'000,H'000
  878                             826             .DATA.B H'000,H'00c,H'000,H'004,H'000,H'000
  879                             827             .DATA.B H'000,H'030,H'000,H'008,H'000,H'000
  880                             828             .DATA.B H'000,H'0c0,H'000,H'030,H'000,H'000
  881                             829             .DATA.B H'003,H'000,H'000,H'040,H'000,H'000
  882                             830             .DATA.B H'01c,H'000,H'001,H'080,H'000,H'000
  883                             831     
  884                             832     _HAN_RURET_BASE_TBL11:  .EQU    $
  885                             833             .DATA.W 11*40*16,5,16,16
  886                             834             .DATA.B H'000,H'000,H'000,H'000,H'000,H'000,H'000,H'000,H'000,H'0e0,H'000,H'002
  887                             835             .DATA.B H'000,H'000,H'000,H'000,H'000,H'000,H'000,H'000,H'007,H'000,H'000,H'00c
  888                             836             .DATA.B H'000,H'000,H'000,H'000,H'000,H'000,H'000,H'000,H'078,H'000,H'000,H'030
  889                             837             .DATA.B H'000,H'000,H'000,H'000,H'000,H'000,H'000,H'03f,H'080,H'000,H'000,H'040
  890                             838             .DATA.B H'000,H'000,H'000,H'000,H'000,H'000,H'0ff,H'0c0,H'000,H'000,H'001,H'080
  891                             839             .DATA.B H'000,H'000,H'000,H'000,H'000,H'000,H'000,H'000,H'000,H'000,H'00e,H'000
  892                             840             .DATA.B H'000,H'000,H'000,H'000,H'000,H'000,H'000,H'000,H'000,H'000,H'030,H'000
  893                             841             .DATA.B H'000,H'000,H'000,H'000,H'000,H'000,H'000,H'000,H'000,H'000,H'0c0,H'000
  894                             842             .DATA.B H'000,H'000,H'000,H'000,H'000,H'000,H'000,H'000,H'000,H'007,H'000,H'000
  895                             843             .DATA.B H'000,H'000,H'000,H'000,H'000,H'000,H'000,H'000,H'000,H'038,H'000,H'000
  896                             844             .DATA.B H'000,H'000,H'000,H'000,H'000,H'000,H'000,H'000,H'003,H'0c0,H'000,H'000
  897                             845             .DATA.B H'000,H'000,H'000,H'000,H'000,H'000,H'000,H'000,H'07c,H'000,H'000,H'000
  898                             846             .DATA.B H'000,H'000,H'000,H'000,H'000,H'000,H'000,H'01f,H'080,H'000,H'000,H'000
  899                             847             .DATA.B H'000,H'000,H'000,H'000,H'000,H'000,H'0ff,H'0e0,H'000,H'000,H'000,H'000
  900                             848             .DATA.B H'000,H'000,H'000,H'000,H'000,H'000,H'000,H'000,H'000,H'000,H'000,H'000
  901                             849             .DATA.B H'000,H'000,H'000,H'000,H'000,H'000,H'000,H'000,H'000,H'000,H'000,H'000
  902                             850     
  903                             851     _HAN_RURET_BASE_TBL12:  .EQU    $
  904                             852             .DATA.B H'0FF,H'0FF,H'0FF,H'0FF
  905                             853     
  906                             854             .AENDI
  907                             855     
  908                             856             .END
  *****TOTAL ERRORS       0
  *****TOTAL WARNINGS     0
*** SuperH RISC engine ASSEMBLER V.7.01.02.000 ***    11/15/15 05:47:38                                                  PAGE    17

*** CROSS REFERENCE LIST

NAME                             SECTION  ATTR VALUE             SEQUENCE

P                                P        SCT  00000000     66*
*** SuperH RISC engine ASSEMBLER V.7.01.02.000 ***    11/15/15 05:47:38                                                  PAGE    18

*** SECTION DATA LIST

SECTION                          ATTRIBUTE    SIZE             START

P                                REL-CODE    000000000        
