*** SuperH RISC engine ASSEMBLER V.7.01.02.000 ***    11/15/15 05:47:30                                                  PAGE     1
PROGRAM NAME =

    1                               1     ;------------------------------------------------------------------------
    2                               2     ;                                                                       |
    3                               3     ;   FILE        :stacksct.src                                           |
    4                               4     ;   DATE        :Sun, Jul 16, 2006                                      |
    5                               5     ;   DESCRIPTION :Setting of Stack area                                  |
    6                               6     ;   CPU TYPE    :Other                                                  |
    7                               7     ;                                                                       |
    8                               8     ;   This file is generated by Hitachi Project Generator (Ver.1.1).      |
    9                               9     ;                                                                       |
   10                              10     ;------------------------------------------------------------------------
   11 00000000                     11                     .section    Stack,STACK
   12                              12                     .export     _PowerON_Reset_SP
   13                              13                     .export     _Manual_Reset_SP
   14                              14                     .export     StackEND
   15                              15     
   16 00000000 00000800            16     StackEND:          .res.b       H'800
   17          00000800            17     _PowerON_Reset_SP: .equ $
   18          00000800            18     _Manual_Reset_SP:  .equ $
   19                              19                     .end
  *****TOTAL ERRORS       0
  *****TOTAL WARNINGS     0
*** SuperH RISC engine ASSEMBLER V.7.01.02.000 ***    11/15/15 05:47:30                                                  PAGE     2

*** CROSS REFERENCE LIST

NAME                             SECTION  ATTR VALUE             SEQUENCE

Stack                            Stack    SCT  00000000     11*
StackEND                         Stack    EXPT 00000000     14    16*
_Manual_Reset_SP                 Stack    EXPT 00000800     13    18*
_PowerON_Reset_SP                Stack    EXPT 00000800     12    17*
*** SuperH RISC engine ASSEMBLER V.7.01.02.000 ***    11/15/15 05:47:30                                                  PAGE     3

*** SECTION DATA LIST

SECTION                          ATTRIBUTE    SIZE             START

Stack                            REL-STACK   000000800        
