SH SERIES C/C++ Compiler (V.9.04.01.002)                                                         12-Dec-2017 19:19:36  PAGE    1

************ OBJECT LISTING ************

FILE NAME: D:\SIT4S_MC\cpua\cpua\cpua\cpua.c

SCT OFFSET   CODE       C LABEL     INSTRUCTION OPERAND    COMMENT

               cpua.c          1    /***********************************************************************/
               cpua.c          2    /*                                                                     */
               cpua.c          3    /*  FILE        :cpua.c                                                */
               cpua.c          4    /*  DATE        :Mon, Jun 24, 2002                                     */
               cpua.c          5    /*  DESCRIPTION :Main Program                                          */
               cpua.c          6    /*  CPU TYPE    :SH7750                                                */
               cpua.c          7    /*                                                                     */
               cpua.c          8    /*  This file is generated by Hitachi Project Generator (Ver.1.1).     */
               cpua.c          9    /*                                                                     */
               cpua.c         10    /***********************************************************************/
               cpua.c         11                      
               cpua.c         12    
               cpua.c         13    
               cpua.c         14    #ifdef __cplusplus
               cpua.c         15 X  //#include <ios>                  // Remove the comment when you use ios                  
               cpua.c         16 X  //int ios_base::Init::init_cnt;       // Remove the comment when you use ios
               cpua.c         17    #endif
               cpua.c         18    #ifdef __cplusplus
               cpua.c         19 X  extern "C" {
               cpua.c         20    #endif
               cpua.c         21    void main(void);
               cpua.c         22    #ifdef __cplusplus
               cpua.c         23 X  }
               cpua.c         24    #endif
               cpua.c         25    
               cpua.c         26    
               cpua.c         27    #include  "cm_equ1.h" 
            cm_equ1.h          1    /*    *********************************** */
            cm_equ1.h          2    /*    ***     基本        *** */
            cm_equ1.h          3    /*    *********************************** */
            cm_equ1.h          4    #define   cBIT0   0x1 /* */
            cm_equ1.h          5    #define   cBIT1   0x2 /* */
            cm_equ1.h          6    #define   cBIT2   0x4 /* */
            cm_equ1.h          7    #define   cBIT3   0x8 /* */
            cm_equ1.h          8    #define   cBIT4   0x10    /* */
            cm_equ1.h          9    #define   cBIT5   0x20    /* */
            cm_equ1.h         10    #define   cBIT6   0x40    /* */
            cm_equ1.h         11    #define   cBIT7   0x80    /* */
            cm_equ1.h         12    #define   cBIT8   0x100   /* */
            cm_equ1.h         13    #define   cBIT9   0x200   /* */
            cm_equ1.h         14    #define   cBIT10  0x400   /* */
            cm_equ1.h         15    #define   cBIT11  0x800   /* */
            cm_equ1.h         16    #define   cBIT12  0x1000  /* */
            cm_equ1.h         17    #define   cBIT13  0x2000  /* */
            cm_equ1.h         18    #define   cBIT14  0x4000  /* */
            cm_equ1.h         19    #define   cBIT15  0x8000  /* */
            cm_equ1.h         20    
            cm_equ1.h         21    //    *******************************************
            cm_equ1.h         22    //    ***                 ***
            cm_equ1.h         23    //    ***                 ***
            cm_equ1.h         24    //    ***                 ***
            cm_equ1.h         25    //    *******************************************
            cm_equ1.h         26    //
            cm_equ1.h         27    //    共通定義 型に意味のある場合下記を仕様する
            cm_equ1.h         28    typedef unsigned char     Uchar;      //
            cm_equ1.h         29    typedef unsigned short    Ushort;     //
            cm_equ1.h         30    typedef unsigned int  Uint;       //
            cm_equ1.h         31    typedef unsigned long Ulong;      //
            cm_equ1.h         32    typedef signed char   Char;       //
            cm_equ1.h         33    typedef signed short  Short;      //
            cm_equ1.h         34    typedef signed int    Int;        //
            cm_equ1.h         35    typedef signed long   Long;       //
            cm_equ1.h         36    
            cm_equ1.h         37    /*    共通定義 ﾊﾞｲﾄ長に意味のある場合下記を仕様する   */
            cm_equ1.h         38    typedef unsigned char     U1b;        /*  u1b */
            cm_equ1.h         39    typedef unsigned short    U2b;        /*  u2b */
            cm_equ1.h         40    typedef unsigned long U4b;        /*  u4b */
            cm_equ1.h         41    typedef signed char   S1b;        /*  s1b */
            cm_equ1.h         42    typedef signed short  S2b;        /*  s2b */
            cm_equ1.h         43    typedef signed long   S4b;        /*  s4b */
            cm_equ1.h         44    
            cm_equ1.h         45    /*    ============ 通常この記述を使用 =============   */
            cm_equ1.h         46    //typedef signed char     BYTE;       /*  s1b */
            cm_equ1.h         47    //typedef signed short    WORD;       /*  s2b */
            cm_equ1.h         48    //typedef signed long DWORD;      /*  s4b */
            cm_equ1.h         49    
            cm_equ1.h         50    /*    *********************************** */
            cm_equ1.h         51    /*    ***     sh3     *** */
            cm_equ1.h         52    /*    *********************************** */
            cm_equ1.h         53    /*    =================================   */
            cm_equ1.h         54    #define       Debug_YES   1
            cm_equ1.h         55    #define       Debug_NO    0
            cm_equ1.h         56    #define       CMPILE_YES  1
            cm_equ1.h         57    #define       CMPILE_NO   0
            cm_equ1.h         58    
            cm_equ1.h         59    #define       CB_STS_BUF_MAX      512     //128
            cm_equ1.h         60    #define       CB_TRD_BUF_MAX      2048    //2048 total 2048確保
            cm_equ1.h         61    #define       CB_TRD_SMP_CNT      128     //128個
               cpua.c         28    #include  "ssc_wram.h"
           ssc_wram.h          1    //;   ***************************************************
           ssc_wram.h          2    //;   ***                                             ***
           ssc_wram.h          3    //;   ***     外部ＳＲＡＭ定義                        ***
           ssc_wram.h          4    //;   ***                                             ***
           ssc_wram.h          5    //;   ***************************************************
           ssc_wram.h          6      extern  S4b sram_top;
           ssc_wram.h          7    
           ssc_wram.h          8      extern  U2b data_init2_timer;   //; ｲﾆｼｬﾙWAITﾀｲﾏ2
           ssc_wram.h          9    
               cpua.c         29    
               cpua.c         30    
               cpua.c         31    extern    void INT_EI(void);      // hwsetup.src
               cpua.c         32    
               cpua.c         33    extern    void SR_INIT_SET(void);     // p4a_com1.src(共通演算)
               cpua.c         34    extern    void SR_MAIN_SET(void);     // p4a_com1.src(共通演算)
               cpua.c         35    
               cpua.c         36    //
               cpua.c         37    
               cpua.c         38    extern    void ASM_DMK1_SOFT_INIT(void);//p4a_k.src
               cpua.c         39    extern    void ASM_DMY1_SOFT_INIT(void);//p4a_y.src
               cpua.c         40    //extern  void c_dmk1_soft_init(void);//p4c_k.c(割込解除前にする)
               cpua.c         41    //extern  void c_dmy1_soft_init(void);//p4c_y.c(割込解除前にする)
               cpua.c         42    
               cpua.c         43    //extern  void c_dmk1_data_main(void);    //ssc_k.c
               cpua.c         44    //extern  void c_dmy1_data_main(void);    //ssc_y.c
               cpua.c         45    //extern  void c_k1_ctrl_main(void);  //ssc_k.c
               cpua.c         46    //extern  void c_y1_ctrl_main(void);  //ssc_y.c
               cpua.c         47    
               cpua.c         48    extern    void ASM_VUP_MAIN();    //メインスキャン
               cpua.c         49    extern    void ASM_Y1_CTRL_MAIN();    //メインスキャン
               cpua.c         50    extern    void ASM_DMK1_DATA_INIT();
               cpua.c         51    
               cpua.c         52    extern    void SEQ_INIT(void);        //ssa_seqm.src
               cpua.c         53    
               cpua.c         54    extern    void IOGA_OUT_INIT(void);   //ssa_dio.src
               cpua.c         55    extern    void IOGA_DI_LOAD(void);    //ssa_dio.src
               cpua.c         56    //extern  void SEQ_CB_WKINRAM_SET(void);  //ssa_dio.src
               cpua.c         57    
               cpua.c         58    extern    void POS_LSI_START(void);   //ssa_dio.src
               cpua.c         59    extern    void POS_LSI_LATCH(void);   //ssa_dio.src
               cpua.c         60    
               cpua.c         61    extern    void SEQ_RUN_MAIN(void);    //ｼｰｹﾝｽ処理
               cpua.c         62    //extern  void SEQ_CB_DP_WR(void);    //クラッチで使用しているデータをDPRAMへ転送
               cpua.c         63    
               cpua.c         64    extern    void RM_RDENB_ON(void);     //ssa_dio.src リモート RDENB ON
               cpua.c         65    extern    void ROM_SYSPAR_CMP_CHK(void);  //ssa_erry.inc シスパラ比較
               cpua.c         66    
               cpua.c         67    extern    void draw_smple(void);
               cpua.c         68    
               cpua.c         69    //    2002-12-17
               cpua.c         70    extern    U2b CPUBA_HD_INDT1;
               cpua.c         71    extern    void CPUBA_HAND_INPORT_LOAD(void);
               cpua.c         72    
               cpua.c         73    //    2008-08-01
               cpua.c         74    extern    REMOTE_INDT_READ(void);     //; リモート入力読み込み(元々有り)
               cpua.c         75    extern    SQ_CARD_IN_REF1(void);      //2008-08-01
               cpua.c         76    
               cpua.c         77    
               cpua.c         78    
               cpua.c         79    
               cpua.c         80    //    2013-12-11 [mc]
               cpua.c         81    extern    void CPUD_START_CHK(void);
               cpua.c         82    extern    U2b CPUD_START_OK;
               cpua.c         83    extern    U2b SPL_ERR_INIT_WAIT_TIM;//5秒 2015-02-07
               cpua.c         84    
               cpua.c         85    
               cpua.c         86    
               cpua.c         87    
               cpua.c         88    void data_init1(void)
P   00000000              _data_init1:                     ; function: data_init1
                                                           ; frame size=4
    00000000 4F22                   STS.L       PR,@-R15
               cpua.c         89    {
               cpua.c         90      ASM_DMK1_DATA_INIT();       //ｼｽﾊﾟﾗ/設定/ﾃﾞｰﾀ転送:ﾏｽﾀのみの処理
    00000002 D36F                   MOV.L       L25+4,R3   ; _ASM_DMK1_DATA_INIT
    00000004 430B                   JSR         @R3
    00000006 0009                   NOP
               cpua.c         91      ASM_DMY1_DATA_INIT();       //
    00000008 026A                   STS         FPSCR,R2
    0000000A D16E                   MOV.L       L25+8,R1   ; H'FFE7FFFF
    0000000C 2219                   AND         R1,R2
    0000000E 426A                   LDS         R2,FPSCR
    00000010 D36D                   MOV.L       L25+12,R3  ; _ASM_DMY1_DATA_INIT
    00000012 430B                   JSR         @R3
    00000014 0009                   NOP
    00000016 4F26                   LDS.L       @R15+,PR
               cpua.c         92    
               cpua.c         93    
               cpua.c         94    //    c_dmk1_data_init();     //ssc_k.c:位置決めのｲﾆｼｬﾙ処理(ﾏｽﾀ/OPTION同一):ｱﾄﾞﾚｽ設定
               cpua.c         95    //    c_dmy1_data_init();     //ssc_y.c
               cpua.c         96    }
    00000018 000B                   RTS
    0000001A 0009                   NOP
               cpua.c         97    
               cpua.c         98    #define       init_wt2_tim    50  //2ms*50=100ms
               cpua.c         99    
               cpua.c        100    void data_init2(void)
    0000001C              _data_init2:                     ; function: data_init2
                                                           ; frame size=8
    0000001C 2FE6                   MOV.L       R14,@-R15
    0000001E 4F22                   STS.L       PR,@-R15
               cpua.c        101    {
               cpua.c        102    
               cpua.c        103      SEQ_INIT();             //ssa_seqm.src
    00000020 D36A                   MOV.L       L25+16,R3  ; _SEQ_INIT
    00000022 430B                   JSR         @R3
    00000024 0009                   NOP
    00000026 026A                   STS         FPSCR,R2
    00000028 D166                   MOV.L       L25+8,R1   ; H'FFE7FFFF
    0000002A 2219                   AND         R1,R2
    0000002C 426A                   LDS         R2,FPSCR
               cpua.c        104    
               cpua.c        105  E   data_init2_timer = 50;  
    0000002E E232                   MOV         #50,R2     ; H'00000032
    00000030 D167                   MOV.L       L25+20,R1  ; _data_init2_timer
    00000032 2121                   MOV.W       R2,@R1     ; data_init2_timer
               cpua.c        106    
               cpua.c        107      while(data_init2_timer){
    00000034 622D                   EXTU.W      R2,R2
    00000036 2228                   TST         R2,R2
    00000038 892F                   BT          L13
    0000003A              L14:
               cpua.c        108          WDT_Rifresh();          //
    0000003A D366                   MOV.L       L25+24,R3  ; _WDT_Rifresh
    0000003C 430B                   JSR         @R3
    0000003E 0009                   NOP
               cpua.c        109    
               cpua.c        110          REMOTE_INDT_READ();     //; リモート入力読み込み
    00000040 026A                   STS         FPSCR,R2
    00000042 DE60                   MOV.L       L25+8,R14  ; H'FFE7FFFF
    00000044 22E9                   AND         R14,R2
    00000046 426A                   LDS         R2,FPSCR
    00000048 D363                   MOV.L       L25+28,R3  ; _REMOTE_INDT_READ
    0000004A 430B                   JSR         @R3
    0000004C 0009                   NOP
               cpua.c        111          SQ_CARD_IN_REF1();      //2008-08-01
    0000004E 026A                   STS         FPSCR,R2
    00000050 22E9                   AND         R14,R2
    00000052 426A                   LDS         R2,FPSCR
    00000054 D361                   MOV.L       L25+32,R3  ; _SQ_CARD_IN_REF1
    00000056 430B                   JSR         @R3
    00000058 0009                   NOP
               cpua.c        112    
               cpua.c        113          IOGA_DI_LOAD();         //ssa_dio.src
    0000005A 026A                   STS         FPSCR,R2
    0000005C 22E9                   AND         R14,R2
    0000005E 426A                   LDS         R2,FPSCR
    00000060 D35F                   MOV.L       L25+36,R3  ; _IOGA_DI_LOAD
    00000062 430B                   JSR         @R3
    00000064 0009                   NOP
               cpua.c        114          SEQ_CB_WKINRAM_SET();       //ssa_dio.src
    00000066 026A                   STS         FPSCR,R2
    00000068 22E9                   AND         R14,R2
    0000006A 426A                   LDS         R2,FPSCR
    0000006C D35D                   MOV.L       L25+40,R3  ; _SEQ_CB_WKINRAM_SET
    0000006E 430B                   JSR         @R3
    00000070 0009                   NOP
               cpua.c        115          POS_LSI_START();        //ssa_dio.src
    00000072 026A                   STS         FPSCR,R2
    00000074 22E9                   AND         R14,R2
    00000076 426A                   LDS         R2,FPSCR
    00000078 D35B                   MOV.L       L25+44,R3  ; _POS_LSI_START
    0000007A 430B                   JSR         @R3
    0000007C 0009                   NOP
               cpua.c        116          POS_LSI_LATCH();        //ssa_dio.src
    0000007E 026A                   STS         FPSCR,R2
    00000080 22E9                   AND         R14,R2
    00000082 426A                   LDS         R2,FPSCR
    00000084 D359                   MOV.L       L25+48,R3  ; _POS_LSI_LATCH
    00000086 430B                   JSR         @R3
    00000088 0009                   NOP
    0000008A 026A                   STS         FPSCR,R2
    0000008C 22E9                   AND         R14,R2
    0000008E 426A                   LDS         R2,FPSCR
    00000090 D14F                   MOV.L       L25+20,R1  ; _data_init2_timer
    00000092 6211                   MOV.W       @R1,R2     ; data_init2_timer
    00000094 622D                   EXTU.W      R2,R2
    00000096 2228                   TST         R2,R2
    00000098 8BCF                   BF          L14
    0000009A              L13:
               cpua.c        117      }
               cpua.c        118    
               cpua.c        119      SPL_ERR_INIT_WAIT_TIM=5000;//5秒 2015-02-07
    0000009A 918F                   MOV.W       L25,R1     ; H'1388
    0000009C 6713                   MOV         R1,R7
    0000009E D154                   MOV.L       L25+52,R1  ; _SPL_ERR_INIT_WAIT_TIM
    000000A0 2171                   MOV.W       R7,@R1     ; SPL_ERR_INIT_WAIT_TIM
               cpua.c        120    
               cpua.c        121      RM_RDENB_ON();              //ssa_dio.src リモート RDENB ON
    000000A2 D354                   MOV.L       L25+56,R3  ; _RM_RDENB_ON
    000000A4 430B                   JSR         @R3
    000000A6 0009                   NOP
    000000A8 4F26                   LDS.L       @R15+,PR
    000000AA 6EF6                   MOV.L       @R15+,R14
               cpua.c        122    //    ROM_SYSPAR_CMP_CHK();       //ssa_erry.inc シスパラ比較
               cpua.c        123    
               cpua.c        124    
               cpua.c        125    
               cpua.c        126    }
    000000AC 000B                   RTS
    000000AE 0009                   NOP
               cpua.c        127    
               cpua.c        128    
               cpua.c        129    extern    ASM_K1_CTRL_MAIN(void);
               cpua.c        130    
               cpua.c        131    
               cpua.c        132    extern    S2b CMP_ERR_STSA_INF4;
               cpua.c        133    
               cpua.c        134    void main(void)
    000000B0              _main:                           ; function: main
                                                           ; frame size=8
    000000B0 2FE6                   MOV.L       R14,@-R15
    000000B2 4F22                   STS.L       PR,@-R15
               cpua.c        135    {
               cpua.c        136    //;   *******************************************
               cpua.c        137    //;   *** 割込み許可前1回処理     ***
               cpua.c        138    //;   *******************************************
               cpua.c        139    
               cpua.c        140      IOGA_OUT_INIT();        //ssa_dio.src
    000000B4 D350                   MOV.L       L25+60,R3  ; _IOGA_OUT_INIT
    000000B6 430B                   JSR         @R3
    000000B8 0009                   NOP
               cpua.c        141    
               cpua.c        142    //"FIRST"
               cpua.c        143      ASM_DMK1_SOFT_INIT();       //cb_src\k_src\ssa_k.src
    000000BA 026A                   STS         FPSCR,R2
    000000BC DE41                   MOV.L       L25+8,R14  ; H'FFE7FFFF
    000000BE 22E9                   AND         R14,R2
    000000C0 426A                   LDS         R2,FPSCR
    000000C2 D34E                   MOV.L       L25+64,R3  ; _ASM_DMK1_SOFT_INIT
    000000C4 430B                   JSR         @R3
    000000C6 0009                   NOP
               cpua.c        144      ASM_DMY1_SOFT_INIT();       //cb_src\y_src\ssa_y.src
    000000C8 026A                   STS         FPSCR,R2
    000000CA 22E9                   AND         R14,R2
    000000CC 426A                   LDS         R2,FPSCR
    000000CE D34C                   MOV.L       L25+68,R3  ; _ASM_DMY1_SOFT_INIT
    000000D0 430B                   JSR         @R3
    000000D2 0009                   NOP
               cpua.c        145    
               cpua.c        146    
               cpua.c        147    //    c_dmk1_soft_init();     //cb_src\k_src\ssc_k.c(割込解除前にする)
               cpua.c        148    //    c_dmy1_soft_init();     //cb_src\y_src\ssc_y.c(割込解除前にする)
               cpua.c        149    
               cpua.c        150      SR_INIT_SET();          //cb_src\comon\ssa_com1.src
    000000D4 026A                   STS         FPSCR,R2
    000000D6 22E9                   AND         R14,R2
    000000D8 426A                   LDS         R2,FPSCR
    000000DA D34A                   MOV.L       L25+72,R3  ; _SR_INIT_SET
    000000DC 430B                   JSR         @R3
    000000DE 0009                   NOP
               cpua.c        151    
               cpua.c        152      INT_EI();
    000000E0 026A                   STS         FPSCR,R2
    000000E2 22E9                   AND         R14,R2
    000000E4 426A                   LDS         R2,FPSCR
    000000E6 D348                   MOV.L       L25+76,R3  ; _INT_EI
    000000E8 430B                   JSR         @R3
    000000EA 0009                   NOP
    000000EC 026A                   STS         FPSCR,R2
    000000EE 22E9                   AND         R14,R2
    000000F0 426A                   LDS         R2,FPSCR
               cpua.c        153    
               cpua.c        154    //    =============================================== //
               cpua.c        155    //    === タイムアウト付  2002-12-17 ﾊﾝﾄﾞｼｪｲｸ待ち     //
               cpua.c        156    //    ==============================================  //
               cpua.c        157      data_init2_timer =30000;//30.000*2=60秒
    000000F2 9164                   MOV.W       L25+2,R1   ; H'7530
    000000F4 6213                   MOV         R1,R2
    000000F6 D136                   MOV.L       L25+20,R1  ; _data_init2_timer
    000000F8 2121                   MOV.W       R2,@R1     ; data_init2_timer
               cpua.c        158      while(data_init2_timer){
    000000FA 622D                   EXTU.W      R2,R2
    000000FC 2228                   TST         R2,R2
    000000FE 8925                   BT          L17
    00000100              L18:
               cpua.c        159          WDT_Rifresh();      //2002-12-17
    00000100 D334                   MOV.L       L25+24,R3  ; _WDT_Rifresh
    00000102 430B                   JSR         @R3
    00000104 0009                   NOP
               cpua.c        160    
               cpua.c        161          CPUBA_HAND_INPORT_LOAD();//CPUBA_HD_INDT1;<=
    00000106 026A                   STS         FPSCR,R2
    00000108 DE2E                   MOV.L       L25+8,R14  ; H'FFE7FFFF
    0000010A 22E9                   AND         R14,R2
    0000010C 426A                   LDS         R2,FPSCR
    0000010E D33F                   MOV.L       L25+80,R3  ; _CPUBA_HAND_INPORT_LOAD
    00000110 430B                   JSR         @R3
    00000112 0009                   NOP
               cpua.c        162          CPUD_START_CHK();
    00000114 026A                   STS         FPSCR,R2
    00000116 22E9                   AND         R14,R2
    00000118 426A                   LDS         R2,FPSCR
    0000011A D33D                   MOV.L       L25+84,R3  ; _CPUD_START_CHK
    0000011C 430B                   JSR         @R3
    0000011E 0009                   NOP
    00000120 026A                   STS         FPSCR,R2
    00000122 22E9                   AND         R14,R2
    00000124 426A                   LDS         R2,FPSCR
               cpua.c        163          if(CPUD_START_OK){//CPUD 移動
    00000126 D13B                   MOV.L       L25+88,R1  ; _CPUD_START_OK
    00000128 6211                   MOV.W       @R1,R2     ; CPUD_START_OK
    0000012A 622D                   EXTU.W      R2,R2
    0000012C 2228                   TST         R2,R2
    0000012E 8908                   BT          L20
               cpua.c        164  E           if(CPUBA_HD_INDT1&0x8000){
    00000130 D139                   MOV.L       L25+92,R1  ; _CPUBA_HD_INDT1
    00000132 6711                   MOV.W       @R1,R7     ; CPUBA_HD_INDT1
    00000134 627D                   EXTU.W      R7,R2
    00000136 D139                   MOV.L       L25+96,R1  ; H'00008000
    00000138 2218                   TST         R1,R2
    0000013A 8902                   BT          L20
               cpua.c        165                  data_init2_timer =0;
    0000013C E100                   MOV         #0,R1      ; H'00000000
    0000013E D724                   MOV.L       L25+20,R7  ; _data_init2_timer
    00000140 2711                   MOV.W       R1,@R7     ; data_init2_timer
    00000142              L20:
    00000142 D123                   MOV.L       L25+20,R1  ; _data_init2_timer
    00000144 6211                   MOV.W       @R1,R2     ; data_init2_timer
    00000146 622D                   EXTU.W      R2,R2
    00000148 2228                   TST         R2,R2
    0000014A 8BD9                   BF          L18
    0000014C              L17:
               cpua.c        166              }
               cpua.c        167          }
               cpua.c        168    
               cpua.c        169          //2013-12 mc CPUBA_HAND_INPORT_LOAD();//CPUBA_HD_INDT1;<=
               cpua.c        170          //2013-12 mc if(CPUBA_HD_INDT1&cBIT15){//"H" END
               cpua.c        171          //2013-12 mc    data_init2_timer =0;
               cpua.c        172          //2013-12 mc }
               cpua.c        173      }
               cpua.c        174    
               cpua.c        175    
               cpua.c        176    
               cpua.c        177    
               cpua.c        178    
               cpua.c        179    //;   *******************************************
               cpua.c        180    //;   *** 割込み許可後1回処理     ***
               cpua.c        181    //;   *******************************************
               cpua.c        182      data_init1();           //ｲﾆｼｬﾙﾃﾞｰﾀｾｯﾄ
    0000014C BF58                   BSR         _data_init1
    0000014E 0009                   NOP
               cpua.c        183    
               cpua.c        184    //;   *******************************************
               cpua.c        185    //;   *** SH2からの動作許可後処理     ***
               cpua.c        186    //;   *******************************************
               cpua.c        187      SR_MAIN_SET();          //cb_src\comon\ssa_com1.src
    00000150 026A                   STS         FPSCR,R2
    00000152 DE1C                   MOV.L       L25+8,R14  ; H'FFE7FFFF
    00000154 22E9                   AND         R14,R2
    00000156 426A                   LDS         R2,FPSCR
    00000158 D331                   MOV.L       L25+100,R3 ; _SR_MAIN_SET
    0000015A 430B                   JSR         @R3
    0000015C 0009                   NOP
               cpua.c        188    
               cpua.c        189      data_init2();           //ｲﾆｼｬﾙﾃﾞｰﾀｾｯﾄ
    0000015E 026A                   STS         FPSCR,R2
    00000160 22E9                   AND         R14,R2
    00000162 426A                   LDS         R2,FPSCR
    00000164 BF5A                   BSR         _data_init2
    00000166 0009                   NOP
    00000168 026A                   STS         FPSCR,R2
    0000016A 22E9                   AND         R14,R2
    0000016C 426A                   LDS         R2,FPSCR
               cpua.c        190    
               cpua.c        191    
               cpua.c        192    //;   *******************************************
               cpua.c        193    //;   *** MAINｽｷｬﾝ処理            ***
               cpua.c        194    //;   *******************************************
               cpua.c        195      while(1){
    0000016E E101                   MOV         #1,R1      ; H'00000001
    00000170 6013                   MOV         R1,R0
    00000172 8800                   CMP/EQ      #0,R0
    00000174 891C                   BT          L22
    00000176              L23:
               cpua.c        196      
               cpua.c        197          WDT_Rifresh();      //
    00000176 D317                   MOV.L       L25+24,R3  ; _WDT_Rifresh
    00000178 430B                   JSR         @R3
    0000017A 0009                   NOP
               cpua.c        198    
               cpua.c        199    ///////       IOGA_DI_LOAD();         //ssa_dio.src
               cpua.c        200    ///////       SEQ_CB_WKINRAM_SET();       //ssa_dio.src
               cpua.c        201    
               cpua.c        202    //        c_dmk1_data_main();     //ssc_k.c
               cpua.c        203    //        c_dmy1_data_main();     //ssc_y.c
               cpua.c        204          ASM_K1_CTRL_MAIN();
    0000017C 026A                   STS         FPSCR,R2
    0000017E DE11                   MOV.L       L25+8,R14  ; H'FFE7FFFF
    00000180 22E9                   AND         R14,R2
    00000182 426A                   LDS         R2,FPSCR
    00000184 D327                   MOV.L       L25+104,R3 ; _ASM_K1_CTRL_MAIN
    00000186 430B                   JSR         @R3
    00000188 0009                   NOP
               cpua.c        205    ////      c_k1_ctrl_main();       //ssc_k.c
               cpua.c        206    //        c_y1_ctrl_main();       //ssc_y.c
               cpua.c        207    
               cpua.c        208          ASM_Y1_CTRL_MAIN();     //メインスキャン
    0000018A 026A                   STS         FPSCR,R2
    0000018C 22E9                   AND         R14,R2
    0000018E 426A                   LDS         R2,FPSCR
    00000190 D325                   MOV.L       L25+108,R3 ; _ASM_Y1_CTRL_MAIN
    00000192 430B                   JSR         @R3
    00000194 0009                   NOP
               cpua.c        209    
               cpua.c        210    ///////       SEQ_CB_DP_WR();         //クラッチで使用しているデータをDPRAMへ転送
               cpua.c        211    
               cpua.c        212          ASM_VUP_MAIN();
    00000196 026A                   STS         FPSCR,R2
    00000198 22E9                   AND         R14,R2
    0000019A 426A                   LDS         R2,FPSCR
    0000019C D323                   MOV.L       L25+112,R3 ; _ASM_VUP_MAIN
    0000019E 430B                   JSR         @R3
    000001A0 0009                   NOP
    000001A2 026A                   STS         FPSCR,R2
    000001A4 22E9                   AND         R14,R2
    000001A6 426A                   LDS         R2,FPSCR
    000001A8 E101                   MOV         #1,R1      ; H'00000001
    000001AA 6013                   MOV         R1,R0
    000001AC 8800                   CMP/EQ      #0,R0
    000001AE 8BE2                   BF          L23
    000001B0              L22:
    000001B0 4F26                   LDS.L       @R15+,PR
    000001B2 6EF6                   MOV.L       @R15+,R14
               cpua.c        213      }
               cpua.c        214    
               cpua.c        215    }
    000001B4 000B                   RTS
    000001B6 0009                   NOP
               cpua.c        216    
               cpua.c        217    void abort(void)
    000001B8              _abort:                          ; function: abort
                                                           ; frame size=0
               cpua.c        218    {
               cpua.c        219      
               cpua.c        220    }
    000001B8 000B                   RTS
    000001BA 0009                   NOP
    000001BC              L25:
    000001BC 1388                   .DATA.W     H'1388
    000001BE 7530                   .DATA.W     H'7530
    000001C0 <00000000>             .DATA.L     _ASM_DMK1_DATA_INIT
    000001C4 FFE7FFFF               .DATA.L     H'FFE7FFFF
    000001C8 <00000000>             .DATA.L     _ASM_DMY1_DATA_INIT
    000001CC <00000000>             .DATA.L     _SEQ_INIT
    000001D0 <00000000>             .DATA.L     _data_init2_timer
    000001D4 <00000000>             .DATA.L     _WDT_Rifresh
    000001D8 <00000000>             .DATA.L     _REMOTE_INDT_READ
    000001DC <00000000>             .DATA.L     _SQ_CARD_IN_REF1
    000001E0 <00000000>             .DATA.L     _IOGA_DI_LOAD
    000001E4 <00000000>             .DATA.L     _SEQ_CB_WKINRAM_SET
    000001E8 <00000000>             .DATA.L     _POS_LSI_START
    000001EC <00000000>             .DATA.L     _POS_LSI_LATCH
    000001F0 <00000000>             .DATA.L     _SPL_ERR_INIT_WAIT_TIM
    000001F4 <00000000>             .DATA.L     _RM_RDENB_ON
    000001F8 <00000000>             .DATA.L     _IOGA_OUT_INIT
    000001FC <00000000>             .DATA.L     _ASM_DMK1_SOFT_INIT
    00000200 <00000000>             .DATA.L     _ASM_DMY1_SOFT_INIT
    00000204 <00000000>             .DATA.L     _SR_INIT_SET
    00000208 <00000000>             .DATA.L     _INT_EI
    0000020C <00000000>             .DATA.L     _CPUBA_HAND_INPORT_LOAD
    00000210 <00000000>             .DATA.L     _CPUD_START_CHK
    00000214 <00000000>             .DATA.L     _CPUD_START_OK
    00000218 <00000000>             .DATA.L     _CPUBA_HD_INDT1
    0000021C 00008000               .DATA.L     H'00008000
    00000220 <00000000>             .DATA.L     _SR_MAIN_SET
    00000224 <00000000>             .DATA.L     _ASM_K1_CTRL_MAIN
    00000228 <00000000>             .DATA.L     _ASM_Y1_CTRL_MAIN
    0000022C <00000000>             .DATA.L     _ASM_VUP_MAIN
SH SERIES C/C++ Compiler (V.9.04.01.002)                                                         12-Dec-2017 19:19:36  PAGE    1


******** STATISTICS INFORMATION ********


********** ERROR INFORMATION ***********

NUMBER OF ERRORS:           0
NUMBER OF WARNINGS:         0




******* SOURCE LINE INFORMATION ********

COMPILED SOURCE LINE:      220



******* SECTION SIZE INFORMATION *******

PROGRAM  SECTION (P):                                 00000230 Byte(s)
CONSTANT SECTION (C):                                 00000000 Byte(s)
DATA     SECTION (D):                                 00000000 Byte(s)
BSS      SECTION (B):                                 00000000 Byte(s)

TOTAL PROGRAM  SECTION: 00000230 Byte(s)
TOTAL CONSTANT SECTION: 00000000 Byte(s)
TOTAL DATA     SECTION: 00000000 Byte(s)
TOTAL BSS      SECTION: 00000000 Byte(s)

    TOTAL PROGRAM SIZE: 00000230 Byte(s)



********** LABEL INFORMATION ***********

NUMBER OF EXTERNAL REFERENCE SYMBOLS:           26
NUMBER OF EXTERNAL DEFINITION SYMBOLS:           4
NUMBER OF INTERNAL/EXTERNAL SYMBOLS:            38



*** COMMAND PARAMETER ***

-subcommand=D:\SIT4S_MC\cpua\cpua\cpua\Debug\cpua.shc
-cpu=sh4
-include="D:\SIT4S_MC\cpua\cpua\HW_SRC","D:\SIT4S_MC\comon","D:\SIT4S_MC\cpua\cpua","D:\SIT4S_MC\cpua\cpua\SEQ_SRC","D:\SIT4S_MC\cpua\cpua\cb_src\COMON","D:\SIT4S_MC\cpua\cpua\cb_src\K_SRC","D:\SIT4S_MC\comon\cpua_inc"
-object="D:\SIT4S_MC\cpua\cpua\cpua\Debug\cpua.obj"
-debug
-listfile="D:\SIT4S_MC\cpua\cpua\cpua\Debug\cpua.lst"
-show=source,include,expansion,tab=4
-optimize=0
-noinline
-gbr=auto
-chgincpath
-errorpath
"D:\SIT4S_MC\cpua\cpua\cpua\cpua.c"
-global_volatile=0
-opt_range=all
-infinite_loop=0
-del_vacant_loop=0
-struct_alloc=1
-lang=c
-nologo
