*** SuperH RISC engine ASSEMBLER V.7.01.02.000 ***    12/12/17 19:20:06                                                  PAGE     1
PROGRAM NAME =

    1                               1     ;------------------------------------------------------------------------
    2                               2     ;                                                                       |
    3                               3     ;   FILE        :hwsetup.src                                            |
    4                               4     ;   DATE        :Fri, May 31, 2002                                      |
    5                               5     ;   DESCRIPTION :Hardware Setup file                                    |
    6                               6     ;   CPU TYPE    :SH7750                                                 |
    7                               7     ;                                                                       |
    8                               8     ;   This file is generated by Hitachi Project Generator (Ver.2.1).      |
    9                               9     ;                                                                       |
   10                              10     ;------------------------------------------------------------------------
   11                              11     
   12                              12     
 1900                              20     
 1901          FF94004C            21     _SDMR1          .EQU            H'FF94004C;BYTE
 1902          FF94008C            22     _SDMR2          .EQU            H'FF94008C;BYTE
 1903          FF9400CC            23     _SDMR3          .EQU            H'FF9400CC;BYTE
 1904                              24     
 1905                              25             .export         _HardwareSetup1
 1906                              26             .export         _HardwareSetup2
 1907                              27             .export         _TIME_LINT_EI
 1908                              28             .export         _TIME_HINT_EI
 1909                              29             .export         _INT_EI
 1910                              30     
 1911                              31             .export         _CASH_ENB
 1912                              32     
 1913                              33             .export _P_TO_PRAM_COPY                 ; P -> PRAM
 1914                              34             .export _PC_TO_PCRAM_COPY               ; Pcall -> PcallRAM
 1915                              35     
 1916                              36     ;       ====================================
 1917                              37     ;       -------------- WDT CLR -------------
 1918                              38     ;       ====================================
 1919                              39             .MACRO  _WDT_CLR_CP1
 1920                              40             MOV.L   #_PDTRB,R10
 1921                              41             MOV.W   @R10,R11
 1922                              42     ;;;;2010-09-21ﾊﾞｸﾞ      MOV.W   #NBIT0,R12      ; PORT18
 1923                              43             MOV.W   #NBIT2,R12      ; PORT18
 1924                              44             AND     R12,R11
 1925                              45             MOV.W   R11,@R10
 1926                              46     ;;;;2010-09-21ﾊﾞｸﾞ      MOV.W   #BIT0,R12
 1927                              47             MOV.W   #BIT2,R12
 1928                              48             OR      R12,R11
 1929                              49             MOV.W   R11,@R10
 1930                              50             .ENDM
 1931                              51     
 1932                              52     
 1933 00000000                     53             .SECTION        Phwsetup1,CODE                  ;
 1934                              54     ;******************************************
 1935                              55     ;***                                    ***
 1936                              56     ;***    ＳＨ−４初期設定                ***
 1937                              57     ;***                                    ***
 1938                              58     ;******************************************
 1939 00000000                     59     _HardwareSetup1:
 1940                              60             SUB_START
 1941 00000000 4F22                   M           STS.L   PR,@-R15                ;[必要]
 1942                                 M   ;;;;;;; ADD     #-4,R15                 ;[不要?]
 1943                              61     
 1944 00000002 D130                62             MOV.L   #_WTCSR,R1
*** SuperH RISC engine ASSEMBLER V.7.01.02.000 ***    12/12/17 19:20:06                                                  PAGE     2
PROGRAM NAME =

 1945                              63     ;///////        MOV.W   #H'A502,R0                      ; 発振が安定するまでの時間として20
                                          2.3usec設定
 1946 00000004 9053                64             MOV.W   #H'A504,R0                              ; 発振が安定するまでの時間として80
                                          9.1usec設定
 1947 00000006 2101                65             MOV.W   R0,@R1
 1948 00000008 D12F                66             MOV.L   #_FRQCR,R1
 1949                              67     ;//SDEB MOV.W   #H'0E23,R0                              ; Iφ=162MHz／Bφ=27MHz／Pφ=27MHz
 1950                              68     ;;SAITO MOV.W   #H'0E1A,R0                              ; Iφ=162MHz／Bφ=40.5MHz／Pφ=40.
                                          5MHz
 1951 0000000A 9051                69             MOV.W   #H'0E0A,R0                              ; Iφ=162MHz／Bφ=81MHz／Pφ=40.5M
                                          Hz
 1952                              70     ;;      MOV.W   #H'0E23,R0                              ; Iφ=162MHz／Bφ=27MHz／Pφ=27MHz
 1953 0000000C 2101                71             MOV.W   R0,@R1
 1954                              72     
 1955 0000000E D12F                73             MOV.L   #_BCR1,R1
 1956 00000010 6012                74             MOV.L   @R1,R0
 1957 00000012 D22F                75             MOV.L   #H'00000008,R2                          ; ｴﾘｱ0~2,4~6:SRAMｲﾝﾀｰﾌｪｰｽ／ｴﾘｱ3:SD
                                          RAMｲﾝﾀｰﾌｪｰｽ
 1958 00000014 202B                76             OR      R2,R0
 1959 00000016 2102                77             MOV.L   R0,@R1
 1960                              78     
 1961 00000018 D12E                79             MOV.L   #_BCR2,R1
 1962 0000001A 6011                80             MOV.W   @R1,R0
 1963 0000001C 9249                81             MOV.W   #H'C001,R2
 1964 0000001E 2029                82             AND     R2,R0
 1965 00000020 9248                83             MOV.W   #H'9AE9,R2                              ; 各ｴﾘｱのﾊﾞｽ幅設定
 1966 00000022 202B                84             OR      R2,R0
 1967 00000024 2101                85             MOV.W   R0,@R1
 1968                              86     
 1969 00000026 D12C                87             MOV.L   #_WCR1,R1
 1970 00000028 D02C                88             MOV.L   #H'44444444,R0                          ; 各ｴﾘｱのｻｲｸﾙ間ｱｲﾄﾞﾙ設定        **
                                          とりあえず**
 1971 0000002A 2102                89             MOV.L   R0,@R1
 1972                              90     
 1973 0000002C D12C                91             MOV.L   #_WCR2,R1
 1974                              92     ;///////        MOV.L   #H'BE76649F,R0                          ; 各ｴﾘｱのｳｪｲﾄ設定       CA
                                          Sﾚｲﾃﾝｼ=3
 1975                              93     ;///////        MOV.L   #H'BE76449F,R0                          ; 各ｴﾘｱのｳｪｲﾄ設定       CA
                                          Sﾚｲﾃﾝｼ=2
 1976                              94     ;////// MOV.L   #H'9E784B27,R0                          ; 各ｴﾘｱのｳｪｲﾄ設定       CASﾚｲﾃﾝｼ=2
 1977                              95     ;////   MOV.L   #H'9E784B24,R0                          ; 各ｴﾘｱのｳｪｲﾄ設定       CASﾚｲﾃﾝｼ=2
 1978                              96     ;////位置決めうごかない MOV.L   #H'9E784B24,R0                          ; 各ｴﾘｱのｳｪｲﾄ設定
                                          CASﾚｲﾃﾝｼ=2
 1979                              97     ;位置決めうごいた       MOV.L   #H'9F784B24,R0                          ; 各ｴﾘｱのｳｪｲﾄ設定
                                          CASﾚｲﾃﾝｼ=2
 1980 0000002E D02D                98             MOV.L   #H'9FF84B24,R0                          ; 各ｴﾘｱのｳｪｲﾄ設定       CASﾚｲﾃﾝｼ=2
 1981                              99     ;;;;;;; MOV.L   #H'9FF84524,R0                          ; 各ｴﾘｱのｳｪｲﾄ設定       CASﾚｲﾃﾝｼ=2
 1982                             100     ;;;     MOV.L   #H'9F784B24,R0                          ; 各ｴﾘｱのｳｪｲﾄ設定       CASﾚｲﾃﾝｼ=2
 1983                             101     ;       MOV.L   #H'9FF84B27,R0                          ; 各ｴﾘｱのｳｪｲﾄ設定       CASﾚｲﾃﾝｼ=2
 1984 00000030 2102               102             MOV.L   R0,@R1
 1985                             103     
 1986 00000032 D12D               104             MOV.L   #_WCR3,R1
 1987                             105     
 1988                             106             .AIF    1               EQ      1       ;YES:WR WAIT 4CLK(NO 3CLK) 2004-02-19
 1989 00000034 D02D               107 C           MOV.L   #H'06766666,R0                          ;BIT22=1         SET-UP1CLK
 1990                             108 C                                                           ;BIT21=1,BIT20=1 HOLD  3CLK
 1991                             109             .AELSE
*** SuperH RISC engine ASSEMBLER V.7.01.02.000 ***    12/12/17 19:20:06                                                  PAGE     3
PROGRAM NAME =

 1992                             110     
 1993                             111     ;;;     MOV.L   #H'06666666,R0                          ; 各ｴﾘｱのR/Wｱｻｰﾄ時間設定        **
                                          とりあえず**
 1994                             112             MOV.L   #H'06266666,R0                          ; 各ｴﾘｱのR/Wｱｻｰﾄ時間設定        **
                                          とりあえず**
 1995                             113             .AENDI
 1996 00000036 2102               114             MOV.L   R0,@R1
 1997                             115     
 1998                             116     ;;SAITO 2006-08-05 sit4 対応    MOV.L   #_MCR,R1
 1999                             117     ;       ;       MOV.L   #H'08122184,R0                          ; SDRAM個別ｺﾝﾄﾛｰﾙﾚｼﾞｽﾀ設定
 2000                             118     ;;              MOV.L   R0,@R1
 2001                             119     
 2002                             120     ;       ---- SAITO 2006-08-05 sit4 対応 ---
 2003                             121             .AIF 1 EQ 0
 2004                             122             MOV.L   #_MCR,R1
 2005                             123             MOV.L   #H'08122184,R0                          ; SDRAM個別ｺﾝﾄﾛｰﾙﾚｼﾞｽﾀ設定
 2006                             124             MOV.L   R0,@R1
 2007                             125             .AELSE
 2008 00000038 D12D               126 C           MOV.L   #_MCR,R1
 2009 0000003A D02E               127 C           MOV.L   #H'081221A4,R0                          ; SDRAM個別ｺﾝﾄﾛｰﾙﾚｼﾞｽﾀ設定 AMX2は1
                                          にしなければいけない？斉藤
 2010 0000003C 2102               128 C           MOV.L   R0,@R1
 2011                             129             .AENDI
 2012                             130     
 2013 0000003E D02E               131             MOV.L   #_PCR, r0
 2014 00000040 9139               132             MOV.W   #0, r1
 2015 00000042 2011               133             MOV.W   r1, @r0                                 ; Sets PCR (word size).
 2016                             134     
 2017                             135     ;;;;;;  MOV.L   #_SDMR3,R1
 2018 00000044 D12D               136             MOV.L   #_SDMR2,R1
 2019 00000046 E000               137             MOV.B   #0,R0                                   ; SDRAM全ﾌﾟﾘﾁｬｰｼﾞ
 2020 00000048 2100               138             MOV.B   R0,@R1
 2021                             139     
 2022 0000004A D12D               140             MOV.L   #_RTCNT,R1
 2023 0000004C 9034               141             MOV.W   #H'A500,R0                              ;
 2024 0000004E 2101               142             MOV.W   R0,@R1
 2025 00000050 D12C               143             MOV.L   #_RTCOR,R1
 2026 00000052 9032               144             MOV.W   #H'A510,R0                              ; SDRAMｵｰﾄﾘﾌﾚｯｼｭ周期設定
 2027 00000054 2101               145             MOV.W   R0,@R1
 2028 00000056 D12C               146             MOV.L   #_RFCR,R1
 2029 00000058 9030               147             MOV.W   #H'A400,R0
 2030 0000005A 2101               148             MOV.W   R0,@R1
 2031 0000005C D12B               149             MOV.L   #_RTCSR,R1
 2032 0000005E 902E               150             MOV.W   #H'A508,R0                              ; SDRAMｵｰﾄﾘﾌﾚｯｼｭ開始
 2033 00000060 2101               151             MOV.W   R0,@R1
 2034                             152     
 2035                             153     ;       *** ﾎﾟｰﾄﾃﾞｰﾀﾚｼﾞｽﾀA ***
 2036                             154     
 2037                             155     ;;      P0~P7 OUT / P8~P15 IN / P16~18 OUT / P19 IN
 2038 00000062 D12B               156             MOV.L   #_PDTRA,R1
 2039 00000064 9027               157             MOV.W   #H'0000,R0                              ; P0~7 出力初期値
 2040 00000066 2101               158             MOV.W   R0,@R1                                  ; 初期値 ALL OFF
 2041 00000068 D12A               159             MOV.L   #_PCTRA,R1
 2042 0000006A D02B               160             MOV.L   #H'00005555,R0                          ; P0~15 IN/OUT設定
 2043 0000006C 2102               161             MOV.L   R0,@R1
 2044                             162     
 2045                             163     ;----------------- 一応確認用 2015-01-15 WDTA出力をLOWにしてしておく
*** SuperH RISC engine ASSEMBLER V.7.01.02.000 ***    12/12/17 19:20:06                                                  PAGE     4
PROGRAM NAME =

 2046 0000006E D12B               164             MOV.L   #_PDTRB,R1
 2047 00000070 9021               165             MOV.W   #H'0000,R0
 2048 00000072 2101               166             MOV.W   R0,@R1                                  ; 初期値(BIT2=0:WDT_CLR="L")
 2049                             167     ;----------------------------------------
 2050 00000074 D12A               168             MOV.L   #_PCTRB,R1
 2051 00000076 D02B               169             MOV.L   #H'00000015,R0                          ; P16~19 IN/OUT設定
 2052 00000078 2102               170             MOV.L   R0,@R1
 2053                             171     
 2054 0000007A D12B               172             MOV.L   #_CCR,R1
 2055 0000007C 6212               173             MOV.L   @R1,R2
 2056 0000007E D02B               174             MOV.L   #(BIT11+BIT3),R0
 2057 00000080 202B               175             OR      R2,R0
 2058 00000082 2102               176             MOV.L   R0,@R1
 2059                             177     
 2060 00000084 0009               178             NOP                     ; Waits for several clocks.
 2061 00000086 0009               179             NOP                     ; Other initialization may place here
 2062 00000088 0009               180             NOP                     ; if it is compact enough.
 2063 0000008A 0009               181             NOP
 2064                             182     
 2065 0000008C D11E               183             MOV.L   #_RFCR,R1
 2066 0000008E 9217               184             MOV.W   #D'8,R2
 2067 00000090                    185     _HWS_100:
 2068 00000090 6011               186             MOV.W   @R1,R0
 2069 00000092 3022               187             CMP/HS  R2,R0                                   ; ｵｰﾄﾘﾌﾚｯｼｭ8回やるまで待機
 2070 00000094 8BFC               188             BF      _HWS_100
 2071                             189     
 2072 00000096 D116               190             MOV.L   #_MCR,R1
 2073 00000098 D025               191             MOV.L   #H'48122184,R0                          ; SDRAM個別ｺﾝﾄﾛｰﾙﾚｼﾞｽﾀ設定
 2074 0000009A 2102               192             MOV.L   R0,@R1
 2075                             193     
 2076                             194     ;;;;;   MOV.L   #_SDMR3,R1
 2077 0000009C D117               195             MOV.L   #_SDMR2,R1
 2078 0000009E E000               196             MOV.B   #0,R0                                   ; SDRAMﾓｰﾄﾞﾚｼﾞｽﾀｾｯﾄ
 2079 000000A0 2100               197             MOV.B   R0,@R1
 2080                             198     
 2081 000000A2 D11A               199             MOV.L   #_RTCSR,R1
 2082 000000A4 9009               200             MOV.W   #H'A510,R0                              ; SDRAMｵｰﾄﾘﾌﾚｯｼｭ開始
 2083 000000A6 2101               201             MOV.W   R0,@R1
 2084                             202     
 2085                             203     
 2086                             204     
 2087                             205     
 2088                             206             SUB_END
 2089                                 M   ;;;;;;; ADD     #4,R15                  ;[不要?]
 2090 000000A8 4F26                   M           LDS.L   @R15+,PR                ;[必要]
 2091                             207             M_RTS
 2092 000000AA 000B                   M           RTS                             ;RTSの後ろの
 2093 000000AC 0009                   M           NOP                             ;@R15+,PRはﾀﾞﾒ
 2094                             208     
 2095                             209     
 2096                                     ***** BEGIN-POOL *****
 2097 000000AE A504                       DATA FOR SOURCE-LINE 64
 2098 000000B0 0E0A                       DATA FOR SOURCE-LINE 69
 2099 000000B2 C001                       DATA FOR SOURCE-LINE 81
 2100 000000B4 9AE9                       DATA FOR SOURCE-LINE 83
 2101 000000B6 0000                       DATA FOR SOURCE-LINE 132,157,165
 2102 000000B8 A500                       DATA FOR SOURCE-LINE 141
*** SuperH RISC engine ASSEMBLER V.7.01.02.000 ***    12/12/17 19:20:06                                                  PAGE     5
PROGRAM NAME =

 2103 000000BA A510                       DATA FOR SOURCE-LINE 144,200
 2104 000000BC A400                       DATA FOR SOURCE-LINE 147
 2105 000000BE A508                       DATA FOR SOURCE-LINE 150
 2106 000000C0 0008                       DATA FOR SOURCE-LINE 184
 2107 000000C2 0000                       ALIGNMENT CODE
 2108 000000C4 00000000                   DATA FOR SOURCE-LINE 62
 2109 000000C8 00000000                   DATA FOR SOURCE-LINE 66
 2110 000000CC 00000000                   DATA FOR SOURCE-LINE 73
 2111 000000D0 00000008                   DATA FOR SOURCE-LINE 75
 2112 000000D4 00000000                   DATA FOR SOURCE-LINE 79
 2113 000000D8 00000000                   DATA FOR SOURCE-LINE 87
 2114 000000DC 44444444                   DATA FOR SOURCE-LINE 88
 2115 000000E0 00000000                   DATA FOR SOURCE-LINE 91
 2116 000000E4 9FF84B24                   DATA FOR SOURCE-LINE 98
 2117 000000E8 00000000                   DATA FOR SOURCE-LINE 104
 2118 000000EC 06766666                   DATA FOR SOURCE-LINE 107
 2119 000000F0 00000000                   DATA FOR SOURCE-LINE 126,190
 2120 000000F4 081221A4                   DATA FOR SOURCE-LINE 127
 2121 000000F8 00000000                   DATA FOR SOURCE-LINE 131
 2122 000000FC FF94008C                   DATA FOR SOURCE-LINE 136,195
 2123 00000100 00000000                   DATA FOR SOURCE-LINE 140
 2124 00000104 00000000                   DATA FOR SOURCE-LINE 143
 2125 00000108 00000000                   DATA FOR SOURCE-LINE 146,183
 2126 0000010C 00000000                   DATA FOR SOURCE-LINE 149,199
 2127 00000110 00000000                   DATA FOR SOURCE-LINE 156
 2128 00000114 00000000                   DATA FOR SOURCE-LINE 159
 2129 00000118 00005555                   DATA FOR SOURCE-LINE 160
 2130 0000011C 00000000                   DATA FOR SOURCE-LINE 164
 2131 00000120 00000000                   DATA FOR SOURCE-LINE 168
 2132 00000124 00000015                   DATA FOR SOURCE-LINE 169
 2133 00000128 00000000                   DATA FOR SOURCE-LINE 172
 2134 0000012C 00000808                   DATA FOR SOURCE-LINE 174
 2135 00000130 48122184                   DATA FOR SOURCE-LINE 191
 2136                                     ***** END-POOL *****
 2137 00000000                    210             .SECTION        Pstart1,CODE                    ;
 2138                             211     ;******************************************
 2139                             212     ;***                                    ***
 2140                             213     ;***    ＳＨ−４初期設定                ***
 2141                             214     ;***                                    ***
 2142                             215     ;******************************************
 2143 00000000                    216     _HardwareSetup2:
 2144                             217             SUB_START
 2145 00000000 4F22                   M           STS.L   PR,@-R15                ;[必要]
 2146                                 M   ;;;;;;; ADD     #-4,R15                 ;[不要?]
 2147                             218     
 2148                             219     
 2149                             220     ;;;;;   MOV.L   #_CASH_ENB,R1                   ;
 2150                             221     ;;;;;   jsr     @r1
 2151                             222     ;;;;;   nop
 2152                             223     
 2153                             224     ;;;;;   mov.l   #_P_TO_PRAM_COPY,r1             ; P -> PRAM
 2154                             225     ;;;;;   jsr     @r1
 2155                             226     ;;;;;   nop
 2156                             227     
 2157                             228     ;;;;;   mov.l   #_PC_TO_PCRAM_COPY,r1           ; Pcall -> PcallRAM
 2158                             229     ;;;;;   jsr     @r1
 2159                             230     ;;;;;   nop
*** SuperH RISC engine ASSEMBLER V.7.01.02.000 ***    12/12/17 19:20:06                                                  PAGE     6
PROGRAM NAME =

 2160                             231     
 2161                             232     ;       *** 割込み優先ﾚﾍﾞﾙ設定ﾚｼﾞｽﾀ *****************;
 2162 00000002 D11B               233             MOV.L   #_ICR,R1
 2163 00000004 902D               234             MOV.W   #H'0080,R0                              ;
 2164 00000006 2101               235             MOV.W   R0,@R1
 2165 00000008 D11A               236             MOV.L   #_IPRA,R1
 2166                             237     ;/////  MOV.W   #H'7650,R0                              ; TMU0/TMU1/TMU2/RTC
 2167 0000000A 902B               238             MOV.W   #H'7350,R0                              ; TMU0/TMU1/TMU2/RTC
 2168 0000000C 2101               239             MOV.W   R0,@R1
 2169 0000000E D11A               240             MOV.L   #_IPRB,R1
 2170                             241     ;/////  MOV.W   #H'0000,R0                              ; WDT/REF/SCI/RESERVE
 2171 00000010 9029               242             MOV.W   #H'00C0,R0                              ; WDT/REF/SCI/RESERVE
 2172 00000012 2101               243             MOV.W   R0,@R1
 2173 00000014 D119               244             MOV.L   #_IPRC,R1
 2174                             245     ;/////  MOV.W   #H'00D0,R0                              ;GPIO/DMAC/SCIF/H-UDI
 2175 00000016 9027               246             MOV.W   #H'00D0,R0                              ;GPIO/DMAC/SCIF/H-UDI
 2176 00000018 2101               247             MOV.W   R0,@R1
 2177 0000001A D119               248             MOV.L   #_IPRD,R1
 2178 0000001C 9025               249             MOV.W   #H'AB98,R0                              ;IRL0/IRL1/IRL2/IRL3
 2179                             250     ;;;;;   MOV.W   #H'0000,R0                              ;IRL0/IRL1/IRL2/IRL3
 2180 0000001E 2101               251             MOV.W   R0,@R1
 2181                             252     
 2182                             253     ;       *** NMI/IRQn割込みｺﾝﾄﾛｰﾙﾚｼﾞｽﾀ *****************;
 2183 00000020 D113               254             MOV.L   #_ICR,R1
 2184 00000022 901E               255             MOV.W   #H'0080,R0
 2185 00000024 2101               256             MOV.W   R0,@R1
 2186                             257     
 2187                             258     
 2188                             259     ;       *** ﾀｲﾏ関係ｲﾆｼｬﾙ ******************************;
 2189                             260     ;       *** ﾀｲﾏｱｳﾄﾌﾟｯﾄｺﾝﾄﾛｰﾙﾚｼﾞｽﾀ ***
 2190 00000026 D117               261             MOV.L   #_TOCR,R1                               ;
 2191 00000028 9020               262             MOV.W   #H'0,R0                                 ; TCLK=外部入力端子に設定
 2192 0000002A 2101               263             MOV.W   R0,@R1                                  ;
 2193                             264     
 2194                             265     ;       *** ﾀｲﾏｺﾝｽﾀﾝﾄﾚｼﾞｽﾀ,ﾀｲﾏｶｳﾝﾀ ***
 2195 0000002C D116               266             MOV.L   #_TCOR0,R1
 2196                             267     ;;;2004-03-03   MOV.L   #_BASE_100US*1*10,R0                    ; 1ms割込み用
 2197                             268     
 2198                             269     ;       === 2004-03-03 1msecが短い===
 2199 0000002E D017               270             MOV.L   #_BASE_200US*5,R0                       ; 1ms割込み用
 2200                             271     
 2201 00000030 2102               272             MOV.L   R0,@R1
 2202 00000032 D117               273             MOV.L   #_TCNT0,R1
 2203 00000034 2102               274             MOV.L   R0,@R1
 2204                             275     
 2205 00000036 D117               276             MOV.L   #_TCOR1,R1
 2206 00000038 D017               277             MOV.L   #_BASE_100US*2,R0                       ; 200us割込み用
 2207                             278     ;;;(    MOV.L   #_BASE_200US,R0                                 ; 200us割込み用 2003-03-03
                                           これに変更する予定)
 2208 0000003A 2102               279             MOV.L   R0,@R1
 2209 0000003C D117               280             MOV.L   #_TCNT1,R1
 2210 0000003E 2102               281             MOV.L   R0,@R1
 2211                             282     
 2212 00000040 D117               283             MOV.L   #_TCOR2,R1
 2213                             284     ;;;;;   MOV.L   #_BASE_100US*1*20,R0                    ; 2ms割込み用
 2214                             285     
 2215                             286     ;       ---2006-12-26ｼｰｹﾝｽ制御周期 2.5-->3.333msec
*** SuperH RISC engine ASSEMBLER V.7.01.02.000 ***    12/12/17 19:20:06                                                  PAGE     7
PROGRAM NAME =

 2216                             287             .AIF    2 EQ 2
 2217                             288 C   ;       2015-03-18 [3.33->5]
 2218                             289 C   ;;;;;;  MOV.L   #_TINT_3R3MS,R0                 ; 3.33333ms割込み用 27M*3/8=10.125M  SV *1
                                          /10.125=3.3333
 2219                             290 C                                                   ; 5.0000*10.125=50625
 2220 00000042 D018               291 C           MOV.L   #50625,R0                       ; 50625/10.125=5.000ms
 2221                             292 C   
 2222                             293             .AELSE
 2223                             294             MOV.L   #_BASE_100US*1*25,R0            ; 5ms割込み用==>2.5msec
 2224                             295             .AENDI
 2225                             296     
 2226                             297     
 2227                             298     ;;;;(   MOV.L   #_BASE_200US*25/2,R0                    ; 2.5msec )これに変更する予定
 2228 00000044 2102               299             MOV.L   R0,@R1
 2229 00000046 D118               300             MOV.L   #_TCNT2,R1
 2230 00000048 2102               301             MOV.L   R0,@R1
 2231                             302     
 2232                             303     
 2233 0000004A D018               304             MOV.L   #_TIME_MINT_EI,R0                       ; 1msec timer 割込み許可
 2234 0000004C 400B               305             JSR     @R0                                     ;
 2235 0000004E 0009               306             NOP                                             ;
 2236                             307     
 2237 00000050 D017               308             MOV.L   #_TIME_HINT_EI,R0                       ; 500usec timer 割込み許可
 2238 00000052 400B               309             JSR     @R0                                     ;
 2239 00000054 0009               310             NOP                                             ;
 2240                             311     
 2241 00000056 D017               312             MOV.L   #_TIME_LINT_EI,R0                       ; 2msec timer 割込み許可
 2242 00000058 400B               313             JSR     @R0                                     ;
 2243 0000005A 0009               314             NOP                                             ;
 2244                             315     
 2245                             316     
 2246                             317     ;       *** 通信関係ｲﾆｼｬﾙ ***
 2247                             318     ;       使うときに設定すること
 2248                             319     
 2249                             320     ;//     MOV.L   #_SCSMR1,R1
 2250                             321     ;//     MOV.B   #H'60,R0                                ; 調歩／7BIT／P付加／偶数P／STOP=1
                                          ／
 2251                             322     ;//     MOV.B   R0,@R1
 2252                             323     ;//     MOV.L   #_SCBRR1,R1
 2253                             324     ;//     MOV.B   #D'80,R0                                ; ﾎﾞｰﾚｰﾄ=9600   N=25MHz／64×0.5×
                                          9600−1
 2254                             325     ;//     MOV.B   R0,@R1
 2255                             326     
 2256                             327             SUB_END
 2257                                 M   ;;;;;;; ADD     #4,R15                  ;[不要?]
 2258 0000005C 4F26                   M           LDS.L   @R15+,PR                ;[必要]
 2259                             328             M_RTS
 2260 0000005E 000B                   M           RTS                             ;RTSの後ろの
 2261 00000060 0009                   M           NOP                             ;@R15+,PRはﾀﾞﾒ
 2262                             329     
 2263                             330     
 2264                             331     ;******************************************
 2265                             332     ;***                                    ***
 2266                             333     ;***    割込許可                        ***
 2267                             334     ;***                                    ***
 2268                             335     ;******************************************
 2269                                     ***** BEGIN-POOL *****
*** SuperH RISC engine ASSEMBLER V.7.01.02.000 ***    12/12/17 19:20:06                                                  PAGE     8
PROGRAM NAME =

 2270 00000062 0080                       DATA FOR SOURCE-LINE 234,255
 2271 00000064 7350                       DATA FOR SOURCE-LINE 238
 2272 00000066 00C0                       DATA FOR SOURCE-LINE 242
 2273 00000068 00D0                       DATA FOR SOURCE-LINE 246
 2274 0000006A AB98                       DATA FOR SOURCE-LINE 249
 2275 0000006C 0000                       DATA FOR SOURCE-LINE 262
 2276 0000006E 0000                       ALIGNMENT CODE
 2277 00000070 00000000                   DATA FOR SOURCE-LINE 233,254
 2278 00000074 00000000                   DATA FOR SOURCE-LINE 236
 2279 00000078 00000000                   DATA FOR SOURCE-LINE 240
 2280 0000007C 00000000                   DATA FOR SOURCE-LINE 244
 2281 00000080 00000000                   DATA FOR SOURCE-LINE 248
 2282 00000084 00000000                   DATA FOR SOURCE-LINE 261
 2283 00000088 00000000                   DATA FOR SOURCE-LINE 266
 2284 0000008C 0000278D                   DATA FOR SOURCE-LINE 270
 2285 00000090 00000000                   DATA FOR SOURCE-LINE 273
 2286 00000094 00000000                   DATA FOR SOURCE-LINE 276
 2287 00000098 000007E8                   DATA FOR SOURCE-LINE 277
 2288 0000009C 00000000                   DATA FOR SOURCE-LINE 280
 2289 000000A0 00000000                   DATA FOR SOURCE-LINE 283
 2290 000000A4 0000C5C1                   DATA FOR SOURCE-LINE 291
 2291 000000A8 00000000                   DATA FOR SOURCE-LINE 300
 2292 000000AC 00000000                   DATA FOR SOURCE-LINE 304
 2293 000000B0 00000000                   DATA FOR SOURCE-LINE 308
 2294 000000B4 00000000                   DATA FOR SOURCE-LINE 312
 2295                                     ***** END-POOL *****
 2296 000000B8                    336     _INT_EI:
 2297                             337             SUB_START
 2298 000000B8 4F22                   M           STS.L   PR,@-R15                ;[必要]
 2299                                 M   ;;;;;;; ADD     #-4,R15                 ;[不要?]
 2300                             338     
 2301 000000BA D107               339             MOV.L   #_TCR0,R1
 2302 000000BC D207               340             MOV.L   #_TCR1,R2
 2303 000000BE D308               341             MOV.L   #_TCR2,R3
 2304 000000C0 9009               342             MOV.W   #H'0020,R0                      ; ﾀｲﾏ1,2,3ｱﾝﾀﾞﾌﾛｰ割込み許可
 2305 000000C2 2101               343             MOV.W   R0,@R1                          ;
 2306 000000C4 2201               344             MOV.W   R0,@R2                          ;
 2307 000000C6 2301               345             MOV.W   R0,@R3                          ;
 2308 000000C8 D106               346             MOV.L   #_TSTR,R1
 2309 000000CA 6010               347             MOV.B   @R1,R0
 2310 000000CC CB07               348             OR      #H'07,R0                        ; ﾀｲﾏ1,2,3ｽﾀｰﾄ
 2311 000000CE 2100               349             MOV.B   R0,@R1
 2312                             350     
 2313                             351             SUB_END
 2314                                 M   ;;;;;;; ADD     #4,R15                  ;[不要?]
 2315 000000D0 4F26                   M           LDS.L   @R15+,PR                ;[必要]
 2316                             352             M_RTS
 2317 000000D2 000B                   M           RTS                             ;RTSの後ろの
 2318 000000D4 0009                   M           NOP                             ;@R15+,PRはﾀﾞﾒ
 2319                             353     
 2320                             354     
 2321                             355     ;******************************************
 2322                             356     ;***                                    ***
 2323                             357     ;***    割込(1ms)許可                   ***
 2324                             358     ;***                                    ***
 2325                             359     ;******************************************
 2326                                     ***** BEGIN-POOL *****
*** SuperH RISC engine ASSEMBLER V.7.01.02.000 ***    12/12/17 19:20:06                                                  PAGE     9
PROGRAM NAME =

 2327 000000D6 0020                       DATA FOR SOURCE-LINE 342
 2328 000000D8 00000000                   DATA FOR SOURCE-LINE 339
 2329 000000DC 00000000                   DATA FOR SOURCE-LINE 340
 2330 000000E0 00000000                   DATA FOR SOURCE-LINE 341
 2331 000000E4 00000000                   DATA FOR SOURCE-LINE 346
 2332                                     ***** END-POOL *****
 2333 000000E8                    360     _TIME_MINT_EI:
 2334                             361             SUB_START
 2335 000000E8 4F22                   M           STS.L   PR,@-R15                ;[必要]
 2336                                 M   ;;;;;;; ADD     #-4,R15                 ;[不要?]
 2337                             362     
 2338 000000EA D105               363             MOV.L   #_TCR0,R1
 2339 000000EC 9007               364             MOV.W   #H'0020,R0                      ; ﾀｲﾏ1ｱﾝﾀﾞﾌﾛｰ割込み許可
 2340 000000EE 2101               365             MOV.W   R0,@R1                          ;
 2341 000000F0 D104               366             MOV.L   #_TSTR,R1
 2342 000000F2 6010               367             MOV.B   @R1,R0
 2343 000000F4 CB01               368             OR      #BIT0,R0                        ; ﾀｲﾏ1ｽﾀｰﾄ
 2344 000000F6 2100               369             MOV.B   R0,@R1
 2345                             370     
 2346                             371             SUB_END
 2347                                 M   ;;;;;;; ADD     #4,R15                  ;[不要?]
 2348 000000F8 4F26                   M           LDS.L   @R15+,PR                ;[必要]
 2349                             372             M_RTS
 2350 000000FA 000B                   M           RTS                             ;RTSの後ろの
 2351 000000FC 0009                   M           NOP                             ;@R15+,PRはﾀﾞﾒ
 2352                             373     
 2353                             374     
 2354                             375     ;******************************************
 2355                             376     ;***                                    ***
 2356                             377     ;***    割込(200us(100us))許可          ***
 2357                             378     ;***                                    ***
 2358                             379     ;******************************************
 2359                                     ***** BEGIN-POOL *****
 2360 000000FE 0020                       DATA FOR SOURCE-LINE 364
 2361 00000100 00000000                   DATA FOR SOURCE-LINE 363
 2362 00000104 00000000                   DATA FOR SOURCE-LINE 366
 2363                                     ***** END-POOL *****
 2364 00000108                    380     _TIME_HINT_EI:
 2365                             381             SUB_START
 2366 00000108 4F22                   M           STS.L   PR,@-R15                ;[必要]
 2367                                 M   ;;;;;;; ADD     #-4,R15                 ;[不要?]
 2368                             382     
 2369 0000010A D205               383             MOV.L   #_TCR1,R2
 2370 0000010C 9007               384             MOV.W   #H'0020,R0                      ; ﾀｲﾏ2ｱﾝﾀﾞﾌﾛｰ割込み許可
 2371 0000010E 2201               385             MOV.W   R0,@R2                          ;
 2372 00000110 D104               386             MOV.L   #_TSTR,R1
 2373 00000112 6010               387             MOV.B   @R1,R0
 2374 00000114 CB02               388             OR      #BIT1,R0                        ; ﾀｲﾏ2ｽﾀｰﾄ
 2375 00000116 2100               389             MOV.B   R0,@R1
 2376                             390     
 2377                             391             SUB_END
 2378                                 M   ;;;;;;; ADD     #4,R15                  ;[不要?]
 2379 00000118 4F26                   M           LDS.L   @R15+,PR                ;[必要]
 2380                             392             M_RTS
 2381 0000011A 000B                   M           RTS                             ;RTSの後ろの
 2382 0000011C 0009                   M           NOP                             ;@R15+,PRはﾀﾞﾒ
 2383                             393     
*** SuperH RISC engine ASSEMBLER V.7.01.02.000 ***    12/12/17 19:20:06                                                  PAGE    10
PROGRAM NAME =

 2384                             394     
 2385                             395     ;******************************************
 2386                             396     ;***                                    ***
 2387                             397     ;***    割込(2ms)許可                   ***
 2388                             398     ;***                                    ***
 2389                             399     ;******************************************
 2390                                     ***** BEGIN-POOL *****
 2391 0000011E 0020                       DATA FOR SOURCE-LINE 384
 2392 00000120 00000000                   DATA FOR SOURCE-LINE 383
 2393 00000124 00000000                   DATA FOR SOURCE-LINE 386
 2394                                     ***** END-POOL *****
 2395 00000128                    400     _TIME_LINT_EI:
 2396                             401             SUB_START
 2397 00000128 4F22                   M           STS.L   PR,@-R15                ;[必要]
 2398                                 M   ;;;;;;; ADD     #-4,R15                 ;[不要?]
 2399                             402     
 2400 0000012A D105               403             MOV.L   #_TCR2,R1
 2401 0000012C 9007               404             MOV.W   #H'0020,R0                      ; ﾀｲﾏ3ｱﾝﾀﾞﾌﾛｰ割込み許可
 2402 0000012E 2101               405             MOV.W   R0,@R1                          ;
 2403 00000130 D104               406             MOV.L   #_TSTR,R1
 2404 00000132 6010               407             MOV.B   @R1,R0
 2405 00000134 CB04               408             OR      #BIT2,R0                        ; ﾀｲﾏ3ｽﾀｰﾄ
 2406 00000136 2100               409             MOV.B   R0,@R1
 2407                             410     
 2408                             411             SUB_END
 2409                                 M   ;;;;;;; ADD     #4,R15                  ;[不要?]
 2410 00000138 4F26                   M           LDS.L   @R15+,PR                ;[必要]
 2411                             412             M_RTS
 2412 0000013A 000B                   M           RTS                             ;RTSの後ろの
 2413 0000013C 0009                   M           NOP                             ;@R15+,PRはﾀﾞﾒ
 2414                             413     
 2415                             414     
 2416                                     ***** BEGIN-POOL *****
 2417 0000013E 0020                       DATA FOR SOURCE-LINE 404
 2418 00000140 00000000                   DATA FOR SOURCE-LINE 403
 2419 00000144 00000000                   DATA FOR SOURCE-LINE 406
 2420                                     ***** END-POOL *****
 2421 00000148                    415             .SECTION        Pstart1,CODE                    ;
 2422                             416     ;******************************************
 2423                             417     ;***                                    ***
 2424                             418     ;***    ＳＨ４キャッシュ有効            ***
 2425                             419     ;***                                    ***
 2426                             420     ;******************************************
 2427 00000148                    421     _CASH_ENB:
 2428                             422             SUB_START
 2429 00000148 4F22                   M           STS.L   PR,@-R15                ;[必要]
 2430                                 M   ;;;;;;; ADD     #-4,R15                 ;[不要?]
 2431                             423     
 2432 0000014A D104               424             MOV.L   #_CCR,R1
 2433 0000014C 6212               425             MOV.L   @R1,R2
 2434 0000014E D004               426             MOV.L   #(BIT8+BIT5+BIT1+BIT0),R0               ; BIT8:IC有効／BIT0:OC有効／BIT5:8
                                          kﾊﾞｲﾄRAM有効
 2435 00000150 202B               427             OR      R2,R0
 2436 00000152 2102               428             MOV.L   R0,@R1
 2437                             429     
 2438                             430             SUB_END
 2439                                 M   ;;;;;;; ADD     #4,R15                  ;[不要?]
*** SuperH RISC engine ASSEMBLER V.7.01.02.000 ***    12/12/17 19:20:06                                                  PAGE    11
PROGRAM NAME =

 2440 00000154 4F26                   M           LDS.L   @R15+,PR                ;[必要]
 2441                             431             M_RTS
 2442 00000156 000B                   M           RTS                             ;RTSの後ろの
 2443 00000158 0009                   M           NOP                             ;@R15+,PRはﾀﾞﾒ
 2444                             432     
 2445                             433     
 2446                             434     
 2447                             435     
 2448                                     ***** BEGIN-POOL *****
 2449 0000015A 0000                       ALIGNMENT CODE
 2450 0000015C 00000000                   DATA FOR SOURCE-LINE 424
 2451 00000160 00000123                   DATA FOR SOURCE-LINE 426
 2452                                     ***** END-POOL *****
 2453 00000164                    436             .SECTION        Pstart1,CODE                    ;
 2454                             437     ;******************************************
 2455                             438     ;***                                    ***
 2456                             439     ;***    Ｐプログラム                    ***
 2457                             440     ;***    Ｐ -> ＰＲＡＭ                  ***
 2458                             441     ;***                                    ***
 2459                             442     ;******************************************
 2460                             443             .IMPORT         __P_BGN
 2461                             444             .IMPORT         __PRAM_BGN
 2462                             445             .IMPORT         __P_END
 2463 00000164                    446     _P_TO_PRAM_COPY:
 2464                             447             SUB_START
 2465 00000164 4F22                   M           STS.L   PR,@-R15                ;[必要]
 2466                                 M   ;;;;;;; ADD     #-4,R15                 ;[不要?]
 2467                             448     
 2468 00000166 D00D               449             MOV.L   #__P_BGN,R0
 2469 00000168 6502               450             MOV.L   @R0,R5                          ;DATA SORCE
 2470 0000016A D00D               451             MOV.L   #__PRAM_BGN,R0
 2471 0000016C 6602               452             MOV.L   @R0,R6                          ;DATA DIST
 2472 0000016E D00D               453             MOV.L   #__P_END,R0
 2473 00000170 6402               454             MOV.L   @R0,R4                          ;
 2474 00000172 3458               455             SUB     R5,R4                           ;
 2475 00000174 4401               456             SHLR    R4                              ;
 2476                             457     
 2477 00000176                    458     _PTRC_LOOP:
 2478 00000176 4415               459             CMP/PL  R4
 2479 00000178 8B18               460             BF      _PTRC_LOOP_END                  ;ZERO or MINS THEN EXIT
 2480                             461     
 2481 0000017A 6055               462             MOV.W   @R5+,R0         ;
 2482 0000017C 2601               463             MOV.W   R0,@R6          ;
 2483 0000017E 7602               464             ADD     #2,R6           ;
 2484 00000180 74FF               465             ADD     #H'FF,R4        ;
 2485                             466             _WDT_CLR_CP1
 2486 00000182 DA09                   M           MOV.L   #_PDTRB,R10
 2487 00000184 6BA1                   M           MOV.W   @R10,R11
 2488                                 M   ;;;;2010-09-21ﾊﾞｸﾞ      MOV.W   #NBIT0,R12      ; PORT18
 2489 00000186 9C06                   M           MOV.W   #NBIT2,R12      ; PORT18
 2490 00000188 2BC9                   M           AND     R12,R11
 2491 0000018A 2AB1                   M           MOV.W   R11,@R10
 2492                                 M   ;;;;2010-09-21ﾊﾞｸﾞ      MOV.W   #BIT0,R12
 2493 0000018C 9C04                   M           MOV.W   #BIT2,R12
 2494 0000018E 2BCB                   M           OR      R12,R11
 2495 00000190 2AB1                   M           MOV.W   R11,@R10
 2496                             467             M_BRA   _PTRC_LOOP      ;
*** SuperH RISC engine ASSEMBLER V.7.01.02.000 ***    12/12/17 19:20:06                                                  PAGE    12
PROGRAM NAME =

 2497 00000192 AFF0                   M           BRA     _PTRC_LOOP
 2498 00000194 0009                   M           NOP
 2499                             468     
 2500                                     ***** BEGIN-POOL *****
 2501 00000196 00FB                       DATA FOR SOURCE-LINE 466
 2502 00000198 0004                       DATA FOR SOURCE-LINE 466
 2503 0000019A 0000                       ALIGNMENT CODE
 2504 0000019C 00000000                   DATA FOR SOURCE-LINE 449
 2505 000001A0 00000000                   DATA FOR SOURCE-LINE 451
 2506 000001A4 00000000                   DATA FOR SOURCE-LINE 453
 2507 000001A8 00000000                   DATA FOR SOURCE-LINE 466
 2508                                     ***** END-POOL *****
 2509 000001AC                    469     _PTRC_LOOP_END:
 2510                             470             SUB_END
 2511                                 M   ;;;;;;; ADD     #4,R15                  ;[不要?]
 2512 000001AC 4F26                   M           LDS.L   @R15+,PR                ;[必要]
 2513                             471             M_RTS
 2514 000001AE 000B                   M           RTS                             ;RTSの後ろの
 2515 000001B0 0009                   M           NOP                             ;@R15+,PRはﾀﾞﾒ
 2516                             472     
 2517                             473     
 2518                             474     
 2519 000001B2                    475             .SECTION        Pstart1,CODE                    ;
 2520                             476     ;******************************************
 2521                             477     ;***                                    ***
 2522                             478     ;***    Ｐcall -> ＰcallＲＡＭ          ***
 2523                             479     ;***                                    ***
 2524                             480     ;******************************************
 2525                             481             .IMPORT         __Pcall_BGN
 2526                             482             .IMPORT         __PcallRAM_BGN
 2527                             483             .IMPORT         __Pcall_END
 2528 000001B2                    484     _PC_TO_PCRAM_COPY:
 2529                             485             SUB_START
 2530 000001B2 4F22                   M           STS.L   PR,@-R15                ;[必要]
 2531                                 M   ;;;;;;; ADD     #-4,R15                 ;[不要?]
 2532                             486     
 2533 000001B4 D00C               487             MOV.L   #__Pcall_BGN,R0
 2534 000001B6 6502               488             MOV.L   @R0,R5                          ;DATA SORCE
 2535 000001B8 D00C               489             MOV.L   #__PcallRAM_BGN,R0
 2536 000001BA 6602               490             MOV.L   @R0,R6                          ;DATA DIST
 2537 000001BC D00C               491             MOV.L   #__Pcall_END,R0
 2538 000001BE 6402               492             MOV.L   @R0,R4                          ;
 2539 000001C0 3458               493             SUB     R5,R4                           ;
 2540 000001C2 4401               494             SHLR    R4                              ;
 2541                             495     
 2542 000001C4                    496     _PCTRC_LOOP:
 2543 000001C4 4415               497             CMP/PL  R4
 2544 000001C6 8B17               498             BF      _PCTRC_LOOP_END                 ;ZERO or MINS THEN EXIT
 2545                             499     
 2546 000001C8 6055               500             MOV.W   @R5+,R0         ;
 2547 000001CA 2601               501             MOV.W   R0,@R6          ;
 2548 000001CC 7602               502             ADD     #2,R6           ;
 2549 000001CE 74FF               503             ADD     #H'FF,R4        ;
 2550                             504             _WDT_CLR_CP1
 2551 000001D0 DA08                   M           MOV.L   #_PDTRB,R10
 2552 000001D2 6BA1                   M           MOV.W   @R10,R11
 2553                                 M   ;;;;2010-09-21ﾊﾞｸﾞ      MOV.W   #NBIT0,R12      ; PORT18
*** SuperH RISC engine ASSEMBLER V.7.01.02.000 ***    12/12/17 19:20:06                                                  PAGE    13
PROGRAM NAME =

 2554 000001D4 9C06                   M           MOV.W   #NBIT2,R12      ; PORT18
 2555 000001D6 2BC9                   M           AND     R12,R11
 2556 000001D8 2AB1                   M           MOV.W   R11,@R10
 2557                                 M   ;;;;2010-09-21ﾊﾞｸﾞ      MOV.W   #BIT0,R12
 2558 000001DA 9C04                   M           MOV.W   #BIT2,R12
 2559 000001DC 2BCB                   M           OR      R12,R11
 2560 000001DE 2AB1                   M           MOV.W   R11,@R10
 2561                             505             M_BRA   _PCTRC_LOOP     ;
 2562 000001E0 AFF0                   M           BRA     _PCTRC_LOOP
 2563 000001E2 0009                   M           NOP
 2564                             506     
 2565                                     ***** BEGIN-POOL *****
 2566 000001E4 00FB                       DATA FOR SOURCE-LINE 504
 2567 000001E6 0004                       DATA FOR SOURCE-LINE 504
 2568 000001E8 00000000                   DATA FOR SOURCE-LINE 487
 2569 000001EC 00000000                   DATA FOR SOURCE-LINE 489
 2570 000001F0 00000000                   DATA FOR SOURCE-LINE 491
 2571 000001F4 00000000                   DATA FOR SOURCE-LINE 504
 2572                                     ***** END-POOL *****
 2573 000001F8                    507     _PCTRC_LOOP_END:
 2574                             508             SUB_END
 2575                                 M   ;;;;;;; ADD     #4,R15                  ;[不要?]
 2576 000001F8 4F26                   M           LDS.L   @R15+,PR                ;[必要]
 2577                             509             M_RTS
 2578 000001FA 000B                   M           RTS                             ;RTSの後ろの
 2579 000001FC 0009                   M           NOP                             ;@R15+,PRはﾀﾞﾒ
 2580                             510     
 2581                             511     
 2582                             512     
 2583                             513     
 2584                             514     
 2585                             515             .end
  *****TOTAL ERRORS       0
  *****TOTAL WARNINGS     0
*** SuperH RISC engine ASSEMBLER V.7.01.02.000 ***    12/12/17 19:20:06                                                  PAGE    14

*** CROSS REFERENCE LIST

NAME                             SECTION  ATTR VALUE             SEQUENCE

BIT0                                      EQU  00000001    134* 2343  2434 
BIT1                                      EQU  00000002    135* 2374  2434 
BIT10                                     EQU  00000400    144*
BIT11                                     EQU  00000800    145* 2056 
BIT12                                     EQU  00001000    146*
BIT13                                     EQU  00002000    147*
BIT14                                     EQU  00004000    148*
BIT15                                     EQU  00008000    149*
BIT16                                     EQU  00010000    150*
BIT17                                     EQU  00020000    151*
BIT18                                     EQU  00040000    152*
BIT19                                     EQU  00080000    153*
BIT2                                      EQU  00000004    136* 2405  2493  2558 
BIT20                                     EQU  00100000    154*
BIT21                                     EQU  00200000    155*
BIT22                                     EQU  00400000    156*
BIT23                                     EQU  00800000    157*
BIT24                                     EQU  01000000    158*
BIT25                                     EQU  02000000    159*
BIT26                                     EQU  04000000    160*
BIT27                                     EQU  08000000    161*
BIT28                                     EQU  10000000    162*
BIT29                                     EQU  20000000    163*
BIT3                                      EQU  00000008    137* 2056 
BIT30                                     EQU  40000000    164*
BIT31                                     EQU  80000000    165*
BIT4                                      EQU  00000010    138*
BIT5                                      EQU  00000020    139* 2434 
BIT6                                      EQU  00000040    140*
BIT7                                      EQU  00000080    141*
BIT8                                      EQU  00000100    142* 2434 
BIT9                                      EQU  00000200    143*
H_BYTE                                    EQU  00000000    201*
L_BYTE                                    EQU  00000001    200*
NBIT0                                     EQU  000000FE    168*
NBIT1                                     EQU  000000FD    169*
NBIT10                                    EQU  0000FBFF    179*
NBIT11                                    EQU  0000F7FF    180*
NBIT12                                    EQU  0000EFFF    181*
NBIT13                                    EQU  0000DFFF    182*
NBIT14                                    EQU  0000BFFF    183*
NBIT15                                    EQU  00007FFF    184*
NBIT2                                     EQU  000000FB    170* 2489  2554 
NBIT3                                     EQU  000000F7    171*
NBIT4                                     EQU  000000EF    172*
NBIT5                                     EQU  000000DF    173*
NBIT6                                     EQU  000000BF    174*
NBIT7                                     EQU  0000007F    175*
NBIT8                                     EQU  0000FEFF    177*
NBIT9                                     EQU  0000FDFF    178*
Phwsetup1                        Phwsetup SCT  00000000   1933*
Pstart1                          Pstart1  SCT  00000000   2137* 2421* 2453* 2519*
XBIT0                                     EQU  00000000    187*
XBIT1                                     EQU  00000001    188*
*** SuperH RISC engine ASSEMBLER V.7.01.02.000 ***    12/12/17 19:20:06                                                  PAGE    15

*** CROSS REFERENCE LIST

NAME                             SECTION  ATTR VALUE             SEQUENCE

XBIT2                                     EQU  00000002    189*
XBIT3                                     EQU  00000003    190*
XBIT4                                     EQU  00000004    191*
XBIT5                                     EQU  00000005    192*
XBIT6                                     EQU  00000006    193*
XBIT7                                     EQU  00000007    194*
_BAMRA                                    IMPT 00000000     32 
_BAMRB                                    IMPT 00000000     35 
_BARA                                     IMPT 00000000     31 
_BARB                                     IMPT 00000000     34 
_BASE_100US                               EQU  000003F4   1768* 2206 
_BASE_200US                               EQU  000007E9   1769* 2199 
_BASRA                                    IMPT 00000000     20 
_BASRB                                    IMPT 00000000     21 
_BBRA                                     IMPT 00000000     33 
_BBRB                                     IMPT 00000000     36 
_BCR1                                     IMPT 00000000     42  1955 
_BCR2                                     IMPT 00000000     43  1961 
_BDMRB                                    IMPT 00000000     38 
_BDRB                                     IMPT 00000000     37 
_BRCR                                     IMPT 00000000     39 
_CASH_ENB                        Pstart1  EXPT 00000148   1911  2427*
_CB_BAKUP_CMD1                            EQU  00005678    233*
_CB_BAKUP_CMD2                            EQU  00001234    234*
_CB_BAK_SUM_COD1                          EQU  5AA51234    231*
_CB_BAK_SUM_COD2                          EQU  A55A4321    232*
_CB_ERR_INFO_MEM                          EQU  00000040    256*
_CB_STS_BUF_1BLK                          EQU  00000040    236*  238 
_CB_STS_BUF_BLKMAX                        EQU  00000008    237*  238 
_CB_STS_BUF_MAX                           EQU  00000200    238*
_CB_TRD_BEFORE                            EQU  00000060    246*
_CB_TRD_BUF_DP_MAX                        EQU  00000080    250*
_CB_TRD_BUF_MAX                           EQU  00000800    247*
_CB_TRD_DP_1CNT                           EQU  00000008    249*
_CB_TRD_DP_CH                             EQU  00000004    242*
_CB_TRD_SMP_CNT                           EQU  00000080    245*
_CCR                                      IMPT 00000000     22  2054  2432 
_CHCR0                                    IMPT 00000000     63 
_CHCR1                                    IMPT 00000000     67 
_CHCR2                                    IMPT 00000000     71 
_CHCR3                                    IMPT 00000000     75 
_DAR0                                     IMPT 00000000     61 
_DAR1                                     IMPT 00000000     65 
_DAR2                                     IMPT 00000000     69 
_DAR3                                     IMPT 00000000     73 
_DMAOR                                    IMPT 00000000     76 
_DMATCR0                                  IMPT 00000000     62 
_DMATCR1                                  IMPT 00000000     66 
_DMATCR2                                  IMPT 00000000     70 
_DMATCR3                                  IMPT 00000000     74 
_DUMMY_SUM_CODE                           EQU  5AA53CC3    224*
_EXPEVT                                   IMPT 00000000     24 
_FRQCR                                    IMPT 00000000     79  1948 
_GPIOIC                                   IMPT 00000000     57 
*** SuperH RISC engine ASSEMBLER V.7.01.02.000 ***    12/12/17 19:20:06                                                  PAGE    16

*** CROSS REFERENCE LIST

NAME                             SECTION  ATTR VALUE             SEQUENCE

_HD_AD0                                   EQU  00000080   1886*
_HD_AD1                                   EQU  00000090   1887*
_HD_AD2                                   EQU  000000A0   1888*
_HD_AD3                                   EQU  000000B0   1889*
_HD_AD4                                   EQU  000000C0   1890*
_HD_AD_OFS                                EQU  00000010   1885*
_HD_DA0                                   EQU  000000D0   1875*
_HD_DA1                                   EQU  000000E0   1876*
_HD_DA2                                   EQU  000000F0   1877*
_HD_DA_OFS                                EQU  00000010   1874*
_HWS_100                         Phwsetup      00000090   2067* 2070 
_HardwareSetup1                  Phwsetup EXPT 00000000   1905  1939*
_HardwareSetup2                  Pstart1  EXPT 00000000   1906  2143*
_ICR                                      IMPT 00000000     86  2162  2183 
_INTEVT                                   IMPT 00000000     25 
_INT_EI                          Pstart1  EXPT 000000B8   1909  2296*
_IO1A_P4EX                                EQU  00000000   1830*
_IO1A_P5EX                                EQU  0000007B   1831*
_IO1A_P6EX                                EQU  00000000   1832*
_IO1A_P7EX                                EQU  00000000   1833*
_IO1B_P4EX                                EQU  000000FF   1840*
_IO1B_P5EX                                EQU  0000007B   1841*
_IO1B_P6EX                                EQU  00000000   1842*
_IO1B_P7EX                                EQU  00000000   1843*
_IO2A_P5EX                                EQU  0000002F   1835*
_IO2A_P6EX                                EQU  0000009C   1836*
_IO2A_P7EX                                EQU  00000000   1837*
_IO2B_P5EX                                EQU  0000002F   1845*
_IO2B_P6EX                                EQU  0000009C   1846*
_IO2B_P7EX                                EQU  00000000   1847*
_IOGA_P0                                  EQU  00000000   1788*
_IOGA_P1                                  EQU  00000002   1789*
_IOGA_P2                                  EQU  00000004   1790*
_IOGA_P3                                  EQU  00000006   1791*
_IOGA_P4                                  EQU  00000008   1792*
_IOGA_P5                                  EQU  0000000A   1793*
_IOGA_P6                                  EQU  0000000C   1794*
_IOGA_P7                                  EQU  0000000E   1795*
_IOGA_PDIR0                               EQU  00000002   1814*
_IOGA_PDIR1                               EQU  00000006   1815*
_IOGA_PDIR2                               EQU  0000000A   1816*
_IOGA_PDIR3                               EQU  0000000E   1817*
_IOGA_PDIR4                               EQU  00000012   1818*
_IOGA_PDIR5                               EQU  00000016   1819*
_IOGA_PDIR6                               EQU  0000001A   1820*
_IOGA_PDIR7                               EQU  0000001C   1821*
_IOGA_PDR0                                EQU  00000000   1804*
_IOGA_PDR1                                EQU  00000004   1805*
_IOGA_PDR2                                EQU  00000008   1806*
_IOGA_PDR3                                EQU  0000000C   1807*
_IOGA_PDR4                                EQU  00000010   1808*
_IOGA_PDR5                                EQU  00000014   1809*
_IOGA_PDR6                                EQU  00000018   1810*
_IOGA_PDR7                                EQU  0000001C   1811*
*** SuperH RISC engine ASSEMBLER V.7.01.02.000 ***    12/12/17 19:20:06                                                  PAGE    17

*** CROSS REFERENCE LIST

NAME                             SECTION  ATTR VALUE             SEQUENCE

_IOGAi_PA                                 EQU  00000000   1779*
_IOGAi_PB                                 EQU  00000002   1780*
_IOGAi_PC                                 EQU  00000004   1781*
_IOGAi_PD                                 EQU  00000006   1782*
_IOGAi_PE                                 EQU  00000008   1783*
_IOGAo_PF                                 EQU  0000000A   1784*
_IOGAo_PG                                 EQU  0000000C   1785*
_IOGAo_PH                                 EQU  0000000E   1786*
_IPRA                                     IMPT 00000000     87  2165 
_IPRB                                     IMPT 00000000     88  2169 
_IPRC                                     IMPT 00000000     89  2173 
_IPRD                                     IMPT 00000000     90  2177 
_MCR                                      IMPT 00000000     47  2008  2072 
_MMUCR                                    IMPT 00000000     19 
_PCR                                      IMPT 00000000     48  2013 
_PCTRA                                    IMPT 00000000     53  2041 
_PCTRB                                    IMPT 00000000     55  2050 
_PCTRC_LOOP                      Pstart1       000001C4   2542* 2562 
_PCTRC_LOOP_END                  Pstart1       000001F8   2544  2573*
_PC_TO_PCRAM_COPY                Pstart1  EXPT 000001B2   1914  2528*
_PDTRA                                    IMPT 00000000     54  2038 
_PDTRB                                    IMPT 00000000     56  2046  2486  2551 
_PLSiCH1                                  EQU  00000000   1856*
_PLSiCH2                                  EQU  00000030   1857*
_PL_BitComdH                              EQU  00000002   1860*
_PL_BitComdL                              EQU  00000000   1859*
_PL_BitInfoH                              EQU  00000006   1862*
_PL_BitInfoL                              EQU  00000004   1861*
_PL_CtrlReg                               EQU  0000002A   1866*
_PL_NowPos1H                              EQU  00000026   1864*
_PL_NowPos1L                              EQU  00000024   1863*
_PL_NowPos2                               EQU  00000028   1865*
_PTEA                                     IMPT 00000000     26 
_PTEH                                     IMPT 00000000     15 
_PTEL                                     IMPT 00000000     16 
_PTRC_LOOP                       Pstart1       00000176   2477* 2497 
_PTRC_LOOP_END                   Pstart1       000001AC   2479  2509*
_P_TO_PRAM_COPY                  Pstart1  EXPT 00000164   1913  2463*
_QACR0                                    IMPT 00000000     27 
_QACR1                                    IMPT 00000000     28 
_RFCR                                     IMPT 00000000     52  2028  2065 
_RTCNT                                    IMPT 00000000     50  2022 
_RTCOR                                    IMPT 00000000     51  2025 
_RTCSR                                    IMPT 00000000     49  2031  2081 
_SAR0                                     IMPT 00000000     60 
_SAR1                                     IMPT 00000000     64 
_SAR2                                     IMPT 00000000     68 
_SAR3                                     IMPT 00000000     72 
_SCBRR1                                   IMPT 00000000    108 
_SCBRR2                                   IMPT 00000000    118 
_SCFCR2                                   IMPT 00000000    123 
_SCFDR2                                   IMPT 00000000    124 
_SCFRDR2                                  IMPT 00000000    122 
_SCFSR2                                   IMPT 00000000    121 
*** SuperH RISC engine ASSEMBLER V.7.01.02.000 ***    12/12/17 19:20:06                                                  PAGE    18

*** CROSS REFERENCE LIST

NAME                             SECTION  ATTR VALUE             SEQUENCE

_SCFTDR2                                  IMPT 00000000    120 
_SCLSR2                                   IMPT 00000000    126 
_SCRDR1                                   IMPT 00000000    112 
_SCSCMR1                                  IMPT 00000000    113 
_SCSCR1                                   IMPT 00000000    109 
_SCSCR2                                   IMPT 00000000    119 
_SCSMR1                                   IMPT 00000000    107 
_SCSMR2                                   IMPT 00000000    117 
_SCSPTR1                                  IMPT 00000000    114 
_SCSPTR2                                  IMPT 00000000    125 
_SCSSR1                                   IMPT 00000000    111 
_SCTDR1                                   IMPT 00000000    110 
_SDMR1                                    EQU  FF94004C   1901*
_SDMR2                                    EQU  FF94008C   1902* 2018  2077 
_SDMR3                                    EQU  FF9400CC   1903*
_START_ACK_COD                            EQU  00004321    330*
_START_REQ_COD                            EQU  00009876    329*
_STBCR                                    IMPT 00000000     80 
_STBCR2                                   IMPT 00000000     83 
_TCNT0                                    IMPT 00000000     96  2202 
_TCNT1                                    IMPT 00000000     99  2209 
_TCNT2                                    IMPT 00000000    102  2229 
_TCOR0                                    IMPT 00000000     95  2195 
_TCOR1                                    IMPT 00000000     98  2205 
_TCOR2                                    IMPT 00000000    101  2212 
_TCPR2                                    IMPT 00000000    104 
_TCR0                                     IMPT 00000000     97  2301  2338 
_TCR1                                     IMPT 00000000    100  2302  2369 
_TCR2                                     IMPT 00000000    103  2303  2400 
_TEA                                      IMPT 00000000     18 
_TIME_HINT_EI                    Pstart1  EXPT 00000108   1908  2237  2364*
_TIME_LINT_EI                    Pstart1  EXPT 00000128   1907  2241  2395*
_TIME_MINT_EI                    Pstart1       000000E8   2233  2333*
_TINT_3R3MS                               EQU  000083D6   1772*
_TOCR                                     IMPT 00000000     93  2190 
_TRA                                      IMPT 00000000     23 
_TSTR                                     IMPT 00000000     94  2308  2341  2372  2403 
_TTB                                      IMPT 00000000     17 
_VUPCHECK_EQU                             EQU  11AB3739    217*
_WCR1                                     IMPT 00000000     44  1969 
_WCR2                                     IMPT 00000000     45  1973 
_WCR3                                     IMPT 00000000     46  1986 
_WTCNT                                    IMPT 00000000     81 
_WTCSR                                    IMPT 00000000     82  1944 
__PRAM_BGN                                IMPT 00000000   2461  2470 
__P_BGN                                   IMPT 00000000   2460  2468 
__P_END                                   IMPT 00000000   2462  2472 
__PcallRAM_BGN                            IMPT 00000000   2526  2535 
__Pcall_BGN                               IMPT 00000000   2525  2533 
__Pcall_END                               IMPT 00000000   2527  2537 
*** SuperH RISC engine ASSEMBLER V.7.01.02.000 ***    12/12/17 19:20:06                                                  PAGE    19

*** SECTION DATA LIST

SECTION                          ATTRIBUTE    SIZE             START

Phwsetup1                        REL-CODE    000000134        
Pstart1                          REL-CODE    0000001FE        
