*** SuperH RISC engine ASSEMBLER V.7.01.02.000 ***    12/12/17 19:20:08                                                  PAGE     1
PROGRAM NAME =

    1                               1     ;------------------------------------------------------------------------
    2                               2     ;                                                                       |
    3                               3     ;   FILE        :vecttbl.src                                            |
    4                               4     ;   DATE        :Mon, Jun 24, 2002                                      |
    5                               5     ;   DESCRIPTION :Initialize of Vector Table                             |
    6                               6     ;   CPU TYPE    :SH7750                                                 |
    7                               7     ;                                                                       |
    8                               8     ;   This file is generated by Hitachi Project Generator (Ver.1.1).      |
    9                               9     ;                                                                       |
   10                              10     ;------------------------------------------------------------------------
   11                              11     
   12                              12     
   13                              13     
   14                              14             .include        "vect.inc"
   15                               1 I1  ;------------------------------------------------------------------------
   16                               2 I1  ;                                                                       |
   17                               3 I1  ;   FILE        :vect.inc                                               |
   18                               4 I1  ;   DATE        :Mon, Jun 24, 2002                                      |
   19                               5 I1  ;   DESCRIPTION :Definition of Vector                                   |
   20                               6 I1  ;   CPU TYPE    :SH7750                                                 |
   21                               7 I1  ;                                                                       |
   22                               8 I1  ;   This file is generated by Hitachi Project Generator (Ver.1.1).      |
   23                               9 I1  ;                                                                       |
   24                              10 I1  ;------------------------------------------------------------------------
   25                              11 I1  
   26                              12 I1  
   27                              13 I1  
   28          000000F0            14 I1  SR_Init:        .equ    B'00000000000000000000000011110000
   29          400000F0            15 I1  SR_Init_DI:     .equ    B'01000000000000000000000011110000      ;// [ì¡å†”∞ƒﬁå≈íË]ëSäÑçûÇ›
                                          ã÷é~
   30                              16 I1  
   31                              17 I1  ;<<VECTOR DATA START (POWER ON RESET)>>
   32                              18 I1          ;H'000 Power On Reset (Hitachi-UDI RESET)
   33                              19 I1          .global         _PowerON_Reset
                                          
   34                              20 I1  ;<<VECTOR DATA END (POWER ON RESET)>>
   35                              21 I1  ;<<VECTOR DATA START (MANUAL RESET)>>
   36                              22 I1          ;H'020 Manual Reset
   37                              23 I1          .global         _Manual_Reset
                                          
   38                              24 I1  ;<<VECTOR DATA END (MANUAL RESET)>>
   39                              25 I1  ;<<VECTOR DATA START (TBL RESET)>>
   40                              26 I1          ;H'140 TBL Reset (DATA TBL Reset)
   41                              27 I1          .global         _TBL_Reset
                                          
   42                              28 I1  ;<<VECTOR DATA END (TBL RESET)>>
   43                              29 I1  
   44                              30 I1          ;H'040 TLB miss/invalid (load)
   45                              31 I1          .global         _INT_TLBMiss_Load
   46                              32 I1          ;H'060 TLB miss/invalid (store)
   47                              33 I1          .global         _INT_TLBMiss_Store
   48                              34 I1          ;H'080 Initial page write
   49                              35 I1          .global         _INT_TLBInitial_Page
   50                              36 I1          ;H'0A0 TLB protect (load)
   51                              37 I1          .global         _INT_TLBProtect_Load
   52                              38 I1          ;H'0C0 TLB protect (store)
   53                              39 I1          .global         _INT_TLBProtect_Store
*** SuperH RISC engine ASSEMBLER V.7.01.02.000 ***    12/12/17 19:20:08                                                  PAGE     2
PROGRAM NAME =

   54                              40 I1          ;H'0E0 Address error (load)
   55                              41 I1          .global         _INT_Address_load
   56                              42 I1          ;H'100 Address error (store)
   57                              43 I1          .global         _INT_Address_store
   58                              44 I1          ;H'120 FPU invalid
   59                              45 I1          .global         _INT_FPU
   60                              46 I1          ;H'140 Reserved
   61                              47 I1          .global         _INT_Reserved140
   62                              48 I1          ;H'160 TRAPA
   63                              49 I1          .global         _INT_TRAPA
   64                              50 I1          ;H'180 Illegal code
   65                              51 I1          .global         _INT_Illegal_code
   66                              52 I1          ;H'1A0 Illegal slot
   67                              53 I1          .global         _INT_Illegal_slot
   68                              54 I1          ;H'1C0 NMI
   69                              55 I1          .global         _INT_NMI
   70                              56 I1          ;H'1E0 User Break
   71                              57 I1          .global         _INT_User_Break
   72                              58 I1          ;H'200 External hardware interrupt
   73                              59 I1          .global         _INT_Extern_0000
   74                              60 I1          ;H'220 External hardware interrupt
   75                              61 I1          .global         _INT_Extern_0001
   76                              62 I1          ;H'240 External hardware interrupt
   77                              63 I1          .global         _INT_Extern_0010
   78                              64 I1          ;H'260 External hardware interrupt
   79                              65 I1          .global         _INT_Extern_0011
   80                              66 I1          ;H'280 External hardware interrupt
   81                              67 I1          .global         _INT_Extern_0100
   82                              68 I1          ;H'2A0 External hardware interrupt
   83                              69 I1          .global         _INT_Extern_0101
   84                              70 I1          ;H'2C0 External hardware interrupt
   85                              71 I1          .global         _INT_Extern_0110
   86                              72 I1          ;H'2E0 External hardware interrupt
   87                              73 I1          .global         _INT_Extern_0111
   88                              74 I1          ;H'300 External hardware interrupt
   89                              75 I1          .global         _INT_Extern_1000
   90                              76 I1          ;H'320 External hardware interrupt
   91                              77 I1          .global         _INT_Extern_1001
   92                              78 I1          ;H'340 External hardware interrupt
   93                              79 I1          .global         _INT_Extern_1010
   94                              80 I1          ;H'360 External hardware interrupt
   95                              81 I1          .global         _INT_Extern_1011
   96                              82 I1          ;H'380 External hardware interrupt
   97                              83 I1          .global         _INT_Extern_1100
   98                              84 I1          ;H'3A0 External hardware interrupt
   99                              85 I1          .global         _INT_Extern_1101
  100                              86 I1          ;H'3C0 External hardware interrupt
  101                              87 I1          .global         _INT_Extern_1110
  102                              88 I1          ;H'3E0 Reserved
  103                              89 I1          .global         _INT_Reserved3E0
  104                              90 I1          ;H'400 TMU0 TUNI0
  105                              91 I1          .global         _INT_Timer_Under_0
  106                              92 I1          ;H'420 TMU1 TUNI1
  107                              93 I1          .global         _INT_Timer_Under_1
  108                              94 I1          ;H'440 TMU2 TUNI2
  109                              95 I1          .global         _INT_Timer_Under_2
  110                              96 I1          ;H'460 TMU2 TICPI2
*** SuperH RISC engine ASSEMBLER V.7.01.02.000 ***    12/12/17 19:20:08                                                  PAGE     3
PROGRAM NAME =

  111                              97 I1          .global         _INT_Input_Capture
  112                              98 I1          ;H'480 RTC ATI
  113                              99 I1          .global         _INT_RTC_ATI
  114                             100 I1          ;H'4A0 RTC PRI
  115                             101 I1          .global         _INT_RTC_PRI
  116                             102 I1          ;H'4C0 RTC CUI
  117                             103 I1          .global         _INT_RTC_CUI
  118                             104 I1          ;H'4E0 SCI ERI
  119                             105 I1          .global         _INT_SCI_ERI
  120                             106 I1          ;H'500 SCI RXI
  121                             107 I1          .global         _INT_SCI_RXI
  122                             108 I1          ;H'520 SCI TXI
  123                             109 I1          .global         _INT_SCI_TXI
  124                             110 I1          ;H'540 SCI TEI
  125                             111 I1          .global         _INT_SCI_TEI
  126                             112 I1          ;H'560 WDT ITI
  127                             113 I1          .global         _INT_WDT
  128                             114 I1          ;H'580 REF RCMI
  129                             115 I1          .global         _INT_REF_RCMI
  130                             116 I1          ;H'5A0 REF ROVI
  131                             117 I1          .global         _INT_REF_ROVI
  132                             118 I1          ;H'5C0 Reserved
  133                             119 I1          .global         _INT_Reserved5C0
  134                             120 I1          ;H'5E0 Reserved
  135                             121 I1          .global         _INT_Reserved5E0
  136                             122 I1          ;H'600 Hitachi-UDI
  137                             123 I1          .global         _INT_HUDI
  138                             124 I1          ;H'620 Reserved
  139                             125 I1          .global         _INT_Reserved620
  140                             126 I1          ;H'640 DMAC DMTE0
  141                             127 I1          .global         _INT_DMAC_DMTE0
  142                             128 I1          ;H'660 DMAC DMTE1
  143                             129 I1          .global         _INT_DMAC_DMTE1
  144                             130 I1          ;H'680 DMAC DMTE2
  145                             131 I1          .global         _INT_DMAC_DMTE2
  146                             132 I1          ;H'6A0 DMAC DMTE3
  147                             133 I1          .global         _INT_DMAC_DMTE3
  148                             134 I1          ;H'6C0 DMAC DMAE
  149                             135 I1          .global         _INT_DMAC_DMAE
  150                             136 I1          ;H'6E0 Reserved
  151                             137 I1          .global         _INT_Reserved6E0
  152                             138 I1          ;H'700 SCIF ERI
  153                             139 I1          .global         _INT_SCIF_ERI
  154                             140 I1          ;H'720 SCIF RXI
  155                             141 I1          .global         _INT_SCIF_RXI
  156                             142 I1          ;H'740 SCIF BRI
  157                             143 I1          .global         _INT_SCIF_BRI
  158                             144 I1          ;H'760 SCIF TXI
  159                             145 I1          .global         _INT_SCIF_TXI
  160                             146 I1          ;H'780 Reserved
  161                             147 I1          .global         _INT_Reserved780
  162                             148 I1          ;H'7A0 Reserved
  163                             149 I1          .global         _INT_Reserved7A0
  164                             150 I1          ;H'7C0 Reserved
  165                             151 I1          .global         _INT_Reserved7C0
  166                             152 I1          ;H'7E0 Reserved
  167                             153 I1          .global         _INT_Reserved7E0
*** SuperH RISC engine ASSEMBLER V.7.01.02.000 ***    12/12/17 19:20:08                                                  PAGE     4
PROGRAM NAME =

  168                             154 I1          ;H'800 Illegal FPU
  169                             155 I1          .global         _INT_Illegal_FPU
  170                             156 I1          ;H'820 Illegal slot FPU
  171                             157 I1          .global         _INT_Illegal_slot_FPU
  172                             158 I1  
  173                             159 I1  
  174                              15     
  175 00000000                     16             .section        VECTTBL,data
  176                              17             .export         _RESET_Vectors
  177                              18     
  178 00000000                     19     _RESET_Vectors:
  179                              20     ;<<VECTOR DATA START (POWER ON RESET)>>
  180                              21             ;H'000 Power On Reset (Hitachi-UDI RESET)
  181 00000000 00000000            22             .data.l         _PowerON_Reset
                                          
  182                              23     ;<<VECTOR DATA END (POWER ON RESET)>>
  183                              24     ;<<VECTOR DATA START (MANUAL RESET)>>
  184                              25             ;H'020 Manual Reset
  185 00000004 00000000            26             .data.l         _Manual_Reset
                                          
  186                              27     ;<<VECTOR DATA END (MANUAL RESET)>>
  187                              28     ; Reserved
  188 00000008 00000000            29             .datab.l        8,H'00000000
  189                              30     ;<<VECTOR DATA START (TBL RESET)>>
  190                              31             ;H'140 TBL Reset (DATA TBL Reset)
  191 00000028 00000000            32             .data.l         _TBL_Reset
                                          
  192                              33     ;<<VECTOR DATA END (TBL RESET)>>
  193                              34     
  194 00000000                     35             .section    INTTBL,data
  195                              36             .export     _INT_Vectors
  196 00000000                     37     _INT_Vectors:
  197                              38             ;H'040 TLB miss/invalid (load)
  198 00000000 00000000            39             .data.l         _INT_TLBMiss_Load
  199                              40             ;H'060 TLB miss/invalid (store)
  200 00000004 00000000            41             .data.l         _INT_TLBMiss_Store
  201                              42             ;H'080 Initial page write
  202 00000008 00000000            43             .data.l         _INT_TLBInitial_Page
  203                              44             ;H'0A0 TLB protect (load)
  204 0000000C 00000000            45             .data.l         _INT_TLBProtect_Load
  205                              46             ;H'0C0 TLB protect (store)
  206 00000010 00000000            47             .data.l         _INT_TLBProtect_Store
  207                              48             ;H'0E0 Address error (load)
  208 00000014 00000000            49             .data.l         _INT_Address_load
  209                              50             ;H'100 Address error (store)
  210 00000018 00000000            51             .data.l         _INT_Address_store
  211                              52             ;H'120 FPU invalid
  212 0000001C 00000000            53             .data.l         _INT_FPU
  213                              54             ;H'140 Reserved
  214 00000020 00000000            55             .data.l         _INT_Reserved140
  215                              56             ;H'160 TRAPA
  216 00000024 00000000            57             .data.l         _INT_TRAPA
  217                              58             ;H'180 Illegal code
  218 00000028 00000000            59             .data.l         _INT_Illegal_code
  219                              60             ;H'1A0 Illegal slot
  220 0000002C 00000000            61             .data.l         _INT_Illegal_slot
  221                              62             ;H'1C0 NMI
*** SuperH RISC engine ASSEMBLER V.7.01.02.000 ***    12/12/17 19:20:08                                                  PAGE     5
PROGRAM NAME =

  222 00000030 00000000            63             .data.l         _INT_NMI
  223                              64             ;H'1E0 User Break
  224 00000034 00000000            65             .data.l         _INT_User_Break
  225                              66             ;H'200 External hardware interrupt
  226 00000038 00000000            67             .data.l         _INT_Extern_0000
  227                              68             ;H'220 External hardware interrupt
  228 0000003C 00000000            69             .data.l         _INT_Extern_0001
  229                              70             ;H'240 External hardware interrupt
  230 00000040 00000000            71             .data.l         _INT_Extern_0010
  231                              72             ;H'260 External hardware interrupt
  232 00000044 00000000            73             .data.l         _INT_Extern_0011
  233                              74             ;H'280 External hardware interrupt
  234 00000048 00000000            75             .data.l         _INT_Extern_0100
  235                              76             ;H'2A0 External hardware interrupt
  236 0000004C 00000000            77             .data.l         _INT_Extern_0101
  237                              78             ;H'2C0 External hardware interrupt
  238 00000050 00000000            79             .data.l         _INT_Extern_0110
  239                              80             ;H'2E0 External hardware interrupt
  240 00000054 00000000            81             .data.l         _INT_Extern_0111
  241                              82             ;H'300 External hardware interrupt
  242 00000058 00000000            83             .data.l         _INT_Extern_1000
  243                              84             ;H'320 External hardware interrupt
  244 0000005C 00000000            85             .data.l         _INT_Extern_1001
  245                              86             ;H'340 External hardware interrupt
  246 00000060 00000000            87             .data.l         _INT_Extern_1010
  247                              88             ;H'360 External hardware interrupt
  248 00000064 00000000            89             .data.l         _INT_Extern_1011
  249                              90             ;H'380 External hardware interrupt
  250 00000068 00000000            91             .data.l         _INT_Extern_1100
  251                              92             ;H'3A0 External hardware interrupt
  252 0000006C 00000000            93             .data.l         _INT_Extern_1101
  253                              94             ;H'3C0 External hardware interrupt
  254 00000070 00000000            95             .data.l         _INT_Extern_1110
  255                              96             ;H'3E0 Reserved
  256 00000074 00000000            97             .data.l         _INT_Reserved3E0
  257                              98             ;H'400 TMU0 TUNI0
  258 00000078 00000000            99             .data.l         _INT_Timer_Under_0
  259                             100             ;H'420 TMU1 TUNI1
  260 0000007C 00000000           101             .data.l         _INT_Timer_Under_1
  261                             102             ;H'440 TMU2 TUNI2
  262 00000080 00000000           103             .data.l         _INT_Timer_Under_2
  263                             104             ;H'460 TMU2 TICPI2
  264 00000084 00000000           105             .data.l         _INT_Input_Capture
  265                             106             ;H'480 RTC ATI
  266 00000088 00000000           107             .data.l         _INT_RTC_ATI
  267                             108             ;H'4A0 RTC PRI
  268 0000008C 00000000           109             .data.l         _INT_RTC_PRI
  269                             110             ;H'4C0 RTC CUI
  270 00000090 00000000           111             .data.l         _INT_RTC_CUI
  271                             112             ;H'4E0 SCI ERI
  272 00000094 00000000           113             .data.l         _INT_SCI_ERI
  273                             114             ;H'500 SCI RXI
  274 00000098 00000000           115             .data.l         _INT_SCI_RXI
  275                             116             ;H'520 SCI TXI
  276 0000009C 00000000           117             .data.l         _INT_SCI_TXI
  277                             118             ;H'540 SCI TEI
  278 000000A0 00000000           119             .data.l         _INT_SCI_TEI
*** SuperH RISC engine ASSEMBLER V.7.01.02.000 ***    12/12/17 19:20:08                                                  PAGE     6
PROGRAM NAME =

  279                             120             ;H'560 WDT ITI
  280 000000A4 00000000           121             .data.l         _INT_WDT
  281                             122             ;H'580 REF RCMI
  282 000000A8 00000000           123             .data.l         _INT_REF_RCMI
  283                             124             ;H'5A0 REF ROVI
  284 000000AC 00000000           125             .data.l         _INT_REF_ROVI
  285                             126             ;H'5C0 Reserved
  286 000000B0 00000000           127             .data.l         _INT_Reserved5C0
  287                             128             ;H'5E0 Reserved
  288 000000B4 00000000           129             .data.l         _INT_Reserved5E0
  289                             130             ;H'600 Hitachi-UDI
  290 000000B8 00000000           131             .data.l         _INT_HUDI
  291                             132             ;H'620 Reserved
  292 000000BC 00000000           133             .data.l         _INT_Reserved620
  293                             134             ;H'640 DMAC DMTE0
  294 000000C0 00000000           135             .data.l         _INT_DMAC_DMTE0
  295                             136             ;H'660 DMAC DMTE1
  296 000000C4 00000000           137             .data.l         _INT_DMAC_DMTE1
  297                             138             ;H'680 DMAC DMTE2
  298 000000C8 00000000           139             .data.l         _INT_DMAC_DMTE2
  299                             140             ;H'6A0 DMAC DMTE3
  300 000000CC 00000000           141             .data.l         _INT_DMAC_DMTE3
  301                             142             ;H'6C0 DMAC DMAE
  302 000000D0 00000000           143             .data.l         _INT_DMAC_DMAE
  303                             144             ;H'6E0 Reserved
  304 000000D4 00000000           145             .data.l         _INT_Reserved6E0
  305                             146             ;H'700 SCIF ERI
  306 000000D8 00000000           147             .data.l         _INT_SCIF_ERI
  307                             148             ;H'720 SCIF RXI
  308 000000DC 00000000           149             .data.l         _INT_SCIF_RXI
  309                             150             ;H'740 SCIF BRI
  310 000000E0 00000000           151             .data.l         _INT_SCIF_BRI
  311                             152             ;H'760 SCIF TXI
  312 000000E4 00000000           153             .data.l         _INT_SCIF_TXI
  313                             154             ;H'780 Reserved
  314 000000E8 00000000           155             .data.l         _INT_Reserved780
  315                             156             ;H'7A0 Reserved
  316 000000EC 00000000           157             .data.l         _INT_Reserved7A0
  317                             158             ;H'7C0 Reserved
  318 000000F0 00000000           159             .data.l         _INT_Reserved7C0
  319                             160             ;H'7E0 Reserved
  320 000000F4 00000000           161             .data.l         _INT_Reserved7E0
  321                             162             ;H'800 Illegal FPU
  322 000000F8 00000000           163             .data.l         _INT_Illegal_FPU
  323                             164             ;H'820 Illegal slot FPU
  324 000000FC 00000000           165             .data.l         _INT_Illegal_slot_FPU
  325                             166     
  326                             167     
  327                             168             .export     _INT_MASK
  328 00000100                    169     _INT_MASK:
  329                             170             ;H'040 TLB miss/invalid (load)
  330 00000100 F0                 171             .data.b         H'F0
  331                             172             ;H'060 TLB miss/invalid (store)
  332 00000101 F0                 173             .data.b         H'F0
  333                             174             ;H'080 Initial page write
  334 00000102 F0                 175             .data.b         H'F0
  335                             176             ;H'0A0 TLB protect (load)
*** SuperH RISC engine ASSEMBLER V.7.01.02.000 ***    12/12/17 19:20:08                                                  PAGE     7
PROGRAM NAME =

  336 00000103 F0                 177             .data.b         H'F0
  337                             178             ;H'0C0 TLB protect (store)
  338 00000104 F0                 179             .data.b         H'F0
  339                             180             ;H'0E0 Address error (load)
  340 00000105 F0                 181             .data.b         H'F0
  341                             182             ;H'100 Address error (store)
  342 00000106 F0                 183             .data.b         H'F0
  343                             184             ;H'120 FPU invalid
  344 00000107 F0                 185             .data.b         H'F0
  345                             186             ;H'140 Reserved
  346 00000108 F0                 187             .data.b         H'F0
  347                             188             ;H'160 TRAPA
  348 00000109 F0                 189             .data.b         H'F0
  349                             190             ;H'180 Illegal code
  350 0000010A F0                 191             .data.b         H'F0
  351                             192             ;H'1A0 Illegal slot
  352 0000010B F0                 193             .data.b         H'F0
  353                             194             ;H'1C0 NMI
  354 0000010C F0                 195             .data.b         H'F0
  355                             196             ;H'1E0 User Break
  356 0000010D F0                 197             .data.b         H'F0
  357                             198             ;H'200 External hardware interrupt
  358 0000010E F0                 199             .data.b         H'F0
  359                             200             ;H'220 External hardware interrupt
  360 0000010F F0                 201             .data.b         H'F0
  361                             202             ;H'240 External hardware interrupt      ;EMG
  362                             203     ;/////  .data.b         H'F0
  363 00000110 A0                 204             .data.b         H'A0
  364                             205             ;H'260 External hardware interrupt
  365 00000111 F0                 206             .data.b         H'F0
  366                             207             ;H'280 External hardware interrupt
  367 00000112 F0                 208             .data.b         H'F0
  368                             209             ;H'2A0 External hardware interrupt      ;ENC BUSY
  369                             210     ;/////  .data.b         H'F0
  370 00000113 B0                 211             .data.b         H'B0
  371                             212             ;H'2C0 External hardware interrupt
  372 00000114 F0                 213             .data.b         H'F0
  373                             214             ;H'2E0 External hardware interrupt
  374 00000115 F0                 215             .data.b         H'F0
  375                             216             ;H'300 External hardware interrupt      ;ACT
  376                             217     ;/////  .data.b         H'F0
  377 00000116 90                 218             .data.b         H'90
  378                             219             ;H'320 External hardware interrupt
  379 00000117 F0                 220             .data.b         H'F0
  380                             221             ;H'340 External hardware interrupt
  381 00000118 F0                 222             .data.b         H'F0
  382                             223             ;H'360 External hardware interrupt      ;STP
  383                             224     ;/////  .data.b         H'F0
  384 00000119 80                 225             .data.b         H'80
  385                             226             ;H'380 External hardware interrupt
  386 0000011A F0                 227             .data.b         H'F0
  387                             228             ;H'3A0 External hardware interrupt
  388 0000011B F0                 229             .data.b         H'F0
  389                             230             ;H'3C0 External hardware interrupt
  390 0000011C F0                 231             .data.b         H'F0
  391                             232             ;H'3E0 Reserved
  392 0000011D F0                 233             .data.b         H'F0
*** SuperH RISC engine ASSEMBLER V.7.01.02.000 ***    12/12/17 19:20:08                                                  PAGE     8
PROGRAM NAME =

  393                             234             ;H'400 TMU0 TUNI0
  394                             235     ;/////  .data.b         H'F0
  395 0000011E 70                 236             .data.b         H'70
  396                             237             ;H'420 TMU1 TUNI1
  397                             238     ;/////  .data.b         H'F0
  398 0000011F 30                 239             .data.b         H'30
  399                             240             ;H'440 TMU2 TUNI2
  400                             241     ;/////  .data.b         H'F0
  401 00000120 50                 242             .data.b         H'50
  402                             243             ;H'460 TMU2 TICPI2
  403 00000121 F0                 244             .data.b         H'F0
  404                             245             ;H'480 RTC ATI
  405 00000122 F0                 246             .data.b         H'F0
  406                             247             ;H'4A0 RTC PRI
  407 00000123 F0                 248             .data.b         H'F0
  408                             249             ;H'4C0 RTC CUI
  409 00000124 F0                 250             .data.b         H'F0
  410                             251             ;H'4E0 SCI ERI
  411                             252     ;/////  .data.b         H'F0
  412 00000125 C0                 253             .data.b         H'C0
  413                             254             ;H'500 SCI RXI
  414                             255     ;/////  .data.b         H'F0
  415 00000126 C0                 256             .data.b         H'C0
  416                             257             ;H'520 SCI TXI
  417                             258     ;/////  .data.b         H'F0
  418 00000127 C0                 259             .data.b         H'C0
  419                             260             ;H'540 SCI TEI
  420                             261     ;/////  .data.b         H'F0
  421 00000128 C0                 262             .data.b         H'C0
  422                             263             ;H'560 WDT ITI
  423 00000129 F0                 264             .data.b         H'F0
  424                             265             ;H'580 REF RCMI
  425 0000012A F0                 266             .data.b         H'F0
  426                             267             ;H'5A0 REF ROVI
  427 0000012B F0                 268             .data.b         H'F0
  428                             269             ;H'5C0 Reserved
  429 0000012C F0                 270             .data.b         H'F0
  430                             271             ;H'5E0 Reserved
  431 0000012D F0                 272             .data.b         H'F0
  432                             273             ;H'600 Hitachi-UDI
  433 0000012E F0                 274             .data.b         H'F0
  434                             275             ;H'620 Reserved
  435 0000012F F0                 276             .data.b         H'F0
  436                             277             ;H'640 DMAC DMTE0
  437 00000130 F0                 278             .data.b         H'F0
  438                             279             ;H'660 DMAC DMTE1
  439 00000131 F0                 280             .data.b         H'F0
  440                             281             ;H'680 DMAC DMTE2
  441 00000132 F0                 282             .data.b         H'F0
  442                             283             ;H'6A0 DMAC DMTE3
  443 00000133 F0                 284             .data.b         H'F0
  444                             285             ;H'6C0 DMAC DMAE
  445 00000134 F0                 286             .data.b         H'F0
  446                             287             ;H'6E0 Reserved
  447 00000135 F0                 288             .data.b         H'F0
  448                             289             ;H'700 SCIF ERI
  449                             290     ;/////  .data.b         H'F0
*** SuperH RISC engine ASSEMBLER V.7.01.02.000 ***    12/12/17 19:20:08                                                  PAGE     9
PROGRAM NAME =

  450 00000136 D0                 291             .data.b         H'D0
  451                             292             ;H'720 SCIF RXI
  452                             293     ;/////  .data.b         H'F0
  453 00000137 D0                 294             .data.b         H'D0
  454                             295             ;H'740 SCIF BRI
  455                             296     ;/////  .data.b         H'F0
  456 00000138 D0                 297             .data.b         H'D0
  457                             298             ;H'760 SCIF TXI
  458                             299     ;/////  .data.b         H'F0
  459 00000139 D0                 300             .data.b         H'D0
  460                             301             ;H'780 Reserved
  461 0000013A F0                 302             .data.b         H'F0
  462                             303             ;H'7A0 Reserved
  463 0000013B F0                 304             .data.b         H'F0
  464                             305             ;H'7C0 Reserved
  465 0000013C F0                 306             .data.b         H'F0
  466                             307             ;H'7E0 Reserved
  467 0000013D F0                 308             .data.b         H'F0
  468                             309             ;H'800 Illegal FPU
  469 0000013E F0                 310             .data.b         H'F0
  470                             311             ;H'820 Illegal slot FPU
  471 0000013F F0                 312             .data.b         H'F0
  472                             313                             .end
  *****TOTAL ERRORS       0
  *****TOTAL WARNINGS     0
*** SuperH RISC engine ASSEMBLER V.7.01.02.000 ***    12/12/17 19:20:08                                                  PAGE    10

*** CROSS REFERENCE LIST

NAME                             SECTION  ATTR VALUE             SEQUENCE

INTTBL                           INTTBL   SCT  00000000    194*
SR_Init                                   EQU  000000F0     28*
SR_Init_DI                                EQU  400000F0     29*
VECTTBL                          VECTTBL  SCT  00000000    175*
_INT_Address_load                         IMPT 00000000     55   208 
_INT_Address_store                        IMPT 00000000     57   210 
_INT_DMAC_DMAE                            IMPT 00000000    149   302 
_INT_DMAC_DMTE0                           IMPT 00000000    141   294 
_INT_DMAC_DMTE1                           IMPT 00000000    143   296 
_INT_DMAC_DMTE2                           IMPT 00000000    145   298 
_INT_DMAC_DMTE3                           IMPT 00000000    147   300 
_INT_Extern_0000                          IMPT 00000000     73   226 
_INT_Extern_0001                          IMPT 00000000     75   228 
_INT_Extern_0010                          IMPT 00000000     77   230 
_INT_Extern_0011                          IMPT 00000000     79   232 
_INT_Extern_0100                          IMPT 00000000     81   234 
_INT_Extern_0101                          IMPT 00000000     83   236 
_INT_Extern_0110                          IMPT 00000000     85   238 
_INT_Extern_0111                          IMPT 00000000     87   240 
_INT_Extern_1000                          IMPT 00000000     89   242 
_INT_Extern_1001                          IMPT 00000000     91   244 
_INT_Extern_1010                          IMPT 00000000     93   246 
_INT_Extern_1011                          IMPT 00000000     95   248 
_INT_Extern_1100                          IMPT 00000000     97   250 
_INT_Extern_1101                          IMPT 00000000     99   252 
_INT_Extern_1110                          IMPT 00000000    101   254 
_INT_FPU                                  IMPT 00000000     59   212 
_INT_HUDI                                 IMPT 00000000    137   290 
_INT_Illegal_FPU                          IMPT 00000000    169   322 
_INT_Illegal_code                         IMPT 00000000     65   218 
_INT_Illegal_slot                         IMPT 00000000     67   220 
_INT_Illegal_slot_FPU                     IMPT 00000000    171   324 
_INT_Input_Capture                        IMPT 00000000    111   264 
_INT_MASK                        INTTBL   EXPT 00000100    327   328*
_INT_NMI                                  IMPT 00000000     69   222 
_INT_REF_RCMI                             IMPT 00000000    129   282 
_INT_REF_ROVI                             IMPT 00000000    131   284 
_INT_RTC_ATI                              IMPT 00000000    113   266 
_INT_RTC_CUI                              IMPT 00000000    117   270 
_INT_RTC_PRI                              IMPT 00000000    115   268 
_INT_Reserved140                          IMPT 00000000     61   214 
_INT_Reserved3E0                          IMPT 00000000    103   256 
_INT_Reserved5C0                          IMPT 00000000    133   286 
_INT_Reserved5E0                          IMPT 00000000    135   288 
_INT_Reserved620                          IMPT 00000000    139   292 
_INT_Reserved6E0                          IMPT 00000000    151   304 
_INT_Reserved780                          IMPT 00000000    161   314 
_INT_Reserved7A0                          IMPT 00000000    163   316 
_INT_Reserved7C0                          IMPT 00000000    165   318 
_INT_Reserved7E0                          IMPT 00000000    167   320 
_INT_SCIF_BRI                             IMPT 00000000    157   310 
_INT_SCIF_ERI                             IMPT 00000000    153   306 
_INT_SCIF_RXI                             IMPT 00000000    155   308 
_INT_SCIF_TXI                             IMPT 00000000    159   312 
*** SuperH RISC engine ASSEMBLER V.7.01.02.000 ***    12/12/17 19:20:08                                                  PAGE    11

*** CROSS REFERENCE LIST

NAME                             SECTION  ATTR VALUE             SEQUENCE

_INT_SCI_ERI                              IMPT 00000000    119   272 
_INT_SCI_RXI                              IMPT 00000000    121   274 
_INT_SCI_TEI                              IMPT 00000000    125   278 
_INT_SCI_TXI                              IMPT 00000000    123   276 
_INT_TLBInitial_Page                      IMPT 00000000     49   202 
_INT_TLBMiss_Load                         IMPT 00000000     45   198 
_INT_TLBMiss_Store                        IMPT 00000000     47   200 
_INT_TLBProtect_Load                      IMPT 00000000     51   204 
_INT_TLBProtect_Store                     IMPT 00000000     53   206 
_INT_TRAPA                                IMPT 00000000     63   216 
_INT_Timer_Under_0                        IMPT 00000000    105   258 
_INT_Timer_Under_1                        IMPT 00000000    107   260 
_INT_Timer_Under_2                        IMPT 00000000    109   262 
_INT_User_Break                           IMPT 00000000     71   224 
_INT_Vectors                     INTTBL   EXPT 00000000    195   196*
_INT_WDT                                  IMPT 00000000    127   280 
_Manual_Reset                             IMPT 00000000     37   185 
_PowerON_Reset                            IMPT 00000000     33   181 
_RESET_Vectors                   VECTTBL  EXPT 00000000    176   178*
_TBL_Reset                                IMPT 00000000     41   191 
*** SuperH RISC engine ASSEMBLER V.7.01.02.000 ***    12/12/17 19:20:08                                                  PAGE    12

*** SECTION DATA LIST

SECTION                          ATTRIBUTE    SIZE             START

VECTTBL                          REL-DATA    00000002C        
INTTBL                           REL-DATA    000000140        
