SH SERIES C/C++ Compiler (V.9.04.01.002)                                                         14-Nov-2021 17:05:23  PAGE    1

************ OBJECT LISTING ************

FILE NAME: D:\SIT4S_MC_99\cpua\cpua\cpua\cpua.c

SCT OFFSET   CODE       C LABEL     INSTRUCTION OPERAND    COMMENT

               cpua.c          1    /***********************************************************************/
               cpua.c          2    /*                                                                     */
               cpua.c          3    /*  FILE        :cpua.c                                                */
               cpua.c          4    /*  DATE        :Mon, Jun 24, 2002                                     */
               cpua.c          5    /*  DESCRIPTION :Main Program                                          */
               cpua.c          6    /*  CPU TYPE    :SH7750                                                */
               cpua.c          7    /*                                                                     */
               cpua.c          8    /*  This file is generated by Hitachi Project Generator (Ver.1.1).     */
               cpua.c          9    /*                                                                     */
               cpua.c         10    /***********************************************************************/
               cpua.c         11                      
               cpua.c         12    
               cpua.c         13    
               cpua.c         14    #ifdef __cplusplus
               cpua.c         15 X  //#include <ios>                  // Remove the comment when you use ios                  
               cpua.c         16 X  //int ios_base::Init::init_cnt;       // Remove the comment when you use ios
               cpua.c         17    #endif
               cpua.c         18    #ifdef __cplusplus
               cpua.c         19 X  extern "C" {
               cpua.c         20    #endif
               cpua.c         21    void main(void);
               cpua.c         22    #ifdef __cplusplus
               cpua.c         23 X  }
               cpua.c         24    #endif
               cpua.c         25    
               cpua.c         26    
               cpua.c         27    #include  "cm_equ1.h" 
            cm_equ1.h          1    /*    *********************************** */
            cm_equ1.h          2    /*    ***     基本        *** */
            cm_equ1.h          3    /*    *********************************** */
            cm_equ1.h          4    #define   cBIT0   0x1 /* */
            cm_equ1.h          5    #define   cBIT1   0x2 /* */
            cm_equ1.h          6    #define   cBIT2   0x4 /* */
            cm_equ1.h          7    #define   cBIT3   0x8 /* */
            cm_equ1.h          8    #define   cBIT4   0x10    /* */
            cm_equ1.h          9    #define   cBIT5   0x20    /* */
            cm_equ1.h         10    #define   cBIT6   0x40    /* */
            cm_equ1.h         11    #define   cBIT7   0x80    /* */
            cm_equ1.h         12    #define   cBIT8   0x100   /* */
            cm_equ1.h         13    #define   cBIT9   0x200   /* */
            cm_equ1.h         14    #define   cBIT10  0x400   /* */
            cm_equ1.h         15    #define   cBIT11  0x800   /* */
            cm_equ1.h         16    #define   cBIT12  0x1000  /* */
            cm_equ1.h         17    #define   cBIT13  0x2000  /* */
            cm_equ1.h         18    #define   cBIT14  0x4000  /* */
            cm_equ1.h         19    #define   cBIT15  0x8000  /* */
            cm_equ1.h         20    
            cm_equ1.h         21    //    *******************************************
            cm_equ1.h         22    //    ***                 ***
            cm_equ1.h         23    //    ***                 ***
            cm_equ1.h         24    //    ***                 ***
            cm_equ1.h         25    //    *******************************************
            cm_equ1.h         26    //
            cm_equ1.h         27    //    共通定義 型に意味のある場合下記を仕様する
            cm_equ1.h         28    typedef unsigned char     Uchar;      //
            cm_equ1.h         29    typedef unsigned short    Ushort;     //
            cm_equ1.h         30    typedef unsigned int  Uint;       //
            cm_equ1.h         31    typedef unsigned long Ulong;      //
            cm_equ1.h         32    typedef signed char   Char;       //
            cm_equ1.h         33    typedef signed short  Short;      //
            cm_equ1.h         34    typedef signed int    Int;        //
            cm_equ1.h         35    typedef signed long   Long;       //
            cm_equ1.h         36    
            cm_equ1.h         37    /*    共通定義 ﾊﾞｲﾄ長に意味のある場合下記を仕様する   */
            cm_equ1.h         38    typedef unsigned char     U1b;        /*  u1b */
            cm_equ1.h         39    typedef unsigned short    U2b;        /*  u2b */
            cm_equ1.h         40    typedef unsigned long U4b;        /*  u4b */
            cm_equ1.h         41    typedef signed char   S1b;        /*  s1b */
            cm_equ1.h         42    typedef signed short  S2b;        /*  s2b */
            cm_equ1.h         43    typedef signed long   S4b;        /*  s4b */
            cm_equ1.h         44    
            cm_equ1.h         45    /*    ============ 通常この記述を使用 =============   */
            cm_equ1.h         46    //typedef signed char     BYTE;       /*  s1b */
            cm_equ1.h         47    //typedef signed short    WORD;       /*  s2b */
            cm_equ1.h         48    //typedef signed long DWORD;      /*  s4b */
            cm_equ1.h         49    
            cm_equ1.h         50    /*    *********************************** */
            cm_equ1.h         51    /*    ***     sh3     *** */
            cm_equ1.h         52    /*    *********************************** */
            cm_equ1.h         53    /*    =================================   */
            cm_equ1.h         54    #define       Debug_YES   1
            cm_equ1.h         55    #define       Debug_NO    0
            cm_equ1.h         56    #define       CMPILE_YES  1
            cm_equ1.h         57    #define       CMPILE_NO   0
            cm_equ1.h         58    
            cm_equ1.h         59    #define       CB_STS_BUF_MAX      512     //128
            cm_equ1.h         60    #define       CB_TRD_BUF_MAX      2048    //2048 total 2048確保
            cm_equ1.h         61    #define       CB_TRD_SMP_CNT      128     //128個
               cpua.c         28    #include  "ssc_wram.h"
           ssc_wram.h          1    //;   ***************************************************
           ssc_wram.h          2    //;   ***                                             ***
           ssc_wram.h          3    //;   ***     外部ＳＲＡＭ定義                        ***
           ssc_wram.h          4    //;   ***                                             ***
           ssc_wram.h          5    //;   ***************************************************
           ssc_wram.h          6      extern  S4b sram_top;
           ssc_wram.h          7    
           ssc_wram.h          8      extern  U2b data_init2_timer;   //; ｲﾆｼｬﾙWAITﾀｲﾏ2
           ssc_wram.h          9    
               cpua.c         29    
               cpua.c         30    
               cpua.c         31    extern    void INT_EI(void);      // hwsetup.src
               cpua.c         32    
               cpua.c         33    extern    void SR_INIT_SET(void);     // p4a_com1.src(共通演算)
               cpua.c         34    extern    void SR_MAIN_SET(void);     // p4a_com1.src(共通演算)
               cpua.c         35    
               cpua.c         36    //
               cpua.c         37    
               cpua.c         38    extern    void ASM_DMK1_SOFT_INIT(void);//p4a_k.src
               cpua.c         39    extern    void ASM_DMY1_SOFT_INIT(void);//p4a_y.src
               cpua.c         40    //extern  void c_dmk1_soft_init(void);//p4c_k.c(割込解除前にする)
               cpua.c         41    //extern  void c_dmy1_soft_init(void);//p4c_y.c(割込解除前にする)
               cpua.c         42    
               cpua.c         43    //extern  void c_dmk1_data_main(void);    //ssc_k.c
               cpua.c         44    //extern  void c_dmy1_data_main(void);    //ssc_y.c
               cpua.c         45    //extern  void c_k1_ctrl_main(void);  //ssc_k.c
               cpua.c         46    //extern  void c_y1_ctrl_main(void);  //ssc_y.c
               cpua.c         47    
               cpua.c         48    extern    void ASM_VUP_MAIN();    //メインスキャン
               cpua.c         49    extern    void ASM_Y1_CTRL_MAIN();    //メインスキャン
               cpua.c         50    extern    void ASM_DMK1_DATA_INIT();
               cpua.c         51    
               cpua.c         52    extern    void SEQ_INIT(void);        //ssa_seqm.src
               cpua.c         53    
               cpua.c         54    extern    void IOGA_OUT_INIT(void);   //ssa_dio.src
               cpua.c         55    extern    void IOGA_DI_LOAD(void);    //ssa_dio.src
               cpua.c         56    //extern  void SEQ_CB_WKINRAM_SET(void);  //ssa_dio.src
               cpua.c         57    
               cpua.c         58    extern    void POS_LSI_START(void);   //ssa_dio.src
               cpua.c         59    extern    void POS_LSI_LATCH(void);   //ssa_dio.src
               cpua.c         60    
               cpua.c         61    extern    void SEQ_RUN_MAIN(void);    //ｼｰｹﾝｽ処理
               cpua.c         62    //extern  void SEQ_CB_DP_WR(void);    //クラッチで使用しているデータをDPRAMへ転送
               cpua.c         63    
               cpua.c         64    extern    void RM_RDENB_ON(void);     //ssa_dio.src リモート RDENB ON
               cpua.c         65    extern    void ROM_SYSPAR_CMP_CHK(void);  //ssa_erry.inc シスパラ比較
               cpua.c         66    
               cpua.c         67    extern    void draw_smple(void);
               cpua.c         68    
               cpua.c         69    //    2002-12-17
               cpua.c         70    extern    U2b CPUBA_HD_INDT1;
               cpua.c         71    extern    void CPUBA_HAND_INPORT_LOAD(void);
               cpua.c         72    
               cpua.c         73    //    2008-08-01
               cpua.c         74    extern    REMOTE_INDT_READ(void);     //; リモート入力読み込み(元々有り)
               cpua.c         75    extern    SQ_CARD_IN_REF1(void);      //2008-08-01
               cpua.c         76    
               cpua.c         77    
               cpua.c         78    
               cpua.c         79    
               cpua.c         80    //    2013-12-11 [mc]
               cpua.c         81    extern    void CPUD_START_CHK(void);
               cpua.c         82    extern    U2b CPUD_START_OK;
               cpua.c         83    extern    U2b SPL_ERR_INIT_WAIT_TIM;//5秒 2015-02-07
               cpua.c         84    
               cpua.c         85    
               cpua.c         86    
               cpua.c         87    
               cpua.c         88    void data_init1(void)
P   00000000              _data_init1:                     ; function: data_init1
                                                           ; frame size=4
    00000000 4F22                   STS.L       PR,@-R15
               cpua.c         89    {
               cpua.c         90      ASM_DMK1_DATA_INIT();       //ｼｽﾊﾟﾗ/設定/ﾃﾞｰﾀ転送:ﾏｽﾀのみの処理
    00000002 D3B7                   MOV.L       L111+2,R3  ; _ASM_DMK1_DATA_INIT
    00000004 430B                   JSR         @R3
    00000006 0009                   NOP
               cpua.c         91      ASM_DMY1_DATA_INIT();       //
    00000008 026A                   STS         FPSCR,R2
    0000000A D1B6                   MOV.L       L111+6,R1  ; H'FFE7FFFF
    0000000C 2219                   AND         R1,R2
    0000000E 426A                   LDS         R2,FPSCR
    00000010 D3B5                   MOV.L       L111+10,R3 ; _ASM_DMY1_DATA_INIT
    00000012 430B                   JSR         @R3
    00000014 0009                   NOP
    00000016 4F26                   LDS.L       @R15+,PR
               cpua.c         92    
               cpua.c         93    
               cpua.c         94    //    c_dmk1_data_init();     //ssc_k.c:位置決めのｲﾆｼｬﾙ処理(ﾏｽﾀ/OPTION同一):ｱﾄﾞﾚｽ設定
               cpua.c         95    //    c_dmy1_data_init();     //ssc_y.c
               cpua.c         96    }
    00000018 000B                   RTS
    0000001A 0009                   NOP
               cpua.c         97    
               cpua.c         98    #define       init_wt2_tim    50  //2ms*50=100ms
               cpua.c         99    
               cpua.c        100    void data_init2(void)
    0000001C              _data_init2:                     ; function: data_init2
                                                           ; frame size=8
    0000001C 2FE6                   MOV.L       R14,@-R15
    0000001E 4F22                   STS.L       PR,@-R15
               cpua.c        101    {
               cpua.c        102    
               cpua.c        103      SEQ_INIT();             //ssa_seqm.src
    00000020 D3B2                   MOV.L       L111+14,R3 ; _SEQ_INIT
    00000022 430B                   JSR         @R3
    00000024 0009                   NOP
    00000026 026A                   STS         FPSCR,R2
    00000028 D1AE                   MOV.L       L111+6,R1  ; H'FFE7FFFF
    0000002A 2219                   AND         R1,R2
    0000002C 426A                   LDS         R2,FPSCR
               cpua.c        104    
               cpua.c        105  E   data_init2_timer = 50;  
    0000002E E232                   MOV         #50,R2     ; H'00000032
    00000030 D1AF                   MOV.L       L111+18,R1 ; _data_init2_timer
    00000032 2121                   MOV.W       R2,@R1     ; data_init2_timer
               cpua.c        106    
               cpua.c        107      while(data_init2_timer){
    00000034 622D                   EXTU.W      R2,R2
    00000036 2228                   TST         R2,R2
    00000038 892F                   BT          L13
    0000003A              L14:
               cpua.c        108          WDT_Rifresh();          //
    0000003A D3AE                   MOV.L       L111+22,R3 ; _WDT_Rifresh
    0000003C 430B                   JSR         @R3
    0000003E 0009                   NOP
               cpua.c        109    
               cpua.c        110          REMOTE_INDT_READ();     //; リモート入力読み込み
    00000040 026A                   STS         FPSCR,R2
    00000042 DEA8                   MOV.L       L111+6,R14 ; H'FFE7FFFF
    00000044 22E9                   AND         R14,R2
    00000046 426A                   LDS         R2,FPSCR
    00000048 D3AB                   MOV.L       L111+26,R3 ; _REMOTE_INDT_READ
    0000004A 430B                   JSR         @R3
    0000004C 0009                   NOP
               cpua.c        111          SQ_CARD_IN_REF1();      //2008-08-01
    0000004E 026A                   STS         FPSCR,R2
    00000050 22E9                   AND         R14,R2
    00000052 426A                   LDS         R2,FPSCR
    00000054 D3A9                   MOV.L       L111+30,R3 ; _SQ_CARD_IN_REF1
    00000056 430B                   JSR         @R3
    00000058 0009                   NOP
               cpua.c        112    
               cpua.c        113          IOGA_DI_LOAD();         //ssa_dio.src
    0000005A 026A                   STS         FPSCR,R2
    0000005C 22E9                   AND         R14,R2
    0000005E 426A                   LDS         R2,FPSCR
    00000060 D3A7                   MOV.L       L111+34,R3 ; _IOGA_DI_LOAD
    00000062 430B                   JSR         @R3
    00000064 0009                   NOP
               cpua.c        114          SEQ_CB_WKINRAM_SET();       //ssa_dio.src
    00000066 026A                   STS         FPSCR,R2
    00000068 22E9                   AND         R14,R2
    0000006A 426A                   LDS         R2,FPSCR
    0000006C D3A5                   MOV.L       L111+38,R3 ; _SEQ_CB_WKINRAM_SET
    0000006E 430B                   JSR         @R3
    00000070 0009                   NOP
               cpua.c        115          POS_LSI_START();        //ssa_dio.src
    00000072 026A                   STS         FPSCR,R2
    00000074 22E9                   AND         R14,R2
    00000076 426A                   LDS         R2,FPSCR
    00000078 D3A3                   MOV.L       L111+42,R3 ; _POS_LSI_START
    0000007A 430B                   JSR         @R3
    0000007C 0009                   NOP
               cpua.c        116          POS_LSI_LATCH();        //ssa_dio.src
    0000007E 026A                   STS         FPSCR,R2
    00000080 22E9                   AND         R14,R2
    00000082 426A                   LDS         R2,FPSCR
    00000084 D3A1                   MOV.L       L111+46,R3 ; _POS_LSI_LATCH
    00000086 430B                   JSR         @R3
    00000088 0009                   NOP
    0000008A 026A                   STS         FPSCR,R2
    0000008C 22E9                   AND         R14,R2
    0000008E 426A                   LDS         R2,FPSCR
    00000090 D197                   MOV.L       L111+18,R1 ; _data_init2_timer
    00000092 6211                   MOV.W       @R1,R2     ; data_init2_timer
    00000094 622D                   EXTU.W      R2,R2
    00000096 2228                   TST         R2,R2
    00000098 8BCF                   BF          L14
    0000009A              L13:
               cpua.c        117      }
               cpua.c        118    
               cpua.c        119      SPL_ERR_INIT_WAIT_TIM=5000;//5秒 2015-02-07
    0000009A 918D                   MOV.W       L109,R1    ; H'1388
    0000009C 6713                   MOV         R1,R7
    0000009E D19C                   MOV.L       L111+50,R1 ; _SPL_ERR_INIT_WAIT_TIM
    000000A0 2171                   MOV.W       R7,@R1     ; SPL_ERR_INIT_WAIT_TIM
               cpua.c        120    
               cpua.c        121      RM_RDENB_ON();              //ssa_dio.src リモート RDENB ON
    000000A2 D39C                   MOV.L       L111+54,R3 ; _RM_RDENB_ON
    000000A4 430B                   JSR         @R3
    000000A6 0009                   NOP
    000000A8 4F26                   LDS.L       @R15+,PR
    000000AA 6EF6                   MOV.L       @R15+,R14
               cpua.c        122    //    ROM_SYSPAR_CMP_CHK();       //ssa_erry.inc シスパラ比較
               cpua.c        123    
               cpua.c        124    
               cpua.c        125    
               cpua.c        126    }
    000000AC 000B                   RTS
    000000AE 0009                   NOP
               cpua.c        127    
               cpua.c        128    
               cpua.c        129    extern    ASM_K1_CTRL_MAIN(void);
               cpua.c        130    extern    S2b CMP_ERR_STSA_INF4;
               cpua.c        131    void TestFunc(void);
               cpua.c        132    
               cpua.c        133    void main(void)
    000000B0              _main:                           ; function: main
                                                           ; frame size=8
    000000B0 2FE6                   MOV.L       R14,@-R15
    000000B2 4F22                   STS.L       PR,@-R15
               cpua.c        134    {
               cpua.c        135    //;   *******************************************
               cpua.c        136    //;   *** 割込み許可前1回処理     ***
               cpua.c        137    //;   *******************************************
               cpua.c        138    
               cpua.c        139      IOGA_OUT_INIT();        //ssa_dio.src
    000000B4 D398                   MOV.L       L111+58,R3 ; _IOGA_OUT_INIT
    000000B6 430B                   JSR         @R3
    000000B8 0009                   NOP
               cpua.c        140    
               cpua.c        141    //"FIRST"
               cpua.c        142      ASM_DMK1_SOFT_INIT();       //cb_src\k_src\ssa_k.src
    000000BA 026A                   STS         FPSCR,R2
    000000BC DE89                   MOV.L       L111+6,R14 ; H'FFE7FFFF
    000000BE 22E9                   AND         R14,R2
    000000C0 426A                   LDS         R2,FPSCR
    000000C2 D396                   MOV.L       L111+62,R3 ; _ASM_DMK1_SOFT_INIT
    000000C4 430B                   JSR         @R3
    000000C6 0009                   NOP
               cpua.c        143      ASM_DMY1_SOFT_INIT();       //cb_src\y_src\ssa_y.src
    000000C8 026A                   STS         FPSCR,R2
    000000CA 22E9                   AND         R14,R2
    000000CC 426A                   LDS         R2,FPSCR
    000000CE D394                   MOV.L       L111+66,R3 ; _ASM_DMY1_SOFT_INIT
    000000D0 430B                   JSR         @R3
    000000D2 0009                   NOP
               cpua.c        144    
               cpua.c        145    
               cpua.c        146    //    c_dmk1_soft_init();     //cb_src\k_src\ssc_k.c(割込解除前にする)
               cpua.c        147    //    c_dmy1_soft_init();     //cb_src\y_src\ssc_y.c(割込解除前にする)
               cpua.c        148    
               cpua.c        149      SR_INIT_SET();          //cb_src\comon\ssa_com1.src
    000000D4 026A                   STS         FPSCR,R2
    000000D6 22E9                   AND         R14,R2
    000000D8 426A                   LDS         R2,FPSCR
    000000DA D392                   MOV.L       L111+70,R3 ; _SR_INIT_SET
    000000DC 430B                   JSR         @R3
    000000DE 0009                   NOP
               cpua.c        150    
               cpua.c        151      INT_EI();
    000000E0 026A                   STS         FPSCR,R2
    000000E2 22E9                   AND         R14,R2
    000000E4 426A                   LDS         R2,FPSCR
    000000E6 D390                   MOV.L       L111+74,R3 ; _INT_EI
    000000E8 430B                   JSR         @R3
    000000EA 0009                   NOP
    000000EC 026A                   STS         FPSCR,R2
    000000EE 22E9                   AND         R14,R2
    000000F0 426A                   LDS         R2,FPSCR
               cpua.c        152    
               cpua.c        153    //    =============================================== //
               cpua.c        154    //    === タイムアウト付  2002-12-17 ﾊﾝﾄﾞｼｪｲｸ待ち     //
               cpua.c        155    //    ==============================================  //
               cpua.c        156      data_init2_timer =30000;//30.000*2=60秒
    000000F2 9162                   MOV.W       L109+2,R1  ; H'7530
    000000F4 6213                   MOV         R1,R2
    000000F6 D17E                   MOV.L       L111+18,R1 ; _data_init2_timer
    000000F8 2121                   MOV.W       R2,@R1     ; data_init2_timer
               cpua.c        157      while(data_init2_timer){
    000000FA 622D                   EXTU.W      R2,R2
    000000FC 2228                   TST         R2,R2
    000000FE 8925                   BT          L17
    00000100              L18:
               cpua.c        158          WDT_Rifresh();      //2002-12-17
    00000100 D37C                   MOV.L       L111+22,R3 ; _WDT_Rifresh
    00000102 430B                   JSR         @R3
    00000104 0009                   NOP
               cpua.c        159    
               cpua.c        160          CPUBA_HAND_INPORT_LOAD();//CPUBA_HD_INDT1;<=
    00000106 026A                   STS         FPSCR,R2
    00000108 DE76                   MOV.L       L111+6,R14 ; H'FFE7FFFF
    0000010A 22E9                   AND         R14,R2
    0000010C 426A                   LDS         R2,FPSCR
    0000010E D387                   MOV.L       L111+78,R3 ; _CPUBA_HAND_INPORT_LOAD
    00000110 430B                   JSR         @R3
    00000112 0009                   NOP
               cpua.c        161          CPUD_START_CHK();
    00000114 026A                   STS         FPSCR,R2
    00000116 22E9                   AND         R14,R2
    00000118 426A                   LDS         R2,FPSCR
    0000011A D385                   MOV.L       L111+82,R3 ; _CPUD_START_CHK
    0000011C 430B                   JSR         @R3
    0000011E 0009                   NOP
    00000120 026A                   STS         FPSCR,R2
    00000122 22E9                   AND         R14,R2
    00000124 426A                   LDS         R2,FPSCR
               cpua.c        162          if(CPUD_START_OK){//CPUD 移動
    00000126 D183                   MOV.L       L111+86,R1 ; _CPUD_START_OK
    00000128 6211                   MOV.W       @R1,R2     ; CPUD_START_OK
    0000012A 622D                   EXTU.W      R2,R2
    0000012C 2228                   TST         R2,R2
    0000012E 8908                   BT          L20
               cpua.c        163  E           if(CPUBA_HD_INDT1&0x8000){
    00000130 D181                   MOV.L       L111+90,R1 ; _CPUBA_HD_INDT1
    00000132 6711                   MOV.W       @R1,R7     ; CPUBA_HD_INDT1
    00000134 627D                   EXTU.W      R7,R2
    00000136 D181                   MOV.L       L111+94,R1 ; H'00008000
    00000138 2218                   TST         R1,R2
    0000013A 8902                   BT          L20
               cpua.c        164                  data_init2_timer =0;
    0000013C E100                   MOV         #0,R1      ; H'00000000
    0000013E D76C                   MOV.L       L111+18,R7 ; _data_init2_timer
    00000140 2711                   MOV.W       R1,@R7     ; data_init2_timer
    00000142              L20:
    00000142 D16B                   MOV.L       L111+18,R1 ; _data_init2_timer
    00000144 6211                   MOV.W       @R1,R2     ; data_init2_timer
    00000146 622D                   EXTU.W      R2,R2
    00000148 2228                   TST         R2,R2
    0000014A 8BD9                   BF          L18
    0000014C              L17:
               cpua.c        165              }
               cpua.c        166          }
               cpua.c        167    
               cpua.c        168          //2013-12 mc CPUBA_HAND_INPORT_LOAD();//CPUBA_HD_INDT1;<=
               cpua.c        169          //2013-12 mc if(CPUBA_HD_INDT1&cBIT15){//"H" END
               cpua.c        170          //2013-12 mc    data_init2_timer =0;
               cpua.c        171          //2013-12 mc }
               cpua.c        172      }
               cpua.c        173    
               cpua.c        174    
               cpua.c        175    
               cpua.c        176    
               cpua.c        177    
               cpua.c        178    //;   *******************************************
               cpua.c        179    //;   *** 割込み許可後1回処理     ***
               cpua.c        180    //;   *******************************************
               cpua.c        181      data_init1();           //ｲﾆｼｬﾙﾃﾞｰﾀｾｯﾄ
    0000014C BF58                   BSR         _data_init1
    0000014E 0009                   NOP
               cpua.c        182    
               cpua.c        183    //;   *******************************************
               cpua.c        184    //;   *** SH2からの動作許可後処理     ***
               cpua.c        185    //;   *******************************************
               cpua.c        186      SR_MAIN_SET();          //cb_src\comon\ssa_com1.src
    00000150 026A                   STS         FPSCR,R2
    00000152 DE64                   MOV.L       L111+6,R14 ; H'FFE7FFFF
    00000154 22E9                   AND         R14,R2
    00000156 426A                   LDS         R2,FPSCR
    00000158 D379                   MOV.L       L111+98,R3 ; _SR_MAIN_SET
    0000015A 430B                   JSR         @R3
    0000015C 0009                   NOP
               cpua.c        187    
               cpua.c        188      data_init2();           //ｲﾆｼｬﾙﾃﾞｰﾀｾｯﾄ
    0000015E 026A                   STS         FPSCR,R2
    00000160 22E9                   AND         R14,R2
    00000162 426A                   LDS         R2,FPSCR
    00000164 BF5A                   BSR         _data_init2
    00000166 0009                   NOP
    00000168 026A                   STS         FPSCR,R2
    0000016A 22E9                   AND         R14,R2
    0000016C 426A                   LDS         R2,FPSCR
               cpua.c        189    
               cpua.c        190    
               cpua.c        191    //;   *******************************************
               cpua.c        192    //;   *** MAINｽｷｬﾝ処理            ***
               cpua.c        193    //;   *******************************************
               cpua.c        194      while(1){
    0000016E E101                   MOV         #1,R1      ; H'00000001
    00000170 6013                   MOV         R1,R0
    00000172 8800                   CMP/EQ      #0,R0
    00000174 891C                   BT          L22
    00000176              L23:
               cpua.c        195      
               cpua.c        196          WDT_Rifresh();      //
    00000176 D35F                   MOV.L       L111+22,R3 ; _WDT_Rifresh
    00000178 430B                   JSR         @R3
    0000017A 0009                   NOP
               cpua.c        197    
               cpua.c        198    ///////       IOGA_DI_LOAD();         //ssa_dio.src
               cpua.c        199    ///////       SEQ_CB_WKINRAM_SET();       //ssa_dio.src
               cpua.c        200    
               cpua.c        201    //        c_dmk1_data_main();     //ssc_k.c
               cpua.c        202    //        c_dmy1_data_main();     //ssc_y.c
               cpua.c        203          ASM_K1_CTRL_MAIN();
    0000017C 026A                   STS         FPSCR,R2
    0000017E DE59                   MOV.L       L111+6,R14 ; H'FFE7FFFF
    00000180 22E9                   AND         R14,R2
    00000182 426A                   LDS         R2,FPSCR
    00000184 D36F                   MOV.L       L111+102,R3; _ASM_K1_CTRL_MAIN
    00000186 430B                   JSR         @R3
    00000188 0009                   NOP
               cpua.c        204    ////      c_k1_ctrl_main();       //ssc_k.c
               cpua.c        205    //        c_y1_ctrl_main();       //ssc_y.c
               cpua.c        206    
               cpua.c        207          ASM_Y1_CTRL_MAIN();     //メインスキャン
    0000018A 026A                   STS         FPSCR,R2
    0000018C 22E9                   AND         R14,R2
    0000018E 426A                   LDS         R2,FPSCR
    00000190 D36D                   MOV.L       L111+106,R3; _ASM_Y1_CTRL_MAIN
    00000192 430B                   JSR         @R3
    00000194 0009                   NOP
               cpua.c        208    
               cpua.c        209    ///////       SEQ_CB_DP_WR();         //クラッチで使用しているデータをDPRAMへ転送
               cpua.c        210    
               cpua.c        211          ASM_VUP_MAIN();
    00000196 026A                   STS         FPSCR,R2
    00000198 22E9                   AND         R14,R2
    0000019A 426A                   LDS         R2,FPSCR
    0000019C D36B                   MOV.L       L111+110,R3; _ASM_VUP_MAIN
    0000019E 430B                   JSR         @R3
    000001A0 0009                   NOP
    000001A2 026A                   STS         FPSCR,R2
    000001A4 22E9                   AND         R14,R2
    000001A6 426A                   LDS         R2,FPSCR
    000001A8 E101                   MOV         #1,R1      ; H'00000001
    000001AA 6013                   MOV         R1,R0
    000001AC 8800                   CMP/EQ      #0,R0
    000001AE 8BE2                   BF          L23
    000001B0              L22:
    000001B0 4F26                   LDS.L       @R15+,PR
    000001B2 6EF6                   MOV.L       @R15+,R14
               cpua.c        212    
               cpua.c        213    //
               cpua.c        214    //        TestFunc();
               cpua.c        215    
               cpua.c        216      }
               cpua.c        217    
               cpua.c        218    }
    000001B4 000B                   RTS
    000001B6 0009                   NOP
    000001B8              L109:
    000001B8 1388                   .DATA.W     H'1388
    000001BA 7530                   .DATA.W     H'7530
               cpua.c        219    
               cpua.c        220    
               cpua.c        221    
               cpua.c        222    /*    *******************************************     */
               cpua.c        223    /*    ***                                     ***     */
               cpua.c        224    /*    ***                                     ***     */
               cpua.c        225    /*    ***                                     ***     */
               cpua.c        226    /*    ***                                     ***     */
               cpua.c        227    /*    ***                                     ***     */
               cpua.c        228    /*    ***                                     ***     */
               cpua.c        229    /*    ***                                     ***     */
               cpua.c        230    /*    ***                                     ***     */
               cpua.c        231    /*    ***                                     ***     */
               cpua.c        232    /*    ***                                     ***     */
               cpua.c        233    /*    ***                                     ***     */
               cpua.c        234    /*    ***                                     ***     */
               cpua.c        235    /*    *******************************************     */
               cpua.c        236    /*    4byte*4byte=8byte                               */
               cpua.c        237    /*    4byte*4byte/4byte=4byte                         */
               cpua.c        238    /*    8byte/4byte=4byte                               */
               cpua.c        239    /*    8byte+8byte                                     */
               cpua.c        240    /*    8byte-8byte                                     */
               cpua.c        241    /*    cmp 8byte                                       */
               cpua.c        242    /*    intel                                           */
               cpua.c        243    /*    +0(LL),1(LM),2(LH),3(ML)                        */
               cpua.c        244    /*    +4(MH),5(HL),6(HM),7(HH)                        */
               cpua.c        245    /*    INTEL/MOTで使用できること　ansはintelだけど     */
               cpua.c        246    
               cpua.c        247    /*    *******************************************************     */
               cpua.c        248    /*    ***                                                 ***     */
               cpua.c        249    /*    ***     4byte(31bit)*4byte(31bit)=8byte(62bit)      ***     */
               cpua.c        250    /*    ***                                                 ***     */
               cpua.c        251    /*    ***                                                 ***     */
               cpua.c        252    /*    *******************************************************     */
               cpua.c        253    void intel_Mul_S4b_S4b_ansS8b(signed long mul_dat1,signed long mul_dat2,signed long *data8b){
    000001BC              _intel_Mul_S4b_S4b_ansS8b:       ; function: intel_Mul_S4b_S4b_ansS8b
                                                           ; frame size=64
    000001BC 2FD6                   MOV.L       R13,@-R15
    000001BE 2FE6                   MOV.L       R14,@-R15
    000001C0 4F12                   STS.L       MACL,@-R15
    000001C2 7FCC                   ADD         #-52,R15
               cpua.c        254      signed char shin=0;
    000001C4 6163                   MOV         R6,R1
    000001C6 E700                   MOV         #0,R7      ; H'00000000
               cpua.c        255      unsigned long dat1_L,dat1_H;
               cpua.c        256      unsigned long dat2_L,dat2_H;
               cpua.c        257    
               cpua.c        258      /* 途中の計算　4回の掛け算 */
               cpua.c        259      unsigned long dat_1L2L,dat_1H2L,dat_1L2H,dat_1H2H;
               cpua.c        260      unsigned short dat[4];
               cpua.c        261      unsigned long wk4b1,wk4b2;
               cpua.c        262    
               cpua.c        263      if(mul_dat1<0){
    000001C8 4411                   CMP/PZ      R4
    000001CA 8904                   BT          L26
               cpua.c        264          mul_dat1=0-mul_dat1;
    000001CC 644B                   NEG         R4,R4
               cpua.c        265          shin +=1;
    000001CE 677E                   EXTS.B      R7,R7
    000001D0 6273                   MOV         R7,R2
    000001D2 7201                   ADD         #1,R2
    000001D4 6723                   MOV         R2,R7
    000001D6              L26:
               cpua.c        266      }
               cpua.c        267      dat1_H=mul_dat1/0x10000;
    000001D6 6243                   MOV         R4,R2
    000001D8 4211                   CMP/PZ      R2
    000001DA 8901                   BT          L28
    000001DC D65C                   MOV.L       L111+114,R6; H'0000FFFF
    000001DE 326C                   ADD         R6,R2
    000001E0              L28:
    000001E0 4229                   SHLR16      R2
    000001E2 622F                   EXTS.W      R2,R2
               cpua.c        268      dat1_L=mul_dat1-(dat1_H*0x10000);
    000001E4 6623                   MOV         R2,R6
    000001E6 4628                   SHLL16      R6
    000001E8 6E43                   MOV         R4,R14
    000001EA 3E68                   SUB         R6,R14
               cpua.c        269    
               cpua.c        270    
               cpua.c        271      if(mul_dat2<0){
    000001EC 4511                   CMP/PZ      R5
    000001EE 8904                   BT          L30
               cpua.c        272          mul_dat2=0-mul_dat2;
    000001F0 655B                   NEG         R5,R5
               cpua.c        273          shin -=1;
    000001F2 677E                   EXTS.B      R7,R7
    000001F4 6673                   MOV         R7,R6
    000001F6 76FF                   ADD         #-1,R6
    000001F8 6763                   MOV         R6,R7
    000001FA              L30:
               cpua.c        274      }
               cpua.c        275      dat2_H=mul_dat2/0x10000;
    000001FA 6653                   MOV         R5,R6
    000001FC 4611                   CMP/PZ      R6
    000001FE 8901                   BT          L32
    00000200 D453                   MOV.L       L111+114,R4; H'0000FFFF
    00000202 364C                   ADD         R4,R6
    00000204              L32:
    00000204 4629                   SHLR16      R6
    00000206 666F                   EXTS.W      R6,R6
               cpua.c        276      dat2_L=mul_dat2-(dat2_H*0x10000);
    00000208 6D53                   MOV         R5,R13
    0000020A 6563                   MOV         R6,R5
    0000020C 4528                   SHLL16      R5
    0000020E 64D3                   MOV         R13,R4
    00000210 3458                   SUB         R5,R4
               cpua.c        277    
               cpua.c        278      dat_1L2L=dat1_L*dat2_L;
    00000212 04E7                   MUL.L       R14,R4
    00000214 051A                   STS         MACL,R5
    00000216 6D53                   MOV         R5,R13
    00000218 65D3                   MOV         R13,R5
               cpua.c        279      dat_1H2L=dat1_H*dat2_L;
    0000021A 0427                   MUL.L       R2,R4
    0000021C 041A                   STS         MACL,R4
    0000021E 6D43                   MOV         R4,R13
               cpua.c        280      dat_1L2H=dat1_L*dat2_H;
    00000220 06E7                   MUL.L       R14,R6
    00000222 041A                   STS         MACL,R4
    00000224 6E43                   MOV         R4,R14
               cpua.c        281      dat_1H2H=dat1_H*dat2_H;
    00000226 0627                   MUL.L       R2,R6
    00000228 041A                   STS         MACL,R4
               cpua.c        282    
               cpua.c        283      wk4b1=dat_1L2L/0x10000;
    0000022A 6253                   MOV         R5,R2
    0000022C 4229                   SHLR16      R2
               cpua.c        284      dat[0]=dat_1L2L-wk4b1*0x10000;      /* LL(word) bit0~bit15 */
    0000022E 6623                   MOV         R2,R6
    00000230 4628                   SHLL16      R6
    00000232 3568                   SUB         R6,R5
    00000234 E024                   MOV         #36,R0     ; H'00000024
    00000236 0F55                   MOV.W       R5,@(R0,R15); dat[]
               cpua.c        285    
               cpua.c        286      wk4b1=wk4b1+dat_1H2L;
    00000238 32DC                   ADD         R13,R2
               cpua.c        287      if(wk4b1<dat_1H2L){ /* 桁上げが発生した */
    0000023A 32D2                   CMP/HS      R13,R2
    0000023C 8901                   BT          L34
               cpua.c        288          dat_1H2H=dat_1H2H+0x10000;      /* bit32~bit47の足し算 */
    0000023E D545                   MOV.L       L111+118,R5; H'00010000
    00000240 345C                   ADD         R5,R4
    00000242              L34:
               cpua.c        289      }
               cpua.c        290    
               cpua.c        291      wk4b1=wk4b1+dat_1L2H;
    00000242 32EC                   ADD         R14,R2
               cpua.c        292      if(wk4b1<dat_1L2H){                     /* 桁上げが発生した */
    00000244 32E2                   CMP/HS      R14,R2
    00000246 8901                   BT          L36
               cpua.c        293          dat_1H2H=dat_1H2H+0x10000;          /* bit32~bit47の足し算 */
    00000248 D542                   MOV.L       L111+118,R5; H'00010000
    0000024A 345C                   ADD         R5,R4
    0000024C              L36:
               cpua.c        294      }
               cpua.c        295      wk4b2=wk4b1/0x10000;
    0000024C 6623                   MOV         R2,R6
    0000024E 4629                   SHLR16      R6
               cpua.c        296      dat[1]=wk4b1-wk4b2*0x10000;             /* LH(word) bit16~bit31 */
    00000250 6523                   MOV         R2,R5
    00000252 6263                   MOV         R6,R2
    00000254 4228                   SHLL16      R2
    00000256 3528                   SUB         R2,R5
    00000258 E026                   MOV         #38,R0     ; H'00000026
    0000025A 0F55                   MOV.W       R5,@(R0,R15); dat[]
               cpua.c        297    
               cpua.c        298      wk4b2=wk4b2+dat_1H2H;
    0000025C 364C                   ADD         R4,R6
               cpua.c        299      wk4b1=wk4b2/0x10000;
    0000025E 6263                   MOV         R6,R2
    00000260 4229                   SHLR16      R2
               cpua.c        300      dat[2]=wk4b2-wk4b1*0x10000;             /* bit32~bit47 */
    00000262 6523                   MOV         R2,R5
    00000264 4528                   SHLL16      R5
    00000266 3658                   SUB         R5,R6
    00000268 E028                   MOV         #40,R0     ; H'00000028
    0000026A 0F65                   MOV.W       R6,@(R0,R15); dat[]
               cpua.c        301      dat[3]=wk4b1;                           /* bit48~bit63 */
    0000026C E02A                   MOV         #42,R0     ; H'0000002A
    0000026E 0F25                   MOV.W       R2,@(R0,R15); dat[]
               cpua.c        302    
               cpua.c        303      if(shin){
    00000270 677E                   EXTS.B      R7,R7
    00000272 2778                   TST         R7,R7
    00000274 8B01                   BF          L114
    00000276 A082                   BRA         L38
    00000278 0009                   NOP
    0000027A              L114:
               cpua.c        304          dat[0]=~dat[0];
    0000027A E024                   MOV         #36,R0     ; H'00000024
    0000027C 02FD                   MOV.W       @(R0,R15),R2; dat[]
    0000027E 662D                   EXTU.W      R2,R6
    00000280 6267                   NOT         R6,R2
    00000282 E024                   MOV         #36,R0     ; H'00000024
    00000284 0F25                   MOV.W       R2,@(R0,R15); dat[]
               cpua.c        305          dat[1]=~dat[1];
    00000286 E026                   MOV         #38,R0     ; H'00000026
    00000288 02FD                   MOV.W       @(R0,R15),R2; dat[]
    0000028A 662D                   EXTU.W      R2,R6
    0000028C 6267                   NOT         R6,R2
    0000028E E026                   MOV         #38,R0     ; H'00000026
    00000290 0F25                   MOV.W       R2,@(R0,R15); dat[]
               cpua.c        306          dat[2]=~dat[2];
    00000292 E028                   MOV         #40,R0     ; H'00000028
    00000294 02FD                   MOV.W       @(R0,R15),R2; dat[]
    00000296 662D                   EXTU.W      R2,R6
    00000298 6267                   NOT         R6,R2
    0000029A E028                   MOV         #40,R0     ; H'00000028
    0000029C 0F25                   MOV.W       R2,@(R0,R15); dat[]
               cpua.c        307          dat[3]=~dat[3];
    0000029E E02A                   MOV         #42,R0     ; H'0000002A
    000002A0 02FD                   MOV.W       @(R0,R15),R2; dat[]
    000002A2 662D                   EXTU.W      R2,R6
    000002A4 6267                   NOT         R6,R2
    000002A6 E02A                   MOV         #42,R0     ; H'0000002A
    000002A8 0F25                   MOV.W       R2,@(R0,R15); dat[]
               cpua.c        308          dat[0]=dat[0]+1;
    000002AA E024                   MOV         #36,R0     ; H'00000024
    000002AC 02FD                   MOV.W       @(R0,R15),R2; dat[]
    000002AE 622D                   EXTU.W      R2,R2
    000002B0 6623                   MOV         R2,R6
    000002B2 7601                   ADD         #1,R6
    000002B4 E024                   MOV         #36,R0     ; H'00000024
    000002B6 0F65                   MOV.W       R6,@(R0,R15); dat[]
               cpua.c        309          if(dat[0]==0){  //桁上げ発生
    000002B8 E024                   MOV         #36,R0     ; H'00000024
    000002BA 02FD                   MOV.W       @(R0,R15),R2; dat[]
    000002BC 662D                   EXTU.W      R2,R6
    000002BE 2668                   TST         R6,R6
    000002C0 8B5D                   BF          L38
               cpua.c        310              dat[1]=dat[1]+1;
    000002C2 E026                   MOV         #38,R0     ; H'00000026
    000002C4 02FD                   MOV.W       @(R0,R15),R2; dat[]
    000002C6 622D                   EXTU.W      R2,R2
    000002C8 6623                   MOV         R2,R6
    000002CA 7601                   ADD         #1,R6
    000002CC E026                   MOV         #38,R0     ; H'00000026
    000002CE 0F65                   MOV.W       R6,@(R0,R15); dat[]
               cpua.c        311              if(dat[1]==0){
    000002D0 E026                   MOV         #38,R0     ; H'00000026
    000002D2 02FD                   MOV.W       @(R0,R15),R2; dat[]
    000002D4 662D                   EXTU.W      R2,R6
    000002D6 2668                   TST         R6,R6
    000002D8 8B51                   BF          L38
    000002DA A03D                   BRA         L110
    000002DC 0009                   NOP
    000002DE              L111:
    000002DE 00000002               .RES.W      1
    000002E0 <00000000>             .DATA.L     _ASM_DMK1_DATA_INIT
    000002E4 FFE7FFFF               .DATA.L     H'FFE7FFFF
    000002E8 <00000000>             .DATA.L     _ASM_DMY1_DATA_INIT
    000002EC <00000000>             .DATA.L     _SEQ_INIT
    000002F0 <00000000>             .DATA.L     _data_init2_timer
    000002F4 <00000000>             .DATA.L     _WDT_Rifresh
    000002F8 <00000000>             .DATA.L     _REMOTE_INDT_READ
    000002FC <00000000>             .DATA.L     _SQ_CARD_IN_REF1
    00000300 <00000000>             .DATA.L     _IOGA_DI_LOAD
    00000304 <00000000>             .DATA.L     _SEQ_CB_WKINRAM_SET
    00000308 <00000000>             .DATA.L     _POS_LSI_START
    0000030C <00000000>             .DATA.L     _POS_LSI_LATCH
    00000310 <00000000>             .DATA.L     _SPL_ERR_INIT_WAIT_TIM
    00000314 <00000000>             .DATA.L     _RM_RDENB_ON
    00000318 <00000000>             .DATA.L     _IOGA_OUT_INIT
    0000031C <00000000>             .DATA.L     _ASM_DMK1_SOFT_INIT
    00000320 <00000000>             .DATA.L     _ASM_DMY1_SOFT_INIT
    00000324 <00000000>             .DATA.L     _SR_INIT_SET
    00000328 <00000000>             .DATA.L     _INT_EI
    0000032C <00000000>             .DATA.L     _CPUBA_HAND_INPORT_LOAD
    00000330 <00000000>             .DATA.L     _CPUD_START_CHK
    00000334 <00000000>             .DATA.L     _CPUD_START_OK
    00000338 <00000000>             .DATA.L     _CPUBA_HD_INDT1
    0000033C 00008000               .DATA.L     H'00008000
    00000340 <00000000>             .DATA.L     _SR_MAIN_SET
    00000344 <00000000>             .DATA.L     _ASM_K1_CTRL_MAIN
    00000348 <00000000>             .DATA.L     _ASM_Y1_CTRL_MAIN
    0000034C <00000000>             .DATA.L     _ASM_VUP_MAIN
    00000350 0000FFFF               .DATA.L     H'0000FFFF
    00000354 00010000               .DATA.L     H'00010000
    00000358              L110:
               cpua.c        312                  dat[2]=dat[2]+1;
    00000358 E028                   MOV         #40,R0     ; H'00000028
    0000035A 02FD                   MOV.W       @(R0,R15),R2; dat[]
    0000035C 622D                   EXTU.W      R2,R2
    0000035E 6623                   MOV         R2,R6
    00000360 7601                   ADD         #1,R6
    00000362 E028                   MOV         #40,R0     ; H'00000028
    00000364 0F65                   MOV.W       R6,@(R0,R15); dat[]
               cpua.c        313                  if(dat[2]==0){
    00000366 E028                   MOV         #40,R0     ; H'00000028
    00000368 02FD                   MOV.W       @(R0,R15),R2; dat[]
    0000036A 662D                   EXTU.W      R2,R6
    0000036C 2668                   TST         R6,R6
    0000036E 8B06                   BF          L38
               cpua.c        314                      dat[3]=dat[3]+1;
    00000370 E02A                   MOV         #42,R0     ; H'0000002A
    00000372 02FD                   MOV.W       @(R0,R15),R2; dat[]
    00000374 622D                   EXTU.W      R2,R2
    00000376 6623                   MOV         R2,R6
    00000378 7601                   ADD         #1,R6
    0000037A E02A                   MOV         #42,R0     ; H'0000002A
    0000037C 0F65                   MOV.W       R6,@(R0,R15); dat[]
    0000037E              L38:
               cpua.c        315                  }
               cpua.c        316              }
               cpua.c        317          }
               cpua.c        318      }
               cpua.c        319    
               cpua.c        320    
               cpua.c        321      data8b[0]=dat[1]*0x10000+dat[0];
    0000037E E026                   MOV         #38,R0     ; H'00000026
    00000380 02FD                   MOV.W       @(R0,R15),R2; dat[]
    00000382 662D                   EXTU.W      R2,R6
    00000384 6263                   MOV         R6,R2
    00000386 4228                   SHLL16      R2
    00000388 E024                   MOV         #36,R0     ; H'00000024
    0000038A 06FD                   MOV.W       @(R0,R15),R6; dat[]
    0000038C 666D                   EXTU.W      R6,R6
    0000038E 326C                   ADD         R6,R2
    00000390 2122                   MOV.L       R2,@R1     ; data8b[]
               cpua.c        322      data8b[1]=dat[3]*0x10000+dat[2];
    00000392 E02A                   MOV         #42,R0     ; H'0000002A
    00000394 02FD                   MOV.W       @(R0,R15),R2; dat[]
    00000396 662D                   EXTU.W      R2,R6
    00000398 6263                   MOV         R6,R2
    0000039A 4228                   SHLL16      R2
    0000039C E028                   MOV         #40,R0     ; H'00000028
    0000039E 06FD                   MOV.W       @(R0,R15),R6; dat[]
    000003A0 666D                   EXTU.W      R6,R6
    000003A2 326C                   ADD         R6,R2
    000003A4 1121                   MOV.L       R2,@(4,R1) ; data8b[]
    000003A6 7F34                   ADD         #52,R15
    000003A8 4F16                   LDS.L       @R15+,MACL
    000003AA 6EF6                   MOV.L       @R15+,R14
    000003AC 6DF6                   MOV.L       @R15+,R13
               cpua.c        323    
               cpua.c        324    }
    000003AE 000B                   RTS
    000003B0 0009                   NOP
               cpua.c        325    
               cpua.c        326    /*    *******************************************************     */
               cpua.c        327    /*    ***                                                 ***     */
               cpua.c        328    /*    ***     8byte(63bit)*4byte(31bit)=4byte(31bit)      ***     */
               cpua.c        329    /*    ***                                                 ***     */
               cpua.c        330    /*    ***                                                 ***     */
               cpua.c        331    /*    *******************************************************     */
               cpua.c        332    /*    割り算がオーバフロした場合はデータに0を返す */
               cpua.c        333    S4b intel_Div_S8b_S4b_ansS4b(signed long *data8b,signed long div_dat){
    000003B2              _intel_Div_S8b_S4b_ansS4b:       ; function: intel_Div_S8b_S4b_ansS4b
                                                           ; frame size=32
    000003B2 2F96                   MOV.L       R9,@-R15
    000003B4 7FE4                   ADD         #-28,R15
               cpua.c        334      signed char shin=0;
    000003B6 6243                   MOV         R4,R2
    000003B8 E700                   MOV         #0,R7      ; H'00000000
               cpua.c        335      signed char overf=0;
    000003BA E400                   MOV         #0,R4      ; H'00000000
               cpua.c        336      int i,cnt;
               cpua.c        337      unsigned long dat;
               cpua.c        338      unsigned long dat_L,dat_H;
               cpua.c        339    
               cpua.c        340      dat_L=data8b[0];
    000003BC 6622                   MOV.L       @R2,R6     ; data8b[]
               cpua.c        341      dat_H=data8b[1];
    000003BE 5121                   MOV.L       @(4,R2),R1 ; data8b[]
    000003C0 6213                   MOV         R1,R2
               cpua.c        342      if(0x80000000<=dat_H){
    000003C2 D163                   MOV.L       L112,R1    ; H'80000000
    000003C4 3212                   CMP/HS      R1,R2
    000003C6 8B09                   BF          L45
               cpua.c        343          dat_L= ~dat_L;
    000003C8 6667                   NOT         R6,R6
               cpua.c        344          dat_H= ~dat_H;
    000003CA 6227                   NOT         R2,R2
               cpua.c        345          dat_L +=1;
    000003CC 7601                   ADD         #1,R6
               cpua.c        346          if(dat_L==0){
    000003CE 2668                   TST         R6,R6
    000003D0 8B00                   BF          L47
               cpua.c        347              dat_H +=1;
    000003D2 7201                   ADD         #1,R2
    000003D4              L47:
               cpua.c        348          }
               cpua.c        349          shin +=1;
    000003D4 677E                   EXTS.B      R7,R7
    000003D6 6173                   MOV         R7,R1
    000003D8 7101                   ADD         #1,R1
    000003DA 6713                   MOV         R1,R7
    000003DC              L45:
               cpua.c        350      }
               cpua.c        351    
               cpua.c        352      if(div_dat<0){
    000003DC 4511                   CMP/PZ      R5
    000003DE 8904                   BT          L49
               cpua.c        353          div_dat=0-div_dat;
    000003E0 655B                   NEG         R5,R5
               cpua.c        354          shin -=1;
    000003E2 677E                   EXTS.B      R7,R7
    000003E4 6173                   MOV         R7,R1
    000003E6 71FF                   ADD         #-1,R1
    000003E8 6713                   MOV         R1,R7
    000003EA              L49:
               cpua.c        355      }
               cpua.c        356    
               cpua.c        357      if(div_dat==0){overf=1;}
    000003EA 2558                   TST         R5,R5
    000003EC 8B00                   BF          L51
    000003EE E401                   MOV         #1,R4      ; H'00000001
    000003F0              L51:
               cpua.c        358      if(div_dat<=dat_H){overf=1;}
    000003F0 3526                   CMP/HI      R2,R5
    000003F2 8900                   BT          L53
    000003F4 E401                   MOV         #1,R4      ; H'00000001
    000003F6              L53:
               cpua.c        359    
               cpua.c        360      if(overf==0){
    000003F6 644E                   EXTS.B      R4,R4
    000003F8 2448                   TST         R4,R4
    000003FA 8B29                   BF          L55
               cpua.c        361          dat=0;
    000003FC E400                   MOV         #0,R4      ; H'00000000
               cpua.c        362    
               cpua.c        363          dat_H=dat_H<<1;
    000003FE 4200                   SHLL        R2
               cpua.c        364          if(dat_L&0x80000000){
    00000400 D153                   MOV.L       L112,R1    ; H'80000000
    00000402 2618                   TST         R1,R6
    00000404 8903                   BT          L57
               cpua.c        365              dat_H |= 1;
    00000406 E101                   MOV         #1,R1      ; H'00000001
    00000408 221B                   OR          R1,R2
    0000040A A002                   BRA         L58
    0000040C 0009                   NOP
    0000040E              L57:
               cpua.c        366          }else{
               cpua.c        367              dat_H &= 0xfffffffe;
    0000040E E1FE                   MOV         #-2,R1     ; H'FFFFFFFE
    00000410 2219                   AND         R1,R2
    00000412              L58:
               cpua.c        368          }
               cpua.c        369          dat_L=dat_L<<1;
    00000412 4600                   SHLL        R6
               cpua.c        370    
               cpua.c        371          for(i=0;i<31;i++){
    00000414 E100                   MOV         #0,R1      ; H'00000000
    00000416 E91F                   MOV         #31,R9     ; H'0000001F
    00000418 3193                   CMP/GE      R9,R1
    0000041A 8914                   BT          L59
    0000041C              L60:
               cpua.c        372    
               cpua.c        373              if(div_dat<=dat_H){
    0000041C 3526                   CMP/HI      R2,R5
    0000041E 8902                   BT          L62
               cpua.c        374                  dat_H=dat_H-div_dat;
    00000420 3258                   SUB         R5,R2
               cpua.c        375                  dat |=1;
    00000422 E901                   MOV         #1,R9      ; H'00000001
    00000424 249B                   OR          R9,R4
    00000426              L62:
               cpua.c        376              }
               cpua.c        377              
               cpua.c        378              dat=(dat<<1);
    00000426 4400                   SHLL        R4
               cpua.c        379    
               cpua.c        380              dat_H=dat_H<<1;
    00000428 4200                   SHLL        R2
               cpua.c        381              if(dat_L&0x80000000){
    0000042A D949                   MOV.L       L112,R9    ; H'80000000
    0000042C 2698                   TST         R9,R6
    0000042E 8903                   BT          L64
               cpua.c        382                  dat_H |=1;
    00000430 E901                   MOV         #1,R9      ; H'00000001
    00000432 229B                   OR          R9,R2
    00000434 A002                   BRA         L65
    00000436 0009                   NOP
    00000438              L64:
               cpua.c        383              }else{
               cpua.c        384                  dat_H &= 0xfffffffe;
    00000438 E9FE                   MOV         #-2,R9     ; H'FFFFFFFE
    0000043A 2299                   AND         R9,R2
    0000043C              L65:
               cpua.c        385              }
               cpua.c        386              dat_L=dat_L<<1;
    0000043C 4600                   SHLL        R6
    0000043E 7101                   ADD         #1,R1
    00000440 E91F                   MOV         #31,R9     ; H'0000001F
    00000442 3193                   CMP/GE      R9,R1
    00000444 8BEA                   BF          L60
    00000446              L59:
               cpua.c        387          }
               cpua.c        388    
               cpua.c        389          if(div_dat<=dat_H){
    00000446 3526                   CMP/HI      R2,R5
    00000448 8902                   BT          L55
               cpua.c        390              dat_H=dat_H-div_dat;
    0000044A 3258                   SUB         R5,R2
               cpua.c        391              dat |=1;
    0000044C E101                   MOV         #1,R1      ; H'00000001
    0000044E 241B                   OR          R1,R4
    00000450              L55:
               cpua.c        392          }
               cpua.c        393    
               cpua.c        394      }
               cpua.c        395      if(shin){
    00000450 677E                   EXTS.B      R7,R7
    00000452 2778                   TST         R7,R7
    00000454 8900                   BT          L68
               cpua.c        396          dat=0-dat;
    00000456 644B                   NEG         R4,R4
    00000458              L68:
    00000458 6043                   MOV         R4,R0
    0000045A 7F1C                   ADD         #28,R15
    0000045C 69F6                   MOV.L       @R15+,R9
               cpua.c        397      }
               cpua.c        398    
               cpua.c        399      return(dat);
               cpua.c        400    
               cpua.c        401    }
    0000045E 000B                   RTS
    00000460 0009                   NOP
               cpua.c        402    
               cpua.c        403    /*    *******************************************************     */
               cpua.c        404    /*    ***                                                 ***     */
               cpua.c        405    /*    ***                                                 ***     */
               cpua.c        406    /*    ***                                                 ***     */
               cpua.c        407    /*    *******************************************************     */
               cpua.c        408    void intel_S8bAddS8b_ansS8b(signed long *src_8b,signed long *add_8b,signed long *ansdata8b){
    00000462              _intel_S8bAddS8b_ansS8b:         ; function: intel_S8bAddS8b_ansS8b
                                                           ; frame size=28
    00000462 2FE6                   MOV.L       R14,@-R15
    00000464 7FE8                   ADD         #-24,R15
               cpua.c        409      unsigned long dat1_L,dat1_H;
               cpua.c        410      unsigned long dat2_L,dat2_H;
               cpua.c        411      unsigned long dat3_L,dat3_H;
               cpua.c        412    
               cpua.c        413      dat1_L=src_8b[0];
    00000466 6142                   MOV.L       @R4,R1     ; src_8b[]
               cpua.c        414      dat1_H=src_8b[1];
    00000468 5241                   MOV.L       @(4,R4),R2 ; src_8b[]
    0000046A 6E23                   MOV         R2,R14
               cpua.c        415    
               cpua.c        416      dat2_L=add_8b[0];
    0000046C 6452                   MOV.L       @R5,R4     ; add_8b[]
               cpua.c        417      dat2_H=add_8b[1];
    0000046E 5751                   MOV.L       @(4,R5),R7 ; add_8b[]
               cpua.c        418    
               cpua.c        419      dat3_H=0;
    00000470 E200                   MOV         #0,R2      ; H'00000000
               cpua.c        420      dat3_L=dat1_L+dat2_L;
    00000472 6513                   MOV         R1,R5
    00000474 354C                   ADD         R4,R5
               cpua.c        421      if(dat3_L<dat1_L){
    00000476 3512                   CMP/HS      R1,R5
    00000478 8900                   BT          L72
               cpua.c        422          dat3_H=1;
    0000047A E201                   MOV         #1,R2      ; H'00000001
    0000047C              L72:
               cpua.c        423      }
               cpua.c        424      dat3_H=dat3_H+dat2_H+dat1_H;
    0000047C 327C                   ADD         R7,R2
    0000047E 32EC                   ADD         R14,R2
               cpua.c        425      ansdata8b[0]=dat3_L;
    00000480 2652                   MOV.L       R5,@R6     ; ansdata8b[]
               cpua.c        426      ansdata8b[1]=dat3_H;
    00000482 1621                   MOV.L       R2,@(4,R6) ; ansdata8b[]
    00000484 7F18                   ADD         #24,R15
    00000486 6EF6                   MOV.L       @R15+,R14
               cpua.c        427    
               cpua.c        428    
               cpua.c        429    }
    00000488 000B                   RTS
    0000048A 0009                   NOP
               cpua.c        430    void intel_S8bSubS8b_ansS8b(signed long *src_8b,signed long *sub_8b,signed long *ansdata8b){
    0000048C              _intel_S8bSubS8b_ansS8b:         ; function: intel_S8bSubS8b_ansS8b
                                                           ; frame size=28
    0000048C 2FE6                   MOV.L       R14,@-R15
    0000048E 7FE8                   ADD         #-24,R15
               cpua.c        431      unsigned long dat1_L,dat1_H;
               cpua.c        432      unsigned long dat2_L,dat2_H;
               cpua.c        433      unsigned long dat3_L,dat3_H;
               cpua.c        434    
               cpua.c        435      dat1_L=src_8b[0];
    00000490 6142                   MOV.L       @R4,R1     ; src_8b[]
               cpua.c        436      dat1_H=src_8b[1];
    00000492 5241                   MOV.L       @(4,R4),R2 ; src_8b[]
               cpua.c        437    
               cpua.c        438      dat2_L=sub_8b[0];
    00000494 6752                   MOV.L       @R5,R7     ; sub_8b[]
               cpua.c        439      dat2_H=sub_8b[1];
    00000496 5451                   MOV.L       @(4,R5),R4 ; sub_8b[]
    00000498 6E43                   MOV         R4,R14
               cpua.c        440    
               cpua.c        441      dat3_H=0;
    0000049A E500                   MOV         #0,R5      ; H'00000000
               cpua.c        442      dat3_L=dat1_L-dat2_L;
    0000049C 6413                   MOV         R1,R4
    0000049E 3478                   SUB         R7,R4
               cpua.c        443      if(dat3_L<dat1_L){
    000004A0 3412                   CMP/HS      R1,R4
    000004A2 8900                   BT          L76
               cpua.c        444          dat3_H=1;
    000004A4 E501                   MOV         #1,R5      ; H'00000001
    000004A6              L76:
               cpua.c        445      }
               cpua.c        446      dat3_H=dat1_H-dat2_H-dat3_H;
    000004A6 32E8                   SUB         R14,R2
    000004A8 3258                   SUB         R5,R2
    000004AA 6523                   MOV         R2,R5
               cpua.c        447      ansdata8b[0]=dat3_L;
    000004AC 2642                   MOV.L       R4,@R6     ; ansdata8b[]
               cpua.c        448      ansdata8b[1]=dat3_H;
    000004AE 1651                   MOV.L       R5,@(4,R6) ; ansdata8b[]
    000004B0 7F18                   ADD         #24,R15
    000004B2 6EF6                   MOV.L       @R15+,R14
               cpua.c        449    }
    000004B4 000B                   RTS
    000004B6 0009                   NOP
               cpua.c        450    
               cpua.c        451    
               cpua.c        452    /*    *******************************************************     */
               cpua.c        453    /*    ***                                                 ***     */
               cpua.c        454    /*    ***                                                 ***     */
               cpua.c        455    /*    ***                                                 ***     */
               cpua.c        456    /*    *******************************************************     */
               cpua.c        457    void intel_CastExtU_4b_8b(long data ,signed long *ansdata8b){
    000004B8              _intel_CastExtU_4b_8b:           ; function: intel_CastExtU_4b_8b
                                                           ; frame size=0
               cpua.c        458      ansdata8b[0]=data;
    000004B8 2542                   MOV.L       R4,@R5     ; ansdata8b[]
               cpua.c        459      ansdata8b[1]=0;
    000004BA E300                   MOV         #0,R3      ; H'00000000
    000004BC 1531                   MOV.L       R3,@(4,R5) ; ansdata8b[]
               cpua.c        460    }
    000004BE 000B                   RTS
    000004C0 0009                   NOP
               cpua.c        461    void intel_CastExtS_4b_8b(long data ,signed long *ansdata8b){
    000004C2              _intel_CastExtS_4b_8b:           ; function: intel_CastExtS_4b_8b
                                                           ; frame size=0
               cpua.c        462      ansdata8b[0]=data;
    000004C2 2542                   MOV.L       R4,@R5     ; ansdata8b[]
               cpua.c        463      if(data&0x80000000){
    000004C4 D122                   MOV.L       L112,R1    ; H'80000000
    000004C6 2418                   TST         R1,R4
    000004C8 8903                   BT          L82
               cpua.c        464          ansdata8b[1]=0xffffffff;
    000004CA E1FF                   MOV         #-1,R1     ; H'FFFFFFFF
    000004CC 1511                   MOV.L       R1,@(4,R5) ; ansdata8b[]
    000004CE A002                   BRA         L83
    000004D0 0009                   NOP
    000004D2              L82:
               cpua.c        465      }else{
               cpua.c        466          ansdata8b[1]=0;
    000004D2 E100                   MOV         #0,R1      ; H'00000000
    000004D4 1511                   MOV.L       R1,@(4,R5) ; ansdata8b[]
    000004D6              L83:
               cpua.c        467      }
               cpua.c        468    }
    000004D6 000B                   RTS
    000004D8 0009                   NOP
               cpua.c        469    
               cpua.c        470    signed char intel_CmpS8b(signed long *src_8b,signed long *cmp_8b){
    000004DA              _intel_CmpS8b:                   ; function: intel_CmpS8b
                                                           ; frame size=4
    000004DA 7FFC                   ADD         #-4,R15
               cpua.c        471      signed char ans;    /* 0:data1=data2  1:data1>data2 -1:data1<data2 */
               cpua.c        472      if(src_8b[1]==cmp_8b[1]){
    000004DC 5641                   MOV.L       @(4,R4),R6 ; src_8b[]
    000004DE 5251                   MOV.L       @(4,R5),R2 ; cmp_8b[]
    000004E0 3620                   CMP/EQ      R2,R6
    000004E2 8B10                   BF          L86
               cpua.c        473          if(src_8b[0]==cmp_8b[0]){
    000004E4 6642                   MOV.L       @R4,R6     ; src_8b[]
    000004E6 6252                   MOV.L       @R5,R2     ; cmp_8b[]
    000004E8 3620                   CMP/EQ      R2,R6
    000004EA 8B02                   BF          L88
               cpua.c        474                  ans=0;
    000004EC E200                   MOV         #0,R2      ; H'00000000
    000004EE A012                   BRA         L89
    000004F0 0009                   NOP
    000004F2              L88:
               cpua.c        475          }else{
               cpua.c        476              if(src_8b[0]>cmp_8b[0]){
    000004F2 6642                   MOV.L       @R4,R6     ; src_8b[]
    000004F4 6252                   MOV.L       @R5,R2     ; cmp_8b[]
    000004F6 3627                   CMP/GT      R2,R6
    000004F8 8B02                   BF          L91
               cpua.c        477                  ans=1;
    000004FA E201                   MOV         #1,R2      ; H'00000001
    000004FC A00B                   BRA         L89
    000004FE 0009                   NOP
    00000500              L91:
               cpua.c        478              }else{
               cpua.c        479                  ans=-1;
    00000500 E2FF                   MOV         #-1,R2     ; H'FFFFFFFF
    00000502 A008                   BRA         L89
    00000504 0009                   NOP
    00000506              L86:
               cpua.c        480              }
               cpua.c        481          }
               cpua.c        482      }else{
               cpua.c        483          if(src_8b[1]>cmp_8b[1]){
    00000506 5641                   MOV.L       @(4,R4),R6 ; src_8b[]
    00000508 5251                   MOV.L       @(4,R5),R2 ; cmp_8b[]
    0000050A 3627                   CMP/GT      R2,R6
    0000050C 8B02                   BF          L93
               cpua.c        484              ans=1;
    0000050E E201                   MOV         #1,R2      ; H'00000001
    00000510 A001                   BRA         L89
    00000512 0009                   NOP
    00000514              L93:
               cpua.c        485          }else{
               cpua.c        486              ans=-1;
    00000514 E2FF                   MOV         #-1,R2     ; H'FFFFFFFF
    00000516              L89:
    00000516 6023                   MOV         R2,R0
    00000518 7F04                   ADD         #4,R15
               cpua.c        487          }
               cpua.c        488      }
               cpua.c        489    
               cpua.c        490      return(ans);
               cpua.c        491    }
    0000051A 000B                   RTS
    0000051C 0009                   NOP
               cpua.c        492    
               cpua.c        493    /*    *******************************************************     */
               cpua.c        494    /*    ***                                                 ***     */
               cpua.c        495    /*    ***                                                 ***     */
               cpua.c        496    /*    ***                                                 ***     */
               cpua.c        497    /*    *******************************************************     */
               cpua.c        498    signed long intel_S4b_mul_S4b_Div_S4b_ansS4b(signed long mul_dat1,signed long mul_dat2,signed long div_dat){
    0000051E              _intel_S4b_mul_S4b_Div_S4b_ansS4b:
                                                           ; function: intel_S4b_mul_S4b_Div_S4b_ansS4b
                                                           ; frame size=20
    0000051E 4F22                   STS.L       PR,@-R15
    00000520 7FF0                   ADD         #-16,R15
               cpua.c        499      signed long data8b[2];
               cpua.c        500      signed long ansdata=0;
    00000522 6263                   MOV         R6,R2
    00000524 1F23                   MOV.L       R2,@(12,R15); div_dat
    00000526 E600                   MOV         #0,R6      ; H'00000000
               cpua.c        501      if(div_dat){
    00000528 2228                   TST         R2,R2
    0000052A 890C                   BT          L97
               cpua.c        502          intel_Mul_S4b_S4b_ansS8b(mul_dat1,mul_dat2,&data8b[0]);
    0000052C 66F3                   MOV         R15,R6
    0000052E BE45                   BSR         _intel_Mul_S4b_S4b_ansS8b
    00000530 0009                   NOP
               cpua.c        503          ansdata=intel_Div_S8b_S4b_ansS4b(&data8b[0],div_dat);
    00000532 64F3                   MOV         R15,R4
    00000534 066A                   STS         FPSCR,R6
    00000536 D107                   MOV.L       L112+4,R1  ; H'FFE7FFFF
    00000538 2619                   AND         R1,R6
    0000053A 466A                   LDS         R6,FPSCR
    0000053C 52F3                   MOV.L       @(12,R15),R2; div_dat
    0000053E 6523                   MOV         R2,R5
    00000540 BF37                   BSR         _intel_Div_S8b_S4b_ansS4b
    00000542 0009                   NOP
    00000544 6603                   MOV         R0,R6
    00000546              L97:
    00000546 6063                   MOV         R6,R0
    00000548 7F10                   ADD         #16,R15
    0000054A 4F26                   LDS.L       @R15+,PR
               cpua.c        504      }
               cpua.c        505    
               cpua.c        506      return(ansdata);
               cpua.c        507    
               cpua.c        508    }
    0000054C 000B                   RTS
    0000054E 0009                   NOP
    00000550              L112:
    00000550 80000000               .DATA.L     H'80000000
    00000554 FFE7FFFF               .DATA.L     H'FFE7FFFF
               cpua.c        509    
               cpua.c        510    
               cpua.c        511    /*    *******************************************************     */
               cpua.c        512    /*    ***                                                 ***     */
               cpua.c        513    /*    ***     8byte(63bit)*4byte(31bit)=4byte(31bit)      ***     */
               cpua.c        514    /*    ***                                                 ***     */
               cpua.c        515    /*    ***                                                 ***     */
               cpua.c        516    /*    *******************************************************     */
               cpua.c        517    unsigned long Test1InData1;
               cpua.c        518    unsigned long Test1InData2;
               cpua.c        519    signed long Test1Out[2];
               cpua.c        520    signed char Testuseful;
               cpua.c        521    long Test_abnomalCnt;
               cpua.c        522    long Test_nomalCnt;
               cpua.c        523    unsigned long Test2OutData;
               cpua.c        524    
               cpua.c        525    
               cpua.c        526    
               cpua.c        527    void TestFunc(void){
    00000558              _TestFunc:                       ; function: TestFunc
                                                           ; frame size=28
    00000558 2F96                   MOV.L       R9,@-R15
    0000055A 2FC6                   MOV.L       R12,@-R15
    0000055C 2FD6                   MOV.L       R13,@-R15
    0000055E 2FE6                   MOV.L       R14,@-R15
    00000560 4F22                   STS.L       PR,@-R15
    00000562 7FF8                   ADD         #-8,R15
               cpua.c        528      long i,j;
               cpua.c        529    
               cpua.c        530      Testuseful=0;
    00000564 E200                   MOV         #0,R2      ; H'00000000
    00000566 D744                   MOV.L       L113+4,R7  ; _Testuseful
    00000568 2720                   MOV.B       R2,@R7     ; Testuseful
               cpua.c        531      Test1InData1=0x1;
    0000056A E101                   MOV         #1,R1      ; H'00000001
    0000056C D743                   MOV.L       L113+8,R7  ; _Test1InData1
    0000056E 2712                   MOV.L       R1,@R7     ; Test1InData1
               cpua.c        532      Test1InData2=0x1;
    00000570 E201                   MOV         #1,R2      ; H'00000001
    00000572 D743                   MOV.L       L113+12,R7 ; _Test1InData2
    00000574 2722                   MOV.L       R2,@R7     ; Test1InData2
               cpua.c        533    
               cpua.c        534      intel_Mul_S4b_S4b_ansS8b(Test1InData1,Test1InData2,&Test1Out[0]);
    00000576 D643                   MOV.L       L113+16,R6 ; _Test1Out
    00000578 6413                   MOV         R1,R4
    0000057A 6523                   MOV         R2,R5
    0000057C BE1E                   BSR         _intel_Mul_S4b_S4b_ansS8b
    0000057E 0009                   NOP
               cpua.c        535      Test2OutData=intel_Div_S8b_S4b_ansS4b(&Test1Out[0],Test1InData2);
    00000580 D73F                   MOV.L       L113+12,R7 ; _Test1InData2
    00000582 6272                   MOV.L       @R7,R2     ; Test1InData2
    00000584 6123                   MOV         R2,R1
    00000586 D43F                   MOV.L       L113+16,R4 ; _Test1Out
    00000588 026A                   STS         FPSCR,R2
    0000058A D73F                   MOV.L       L113+20,R7 ; H'FFE7FFFF
    0000058C 2279                   AND         R7,R2
    0000058E 426A                   LDS         R2,FPSCR
    00000590 6513                   MOV         R1,R5
    00000592 BF0E                   BSR         _intel_Div_S8b_S4b_ansS4b
    00000594 0009                   NOP
    00000596 6603                   MOV         R0,R6
    00000598 026A                   STS         FPSCR,R2
    0000059A D73B                   MOV.L       L113+20,R7 ; H'FFE7FFFF
    0000059C 2279                   AND         R7,R2
    0000059E 426A                   LDS         R2,FPSCR
    000005A0 6263                   MOV         R6,R2
    000005A2 6723                   MOV         R2,R7
    000005A4 D939                   MOV.L       L113+24,R9 ; _Test2OutData
    000005A6 2972                   MOV.L       R7,@R9     ; Test2OutData
               cpua.c        536    
               cpua.c        537      if(Testuseful){
    000005A8 D733                   MOV.L       L113+4,R7  ; _Testuseful
    000005AA 6270                   MOV.B       @R7,R2     ; Testuseful
    000005AC 622E                   EXTS.B      R2,R2
    000005AE 2228                   TST         R2,R2
    000005B0 8956                   BT          L101
               cpua.c        538          Testuseful=0;
    000005B2 E100                   MOV         #0,R1      ; H'00000000
    000005B4 D730                   MOV.L       L113+4,R7  ; _Testuseful
    000005B6 2710                   MOV.B       R1,@R7     ; Testuseful
               cpua.c        539          Test_abnomalCnt=0;
    000005B8 E100                   MOV         #0,R1      ; H'00000000
    000005BA D735                   MOV.L       L113+28,R7 ; _Test_abnomalCnt
    000005BC 2712                   MOV.L       R1,@R7     ; Test_abnomalCnt
               cpua.c        540          Test_nomalCnt=0;
    000005BE E100                   MOV         #0,R1      ; H'00000000
    000005C0 D734                   MOV.L       L113+32,R7 ; _Test_nomalCnt
    000005C2 2712                   MOV.L       R1,@R7     ; Test_nomalCnt
               cpua.c        541    
               cpua.c        542          Test1InData1=0x1;
    000005C4 E101                   MOV         #1,R1      ; H'00000001
    000005C6 D72D                   MOV.L       L113+8,R7  ; _Test1InData1
    000005C8 2712                   MOV.L       R1,@R7     ; Test1InData1
               cpua.c        543    
               cpua.c        544          for(j=0;j<2000;j++){
    000005CA EC00                   MOV         #0,R12     ; H'00000000
    000005CC 9152                   MOV.W       L113,R1    ; H'07D0
    000005CE 3C13                   CMP/GE      R1,R12
    000005D0 8946                   BT          L101
    000005D2              L102:
               cpua.c        545              Test1InData2=0x1;
    000005D2 E101                   MOV         #1,R1      ; H'00000001
    000005D4 D72A                   MOV.L       L113+12,R7 ; _Test1InData2
    000005D6 2712                   MOV.L       R1,@R7     ; Test1InData2
               cpua.c        546              for(i=0;i<200000;i++){
    000005D8 EE00                   MOV         #0,R14     ; H'00000000
    000005DA D12F                   MOV.L       L113+36,R1 ; H'00030D40
    000005DC 3E13                   CMP/GE      R1,R14
    000005DE 8935                   BT          L103
    000005E0              L104:
               cpua.c        547                  intel_Mul_S4b_S4b_ansS8b(Test1InData1,Test1InData2,&Test1Out[0]);
    000005E0 D726                   MOV.L       L113+8,R7  ; _Test1InData1
    000005E2 6972                   MOV.L       @R7,R9     ; Test1InData1
    000005E4 6293                   MOV         R9,R2
    000005E6 D726                   MOV.L       L113+12,R7 ; _Test1InData2
    000005E8 6172                   MOV.L       @R7,R1     ; Test1InData2
    000005EA D626                   MOV.L       L113+16,R6 ; _Test1Out
    000005EC 6513                   MOV         R1,R5
    000005EE 6423                   MOV         R2,R4
    000005F0 BDE4                   BSR         _intel_Mul_S4b_S4b_ansS8b
    000005F2 0009                   NOP
               cpua.c        548                  Test2OutData=intel_Div_S8b_S4b_ansS4b(&Test1Out[0],Test1InData2);
    000005F4 D722                   MOV.L       L113+12,R7 ; _Test1InData2
    000005F6 6172                   MOV.L       @R7,R1     ; Test1InData2
    000005F8 6213                   MOV         R1,R2
    000005FA D422                   MOV.L       L113+16,R4 ; _Test1Out
    000005FC 066A                   STS         FPSCR,R6
    000005FE DD22                   MOV.L       L113+20,R13; H'FFE7FFFF
    00000600 26D9                   AND         R13,R6
    00000602 466A                   LDS         R6,FPSCR
    00000604 6523                   MOV         R2,R5
    00000606 BED4                   BSR         _intel_Div_S8b_S4b_ansS4b
    00000608 0009                   NOP
    0000060A 6603                   MOV         R0,R6
    0000060C 026A                   STS         FPSCR,R2
    0000060E 22D9                   AND         R13,R2
    00000610 426A                   LDS         R2,FPSCR
    00000612 6263                   MOV         R6,R2
    00000614 D71D                   MOV.L       L113+24,R7 ; _Test2OutData
    00000616 2722                   MOV.L       R2,@R7     ; Test2OutData
               cpua.c        549                  if(Test2OutData!=Test1InData1){
    00000618 D718                   MOV.L       L113+8,R7  ; _Test1InData1
    0000061A 6972                   MOV.L       @R7,R9     ; Test1InData1
    0000061C 3290                   CMP/EQ      R9,R2
    0000061E 8906                   BT          L106
               cpua.c        550                      Test_abnomalCnt +=1;
    00000620 D11B                   MOV.L       L113+28,R1 ; _Test_abnomalCnt
    00000622 6712                   MOV.L       @R1,R7     ; Test_abnomalCnt
    00000624 7701                   ADD         #1,R7
    00000626 D11A                   MOV.L       L113+28,R1 ; _Test_abnomalCnt
    00000628 2172                   MOV.L       R7,@R1     ; Test_abnomalCnt
    0000062A A005                   BRA         L107
    0000062C 0009                   NOP
    0000062E              L106:
               cpua.c        551                  }else{
               cpua.c        552                      Test_nomalCnt +=1;
    0000062E D119                   MOV.L       L113+32,R1 ; _Test_nomalCnt
    00000630 6712                   MOV.L       @R1,R7     ; Test_nomalCnt
    00000632 7701                   ADD         #1,R7
    00000634 D117                   MOV.L       L113+32,R1 ; _Test_nomalCnt
    00000636 2172                   MOV.L       R7,@R1     ; Test_nomalCnt
    00000638              L107:
               cpua.c        553                  }
               cpua.c        554                  Test1InData2=Test1InData2+1234;
    00000638 D111                   MOV.L       L113+12,R1 ; _Test1InData2
    0000063A 6712                   MOV.L       @R1,R7     ; Test1InData2
    0000063C 911B                   MOV.W       L113+2,R1  ; H'04D2
    0000063E 371C                   ADD         R1,R7
    00000640 D10F                   MOV.L       L113+12,R1 ; _Test1InData2
    00000642 2172                   MOV.L       R7,@R1     ; Test1InData2
    00000644 7E01                   ADD         #1,R14
    00000646 D114                   MOV.L       L113+36,R1 ; H'00030D40
    00000648 3E13                   CMP/GE      R1,R14
    0000064A 8BC9                   BF          L104
    0000064C              L103:
               cpua.c        555              }
               cpua.c        556              
               cpua.c        557              Test1InData1=Test1InData1+456789;
    0000064C D10B                   MOV.L       L113+8,R1  ; _Test1InData1
    0000064E 6712                   MOV.L       @R1,R7     ; Test1InData1
    00000650 D112                   MOV.L       L113+40,R1 ; H'0006F855
    00000652 371C                   ADD         R1,R7
    00000654 D109                   MOV.L       L113+8,R1  ; _Test1InData1
    00000656 2172                   MOV.L       R7,@R1     ; Test1InData1
    00000658 7C01                   ADD         #1,R12
    0000065A 910B                   MOV.W       L113,R1    ; H'07D0
    0000065C 3C13                   CMP/GE      R1,R12
    0000065E 8BB8                   BF          L102
    00000660              L101:
    00000660 7F08                   ADD         #8,R15
    00000662 4F26                   LDS.L       @R15+,PR
    00000664 6EF6                   MOV.L       @R15+,R14
    00000666 6DF6                   MOV.L       @R15+,R13
    00000668 6CF6                   MOV.L       @R15+,R12
    0000066A 69F6                   MOV.L       @R15+,R9
               cpua.c        558          }
               cpua.c        559      
               cpua.c        560      
               cpua.c        561      }
               cpua.c        562    
               cpua.c        563    
               cpua.c        564    }
    0000066C 000B                   RTS
    0000066E 0009                   NOP
               cpua.c        565    //    確認ok箇所
               cpua.c        566    //    Test1InData1    0x0B14CF24 (185913124)
               cpua.c        567    //    Test1InData2    0x0D2B1CA7 (220929191)
               cpua.c        568    //<-> Test1Out        {...}
               cpua.c        569    // |____ [0]          0x2047107C (541528188)
               cpua.c        570    // |____ [1]          0x0091EC41 (9563201)
               cpua.c        571    //    Test2OutData    0x0B14CF24 (185913124)
               cpua.c        572    //    Testuseful      '\0' 0x00 (0)
               cpua.c        573    //    Test_abnomalCnt 0x00000000 (0)
               cpua.c        574    //    Test_nomalCnt   0x04DCCC1B (81579035)
               cpua.c        575    
               cpua.c        576    void abort(void)
    00000670              _abort:                          ; function: abort
                                                           ; frame size=0
               cpua.c        577    {
               cpua.c        578      
               cpua.c        579    }
    00000670 000B                   RTS
    00000672 0009                   NOP
    00000674              L113:
    00000674 07D0                   .DATA.W     H'07D0
    00000676 04D2                   .DATA.W     H'04D2
    00000678 <00000000>             .DATA.L     _Testuseful
    0000067C <00000000>             .DATA.L     _Test1InData1
    00000680 <00000000>             .DATA.L     _Test1InData2
    00000684 <00000000>             .DATA.L     _Test1Out
    00000688 FFE7FFFF               .DATA.L     H'FFE7FFFF
    0000068C <00000000>             .DATA.L     _Test2OutData
    00000690 <00000000>             .DATA.L     _Test_abnomalCnt
    00000694 <00000000>             .DATA.L     _Test_nomalCnt
    00000698 00030D40               .DATA.L     H'00030D40
    0000069C 0006F855               .DATA.L     H'0006F855
B   00000000              _Test1InData1:                   ; static: Test1InData1
    00000000 00000004               .RES.L      1
    00000004              _Test1InData2:                   ; static: Test1InData2
    00000004 00000004               .RES.L      1
    00000008              _Test1Out:                       ; static: Test1Out
    00000008 00000004               .RES.L      2
    00000010              _Testuseful:                     ; static: Testuseful
    00000010 00000001               .RES.B      1
    00000011 00000001               .RES.B      1
    00000012 00000002               .RES.W      1
    00000014              _Test_abnomalCnt:                ; static: Test_abnomalCnt
    00000014 00000004               .RES.L      1
    00000018              _Test_nomalCnt:                  ; static: Test_nomalCnt
    00000018 00000004               .RES.L      1
    0000001C              _Test2OutData:                   ; static: Test2OutData
    0000001C 00000004               .RES.L      1
SH SERIES C/C++ Compiler (V.9.04.01.002)                                                         14-Nov-2021 17:05:23  PAGE    1


******** STATISTICS INFORMATION ********


********** ERROR INFORMATION ***********

NUMBER OF ERRORS:           0
NUMBER OF WARNINGS:         0




******* SOURCE LINE INFORMATION ********

COMPILED SOURCE LINE:      579



******* SECTION SIZE INFORMATION *******

PROGRAM  SECTION (P):                                 000006A0 Byte(s)
CONSTANT SECTION (C):                                 00000000 Byte(s)
DATA     SECTION (D):                                 00000000 Byte(s)
BSS      SECTION (B):                                 00000020 Byte(s)

TOTAL PROGRAM  SECTION: 000006A0 Byte(s)
TOTAL CONSTANT SECTION: 00000000 Byte(s)
TOTAL DATA     SECTION: 00000000 Byte(s)
TOTAL BSS      SECTION: 00000020 Byte(s)

    TOTAL PROGRAM SIZE: 000006C0 Byte(s)



********** LABEL INFORMATION ***********

NUMBER OF EXTERNAL REFERENCE SYMBOLS:           26
NUMBER OF EXTERNAL DEFINITION SYMBOLS:          20
NUMBER OF INTERNAL/EXTERNAL SYMBOLS:            96



*** COMMAND PARAMETER ***

-subcommand=D:\SIT4S_MC_99\cpua\cpua\cpua\Release\cpua.shc
-cpu=sh4
-include="D:\SIT4S_MC_99\cpua\cpua\HW_SRC","D:\SIT4S_MC_99\comon","D:\SIT4S_MC_99\cpua\cpua","D:\SIT4S_MC_99\cpua\cpua\SEQ_SRC","D:\SIT4S_MC_99\cpua\cpua\cb_src\COMON","D:\SIT4S_MC_99\cpua\cpua\cb_src\K_SRC","D:\SIT4S_MC_99\comon\cpua_inc"
-object="D:\SIT4S_MC_99\cpua\cpua\cpua\Release\cpua.obj"
-debug
-listfile="D:\SIT4S_MC_99\cpua\cpua\cpua\Release\cpua.lst"
-show=source,include,expansion,tab=4
-optimize=0
-noinline
-gbr=auto
-chgincpath
-errorpath
"D:\SIT4S_MC_99\cpua\cpua\cpua\cpua.c"
-global_volatile=0
-opt_range=all
-infinite_loop=0
-del_vacant_loop=0
-struct_alloc=1
-lang=c
-nologo
