*** SuperH RISC engine ASSEMBLER V.7.01.02.000 ***    11/14/21 17:03:59                                                  PAGE     1
PROGRAM NAME =

    1                               1     ;------------------------------------------------------------------------
    2                               2     ;                                                                       |
    3                               3     ;   FILE        :dbsct.src                                              |
    4                               4     ;   DATE        :Sun, Jul 16, 2006                                      |
    5                               5     ;   DESCRIPTION :Setting of B,R Section                                 |
    6                               6     ;   CPU TYPE    :Other                                                  |
    7                               7     ;                                                                       |
    8                               8     ;   This file is generated by Hitachi Project Generator (Ver.1.1).      |
    9                               9     ;                                                                       |
   10                              10     ;------------------------------------------------------------------------
   11                              11     
   12                              12     
   13                              13     
   14                              14     ;SH-3DSP
   15 00000000                     15             .SECTION D,DATA,ALIGN=4
   16 00000000                     16             .SECTION R,DATA,ALIGN=4
   17 00000000                     17             .SECTION B,DATA,ALIGN=4
   18 00000000                     18             .SECTION C,DATA,ALIGN=4
   19 00000000 00000000            19     __D_ROM .DATA.L (STARTOF D)                             ;Start Address of Section D
   20 00000004 00000000            20     __D_BGN .DATA.L (STARTOF R)                             ;Start Address of Section R
   21 00000008 00000000            21     __D_END .DATA.L (STARTOF R) + (SIZEOF R);End Address of Section R
   22 0000000C 00000000            22     __B_BGN .DATA.L (STARTOF B)             ;Start Address of Section B
   23 00000010 00000000            23     __B_END .DATA.L (STARTOF B) + (SIZEOF B);End Address of Section B
   24                              24             .EXPORT __D_ROM
   25                              25             .EXPORT __D_BGN
   26                              26             .EXPORT __D_END
   27                              27             .EXPORT __B_BGN
   28                              28             .EXPORT __B_END
   29                              29     ; Remove the following comment when you use __call_init and __call_end
   30                              30     ; See resetprg.src and initsct.c
   31                              31     ; Specify section addresses of D_INIT_ and D_END_ in Optlinker
   32                              32     ;       .SECTION D_INIT_,DATA,ALIGN=4
   33                              33     ;       .SECTION D_END_,DATA,ALIGN=4
   34                              34     ;       .SECTION C,DATA,ALIGN=4
   35                              35     ;__PRE_BGN  .DATA.L  (STARTOF D_INIT_)
   36                              36     ;__PRE_END  .DATA.L  (STARTOF D_INIT_) + (SIZEOF D_INIT_)
   37                              37     ;__POST_BGN .DATA.L  (STARTOF D_END_)
   38                              38     ;__POST_END .DATA.L  (STARTOF D_END_) + (SIZEOF D_END_)
   39                              39     ;       .EXPORT __PRE_BGN
   40                              40     ;       .EXPORT __PRE_END
   41                              41     ;       .EXPORT __POST_BGN
   42                              42     ;       .EXPORT __POST_END
   43                              43     
   44                              44     
   45                              45     ;*******************  ‚±‚±‚©‚ç‰º‚ÍƒIƒŠƒWƒiƒ‹  ********************
   46 00000000                     46             .SECTION P,CODE,ALIGN=4
   47 00000000                     47             .SECTION PRAM,CODE,ALIGN=4
   48 00000014                     48             .SECTION C,DATA,ALIGN=4
   49 00000014 00000000            49     __P_BGN         .DATA.L (STARTOF P)                     ;Start Address of Section P
   50 00000018 00000000            50     __PRAM_BGN      .DATA.L (STARTOF PRAM)                  ;Start Address of Section PRAM
   51 0000001C 00000000            51     __P_END         .DATA.L (STARTOF P) + (SIZEOF P)        ;End Address of Section P
   52 00000020 00000000            52     __PRAM_END      .DATA.L (STARTOF PRAM) + (SIZEOF PRAM)  ;End Address of Section PRAM
   53                              53             .EXPORT __P_BGN
   54                              54             .EXPORT __PRAM_BGN
   55                              55             .EXPORT __P_END
   56                              56             .EXPORT __PRAM_END
   57                              57     
*** SuperH RISC engine ASSEMBLER V.7.01.02.000 ***    11/14/21 17:03:59                                                  PAGE     2
PROGRAM NAME =

   58 00000000                     58             .SECTION PvupsciROM,CODE,ALIGN=4
   59 00000000                     59             .SECTION PvupsciRAM,CODE,ALIGN=4
   60 00000000                     60             .SECTION Phwsetup1,CODE,ALIGN=4
   61 00000000 00000000            61     __PvupsciROM_BGN .DATA.L (STARTOF PvupsciROM)                           ;
   62 00000004 00000000            62     __PvupsciRAM_BGN .DATA.L (STARTOF PvupsciRAM)                           ;
   63 00000008 00000000            63     __PvupsciROM_END .DATA.L (STARTOF PvupsciROM) + (SIZEOF PvupsciROM)     ;
   64                              64             .EXPORT __PvupsciROM_BGN
   65                              65             .EXPORT __PvupsciRAM_BGN
   66                              66             .EXPORT __PvupsciROM_END
   67                              67     
   68 00000000                     68             .SECTION Pcall,CODE,ALIGN=4
   69 00000000                     69             .SECTION PcallRAM,CODE,ALIGN=4
   70 00000024                     70             .SECTION C,DATA,ALIGN=4
   71 00000024 00000000            71     __Pcall_BGN     .DATA.L (STARTOF Pcall)                         ;Start Address of Section
                                          R
   72 00000028 00000000            72     __PcallRAM_BGN  .DATA.L (STARTOF PcallRAM)                      ;Start Address of Section
                                          B
   73 0000002C 00000000            73     __Pcall_END     .DATA.L (STARTOF Pcall) + (SIZEOF Pcall)        ;End Address of Section R
   74 00000030 00000000            74     __PcallRAM_END  .DATA.L (STARTOF PcallRAM) + (SIZEOF PcallRAM)  ;End Address of Section B
   75                              75             .EXPORT __Pcall_BGN
   76                              76             .EXPORT __PcallRAM_BGN
   77                              77             .EXPORT __Pcall_END
   78                              78             .EXPORT __PcallRAM_END
   79                              79     
   80                              80     
   81 00000000                     81             .SECTION INTHandler,CODE,ALIGN=4
   82 00000000                     82             .SECTION IntPRG,CODE,ALIGN=4
   83 00000000                     83             .SECTION INTHdlrRAM,CODE,ALIGN=4
   84 00000034                     84             .SECTION C,DATA,ALIGN=4
   85 00000034 00000000            85     __INTHandler_BGN        .DATA.L (STARTOF INTHandler)                    ;Start Address of
                                          Section R
   86 00000038 00000000            86     __INTHdlrRAM_BGN        .DATA.L (STARTOF INTHdlrRAM)                    ;Start Address of
                                          Section B
   87 0000003C 00000000            87     __INTHnadler_END        .DATA.L (STARTOF IntPRG) + (SIZEOF IntPRG)      ;End Address of Se
                                          ction R
   88                              88             .EXPORT __INTHandler_BGN
   89                              89             .EXPORT __INTHdlrRAM_BGN
   90                              90             .EXPORT __INTHnadler_END
   91                              91     
   92                              92     
   93                              93     ;//V06b
   94 00000000                     94             .SECTION PHiROM,CODE,ALIGN=4
   95 00000000                     95             .SECTION PHiRAM,CODE,ALIGN=4
   96 00000040                     96             .SECTION C,DATA,ALIGN=4
   97 00000040 00000000            97     __PHiROM_BGN    .DATA.L (STARTOF PHiROM)                                ;Start Address of
                                          Section R
   98 00000044 00000000            98     __PHiRAM_BGN    .DATA.L (STARTOF PHiRAM)                        ;Start Address of Section
                                          B
   99 00000048 00000000            99     __PHiROM_END    .DATA.L (STARTOF PHiROM) + (SIZEOF PHiROM)      ;End Address of Section R
  100 0000004C 00000000           100     __PHiRAM_END    .DATA.L (STARTOF PHiRAM) + (SIZEOF PHiRAM)      ;End Address of Section B
  101                             101             .EXPORT __PHiROM_BGN
  102                             102             .EXPORT __PHiRAM_BGN
  103                             103             .EXPORT __PHiROM_END
  104                             104             .EXPORT __PHiRAM_END
  105                             105     
  106                             106     
  107                             107             .END
*** SuperH RISC engine ASSEMBLER V.7.01.02.000 ***    11/14/21 17:03:59                                                  PAGE     3
PROGRAM NAME =

  *****TOTAL ERRORS       0
  *****TOTAL WARNINGS     0
*** SuperH RISC engine ASSEMBLER V.7.01.02.000 ***    11/14/21 17:03:59                                                  PAGE     4

*** CROSS REFERENCE LIST

NAME                             SECTION  ATTR VALUE             SEQUENCE

B                                B        SCT  00000000     17*   22    23    23 
C                                C        SCT  00000000     18*   48*   70*   84*   96*
D                                D        SCT  00000000     15*   19 
INTHandler                       INTHandl SCT  00000000     81*   85 
INTHdlrRAM                       INTHdlrR SCT  00000000     83*   86 
IntPRG                           IntPRG   SCT  00000000     82*   87    87 
P                                P        SCT  00000000     46*   49    51    51 
PHiRAM                           PHiRAM   SCT  00000000     95*   98   100   100 
PHiROM                           PHiROM   SCT  00000000     94*   97    99    99 
PRAM                             PRAM     SCT  00000000     47*   50    52    52 
Pcall                            Pcall    SCT  00000000     68*   71    73    73 
PcallRAM                         PcallRAM SCT  00000000     69*   72    74    74 
Phwsetup1                        Phwsetup SCT  00000000     60*
PvupsciRAM                       PvupsciR SCT  00000000     59*   62 
PvupsciROM                       PvupsciR SCT  00000000     58*   61    63    63 
R                                R        SCT  00000000     16*   20    21    21 
__B_BGN                          C        EXPT 0000000C     22*   27 
__B_END                          C        EXPT 00000010     23*   28 
__D_BGN                          C        EXPT 00000004     20*   25 
__D_END                          C        EXPT 00000008     21*   26 
__D_ROM                          C        EXPT 00000000     19*   24 
__INTHandler_BGN                 C        EXPT 00000034     85*   88 
__INTHdlrRAM_BGN                 C        EXPT 00000038     86*   89 
__INTHnadler_END                 C        EXPT 0000003C     87*   90 
__PHiRAM_BGN                     C        EXPT 00000044     98*  102 
__PHiRAM_END                     C        EXPT 0000004C    100*  104 
__PHiROM_BGN                     C        EXPT 00000040     97*  101 
__PHiROM_END                     C        EXPT 00000048     99*  103 
__PRAM_BGN                       C        EXPT 00000018     50*   54 
__PRAM_END                       C        EXPT 00000020     52*   56 
__P_BGN                          C        EXPT 00000014     49*   53 
__P_END                          C        EXPT 0000001C     51*   55 
__PcallRAM_BGN                   C        EXPT 00000028     72*   76 
__PcallRAM_END                   C        EXPT 00000030     74*   78 
__Pcall_BGN                      C        EXPT 00000024     71*   75 
__Pcall_END                      C        EXPT 0000002C     73*   77 
__PvupsciRAM_BGN                 Phwsetup EXPT 00000004     62*   65 
__PvupsciROM_BGN                 Phwsetup EXPT 00000000     61*   64 
__PvupsciROM_END                 Phwsetup EXPT 00000008     63*   66 
*** SuperH RISC engine ASSEMBLER V.7.01.02.000 ***    11/14/21 17:03:59                                                  PAGE     5

*** SECTION DATA LIST

SECTION                          ATTRIBUTE    SIZE             START

D                                REL-DATA    000000000        
R                                REL-DATA    000000000        
B                                REL-DATA    000000000        
C                                REL-DATA    000000050        
P                                REL-CODE    000000000        
PRAM                             REL-CODE    000000000        
PvupsciROM                       REL-CODE    000000000        
PvupsciRAM                       REL-CODE    000000000        
Phwsetup1                        REL-CODE    00000000C        
Pcall                            REL-CODE    000000000        
PcallRAM                         REL-CODE    000000000        
INTHandler                       REL-CODE    000000000        
IntPRG                           REL-CODE    000000000        
INTHdlrRAM                       REL-CODE    000000000        
PHiROM                           REL-CODE    000000000        
PHiRAM                           REL-CODE    000000000        
