*** SuperH RISC engine ASSEMBLER V.7.01.02.000 ***    11/14/21 17:24:07                                                  PAGE     1
PROGRAM NAME =

    1                               1     ;       ***************************************************
    2                               2     ;       ***             SH7727 Ú¼Þ½À                    ***
    3                               3     ;       ***************************************************
    4                               4             .INCLUDE        "SH7727RG.SRC"
    5                               1 I1  ;       ***************************************************
    6                               2 I1  ;       ***             SH7727 Ú¼Þ½À                    ***
    7                               3 I1  ;       ***************************************************
  274                               7 I1  
  275 00000000                      8 I1          .SECTION        REG1,DATA               ; A4000000
  276 00000000                      9 I1          .ORG    H'0
  277 00000000 00000004            10 I1  _INTEVT2        .SRES   4                       ; A4000000
  278 00000004 00000002            11 I1  _IRR0           .SRES   2                       ; A4000004
  279 00000006 00000002            12 I1  _IRR1           .SRES   2                       ; A4000006
  280 00000008 00000002            13 I1  _IRR2           .SRES   2                       ; A4000008
  281 0000000A 00000002            14 I1                  .SRES   2                       ; A400000A
  282 0000000C 00000002            15 I1                  .SRES   2                       ; A400000C
  283 0000000E 00000002            16 I1                  .SRES   2                       ; A400000E
  284 00000010 00000002            17 I1  _ICR1           .SRES   2                       ; A4000010
  285 00000012 00000002            18 I1  _ICR2           .SRES   2                       ; A4000012
  286 00000014 00000002            19 I1  _PINTER         .SRES   2                       ; A4000014
  287 00000016 00000002            20 I1  _IPRC           .SRES   2                       ; A4000016
  288 00000018 00000002            21 I1  _IPRD           .SRES   2                       ; A4000018
  289 0000001A 00000002            22 I1  _IPRE           .SRES   2                       ; A400001A
  290 0000001C 00000002            23 I1                  .SRES   2                       ; A400001C
  291 0000001E 00000002            24 I1                  .SRES   2                       ; A400001E
  292 00000020 00000004            25 I1  _SAR0           .SRES   4                       ; A4000020
  293 00000024 00000004            26 I1  _DAR0           .SRES   4                       ; A4000024
  294 00000028 00000004            27 I1  _DMATCR0        .SRES   4                       ; A4000028
  295 0000002C 00000004            28 I1  _CHCR0          .SRES   4                       ; A400002C
  296 00000030 00000004            29 I1  _SAR1           .SRES   4                       ; A4000030
  297 00000034 00000004            30 I1  _DAR1           .SRES   4                       ; A4000034
  298 00000038 00000004            31 I1  _DMATCR1        .SRES   4                       ; A4000038
  299 0000003C 00000004            32 I1  _CHCR1          .SRES   4                       ; A400003C
  300 00000040 00000004            33 I1  _SAR2           .SRES   4                       ; A4000040
  301 00000044 00000004            34 I1  _DAR2           .SRES   4                       ; A4000044
  302 00000048 00000004            35 I1  _DMATCR2        .SRES   4                       ; A4000048
  303 0000004C 00000004            36 I1  _CHCR2          .SRES   4                       ; A400004C
  304 00000050 00000004            37 I1  _SAR3           .SRES   4                       ; A4000050
  305 00000054 00000004            38 I1  _DAR3           .SRES   4                       ; A4000054
  306 00000058 00000004            39 I1  _DMATCR3        .SRES   4                       ; A4000058
  307 0000005C 00000004            40 I1  _CHCR3          .SRES   4                       ; A400005C
  308 00000060 00000002            41 I1  _DMAOR          .SRES   2                       ; A4000060
  309 00000062 00000002            42 I1                  .SRES   2                       ; A4000062
  310 00000064 00000002            43 I1                  .SRES   2                       ; A4000064
  311 00000066 00000002            44 I1                  .SRES   2                       ; A4000066
  312 00000068 00000002            45 I1                  .SRES   2                       ; A4000068
  313 0000006A 00000002            46 I1                  .SRES   2                       ; A400006A
  314 0000006C 00000002            47 I1                  .SRES   2                       ; A400006C
  315 0000006E 00000002            48 I1                  .SRES   2                       ; A400006E
  316 00000070 00000002            49 I1  _CMSTR          .SRES   2                       ; A4000070
  317 00000072 00000002            50 I1  _CMCSR          .SRES   2                       ; A4000072
  318 00000074 00000002            51 I1  _CMCNT          .SRES   2                       ; A4000074
  319 00000076 00000002            52 I1  _CMCOR          .SRES   2                       ; A4000076
  320 00000078 00000002            53 I1                  .SRES   2                       ; A4000078
  321 0000007A 00000002            54 I1                  .SRES   2                       ; A400007A
  322 0000007C 00000002            55 I1                  .SRES   2                       ; A400007C
  323 0000007E 00000002            56 I1                  .SRES   2                       ; A400007E
*** SuperH RISC engine ASSEMBLER V.7.01.02.000 ***    11/14/21 17:24:07                                                  PAGE     2
PROGRAM NAME =

  324 00000080 00000001            57 I1  _ADDRAH         .SRES   1                       ; A4000080
  325 00000081 00000001            58 I1                  .SRES   1                       ; A4000081
  326 00000082 00000001            59 I1  _ADDRAL         .SRES   1                       ; A4000082
  327 00000083 00000001            60 I1                  .SRES   1                       ; A4000083
  328 00000084 00000001            61 I1  _ADDRBH         .SRES   1                       ; A4000084
  329 00000085 00000001            62 I1                  .SRES   1                       ; A4000085
  330 00000086 00000001            63 I1  _ADDRBL         .SRES   1                       ; A4000086
  331 00000087 00000001            64 I1                  .SRES   1                       ; A4000087
  332 00000088 00000001            65 I1  _ADDRCH         .SRES   1                       ; A4000088
  333 00000089 00000001            66 I1                  .SRES   1                       ; A4000089
  334 0000008A 00000001            67 I1  _ADDRCL         .SRES   1                       ; A400008A
  335 0000008B 00000001            68 I1                  .SRES   1                       ; A400008B
  336 0000008C 00000001            69 I1  _ADDRDH         .SRES   1                       ; A400008C
  337 0000008D 00000001            70 I1                  .SRES   1                       ; A400008D
  338 0000008E 00000001            71 I1  _ADDRDL         .SRES   1                       ; A400008E
  339 0000008F 00000001            72 I1                  .SRES   1                       ; A400008F
  340 00000090 00000001            73 I1  _ADCSR          .SRES   1                       ; A4000090
  341 00000091 00000001            74 I1                  .SRES   1                       ; A4000091
  342 00000092 00000001            75 I1  _ADCR           .SRES   1                       ; A4000092
  343 00000093 00000001            76 I1                  .SRES   1                       ; A4000093
  344 00000094 00000002            77 I1                  .SRES   2                       ; A4000094
  345 00000096 00000002            78 I1                  .SRES   2                       ; A4000096
  346 00000098 00000002            79 I1                  .SRES   2                       ; A4000098
  347 0000009A 00000002            80 I1                  .SRES   2                       ; A400009A
  348 0000009C 00000002            81 I1                  .SRES   2                       ; A400009C
  349 0000009E 00000002            82 I1                  .SRES   2                       ; A400009E
  350 000000A0 00000001            83 I1  _DADR0          .SRES   1                       ; A40000A0
  351 000000A1 00000001            84 I1                  .SRES   1                       ; A40000A1
  352 000000A2 00000001            85 I1  _DADR1          .SRES   1                       ; A40000A2
  353 000000A3 00000001            86 I1                  .SRES   1                       ; A40000A3
  354 000000A4 00000001            87 I1  _DACR1          .SRES   1                       ; A40000A4
  355 000000A5 00000001            88 I1                  .SRES   1                       ; A40000A5
  356 000000A6 00000002            89 I1                  .SRES   2                       ; A40000A6
  357 000000A8 00000002            90 I1                  .SRES   2                       ; A40000A8
  358 000000AA 00000002            91 I1                  .SRES   2                       ; A40000AA
  359 000000AC 00000002            92 I1                  .SRES   2                       ; A40000AC
  360 000000AE 00000002            93 I1                  .SRES   2                       ; A40000AE
  361 000000B0 00000004            94 I1  _CCR2           .SRES   4                       ; A40000B0
  362 000000B4 00000002            95 I1                  .SRES   2                       ; A40000B4
  363 000000B6 00000002            96 I1                  .SRES   2                       ; A40000B6
  364 000000B8 00000002            97 I1                  .SRES   2                       ; A40000B8
  365 000000BA 00000002            98 I1                  .SRES   2                       ; A40000BA
  366 000000BC 00000002            99 I1                  .SRES   2                       ; A40000BC
  367 000000BE 00000002           100 I1                  .SRES   2                       ; A40000BE
  368 000000C0 00000002           101 I1  _SIMDR          .SRES   2                       ; A40000C0
  369 000000C2 00000002           102 I1  _SISCR          .SRES   2                       ; A40000C2
  370 000000C4 00000002           103 I1  _SITDAR         .SRES   2                       ; A40000C4
  371 000000C6 00000002           104 I1  _SIRDAR         .SRES   2                       ; A40000C6
  372 000000C8 00000002           105 I1  _SICDAR         .SRES   2                       ; A40000C8
  373 000000CA 00000002           106 I1                  .SRES   2                       ; A40000CA
  374 000000CC 00000002           107 I1  _SICTR          .SRES   2                       ; A40000CC
  375 000000CE 00000002           108 I1                  .SRES   2                       ; A40000CE
  376 000000D0 00000002           109 I1  _SIFCTR         .SRES   2                       ; A40000D0
  377 000000D2 00000002           110 I1                  .SRES   2                       ; A40000D2
  378 000000D4 00000002           111 I1  _SISTR          .SRES   2                       ; A40000D4
  379 000000D6 00000002           112 I1  _SIIER          .SRES   2                       ; A40000D6
  380 000000D8 00000008           113 I1                  .SRES   8                       ; A40000D8
*** SuperH RISC engine ASSEMBLER V.7.01.02.000 ***    11/14/21 17:24:07                                                  PAGE     3
PROGRAM NAME =

  381 000000E0 00000004           114 I1  _SITDR          .SRES   4                       ; A40000E0
  382 000000E4 00000004           115 I1  _SIRDR          .SRES   4                       ; A40000E4
  383 000000E8 00000004           116 I1  _SITCR          .SRES   4                       ; A40000E8
  384 000000EC 00000004           117 I1  _SIRCR          .SRES   4                       ; A40000EC
  385 000000F0 00000002           118 I1                  .SRES   2                       ; A40000F0
  386 000000F2 00000002           119 I1                  .SRES   2                       ; A40000F2
  387 000000F4 00000002           120 I1                  .SRES   2                       ; A40000F4
  388 000000F6 00000002           121 I1                  .SRES   2                       ; A40000F6
  389 000000F8 00000002           122 I1                  .SRES   2                       ; A40000F8
  390 000000FA 00000002           123 I1                  .SRES   2                       ; A40000FA
  391 000000FC 00000002           124 I1  _SITMR          .SRES   2                       ; A40000FC
  392 000000FE 00000002           125 I1  _SIFPR          .SRES   2                       ; A40000FE
  393 00000100 00000002           126 I1  _PACR           .SRES   2                       ; A4000100
  394 00000102 00000002           127 I1  _PBCR           .SRES   2                       ; A4000102
  395 00000104 00000002           128 I1  _PCCR           .SRES   2                       ; A4000104
  396 00000106 00000002           129 I1  _PDCR           .SRES   2                       ; A4000106
  397 00000108 00000002           130 I1  _PECR           .SRES   2                       ; A4000108
  398 0000010A 00000002           131 I1  _PFCR           .SRES   2                       ; A400010A
  399 0000010C 00000002           132 I1  _PGCR           .SRES   2                       ; A400010C
  400 0000010E 00000002           133 I1  _PHCR           .SRES   2                       ; A400010E
  401 00000110 00000002           134 I1  _PJCR           .SRES   2                       ; A4000110
  402 00000112 00000002           135 I1  _PKCR           .SRES   2                       ; A4000112
  403 00000114 00000002           136 I1  _PLCR           .SRES   2                       ; A4000114
  404 00000116 00000002           137 I1  _SCPCR          .SRES   2                       ; A4000116
  405 00000118 00000002           138 I1  _PMCR           .SRES   2                       ; A4000118
  406 0000011A 00000002           139 I1                  .SRES   2                       ; A400011A
  407 0000011C 00000002           140 I1                  .SRES   2                       ; A400011C
  408 0000011E 00000002           141 I1                  .SRES   2                       ; A400011E
  409 00000120 00000001           142 I1  _PADR           .SRES   1                       ; A4000120
  410 00000121 00000001           143 I1                  .SRES   1                       ; A4000121
  411 00000122 00000001           144 I1  _PBDR           .SRES   1                       ; A4000122
  412 00000123 00000001           145 I1                  .SRES   1                       ; A4000123
  413 00000124 00000001           146 I1  _PCDR           .SRES   1                       ; A4000124
  414 00000125 00000001           147 I1                  .SRES   1                       ; A4000125
  415 00000126 00000001           148 I1  _PDDR           .SRES   1                       ; A4000126
  416 00000127 00000001           149 I1                  .SRES   1                       ; A4000127
  417 00000128 00000001           150 I1  _PEDR           .SRES   1                       ; A4000128
  418 00000129 00000001           151 I1                  .SRES   1                       ; A4000129
  419 0000012A 00000001           152 I1  _PFDR           .SRES   1                       ; A400012A
  420 0000012B 00000001           153 I1                  .SRES   1                       ; A400012B
  421 0000012C 00000001           154 I1  _PGDR           .SRES   1                       ; A400012C
  422 0000012D 00000001           155 I1                  .SRES   1                       ; A400012D
  423 0000012E 00000001           156 I1  _PHDR           .SRES   1                       ; A400012E
  424 0000012F 00000001           157 I1                  .SRES   1                       ; A400012F
  425 00000130 00000001           158 I1  _PJDR           .SRES   1                       ; A4000130
  426 00000131 00000001           159 I1                  .SRES   1                       ; A4000131
  427 00000132 00000001           160 I1  _PKDR           .SRES   1                       ; A4000132
  428 00000133 00000001           161 I1                  .SRES   1                       ; A4000133
  429 00000134 00000001           162 I1  _PLDR           .SRES   1                       ; A4000134
  430 00000135 00000001           163 I1                  .SRES   1                       ; A4000135
  431 00000136 00000001           164 I1  _SCPDR          .SRES   1                       ; A4000136
  432 00000137 00000001           165 I1                  .SRES   1                       ; A4000137
  433 00000138 00000001           166 I1  _PMDR           .SRES   1                       ; A4000138
  434 00000139 00000001           167 I1                  .SRES   1                       ; A4000139
  435 0000013A 00000002           168 I1                  .SRES   2                       ; A400013A
  436 0000013C 00000002           169 I1                  .SRES   2                       ; A400013C
  437 0000013E 00000002           170 I1                  .SRES   2                       ; A400013E
*** SuperH RISC engine ASSEMBLER V.7.01.02.000 ***    11/14/21 17:24:07                                                  PAGE     4
PROGRAM NAME =

  438 00000140 00000002           171 I1                  .SRES   2                       ; A4000140
  439 00000142 00000002           172 I1                  .SRES   2                       ; A4000142
  440 00000144 00000002           173 I1                  .SRES   2                       ; A4000144
  441 00000146 00000002           174 I1                  .SRES   2                       ; A4000146
  442 00000148 00000002           175 I1                  .SRES   2                       ; A4000148
  443 0000014A 00000002           176 I1                  .SRES   2                       ; A400014A
  444 0000014C 00000002           177 I1                  .SRES   2                       ; A400014C
  445 0000014E 00000002           178 I1                  .SRES   2                       ; A400014E
  446 00000150 00000001           179 I1  _SCSMR2         .SRES   1                       ; A4000150
  447 00000151 00000001           180 I1                  .SRES   1                       ; A4000151
  448 00000152 00000001           181 I1  _SCBRR2         .SRES   1                       ; A4000152
  449 00000153 00000001           182 I1                  .SRES   1                       ; A4000153
  450 00000154 00000001           183 I1  _SCSCR2         .SRES   1                       ; A4000154
  451 00000155 00000001           184 I1                  .SRES   1                       ; A4000155
  452 00000156 00000001           185 I1  _SCFTDR2        .SRES   1                       ; A4000156
  453 00000157 00000001           186 I1                  .SRES   1                       ; A4000157
  454 00000158 00000002           187 I1  _SCSSR2         .SRES   2                       ; A4000158
  455 0000015A 00000001           188 I1  _SCFRDR2        .SRES   1                       ; A400015A
  456 0000015B 00000001           189 I1                  .SRES   1                       ; A400015B
  457 0000015C 00000001           190 I1  _SCFCR2         .SRES   1                       ; A400015C
  458 0000015D 00000001           191 I1                  .SRES   1                       ; A400015D
  459 0000015E 00000002           192 I1  _SCFDR2         .SRES   2                       ; A400015E
  460 00000160 00000001           193 I1  _PCC0ISR        .SRES   1                       ; A4000160
  461 00000161 00000001           194 I1                  .SRES   1                       ; A4000161
  462 00000162 00000001           195 I1  _PCC0GCR        .SRES   1                       ; A4000162
  463 00000163 00000001           196 I1                  .SRES   1                       ; A4000163
  464 00000164 00000001           197 I1  _PCC0CSCR       .SRES   1                       ; A4000164
  465 00000165 00000001           198 I1                  .SRES   1                       ; A4000165
  466 00000166 00000001           199 I1  _PCC0CSCIER     .SRES   1                       ; A4000166
  467 00000167 00000001           200 I1                  .SRES   1                       ; A4000167
  468 00000168 00000002           201 I1                  .SRES   2                       ; A4000168
  469 0000016A 00000002           202 I1                  .SRES   2                       ; A400016A
  470 0000016C 00000002           203 I1                  .SRES   2                       ; A400016C
  471 0000016E 00000002           204 I1                  .SRES   2                       ; A400016E
  472 00000170 00000002           205 I1                  .SRES   2                       ; A4000170
  473 00000172 00000002           206 I1                  .SRES   2                       ; A4000172
  474 00000174 00000002           207 I1                  .SRES   2                       ; A4000174
  475 00000176 00000002           208 I1                  .SRES   2                       ; A4000176
  476 00000178 00000002           209 I1                  .SRES   2                       ; A4000178
  477 0000017A 00000002           210 I1                  .SRES   2                       ; A400017A
  478 0000017C 00000002           211 I1                  .SRES   2                       ; A400017C
  479 0000017E 00000002           212 I1                  .SRES   2                       ; A400017E
  480 00000180 00000002           213 I1  _ACTR1          .SRES   2                       ; A4000180
  481 00000182 00000002           214 I1  _ACTR2          .SRES   2                       ; A4000182
  482 00000184 00000002           215 I1  _ASTR1          .SRES   2                       ; A4000184
  483 00000186 00000002           216 I1  _ASTR2          .SRES   2                       ; A4000186
  484 00000188 00000002           217 I1  _MRCR           .SRES   2                       ; A4000188
  485 0000018A 00000002           218 I1  _MPCR           .SRES   2                       ; A400018A
  486 0000018C 00000002           219 I1  _DPNQ           .SRES   2                       ; A400018C
  487 0000018E 00000002           220 I1  _RCNT           .SRES   2                       ; A400018E
  488 00000190 00000002           221 I1  _ACDR           .SRES   2                       ; A4000190
  489 00000192 00000002           222 I1  _ASDR           .SRES   2                       ; A4000192
  490 00000194 00000002           223 I1  _TDFP           .SRES   2                       ; A4000194
  491 00000196 00000002           224 I1                  .SRES   2                       ; A4000196
  492 00000198 00000002           225 I1  _RDFP           .SRES   2                       ; A4000198
  493                             226 I1  
  494 00000200                    227 I1          .ORG    H'200
*** SuperH RISC engine ASSEMBLER V.7.01.02.000 ***    11/14/21 17:24:07                                                  PAGE     5
PROGRAM NAME =

  495 00000200 00000002           228 I1  _SDIR           .SRES   2                       ; A4000200
  496 00000202 00000002           229 I1                  .SRES   2                       ; A4000202
  497 00000204 00000002           230 I1                  .SRES   2                       ; A4000204
  498 00000206 00000002           231 I1                  .SRES   2                       ; A4000206
  499 00000208 00000004           232 I1  _SDDR_SDDRH     .SRES   4                       ; A4000208
  500 0000020C 00000002           233 I1  _SDDRL          .SRES   2                       ; A400020A
  501                             234 I1  
  502 00000220                    235 I1          .ORG    H'220
  503 00000220 00000002           236 I1  _IPRF           .SRES   2                       ; A4000220
  504 00000222 00000002           237 I1  _IPRG           .SRES   2                       ; A4000222
  505 00000224 00000002           238 I1  _IPR3           .SRES   2                       ; A4000224
  506 00000226 00000002           239 I1  _IPR4           .SRES   2                       ; A4000226
  507 00000228 00000002           240 I1  _ICR3           .SRES   2                       ; A4000228
  508 0000022A 00000002           241 I1  _CHRAR          .SRES   2                       ; A400022A
  509 0000022C 00000002           242 I1                  .SRES   2                       ; A400022C
  510 0000022E 00000002           243 I1                  .SRES   2                       ; A400022E
  511 00000230 00000001           244 I1  _STBCR3         .SRES   1                       ; A4000230
  512 00000231 00000001           245 I1                  .SRES   1                       ; A4000231
  513 00000232 00000001           246 I1  _SRSTR          .SRES   1                       ; A4000232
  514 00000233 00000001           247 I1                  .SRES   1                       ; A4000233
  515 00000234 00000002           248 I1  _EXPFC          .SRES   2                       ; A4000234
  516 00000236 00000001           249 I1  _EXCPGCR        .SRES   1                       ; A4000236
  517 00000237 00000001           250 I1                  .SRES   1                       ; A4000237
  518 00000238 00000002           251 I1                  .SRES   2                       ; A4000238
  519 0000023A 00000001           252 I1  _CKIO2CR        .SRES   1                       ; A400023A
  520 0000023B 00000001           253 I1                  .SRES   1                       ; A400023B
  521 0000023C 00000002           254 I1                  .SRES   2                       ; A400023C
  522 0000023E 00000002           255 I1                  .SRES   2                       ; A400023E
  523 00000240 00000001           256 I1  _USBIFR0        .SRES   1                       ; A4000240
  524 00000241 00000001           257 I1  _USBIFR1        .SRES   1                       ; A4000241
  525 00000242 00000001           258 I1  _USBEPDR0I      .SRES   1                       ; A4000242
  526 00000243 00000001           259 I1  _USBEPDR0O      .SRES   1                       ; A4000243
  527 00000244 00000001           260 I1  _USBTFG         .SRES   1                       ; A4000244
  528 00000245 00000001           261 I1  _USBFCLR        .SRES   1                       ; A4000245
  529 00000246 00000001           262 I1  _USBEPSZ0O      .SRES   1                       ; A4000246
  530 00000247 00000001           263 I1  _USBEPDR0S      .SRES   1                       ; A4000247
  531 00000248 00000001           264 I1  _USBDASTS       .SRES   1                       ; A4000248
  532 00000249 00000001           265 I1  _USBEPDR2       .SRES   1                       ; A4000249
  533 0000024A 00000001           266 I1  _USBISR0        .SRES   1                       ; A400024A
  534 0000024B 00000001           267 I1  _USBEPSTL       .SRES   1                       ; A400024B
  535 0000024C 00000001           268 I1  _USBIER0        .SRES   1                       ; A400024C
  536 0000024D 00000001           269 I1  _USBIER1        .SRES   1                       ; A400024D
  537 0000024E 00000001           270 I1  _USBEPDR1       .SRES   1                       ; A400024E
  538 0000024F 00000001           271 I1  _USBEPSZ1       .SRES   1                       ; A400024F
  539 00000250 00000001           272 I1  _USBISR1        .SRES   1                       ; A4000250
  540 00000251 00000001           273 I1  _USBDMA         .SRES   1                       ; A4000251
  541 00000252 00000001           274 I1  _USBEPDR3       .SRES   1                       ; A4000252
  542 00000253 00000001           275 I1                  .SRES   1                       ; A4000253
  543                             276 I1  
  544 00000400                    277 I1          .ORG    H'400
  545 00000400 00000004           278 I1  _USBHR          .SRES   4                       ; A4000400
  546 00000404 00000004           279 I1  _USBHC          .SRES   4                       ; A4000404
  547 00000408 00000004           280 I1  _USBHCS         .SRES   4                       ; A4000408
  548 0000040C 00000004           281 I1  _USBHIS         .SRES   4                       ; A400040C
  549 00000410 00000004           282 I1  _USBHIE         .SRES   4                       ; A4000410
  550 00000414 00000004           283 I1  _USBHID         .SRES   4                       ; A4000414
  551 00000418 00000004           284 I1  _USBHHCCA       .SRES   4                       ; A4000418
*** SuperH RISC engine ASSEMBLER V.7.01.02.000 ***    11/14/21 17:24:07                                                  PAGE     6
PROGRAM NAME =

  552 0000041C 00000004           285 I1  _USBHPCED       .SRES   4                       ; A400041C
  553 00000420 00000004           286 I1  _USBHCHED       .SRES   4                       ; A4000420
  554 00000424 00000004           287 I1  _USBHCCED       .SRES   4                       ; A4000424
  555 00000428 00000004           288 I1  _USBHBHED       .SRES   4                       ; A4000428
  556 0000042C 00000004           289 I1  _USBHBCED       .SRES   4                       ; A400042C
  557 00000430 00000004           290 I1  _USBHDHED       .SRES   4                       ; A4000430
  558 00000434 00000004           291 I1  _USBHFI         .SRES   4                       ; A4000434
  559 00000438 00000004           292 I1  _USBHFR         .SRES   4                       ; A4000438
  560 0000043C 00000004           293 I1  _USBHFN         .SRES   4                       ; A400043C
  561 00000440 00000004           294 I1  _USBHPS         .SRES   4                       ; A4000440
  562 00000444 00000004           295 I1  _USBHLST        .SRES   4                       ; A4000444
  563 00000448 00000004           296 I1  _USBHRDA        .SRES   4                       ; A4000448
  564 0000044C 00000004           297 I1  _USBHRDB        .SRES   4                       ; A400044C
  565 00000450 00000004           298 I1  _USBHRS         .SRES   4                       ; A4000450
  566 00000454 00000004           299 I1  _USBHRPS1       .SRES   4                       ; A4000454
  567 00000458 00000004           300 I1  _USBHRPS2       .SRES   4                       ; A4000458
  568                             301 I1  
  569 00000800                    302 I1          .ORG    H'800
  570 00000800 00000004           303 I1  _LDPR00         .SRES   4                       ; A4000800
  571 00000C00                    304 I1          .ORG    H'C00
  572 00000C00 00000002           305 I1  _LDICKR         .SRES   2                       ; A4000C00
  573 00000C02 00000002           306 I1  _LDMTR          .SRES   2                       ; A4000C02
  574 00000C04 00000002           307 I1  _LDDFR          .SRES   2                       ; A4000C04
  575 00000C06 00000002           308 I1  _LDSMR          .SRES   2                       ; A4000C06
  576 00000C08 00000004           309 I1  _LDSARU         .SRES   4                       ; A4000C08
  577 00000C0C 00000004           310 I1  _LDSARL         .SRES   4                       ; A4000C0C
  578 00000C10 00000002           311 I1  _LDLAOR         .SRES   2                       ; A4000C10
  579 00000C12 00000002           312 I1  _LDPALCR        .SRES   2                       ; A4000C12
  580 00000C14 00000002           313 I1  _LDHCNR         .SRES   2                       ; A4000C14
  581 00000C16 00000002           314 I1  _LDHSYNR        .SRES   2                       ; A4000C16
  582 00000C18 00000002           315 I1  _LDVDLNR        .SRES   2                       ; A4000C18
  583 00000C1A 00000002           316 I1  _LDVTLNR        .SRES   2                       ; A4000C1A
  584 00000C1C 00000002           317 I1  _LDVSYNR        .SRES   2                       ; A4000C1C
  585 00000C1E 00000002           318 I1  _LDACLNR        .SRES   2                       ; A4000C1E
  586 00000C20 00000002           319 I1  _LDINTR         .SRES   2                       ; A4000C20
  587 00000C22 00000002           320 I1                  .SRES   2                       ; A4000C22
  588 00000C24 00000002           321 I1  _LDPMMR         .SRES   2                       ; A4000C24
  589 00000C26 00000002           322 I1  _LDPSPR         .SRES   2                       ; A4000C26
  590 00000C28 00000002           323 I1  _LDCNTR         .SRES   2                       ; A4000C28
  591                             324 I1  
  592                             325 I1  
  593 00000000                    326 I1          .SECTION        REG2,DATA               ; FFFFF000
  594 00000E80                    327 I1          .ORG    H'E80
  595 00000E80 00000001           328 I1  _SMR0           .SRES   1                       ; FFFFFE80
  596 00000E81 00000001           329 I1                  .SRES   1                       ; FFFFFE81
  597 00000E82 00000001           330 I1  _BRR0           .SRES   1                       ; FFFFFE82
  598 00000E83 00000001           331 I1                  .SRES   1                       ; FFFFFE83
  599 00000E84 00000001           332 I1  _SCR0           .SRES   1                       ; FFFFFE84
  600 00000E85 00000001           333 I1                  .SRES   1                       ; FFFFFE85
  601 00000E86 00000001           334 I1  _TDR0           .SRES   1                       ; FFFFFE86
  602 00000E87 00000001           335 I1                  .SRES   1                       ; FFFFFE87
  603 00000E88 00000001           336 I1  _SSR0           .SRES   1                       ; FFFFFE88
  604 00000E89 00000001           337 I1                  .SRES   1                       ; FFFFFE89
  605 00000E8A 00000001           338 I1  _RDR0           .SRES   1                       ; FFFFFE8A
  606 00000E8B 00000001           339 I1                  .SRES   1                       ; FFFFFE8B
  607 00000E8C 00000001           340 I1  _SCSCMR         .SRES   1                       ; FFFFFE8C
  608 00000E8D 00000001           341 I1                  .SRES   1                       ; FFFFFE8D
*** SuperH RISC engine ASSEMBLER V.7.01.02.000 ***    11/14/21 17:24:07                                                  PAGE     7
PROGRAM NAME =

  609 00000E8E 00000002           342 I1                  .SRES   2                       ; FFFFFE8E
  610 00000E90 00000002           343 I1                  .SRES   2                       ; FFFFFE90
  611 00000E92 00000001           344 I1  _TSTR           .SRES   1                       ; FFFFFE92
  612 00000E93 00000001           345 I1                  .SRES   1                       ; FFFFFE93
  613 00000E94 00000004           346 I1  _TCOR0          .SRES   4                       ; FFFFFE94
  614 00000E98 00000004           347 I1  _TCNT0          .SRES   4                       ; FFFFFE98
  615 00000E9C 00000002           348 I1  _TCR0           .SRES   2                       ; FFFFFE9C
  616 00000E9E 00000002           349 I1                  .SRES   2                       ; FFFFFE9E
  617 00000EA0 00000004           350 I1  _TCOR1          .SRES   4                       ; FFFFFEA0
  618 00000EA4 00000004           351 I1  _TCNT1          .SRES   4                       ; FFFFFEA4
  619 00000EA8 00000002           352 I1  _TCR1           .SRES   2                       ; FFFFFEA8
  620 00000EAA 00000002           353 I1                  .SRES   2                       ; FFFFFEAA
  621 00000EAC 00000004           354 I1  _TCOR2          .SRES   4                       ; FFFFFEAC
  622 00000EB0 00000004           355 I1  _TCNT2          .SRES   4                       ; FFFFFEB0
  623 00000EB4 00000002           356 I1  _TCR2           .SRES   2                       ; FFFFFEB4
  624 00000EB6 00000002           357 I1                  .SRES   2                       ; FFFFFEB6
  625 00000EB8 00000002           358 I1                  .SRES   2                       ; FFFFFEB8
  626 00000EBA 00000002           359 I1                  .SRES   2                       ; FFFFFEBA
  627 00000EBC 00000002           360 I1                  .SRES   2                       ; FFFFFEBC
  628 00000EBE 00000002           361 I1                  .SRES   2                       ; FFFFFEBE
  629 00000EC0 00000001           362 I1  _R64CNT         .SRES   1                       ; FFFFFEC0
  630 00000EC1 00000001           363 I1                  .SRES   1                       ; FFFFFEC1
  631 00000EC2 00000001           364 I1  _RSECCNT        .SRES   1                       ; FFFFFEC2
  632 00000EC3 00000001           365 I1                  .SRES   1                       ; FFFFFEC3
  633 00000EC4 00000001           366 I1  _RMINCNT        .SRES   1                       ; FFFFFEC4
  634 00000EC5 00000001           367 I1                  .SRES   1                       ; FFFFFEC5
  635 00000EC6 00000001           368 I1  _RHRCNT         .SRES   1                       ; FFFFFEC6
  636 00000EC7 00000001           369 I1                  .SRES   1                       ; FFFFFEC7
  637 00000EC8 00000001           370 I1  _RWKCNT         .SRES   1                       ; FFFFFEC8
  638 00000EC9 00000001           371 I1                  .SRES   1                       ; FFFFFEC9
  639 00000ECA 00000001           372 I1  _RDAYCNT        .SRES   1                       ; FFFFFECA
  640 00000ECB 00000001           373 I1                  .SRES   1                       ; FFFFFECB
  641 00000ECC 00000001           374 I1  _RMONCNT        .SRES   1                       ; FFFFFECC
  642 00000ECD 00000001           375 I1                  .SRES   1                       ; FFFFFECD
  643 00000ECE 00000001           376 I1  _RYRCNT         .SRES   1                       ; FFFFFECE
  644 00000ECF 00000001           377 I1                  .SRES   1                       ; FFFFFECF
  645 00000ED0 00000001           378 I1  _RSECAR         .SRES   1                       ; FFFFFED0
  646 00000ED1 00000001           379 I1                  .SRES   1                       ; FFFFFED1
  647 00000ED2 00000001           380 I1  _RMINAR         .SRES   1                       ; FFFFFED2
  648 00000ED3 00000001           381 I1                  .SRES   1                       ; FFFFFED3
  649 00000ED4 00000001           382 I1  _RHRAR          .SRES   1                       ; FFFFFED4
  650 00000ED5 00000001           383 I1                  .SRES   1                       ; FFFFFED5
  651 00000ED6 00000001           384 I1  _RWKAR          .SRES   1                       ; FFFFFED6
  652 00000ED7 00000001           385 I1                  .SRES   1                       ; FFFFFED7
  653 00000ED8 00000001           386 I1  _RDAYAR         .SRES   1                       ; FFFFFED8
  654 00000ED9 00000001           387 I1                  .SRES   1                       ; FFFFFED9
  655 00000EDA 00000001           388 I1  _RMONAR         .SRES   1                       ; FFFFFEDA
  656 00000EDB 00000001           389 I1                  .SRES   1                       ; FFFFFEDB
  657 00000EDC 00000001           390 I1  _RCR1           .SRES   1                       ; FFFFFEDC
  658 00000EDD 00000001           391 I1                  .SRES   1                       ; FFFFFEDD
  659 00000EDE 00000001           392 I1  _RCR2           .SRES   1                       ; FFFFFEDE
  660 00000EDF 00000001           393 I1                  .SRES   1                       ; FFFFFEDF
  661 00000EE0 00000002           394 I1  _ICR0           .SRES   2                       ; FFFFFEE0
  662 00000EE2 00000002           395 I1  _IPRA           .SRES   2                       ; FFFFFEE2
  663 00000EE4 00000002           396 I1  _IPRB           .SRES   2                       ; FFFFFEE4
  664                             397 I1  
  665 00000F60                    398 I1          .ORG    H'F60
*** SuperH RISC engine ASSEMBLER V.7.01.02.000 ***    11/14/21 17:24:07                                                  PAGE     8
PROGRAM NAME =

  666 00000F60 00000002           399 I1  _BCR1           .SRES   2                       ; FFFFFF60
  667 00000F62 00000002           400 I1  _BCR2           .SRES   2                       ; FFFFFF62
  668 00000F64 00000002           401 I1  _WCR1           .SRES   2                       ; FFFFFF64
  669 00000F66 00000002           402 I1  _WCR2           .SRES   2                       ; FFFFFF66
  670 00000F68 00000002           403 I1  _MCR            .SRES   2                       ; FFFFFF68
  671 00000F6A 00000002           404 I1                  .SRES   2                       ; FFFFFF6A
  672 00000F6C 00000002           405 I1  _PCR            .SRES   2                       ; FFFFFF6C
  673 00000F6E 00000002           406 I1  _RTCSR          .SRES   2                       ; FFFFFF6E
  674 00000F70 00000002           407 I1  _RTCNT          .SRES   2                       ; FFFFFF70
  675 00000F72 00000002           408 I1  _RTCOR          .SRES   2                       ; FFFFFF72
  676 00000F74 00000002           409 I1  _RFCR           .SRES   2                       ; FFFFFF74
  677 00000F76 00000002           410 I1                  .SRES   2                       ; FFFFFF76
  678 00000F78 00000004           411 I1                  .SRES   4                       ; FFFFFF78
  679 00000F7C 00000004           412 I1                  .SRES   4                       ; FFFFFF7C
  680 00000F80 00000002           413 I1  _FRQCR          .SRES   2                       ; FFFFFF80
  681 00000F82 00000001           414 I1  _STBCR          .SRES   1                       ; FFFFFF82
  682 00000F83 00000001           415 I1                  .SRES   1                       ; FFFFFF83
  683 00000F84 00000001           416 I1  _WTCNT          .SRES   1                       ; FFFFFF84
  684 00000F85 00000001           417 I1                  .SRES   1                       ; FFFFFF85
  685 00000F86 00000001           418 I1  _WTCSR          .SRES   1                       ; FFFFFF86
  686 00000F87 00000001           419 I1                  .SRES   1                       ; FFFFFF87
  687 00000F88 00000001           420 I1  _STBCR2         .SRES   1                       ; FFFFFF88
  688 00000F89 00000001           421 I1                  .SRES   1                       ; FFFFFF89
  689 00000F8A 00000002           422 I1                  .SRES   2                       ; FFFFFF8A
  690 00000F8C 00000004           423 I1                  .SRES   4                       ; FFFFFF8C
  691 00000F90 00000004           424 I1  _BDRB           .SRES   4                       ; FFFFFF90
  692 00000F94 00000004           425 I1  _BDMRB          .SRES   4                       ; FFFFFF94
  693 00000F98 00000004           426 I1  _BRCR           .SRES   4                       ; FFFFFF98
  694 00000F9C 00000002           427 I1  _BETR           .SRES   2                       ; FFFFFF9C
  695 00000F9E 00000002           428 I1                  .SRES   2                       ; FFFFFF9E
  696 00000FA0 00000004           429 I1  _BARB           .SRES   4                       ; FFFFFFA0
  697 00000FA4 00000004           430 I1  _BAMRB          .SRES   4                       ; FFFFFFA4
  698 00000FA8 00000002           431 I1  _BBRB           .SRES   2                       ; FFFFFFA8
  699 00000FAA 00000002           432 I1                  .SRES   2                       ; FFFFFFAA
  700 00000FAC 00000004           433 I1  _BRSR           .SRES   4                       ; FFFFFFAC
  701 00000FB0 00000004           434 I1  _BARA           .SRES   4                       ; FFFFFFB0
  702 00000FB4 00000004           435 I1  _BAMRA          .SRES   4                       ; FFFFFFB4
  703 00000FB8 00000002           436 I1  _BBRA           .SRES   2                       ; FFFFFFB8
  704 00000FBA 00000002           437 I1                  .SRES   2                       ; FFFFFFBA
  705 00000FBC 00000004           438 I1  _BRDR           .SRES   4                       ; FFFFFFBC
  706 00000FC0 00000010           439 I1                  .SRES   16                      ; FFFFFFC0
  707 00000FD0 00000004           440 I1  _TRA            .SRES   4                       ; FFFFFFD0
  708 00000FD4 00000004           441 I1  _EXPEVT         .SRES   4                       ; FFFFFFD4
  709 00000FD8 00000004           442 I1  _INTEVT         .SRES   4                       ; FFFFFFD8
  710 00000FDC 00000004           443 I1                  .SRES   4                       ; FFFFFFDC
  711 00000FE0 00000004           444 I1  _MMUCR          .SRES   4                       ; FFFFFFE0
  712 00000FE4 00000001           445 I1  _BASRA          .SRES   1                       ; FFFFFFE4
  713 00000FE5 00000001           446 I1                  .SRES   1                       ; FFFFFFE5
  714 00000FE6 00000002           447 I1                  .SRES   2                       ; FFFFFFE6
  715 00000FE8 00000001           448 I1  _BASRB          .SRES   1                       ; FFFFFFE8
  716 00000FE9 00000001           449 I1                  .SRES   1                       ; FFFFFFE9
  717 00000FEA 00000002           450 I1                  .SRES   2                       ; FFFFFFEA
  718 00000FEC 00000004           451 I1  _CCR            .SRES   4                       ; FFFFFFEC
  719 00000FF0 00000004           452 I1  _PTEH           .SRES   4                       ; FFFFFFF0
  720 00000FF4 00000004           453 I1  _PTEL           .SRES   4                       ; FFFFFFF4
  721 00000FF8 00000004           454 I1  _TTB            .SRES   4                       ; FFFFFFF8
  722 00000FFC 00000004           455 I1  _TEA            .SRES   4                       ; FFFFFFFC
*** SuperH RISC engine ASSEMBLER V.7.01.02.000 ***    11/14/21 17:24:07                                                  PAGE     9
PROGRAM NAME =

  723                             456 I1  
  724                             457 I1  
  725                               5     
  726                               6             .END
  *****TOTAL ERRORS       0
  *****TOTAL WARNINGS     0
*** SuperH RISC engine ASSEMBLER V.7.01.02.000 ***    11/14/21 17:24:07                                                  PAGE    10

*** CROSS REFERENCE LIST

NAME                             SECTION  ATTR VALUE             SEQUENCE

REG1                             REG1     SCT  00000000    275*
REG2                             REG2     SCT  00000000    593*
_ACDR                            REG1     EXPT 00000190    120   488*
_ACTR1                           REG1     EXPT 00000180    112   480*
_ACTR2                           REG1     EXPT 00000182    113   481*
_ADCR                            REG1     EXPT 00000092     54   342*
_ADCSR                           REG1     EXPT 00000090     53   340*
_ADDRAH                          REG1     EXPT 00000080     45   324*
_ADDRAL                          REG1     EXPT 00000082     46   326*
_ADDRBH                          REG1     EXPT 00000084     47   328*
_ADDRBL                          REG1     EXPT 00000086     48   330*
_ADDRCH                          REG1     EXPT 00000088     49   332*
_ADDRCL                          REG1     EXPT 0000008A     50   334*
_ADDRDH                          REG1     EXPT 0000008C     51   336*
_ADDRDL                          REG1     EXPT 0000008E     52   338*
_ASDR                            REG1     EXPT 00000192    121   489*
_ASTR1                           REG1     EXPT 00000184    114   482*
_ASTR2                           REG1     EXPT 00000186    115   483*
_BAMRA                           REG2     EXPT 00000FB4    259   702*
_BAMRB                           REG2     EXPT 00000FA4    255   697*
_BARA                            REG2     EXPT 00000FB0    258   701*
_BARB                            REG2     EXPT 00000FA0    254   696*
_BASRA                           REG2     EXPT 00000FE4    266   712*
_BASRB                           REG2     EXPT 00000FE8    267   715*
_BBRA                            REG2     EXPT 00000FB8    260   703*
_BBRB                            REG2     EXPT 00000FA8    256   698*
_BCR1                            REG2     EXPT 00000F60    235   666*
_BCR2                            REG2     EXPT 00000F62    236   667*
_BDMRB                           REG2     EXPT 00000F94    251   692*
_BDRB                            REG2     EXPT 00000F90    250   691*
_BETR                            REG2     EXPT 00000F9C    253   694*
_BRCR                            REG2     EXPT 00000F98    252   693*
_BRDR                            REG2     EXPT 00000FBC    261   705*
_BRR0                            REG2     EXPT 00000E82    200   597*
_BRSR                            REG2     EXPT 00000FAC    257   700*
_CCR                             REG2     EXPT 00000FEC    268   718*
_CCR2                            REG1     EXPT 000000B0     58   361*
_CHCR0                           REG1     EXPT 0000002C     27   295*
_CHCR1                           REG1     EXPT 0000003C     31   299*
_CHCR2                           REG1     EXPT 0000004C     35   303*
_CHCR3                           REG1     EXPT 0000005C     39   307*
_CHRAR                           REG1     EXPT 0000022A    132   508*
_CKIO2CR                         REG1     EXPT 0000023A    137   519*
_CMCNT                           REG1     EXPT 00000074     43   318*
_CMCOR                           REG1     EXPT 00000076     44   319*
_CMCSR                           REG1     EXPT 00000072     42   317*
_CMSTR                           REG1     EXPT 00000070     41   316*
_DACR1                           REG1     EXPT 000000A4     57   354*
_DADR0                           REG1     EXPT 000000A0     55   350*
_DADR1                           REG1     EXPT 000000A2     56   352*
_DAR0                            REG1     EXPT 00000024     25   293*
_DAR1                            REG1     EXPT 00000034     29   297*
_DAR2                            REG1     EXPT 00000044     33   301*
_DAR3                            REG1     EXPT 00000054     37   305*
*** SuperH RISC engine ASSEMBLER V.7.01.02.000 ***    11/14/21 17:24:07                                                  PAGE    11

*** CROSS REFERENCE LIST

NAME                             SECTION  ATTR VALUE             SEQUENCE

_DMAOR                           REG1     EXPT 00000060     40   308*
_DMATCR0                         REG1     EXPT 00000028     26   294*
_DMATCR1                         REG1     EXPT 00000038     30   298*
_DMATCR2                         REG1     EXPT 00000048     34   302*
_DMATCR3                         REG1     EXPT 00000058     38   306*
_DPNQ                            REG1     EXPT 0000018C    118   486*
_EXCPGCR                         REG1     EXPT 00000236    136   516*
_EXPEVT                          REG2     EXPT 00000FD4    263   708*
_EXPFC                           REG1     EXPT 00000234    135   515*
_FRQCR                           REG2     EXPT 00000F80    245   680*
_ICR0                            REG2     EXPT 00000EE0    232   661*
_ICR1                            REG1     EXPT 00000010     18   284*
_ICR2                            REG1     EXPT 00000012     19   285*
_ICR3                            REG1     EXPT 00000228    131   507*
_INTEVT                          REG2     EXPT 00000FD8    264   709*
_INTEVT2                         REG1     EXPT 00000000     14   277*
_IPR3                            REG1     EXPT 00000224    129   505*
_IPR4                            REG1     EXPT 00000226    130   506*
_IPRA                            REG2     EXPT 00000EE2    233   662*
_IPRB                            REG2     EXPT 00000EE4    234   663*
_IPRC                            REG1     EXPT 00000016     21   287*
_IPRD                            REG1     EXPT 00000018     22   288*
_IPRE                            REG1     EXPT 0000001A     23   289*
_IPRF                            REG1     EXPT 00000220    127   503*
_IPRG                            REG1     EXPT 00000222    128   504*
_IRR0                            REG1     EXPT 00000004     15   278*
_IRR1                            REG1     EXPT 00000006     16   279*
_IRR2                            REG1     EXPT 00000008     17   280*
_LDACLNR                         REG1     EXPT 00000C1E    194   585*
_LDCNTR                          REG1     EXPT 00000C28    198   590*
_LDDFR                           REG1     EXPT 00000C04    183   574*
_LDHCNR                          REG1     EXPT 00000C14    189   580*
_LDHSYNR                         REG1     EXPT 00000C16    190   581*
_LDICKR                          REG1     EXPT 00000C00    181   572*
_LDINTR                          REG1     EXPT 00000C20    195   586*
_LDLAOR                          REG1     EXPT 00000C10    187   578*
_LDMTR                           REG1     EXPT 00000C02    182   573*
_LDPALCR                         REG1     EXPT 00000C12    188   579*
_LDPMMR                          REG1     EXPT 00000C24    196   588*
_LDPR00                          REG1     EXPT 00000800    180   570*
_LDPSPR                          REG1     EXPT 00000C26    197   589*
_LDSARL                          REG1     EXPT 00000C0C    186   577*
_LDSARU                          REG1     EXPT 00000C08    185   576*
_LDSMR                           REG1     EXPT 00000C06    184   575*
_LDVDLNR                         REG1     EXPT 00000C18    191   582*
_LDVSYNR                         REG1     EXPT 00000C1C    193   584*
_LDVTLNR                         REG1     EXPT 00000C1A    192   583*
_MCR                             REG2     EXPT 00000F68    239   670*
_MMUCR                           REG2     EXPT 00000FE0    265   711*
_MPCR                            REG1     EXPT 0000018A    117   485*
_MRCR                            REG1     EXPT 00000188    116   484*
_PACR                            REG1     EXPT 00000100     74   393*
_PADR                            REG1     EXPT 00000120     87   409*
_PBCR                            REG1     EXPT 00000102     75   394*
*** SuperH RISC engine ASSEMBLER V.7.01.02.000 ***    11/14/21 17:24:07                                                  PAGE    12

*** CROSS REFERENCE LIST

NAME                             SECTION  ATTR VALUE             SEQUENCE

_PBDR                            REG1     EXPT 00000122     88   411*
_PCC0CSCIER                      REG1     EXPT 00000166    111   466*
_PCC0CSCR                        REG1     EXPT 00000164    110   464*
_PCC0GCR                         REG1     EXPT 00000162    109   462*
_PCC0ISR                         REG1     EXPT 00000160    108   460*
_PCCR                            REG1     EXPT 00000104     76   395*
_PCDR                            REG1     EXPT 00000124     89   413*
_PCR                             REG2     EXPT 00000F6C    240   672*
_PDCR                            REG1     EXPT 00000106     77   396*
_PDDR                            REG1     EXPT 00000126     90   415*
_PECR                            REG1     EXPT 00000108     78   397*
_PEDR                            REG1     EXPT 00000128     91   417*
_PFCR                            REG1     EXPT 0000010A     79   398*
_PFDR                            REG1     EXPT 0000012A     92   419*
_PGCR                            REG1     EXPT 0000010C     80   399*
_PGDR                            REG1     EXPT 0000012C     93   421*
_PHCR                            REG1     EXPT 0000010E     81   400*
_PHDR                            REG1     EXPT 0000012E     94   423*
_PINTER                          REG1     EXPT 00000014     20   286*
_PJCR                            REG1     EXPT 00000110     82   401*
_PJDR                            REG1     EXPT 00000130     95   425*
_PKCR                            REG1     EXPT 00000112     83   402*
_PKDR                            REG1     EXPT 00000132     96   427*
_PLCR                            REG1     EXPT 00000114     84   403*
_PLDR                            REG1     EXPT 00000134     97   429*
_PMCR                            REG1     EXPT 00000118     86   405*
_PMDR                            REG1     EXPT 00000138     99   433*
_PTEH                            REG2     EXPT 00000FF0    269   719*
_PTEL                            REG2     EXPT 00000FF4    270   720*
_R64CNT                          REG2     EXPT 00000EC0    216   629*
_RCNT                            REG1     EXPT 0000018E    119   487*
_RCR1                            REG2     EXPT 00000EDC    230   657*
_RCR2                            REG2     EXPT 00000EDE    231   659*
_RDAYAR                          REG2     EXPT 00000ED8    228   653*
_RDAYCNT                         REG2     EXPT 00000ECA    221   639*
_RDFP                            REG1     EXPT 00000198    123   492*
_RDR0                            REG2     EXPT 00000E8A    204   605*
_RFCR                            REG2     EXPT 00000F74    244   676*
_RHRAR                           REG2     EXPT 00000ED4    226   649*
_RHRCNT                          REG2     EXPT 00000EC6    219   635*
_RMINAR                          REG2     EXPT 00000ED2    225   647*
_RMINCNT                         REG2     EXPT 00000EC4    218   633*
_RMONAR                          REG2     EXPT 00000EDA    229   655*
_RMONCNT                         REG2     EXPT 00000ECC    222   641*
_RSECAR                          REG2     EXPT 00000ED0    224   645*
_RSECCNT                         REG2     EXPT 00000EC2    217   631*
_RTCNT                           REG2     EXPT 00000F70    242   674*
_RTCOR                           REG2     EXPT 00000F72    243   675*
_RTCSR                           REG2     EXPT 00000F6E    241   673*
_RWKAR                           REG2     EXPT 00000ED6    227   651*
_RWKCNT                          REG2     EXPT 00000EC8    220   637*
_RYRCNT                          REG2     EXPT 00000ECE    223   643*
_SAR0                            REG1     EXPT 00000020     24   292*
_SAR1                            REG1     EXPT 00000030     28   296*
*** SuperH RISC engine ASSEMBLER V.7.01.02.000 ***    11/14/21 17:24:07                                                  PAGE    13

*** CROSS REFERENCE LIST

NAME                             SECTION  ATTR VALUE             SEQUENCE

_SAR2                            REG1     EXPT 00000040     32   300*
_SAR3                            REG1     EXPT 00000050     36   304*
_SCBRR2                          REG1     EXPT 00000152    101   448*
_SCFCR2                          REG1     EXPT 0000015C    106   457*
_SCFDR2                          REG1     EXPT 0000015E    107   459*
_SCFRDR2                         REG1     EXPT 0000015A    105   455*
_SCFTDR2                         REG1     EXPT 00000156    103   452*
_SCPCR                           REG1     EXPT 00000116     85   404*
_SCPDR                           REG1     EXPT 00000136     98   431*
_SCR0                            REG2     EXPT 00000E84    201   599*
_SCSCMR                          REG2     EXPT 00000E8C    205   607*
_SCSCR2                          REG1     EXPT 00000154    102   450*
_SCSMR2                          REG1     EXPT 00000150    100   446*
_SCSSR2                          REG1     EXPT 00000158    104   454*
_SDDRL                           REG1     EXPT 0000020C    126   500*
_SDDR_SDDRH                      REG1     EXPT 00000208    125   499*
_SDIR                            REG1     EXPT 00000200    124   495*
_SICDAR                          REG1     EXPT 000000C8     63   372*
_SICTR                           REG1     EXPT 000000CC     64   374*
_SIFCTR                          REG1     EXPT 000000D0     65   376*
_SIFPR                           REG1     EXPT 000000FE     73   392*
_SIIER                           REG1     EXPT 000000D6     67   379*
_SIMDR                           REG1     EXPT 000000C0     59   368*
_SIRCR                           REG1     EXPT 000000EC     71   384*
_SIRDAR                          REG1     EXPT 000000C6     62   371*
_SIRDR                           REG1     EXPT 000000E4     69   382*
_SISCR                           REG1     EXPT 000000C2     60   369*
_SISTR                           REG1     EXPT 000000D4     66   378*
_SITCR                           REG1     EXPT 000000E8     70   383*
_SITDAR                          REG1     EXPT 000000C4     61   370*
_SITDR                           REG1     EXPT 000000E0     68   381*
_SITMR                           REG1     EXPT 000000FC     72   391*
_SMR0                            REG2     EXPT 00000E80    199   595*
_SRSTR                           REG1     EXPT 00000232    134   513*
_SSR0                            REG2     EXPT 00000E88    203   603*
_STBCR                           REG2     EXPT 00000F82    246   681*
_STBCR2                          REG2     EXPT 00000F88    249   687*
_STBCR3                          REG1     EXPT 00000230    133   511*
_TCNT0                           REG2     EXPT 00000E98    208   614*
_TCNT1                           REG2     EXPT 00000EA4    211   618*
_TCNT2                           REG2     EXPT 00000EB0    214   622*
_TCOR0                           REG2     EXPT 00000E94    207   613*
_TCOR1                           REG2     EXPT 00000EA0    210   617*
_TCOR2                           REG2     EXPT 00000EAC    213   621*
_TCR0                            REG2     EXPT 00000E9C    209   615*
_TCR1                            REG2     EXPT 00000EA8    212   619*
_TCR2                            REG2     EXPT 00000EB4    215   623*
_TDFP                            REG1     EXPT 00000194    122   490*
_TDR0                            REG2     EXPT 00000E86    202   601*
_TEA                             REG2     EXPT 00000FFC    272   722*
_TRA                             REG2     EXPT 00000FD0    262   707*
_TSTR                            REG2     EXPT 00000E92    206   611*
_TTB                             REG2     EXPT 00000FF8    271   721*
_USBDASTS                        REG1     EXPT 00000248    146   531*
*** SuperH RISC engine ASSEMBLER V.7.01.02.000 ***    11/14/21 17:24:07                                                  PAGE    14

*** CROSS REFERENCE LIST

NAME                             SECTION  ATTR VALUE             SEQUENCE

_USBDMA                          REG1     EXPT 00000251    155   540*
_USBEPDR0I                       REG1     EXPT 00000242    140   525*
_USBEPDR0O                       REG1     EXPT 00000243    141   526*
_USBEPDR0S                       REG1     EXPT 00000247    145   530*
_USBEPDR1                        REG1     EXPT 0000024E    152   537*
_USBEPDR2                        REG1     EXPT 00000249    147   532*
_USBEPDR3                        REG1     EXPT 00000252    156   541*
_USBEPSTL                        REG1     EXPT 0000024B    149   534*
_USBEPSZ0O                       REG1     EXPT 00000246    144   529*
_USBEPSZ1                        REG1     EXPT 0000024F    153   538*
_USBFCLR                         REG1     EXPT 00000245    143   528*
_USBHBCED                        REG1     EXPT 0000042C    168   556*
_USBHBHED                        REG1     EXPT 00000428    167   555*
_USBHC                           REG1     EXPT 00000404    158   546*
_USBHCCED                        REG1     EXPT 00000424    166   554*
_USBHCHED                        REG1     EXPT 00000420    165   553*
_USBHCS                          REG1     EXPT 00000408    159   547*
_USBHDHED                        REG1     EXPT 00000430    169   557*
_USBHFI                          REG1     EXPT 00000434    170   558*
_USBHFN                          REG1     EXPT 0000043C    172   560*
_USBHFR                          REG1     EXPT 00000438    171   559*
_USBHHCCA                        REG1     EXPT 00000418    163   551*
_USBHID                          REG1     EXPT 00000414    162   550*
_USBHIE                          REG1     EXPT 00000410    161   549*
_USBHIS                          REG1     EXPT 0000040C    160   548*
_USBHLST                         REG1     EXPT 00000444    174   562*
_USBHPCED                        REG1     EXPT 0000041C    164   552*
_USBHPS                          REG1     EXPT 00000440    173   561*
_USBHR                           REG1     EXPT 00000400    157   545*
_USBHRDA                         REG1     EXPT 00000448    175   563*
_USBHRDB                         REG1     EXPT 0000044C    176   564*
_USBHRPS1                        REG1     EXPT 00000454    178   566*
_USBHRPS2                        REG1     EXPT 00000458    179   567*
_USBHRS                          REG1     EXPT 00000450    177   565*
_USBIER0                         REG1     EXPT 0000024C    150   535*
_USBIER1                         REG1     EXPT 0000024D    151   536*
_USBIFR0                         REG1     EXPT 00000240    138   523*
_USBIFR1                         REG1     EXPT 00000241    139   524*
_USBISR0                         REG1     EXPT 0000024A    148   533*
_USBISR1                         REG1     EXPT 00000250    154   539*
_USBTFG                          REG1     EXPT 00000244    142   527*
_WCR1                            REG2     EXPT 00000F64    237   668*
_WCR2                            REG2     EXPT 00000F66    238   669*
_WTCNT                           REG2     EXPT 00000F84    247   683*
_WTCSR                           REG2     EXPT 00000F86    248   685*
*** SuperH RISC engine ASSEMBLER V.7.01.02.000 ***    11/14/21 17:24:07                                                  PAGE    15

*** SECTION DATA LIST

SECTION                          ATTRIBUTE    SIZE             START

REG1                             REL-DATA    000000C2A        
REG2                             REL-DATA    000001000        
