*** SuperH RISC engine ASSEMBLER V.7.01.02.000 ***    11/14/21 17:25:30                                                  PAGE     1
PROGRAM NAME =

    1                               1     ;------------------------------------------------------------------------
    2                               2     ;                                                                       |
    3                               3     ;   FILE        :stacksct.src                                           |
    4                               4     ;   DATE        :Mon, Jun 24, 2002                                      |
    5                               5     ;   DESCRIPTION :Setting of Stack area                                  |
    6                               6     ;   CPU TYPE    :SH7750                                                 |
    7                               7     ;                                                                       |
    8                               8     ;   This file is generated by Hitachi Project Generator (Ver.1.1).      |
    9                               9     ;                                                                       |
   10                              10     ;------------------------------------------------------------------------
   11 00000000                     11                     .section    Stack,STACK
   12                              12                     .export     _PowerON_Reset_SP
   13                              13                     .export     _Manual_Reset_SP
   14                              14     
   15 00000000 000007F0            15     StackEND:          .res.b       H'7F0
   16          000007F0            16     _PowerON_Reset_SP: .equ $
   17          000007F0            17     _Manual_Reset_SP:  .equ $
   18                              18                     .end
  *****TOTAL ERRORS       0
  *****TOTAL WARNINGS     0
*** SuperH RISC engine ASSEMBLER V.7.01.02.000 ***    11/14/21 17:25:30                                                  PAGE     2

*** CROSS REFERENCE LIST

NAME                             SECTION  ATTR VALUE             SEQUENCE

Stack                            Stack    SCT  00000000     11*
StackEND                         Stack         00000000     15*
_Manual_Reset_SP                 Stack    EXPT 000007F0     13    17*
_PowerON_Reset_SP                Stack    EXPT 000007F0     12    16*
*** SuperH RISC engine ASSEMBLER V.7.01.02.000 ***    11/14/21 17:25:30                                                  PAGE     3

*** SECTION DATA LIST

SECTION                          ATTRIBUTE    SIZE             START

Stack                            REL-STACK   0000007F0        
